#-----------------------------------------------------------
# Vivado v2018.3 (64-bit)
# SW Build 2405991 on Thu Dec  6 23:38:27 MST 2018
# IP Build 2404404 on Fri Dec  7 01:43:56 MST 2018
# Start of session at: Mon Aug  5 15:00:58 2019
# Process ID: 22208
# Current directory: E:/vivado/vivado_lab/ZYNQ/ov5640_lcd7_edge
# Command line: vivado.exe -gui_launcher_event rodinguilauncherevent15604 E:\vivado\vivado_lab\ZYNQ\ov5640_lcd7_edge\ov5640_single.xpr
# Log file: E:/vivado/vivado_lab/ZYNQ/ov5640_lcd7_edge/vivado.log
# Journal file: E:/vivado/vivado_lab/ZYNQ/ov5640_lcd7_edge\vivado.jou
#-----------------------------------------------------------
start_gui
open_project E:/vivado/vivado_lab/ZYNQ/ov5640_lcd7_edge/ov5640_single.xpr
Scanning sources...
Finished scanning sources
INFO: [IP_Flow 19-234] Refreshing IP repositories
INFO: [IP_Flow 19-1700] Loaded user IP repository 'e:/vivado/vivado_lab/ZYNQ/ov5640_lcd7_edge/repo'.
INFO: [IP_Flow 19-1700] Loaded user IP repository 'e:/vivado/hls_lab/edge_detector'.
INFO: [IP_Flow 19-2313] Loaded Vivado IP repository 'E:/vivado/Vivado/2018.3/data/ip'.
open_project: Time (s): cpu = 00:00:25 ; elapsed = 00:00:14 . Memory (MB): peak = 925.199 ; gain = 312.043
update_compile_order -fileset sources_1
open_bd_design {E:/vivado/vivado_lab/ZYNQ/ov5640_lcd7_edge/ov5640_single.srcs/sources_1/bd/system/system.bd}
Adding cell -- digilentinc.com:ip:axi_dynclk:1.0 - axi_dynclk_0
Adding cell -- xilinx.com:ip:processing_system7:5.5 - processing_system7_0
Adding cell -- xilinx.com:ip:xlconcat:2.1 - xlconcat_0
Adding cell -- xilinx.com:ip:axi_interconnect:2.1 - axi_mem_intercon
Adding cell -- xilinx.com:ip:axi_crossbar:2.1 - xbar
Adding cell -- xilinx.com:ip:axi_protocol_converter:2.1 - auto_pc
INFO: [BD 41-434] Could not find an IP with XCI file by name: system_auto_pc_0 
Adding cell -- xilinx.com:ip:axi_vdma:6.3 - axi_vdma_0
Adding cell -- xilinx.com:ip:axi_vdma:6.3 - axi_vdma_1
Adding cell -- xilinx.com:ip:axis_subset_converter:1.1 - axis_subset_converter_0
Adding cell -- xilinx.com:ip:axi_interconnect:2.1 - processing_system7_0_axi_periph
Adding cell -- xilinx.com:ip:axi_crossbar:2.1 - xbar
Adding cell -- xilinx.com:ip:axi_protocol_converter:2.1 - auto_pc
INFO: [BD 41-434] Could not find an IP with XCI file by name: system_auto_pc_1 
Adding cell -- xilinx.com:ip:proc_sys_reset:5.0 - rst_processing_system7_0_100M
Adding cell -- xilinx.com:ip:proc_sys_reset:5.0 - rst_processing_system7_0_150M
Adding cell -- xilinx.com:ip:v_axi4s_vid_out:4.0 - v_axi4s_vid_out_0
Adding cell -- xilinx.com:ip:v_tc:6.1 - v_tc_0
Adding cell -- xilinx.com:ip:xlconstant:1.1 - xlconstant_1
Adding cell -- xilinx.com:user:ax_pwm:1.0 - ax_pwm_0
Adding cell -- xilinx.com:ip:util_vector_logic:2.0 - util_vector_logic_0
Adding cell -- xilinx.com:ip:util_reduced_logic:2.0 - util_reduced_logic_0
Adding cell -- www.alinx.com.cn:user:alinx_ov5640:5.4 - alinx_ov5640_0
Adding cell -- xilinx.com:ip:axi_gpio:2.0 - cmos_rst
Successfully read diagram <system> from BD file <E:/vivado/vivado_lab/ZYNQ/ov5640_lcd7_edge/ov5640_single.srcs/sources_1/bd/system/system.bd>
INFO: [BD 41-433] 
Design successfully migrated to use XCI files...
Wrote  : <E:/vivado/vivado_lab/ZYNQ/ov5640_lcd7_edge/ov5640_single.srcs/sources_1/bd/system/ui/bd_c954508f.ui> 
open_bd_design: Time (s): cpu = 00:00:08 ; elapsed = 00:00:07 . Memory (MB): peak = 1426.852 ; gain = 0.000
delete_bd_objs [get_bd_intf_nets axis_subset_converter_0_M_AXIS]
startgroup
set_property -dict [list CONFIG.NUM_MI {7}] [get_bd_cells processing_system7_0_axi_periph]
endgroup
startgroup
create_bd_cell -type ip -vlnv xilinx.com:hls:edge_detector:1.0 edge_detector_0
endgroup
set_property location {5 1543 1063} [get_bd_cells edge_detector_0]
connect_bd_intf_net [get_bd_intf_pins axis_subset_converter_0/M_AXIS] [get_bd_intf_pins edge_detector_0/src]
connect_bd_intf_net [get_bd_intf_pins edge_detector_0/dst] [get_bd_intf_pins axi_vdma_1/S_AXIS_S2MM]
connect_bd_intf_net [get_bd_intf_pins edge_detector_0/s_axi_AXILiteS] -boundary_type upper [get_bd_intf_pins processing_system7_0_axi_periph/M06_AXI]
delete_bd_objs [get_bd_intf_nets processing_system7_0_axi_periph_M06_AXI]
apply_bd_automation -rule xilinx.com:bd_rule:axi4 -config { Clk_master {/processing_system7_0/FCLK_CLK0 (100 MHz)} Clk_slave {Auto} Clk_xbar {/processing_system7_0/FCLK_CLK0 (100 MHz)} Master {/processing_system7_0/M_AXI_GP0} Slave {/edge_detector_0/s_axi_AXILiteS} intc_ip {/processing_system7_0_axi_periph} master_apm {0}}  [get_bd_intf_pins edge_detector_0/s_axi_AXILiteS]
</edge_detector_0/s_axi_AXILiteS/Reg> is being mapped into </processing_system7_0/Data> at <0x43C30000 [ 64K ]>
regenerate_bd_layout -routing
validate_bd_design
WARNING: [BD 41-1284] Cannot set parameter SUGGESTED_PRIORITY on port /processing_system7_0/IRQ_F2P
WARNING: [BD 41-1284] Cannot set parameter SUGGESTED_PRIORITY on port /processing_system7_0/IRQ_F2P
WARNING: [BD 41-1284] Cannot set parameter SUGGESTED_PRIORITY on port /processing_system7_0/IRQ_F2P
WARNING: [BD 41-1284] Cannot set parameter SUGGESTED_PRIORITY on port /processing_system7_0/IRQ_F2P
WARNING: [BD 41-1284] Cannot set parameter SUGGESTED_PRIORITY on port /processing_system7_0/IRQ_F2P
WARNING: [BD 41-1284] Cannot set parameter SUGGESTED_PRIORITY on port /processing_system7_0/IRQ_F2P
WARNING: [BD 41-1284] Cannot set parameter SUGGESTED_PRIORITY on port /processing_system7_0/IRQ_F2P
WARNING: [BD 41-1284] Cannot set parameter SUGGESTED_PRIORITY on port /processing_system7_0/IRQ_F2P
WARNING: [BD 41-1284] Cannot set parameter SUGGESTED_PRIORITY on port /processing_system7_0/IRQ_F2P
WARNING: [BD 41-1284] Cannot set parameter SUGGESTED_PRIORITY on port /processing_system7_0/IRQ_F2P
WARNING: [BD 41-1284] Cannot set parameter SUGGESTED_PRIORITY on port /processing_system7_0/IRQ_F2P
WARNING: [BD 41-1284] Cannot set parameter SUGGESTED_PRIORITY on port /processing_system7_0/IRQ_F2P
WARNING: [BD 41-1284] Cannot set parameter SUGGESTED_PRIORITY on port /processing_system7_0/IRQ_F2P
WARNING: [BD 41-1284] Cannot set parameter SUGGESTED_PRIORITY on port /processing_system7_0/IRQ_F2P
WARNING: [BD 41-1284] Cannot set parameter SUGGESTED_PRIORITY on port /processing_system7_0/IRQ_F2P
WARNING: [BD 41-1284] Cannot set parameter SUGGESTED_PRIORITY on port /processing_system7_0/IRQ_F2P
INFO: [xilinx.com:ip:axi_vdma:6.3-16] /axi_vdma_0 
                    All clocks connected to AXI VDMA are not identical, therefore configuring AXI-VDMA in ASYNC mode.
INFO: [xilinx.com:ip:axi_vdma:6.3-17] /axi_vdma_1 
                    All clocks connected to AXI VDMA are not identical, therefore configuring AXI-VDMA in ASYNC mode.
ERROR: [BD 41-237] Bus Interface property FREQ_HZ does not match between /edge_detector_0/src(100000000) and /axis_subset_converter_0/M_AXIS(142857132)
ERROR: [BD 41-237] Bus Interface property CLK_DOMAIN does not match between /edge_detector_0/src(system_processing_system7_0_0_FCLK_CLK0) and /axis_subset_converter_0/M_AXIS(system_processing_system7_0_0_FCLK_CLK1)
ERROR: [BD 41-237] Bus Interface property FREQ_HZ does not match between /axi_vdma_1/S_AXIS_S2MM(142857132) and /edge_detector_0/dst(100000000)
ERROR: [BD 41-237] Bus Interface property CLK_DOMAIN does not match between /axi_vdma_1/S_AXIS_S2MM(system_processing_system7_0_0_FCLK_CLK1) and /edge_detector_0/dst(system_processing_system7_0_0_FCLK_CLK0)
WARNING: [BD 41-927] Following properties on pin /axi_dynclk_0/REF_CLK_I have been updated from connected ip. They may not be synchronized with cell properties. You can set property on pin directly to confirm the value and resolve the warning.
	CLK_DOMAIN=system_processing_system7_0_0_FCLK_CLK0 
WARNING: [BD 41-927] Following properties on pin /axi_dynclk_0/PXL_CLK_O have been updated from connected ip. They may not be synchronized with cell properties. You can set property on pin directly to confirm the value and resolve the warning.
	CLK_DOMAIN=system_axi_dynclk_0_0_PXL_CLK_O 
WARNING: [BD 41-927] Following properties on pin /axi_dynclk_0/s00_axi_aclk have been updated from connected ip. They may not be synchronized with cell properties. You can set property on pin directly to confirm the value and resolve the warning.
	CLK_DOMAIN=system_processing_system7_0_0_FCLK_CLK0 
WARNING: [BD 41-927] Following properties on pin /alinx_ov5640_0/m_axis_video_aclk have been updated from connected ip. They may not be synchronized with cell properties. You can set property on pin directly to confirm the value and resolve the warning.
	CLK_DOMAIN=system_processing_system7_0_0_FCLK_CLK1 
validate_bd_design: Time (s): cpu = 00:00:05 ; elapsed = 00:00:08 . Memory (MB): peak = 1426.852 ; gain = 0.000
ERROR: [Common 17-39] 'validate_bd_design' failed due to earlier errors.
undo
INFO: [Common 17-17] undo 'regenerate_bd_layout -routing'
undo
INFO: [Common 17-17] undo 'apply_bd_automation -rule xilinx.com:bd_rule:axi4 -config { Clk_master {/processing_system7_0/FCLK_CLK0 (100 MHz)} Clk_slave {Auto} Clk_xbar {/processing_system7_0/FCLK_CLK0 (100 MHz)} Master {/processing_system7_0/M_AXI_GP0} Slave {/edge_detector_0/s_axi_AXILiteS} intc_ip {/processing_system7_0_axi_periph} master_apm {0}}  [get_bd_intf_pins edge_detector_0/s_axi_AXILiteS]'
connect_bd_net [get_bd_pins processing_system7_0_axi_periph/M06_ACLK] [get_bd_pins processing_system7_0/FCLK_CLK1]
connect_bd_net [get_bd_pins processing_system7_0_axi_periph/M06_ARESETN] [get_bd_pins rst_processing_system7_0_150M/peripheral_aresetn]
connect_bd_intf_net [get_bd_intf_pins edge_detector_0/s_axi_AXILiteS] -boundary_type upper [get_bd_intf_pins processing_system7_0_axi_periph/M06_AXI]
connect_bd_net [get_bd_pins edge_detector_0/ap_clk] [get_bd_pins processing_system7_0/FCLK_CLK1]
connect_bd_net [get_bd_pins edge_detector_0/ap_rst_n] [get_bd_pins rst_processing_system7_0_150M/peripheral_aresetn]
validate_bd_design
CRITICAL WARNING: [BD 41-1356] Address block </edge_detector_0/s_axi_AXILiteS/Reg> is not mapped into </processing_system7_0/Data>. Please use Address Editor to either map or exclude it.
WARNING: [BD 41-1284] Cannot set parameter SUGGESTED_PRIORITY on port /processing_system7_0/IRQ_F2P
WARNING: [BD 41-1284] Cannot set parameter SUGGESTED_PRIORITY on port /processing_system7_0/IRQ_F2P
WARNING: [BD 41-1284] Cannot set parameter SUGGESTED_PRIORITY on port /processing_system7_0/IRQ_F2P
WARNING: [BD 41-1284] Cannot set parameter SUGGESTED_PRIORITY on port /processing_system7_0/IRQ_F2P
WARNING: [BD 41-1284] Cannot set parameter SUGGESTED_PRIORITY on port /processing_system7_0/IRQ_F2P
WARNING: [BD 41-1284] Cannot set parameter SUGGESTED_PRIORITY on port /processing_system7_0/IRQ_F2P
WARNING: [BD 41-1284] Cannot set parameter SUGGESTED_PRIORITY on port /processing_system7_0/IRQ_F2P
WARNING: [BD 41-1284] Cannot set parameter SUGGESTED_PRIORITY on port /processing_system7_0/IRQ_F2P
WARNING: [BD 41-1284] Cannot set parameter SUGGESTED_PRIORITY on port /processing_system7_0/IRQ_F2P
WARNING: [BD 41-1284] Cannot set parameter SUGGESTED_PRIORITY on port /processing_system7_0/IRQ_F2P
WARNING: [BD 41-1284] Cannot set parameter SUGGESTED_PRIORITY on port /processing_system7_0/IRQ_F2P
WARNING: [BD 41-1284] Cannot set parameter SUGGESTED_PRIORITY on port /processing_system7_0/IRQ_F2P
WARNING: [BD 41-1284] Cannot set parameter SUGGESTED_PRIORITY on port /processing_system7_0/IRQ_F2P
WARNING: [BD 41-1284] Cannot set parameter SUGGESTED_PRIORITY on port /processing_system7_0/IRQ_F2P
WARNING: [BD 41-1284] Cannot set parameter SUGGESTED_PRIORITY on port /processing_system7_0/IRQ_F2P
WARNING: [BD 41-1284] Cannot set parameter SUGGESTED_PRIORITY on port /processing_system7_0/IRQ_F2P
WARNING: [BD 41-1284] Cannot set parameter SUGGESTED_PRIORITY on port /processing_system7_0/IRQ_F2P
WARNING: [BD 41-1284] Cannot set parameter SUGGESTED_PRIORITY on port /processing_system7_0/IRQ_F2P
WARNING: [BD 41-1284] Cannot set parameter SUGGESTED_PRIORITY on port /processing_system7_0/IRQ_F2P
WARNING: [BD 41-1284] Cannot set parameter SUGGESTED_PRIORITY on port /processing_system7_0/IRQ_F2P
CRITICAL WARNING: [BD 41-1356] Address block </edge_detector_0/s_axi_AXILiteS/Reg> is not mapped into </processing_system7_0/Data>. Please use Address Editor to either map or exclude it.
INFO: [xilinx.com:ip:axi_vdma:6.3-16] /axi_vdma_0 
                    All clocks connected to AXI VDMA are not identical, therefore configuring AXI-VDMA in ASYNC mode.
INFO: [xilinx.com:ip:axi_vdma:6.3-17] /axi_vdma_1 
                    All clocks connected to AXI VDMA are not identical, therefore configuring AXI-VDMA in ASYNC mode.
WARNING: [BD 41-927] Following properties on pin /axi_dynclk_0/REF_CLK_I have been updated from connected ip. They may not be synchronized with cell properties. You can set property on pin directly to confirm the value and resolve the warning.
	CLK_DOMAIN=system_processing_system7_0_0_FCLK_CLK0 
WARNING: [BD 41-927] Following properties on pin /axi_dynclk_0/PXL_CLK_O have been updated from connected ip. They may not be synchronized with cell properties. You can set property on pin directly to confirm the value and resolve the warning.
	CLK_DOMAIN=system_axi_dynclk_0_0_PXL_CLK_O 
WARNING: [BD 41-927] Following properties on pin /axi_dynclk_0/s00_axi_aclk have been updated from connected ip. They may not be synchronized with cell properties. You can set property on pin directly to confirm the value and resolve the warning.
	CLK_DOMAIN=system_processing_system7_0_0_FCLK_CLK0 
WARNING: [BD 41-927] Following properties on pin /alinx_ov5640_0/m_axis_video_aclk have been updated from connected ip. They may not be synchronized with cell properties. You can set property on pin directly to confirm the value and resolve the warning.
	CLK_DOMAIN=system_processing_system7_0_0_FCLK_CLK1 
validate_bd_design: Time (s): cpu = 00:00:06 ; elapsed = 00:00:08 . Memory (MB): peak = 1426.852 ; gain = 0.000
undo
INFO: [Common 17-17] undo 'connect_bd_net [get_bd_pins edge_detector_0/ap_rst_n] [get_bd_pins rst_processing_system7_0_150M/peripheral_aresetn]'
undo
INFO: [Common 17-17] undo 'connect_bd_net [get_bd_pins edge_detector_0/ap_clk] [get_bd_pins processing_system7_0/FCLK_CLK1]'
undo
INFO: [Common 17-17] undo 'connect_bd_intf_net [get_bd_intf_pins edge_detector_0/s_axi_AXILiteS] -boundary_type upper [get_bd_intf_pins processing_system7_0_axi_periph/M06_AXI]'
undo
INFO: [Common 17-17] undo 'connect_bd_net [get_bd_pins processing_system7_0_axi_periph/M06_ARESETN] [get_bd_pins rst_processing_system7_0_150M/peripheral_aresetn]'
undo
INFO: [Common 17-17] undo 'connect_bd_net [get_bd_pins processing_system7_0_axi_periph/M06_ACLK] [get_bd_pins processing_system7_0/FCLK_CLK1]'
connect_bd_intf_net [get_bd_intf_pins edge_detector_0/s_axi_AXILiteS] -boundary_type upper [get_bd_intf_pins processing_system7_0_axi_periph/M06_AXI]
connect_bd_net [get_bd_pins processing_system7_0_axi_periph/M06_ARESETN] [get_bd_pins rst_processing_system7_0_100M/peripheral_aresetn]
connect_bd_net [get_bd_pins processing_system7_0_axi_periph/M06_ACLK] [get_bd_pins processing_system7_0/FCLK_CLK0]
connect_bd_net [get_bd_pins edge_detector_0/ap_clk] [get_bd_pins processing_system7_0/FCLK_CLK1]
undo
INFO: [Common 17-17] undo 'connect_bd_net [get_bd_pins edge_detector_0/ap_clk] [get_bd_pins processing_system7_0/FCLK_CLK1]'
connect_bd_net [get_bd_pins edge_detector_0/ap_clk] [get_bd_pins processing_system7_0/FCLK_CLK0]
connect_bd_net [get_bd_pins edge_detector_0/ap_rst_n] [get_bd_pins rst_processing_system7_0_100M/peripheral_aresetn]
regenerate_bd_layout -routing
validate_bd_design
CRITICAL WARNING: [BD 41-1356] Address block </edge_detector_0/s_axi_AXILiteS/Reg> is not mapped into </processing_system7_0/Data>. Please use Address Editor to either map or exclude it.
WARNING: [BD 41-1284] Cannot set parameter SUGGESTED_PRIORITY on port /processing_system7_0/IRQ_F2P
WARNING: [BD 41-1284] Cannot set parameter SUGGESTED_PRIORITY on port /processing_system7_0/IRQ_F2P
WARNING: [BD 41-1284] Cannot set parameter SUGGESTED_PRIORITY on port /processing_system7_0/IRQ_F2P
WARNING: [BD 41-1284] Cannot set parameter SUGGESTED_PRIORITY on port /processing_system7_0/IRQ_F2P
WARNING: [BD 41-1284] Cannot set parameter SUGGESTED_PRIORITY on port /processing_system7_0/IRQ_F2P
WARNING: [BD 41-1284] Cannot set parameter SUGGESTED_PRIORITY on port /processing_system7_0/IRQ_F2P
WARNING: [BD 41-1284] Cannot set parameter SUGGESTED_PRIORITY on port /processing_system7_0/IRQ_F2P
WARNING: [BD 41-1284] Cannot set parameter SUGGESTED_PRIORITY on port /processing_system7_0/IRQ_F2P
WARNING: [BD 41-1284] Cannot set parameter SUGGESTED_PRIORITY on port /processing_system7_0/IRQ_F2P
WARNING: [BD 41-1284] Cannot set parameter SUGGESTED_PRIORITY on port /processing_system7_0/IRQ_F2P
WARNING: [BD 41-1284] Cannot set parameter SUGGESTED_PRIORITY on port /processing_system7_0/IRQ_F2P
WARNING: [BD 41-1284] Cannot set parameter SUGGESTED_PRIORITY on port /processing_system7_0/IRQ_F2P
WARNING: [BD 41-1284] Cannot set parameter SUGGESTED_PRIORITY on port /processing_system7_0/IRQ_F2P
WARNING: [BD 41-1284] Cannot set parameter SUGGESTED_PRIORITY on port /processing_system7_0/IRQ_F2P
WARNING: [BD 41-1284] Cannot set parameter SUGGESTED_PRIORITY on port /processing_system7_0/IRQ_F2P
WARNING: [BD 41-1284] Cannot set parameter SUGGESTED_PRIORITY on port /processing_system7_0/IRQ_F2P
WARNING: [BD 41-1284] Cannot set parameter SUGGESTED_PRIORITY on port /processing_system7_0/IRQ_F2P
WARNING: [BD 41-1284] Cannot set parameter SUGGESTED_PRIORITY on port /processing_system7_0/IRQ_F2P
CRITICAL WARNING: [BD 41-1356] Address block </edge_detector_0/s_axi_AXILiteS/Reg> is not mapped into </processing_system7_0/Data>. Please use Address Editor to either map or exclude it.
INFO: [xilinx.com:ip:axi_vdma:6.3-16] /axi_vdma_0 
                    All clocks connected to AXI VDMA are not identical, therefore configuring AXI-VDMA in ASYNC mode.
INFO: [xilinx.com:ip:axi_vdma:6.3-17] /axi_vdma_1 
                    All clocks connected to AXI VDMA are not identical, therefore configuring AXI-VDMA in ASYNC mode.
ERROR: [BD 41-237] Bus Interface property FREQ_HZ does not match between /edge_detector_0/src(100000000) and /axis_subset_converter_0/M_AXIS(142857132)
ERROR: [BD 41-237] Bus Interface property CLK_DOMAIN does not match between /edge_detector_0/src(system_processing_system7_0_0_FCLK_CLK0) and /axis_subset_converter_0/M_AXIS(system_processing_system7_0_0_FCLK_CLK1)
ERROR: [BD 41-237] Bus Interface property FREQ_HZ does not match between /axi_vdma_1/S_AXIS_S2MM(142857132) and /edge_detector_0/dst(100000000)
ERROR: [BD 41-237] Bus Interface property CLK_DOMAIN does not match between /axi_vdma_1/S_AXIS_S2MM(system_processing_system7_0_0_FCLK_CLK1) and /edge_detector_0/dst(system_processing_system7_0_0_FCLK_CLK0)
WARNING: [BD 41-927] Following properties on pin /axi_dynclk_0/REF_CLK_I have been updated from connected ip. They may not be synchronized with cell properties. You can set property on pin directly to confirm the value and resolve the warning.
	CLK_DOMAIN=system_processing_system7_0_0_FCLK_CLK0 
WARNING: [BD 41-927] Following properties on pin /axi_dynclk_0/PXL_CLK_O have been updated from connected ip. They may not be synchronized with cell properties. You can set property on pin directly to confirm the value and resolve the warning.
	CLK_DOMAIN=system_axi_dynclk_0_0_PXL_CLK_O 
WARNING: [BD 41-927] Following properties on pin /axi_dynclk_0/s00_axi_aclk have been updated from connected ip. They may not be synchronized with cell properties. You can set property on pin directly to confirm the value and resolve the warning.
	CLK_DOMAIN=system_processing_system7_0_0_FCLK_CLK0 
WARNING: [BD 41-927] Following properties on pin /alinx_ov5640_0/m_axis_video_aclk have been updated from connected ip. They may not be synchronized with cell properties. You can set property on pin directly to confirm the value and resolve the warning.
	CLK_DOMAIN=system_processing_system7_0_0_FCLK_CLK1 
validate_bd_design: Time (s): cpu = 00:00:06 ; elapsed = 00:00:08 . Memory (MB): peak = 1426.852 ; gain = 0.000
ERROR: [Common 17-39] 'validate_bd_design' failed due to earlier errors.
undo
INFO: [Common 17-17] undo 'regenerate_bd_layout -routing'
undo
INFO: [Common 17-17] undo 'connect_bd_net [get_bd_pins edge_detector_0/ap_rst_n] [get_bd_pins rst_processing_system7_0_100M/peripheral_aresetn]'
undo
INFO: [Common 17-17] undo 'connect_bd_net [get_bd_pins edge_detector_0/ap_clk] [get_bd_pins processing_system7_0/FCLK_CLK0]'
undo
INFO: [Common 17-17] undo 'connect_bd_net [get_bd_pins processing_system7_0_axi_periph/M06_ACLK] [get_bd_pins processing_system7_0/FCLK_CLK0]'
undo
INFO: [Common 17-17] undo 'connect_bd_net [get_bd_pins processing_system7_0_axi_periph/M06_ARESETN] [get_bd_pins rst_processing_system7_0_100M/peripheral_aresetn]'
delete_bd_objs [get_bd_nets processing_system7_0_FCLK_CLK0]
delete_bd_objs [get_bd_nets rst_processing_system7_0_100M_peripheral_aresetn]
connect_bd_net [get_bd_pins processing_system7_0_axi_periph/S00_ACLK] [get_bd_pins processing_system7_0/FCLK_CLK1]
startgroup
create_bd_cell -type ip -vlnv xilinx.com:ip:util_ds_buf:2.1 util_ds_buf_0
endgroup
set_property location {3 791 1136} [get_bd_cells util_ds_buf_0]
connect_bd_net [get_bd_pins processing_system7_0_axi_periph/M03_ACLK] [get_bd_pins processing_system7_0/FCLK_CLK1]
connect_bd_net [get_bd_pins processing_system7_0_axi_periph/M06_ACLK] [get_bd_pins processing_system7_0/FCLK_CLK1]
startgroup
apply_bd_automation -rule xilinx.com:bd_rule:clkrst -config {Clk "/processing_system7_0/FCLK_CLK0 (100 MHz)" }  [get_bd_pins axi_dynclk_0/REF_CLK_I]
apply_bd_automation -rule xilinx.com:bd_rule:clkrst -config {Clk "/processing_system7_0/FCLK_CLK0 (100 MHz)" }  [get_bd_pins axi_dynclk_0/s00_axi_aclk]
apply_bd_automation -rule xilinx.com:bd_rule:clkrst -config {Clk "/processing_system7_0/FCLK_CLK0 (100 MHz)" }  [get_bd_pins axi_vdma_0/s_axi_lite_aclk]
apply_bd_automation -rule xilinx.com:bd_rule:clkrst -config {Clk "/processing_system7_0/FCLK_CLK0 (100 MHz)" }  [get_bd_pins axi_vdma_1/s_axi_lite_aclk]
apply_bd_automation -rule xilinx.com:bd_rule:clkrst -config {Clk "/processing_system7_0/FCLK_CLK0 (100 MHz)" }  [get_bd_pins processing_system7_0_axi_periph/ACLK]
INFO: [BD 5-455] Automation on '/processing_system7_0_axi_periph/M00_ACLK' will not be run, since it is obsolete due to previously run automations
apply_bd_automation -rule xilinx.com:bd_rule:clkrst -config {Clk "/processing_system7_0/FCLK_CLK0 (100 MHz)" }  [get_bd_pins processing_system7_0_axi_periph/M01_ACLK]
INFO: [BD 5-455] Automation on '/processing_system7_0_axi_periph/M02_ACLK' will not be run, since it is obsolete due to previously run automations
apply_bd_automation -rule xilinx.com:bd_rule:clkrst -config {Clk "/processing_system7_0/FCLK_CLK0 (100 MHz)" }  [get_bd_pins processing_system7_0_axi_periph/M04_ACLK]
apply_bd_automation -rule xilinx.com:bd_rule:clkrst -config {Clk "/processing_system7_0/FCLK_CLK0 (100 MHz)" }  [get_bd_pins processing_system7_0_axi_periph/M05_ACLK]
INFO: [BD 5-455] Automation on '/rst_processing_system7_0_100M/slowest_sync_clk' will not be run, since it is obsolete due to previously run automations
INFO: [BD 5-455] Automation on '/ax_pwm_0/s00_axi_aclk' will not be run, since it is obsolete due to previously run automations
INFO: [BD 5-455] Automation on '/cmos_rst/s_axi_aclk' will not be run, since it is obsolete due to previously run automations
endgroup
connect_bd_net [get_bd_pins processing_system7_0_axi_periph/S00_ARESETN] [get_bd_pins rst_processing_system7_0_150M/peripheral_aresetn]
connect_bd_net [get_bd_pins processing_system7_0_axi_periph/M03_ARESETN] [get_bd_pins rst_processing_system7_0_150M/peripheral_aresetn]
connect_bd_net [get_bd_pins processing_system7_0_axi_periph/M06_ARESETN] [get_bd_pins rst_processing_system7_0_150M/peripheral_aresetn]
connect_bd_net [get_bd_pins edge_detector_0/ap_clk] [get_bd_pins processing_system7_0/FCLK_CLK1]
connect_bd_net [get_bd_pins edge_detector_0/ap_rst_n] [get_bd_pins rst_processing_system7_0_150M/peripheral_aresetn]
delete_bd_objs [get_bd_cells util_ds_buf_0]
apply_bd_automation -rule xilinx.com:bd_rule:clkrst -config {Clk "/processing_system7_0/FCLK_CLK0 (100 MHz)" }  [get_bd_pins processing_system7_0/M_AXI_GP0_ACLK]
regenerate_bd_layout -routing
validate_bd_design
CRITICAL WARNING: [BD 41-1363] The clock pins '/processing_system7_0_axi_periph/S00_ACLK' (interface '/processing_system7_0_axi_periph/S00_AXI') and '/processing_system7_0/M_AXI_GP0_ACLK' (interface '/processing_system7_0/M_AXI_GP0') must be connected to the same source 
CRITICAL WARNING: [BD 41-1363] The clock pins '/processing_system7_0_axi_periph/M03_ACLK' (interface '/processing_system7_0_axi_periph/M03_AXI') and '/axi_vdma_1/s_axi_lite_aclk' (interface '/axi_vdma_1/S_AXI_LITE') must be connected to the same source 
CRITICAL WARNING: [BD 41-1356] Address block </edge_detector_0/s_axi_AXILiteS/Reg> is not mapped into </processing_system7_0/Data>. Please use Address Editor to either map or exclude it.
WARNING: [BD 41-1284] Cannot set parameter SUGGESTED_PRIORITY on port /processing_system7_0/IRQ_F2P
WARNING: [BD 41-1284] Cannot set parameter SUGGESTED_PRIORITY on port /processing_system7_0/IRQ_F2P
WARNING: [BD 41-1284] Cannot set parameter SUGGESTED_PRIORITY on port /processing_system7_0/IRQ_F2P
WARNING: [BD 41-1284] Cannot set parameter SUGGESTED_PRIORITY on port /processing_system7_0/IRQ_F2P
WARNING: [BD 41-1284] Cannot set parameter SUGGESTED_PRIORITY on port /processing_system7_0/IRQ_F2P
WARNING: [BD 41-1284] Cannot set parameter SUGGESTED_PRIORITY on port /processing_system7_0/IRQ_F2P
WARNING: [BD 41-1284] Cannot set parameter SUGGESTED_PRIORITY on port /processing_system7_0/IRQ_F2P
WARNING: [BD 41-1284] Cannot set parameter SUGGESTED_PRIORITY on port /processing_system7_0/IRQ_F2P
WARNING: [BD 41-1284] Cannot set parameter SUGGESTED_PRIORITY on port /processing_system7_0/IRQ_F2P
WARNING: [BD 41-1284] Cannot set parameter SUGGESTED_PRIORITY on port /processing_system7_0/IRQ_F2P
WARNING: [BD 41-1284] Cannot set parameter SUGGESTED_PRIORITY on port /processing_system7_0/IRQ_F2P
WARNING: [BD 41-1284] Cannot set parameter SUGGESTED_PRIORITY on port /processing_system7_0/IRQ_F2P
WARNING: [BD 41-1284] Cannot set parameter SUGGESTED_PRIORITY on port /processing_system7_0/IRQ_F2P
WARNING: [BD 41-1284] Cannot set parameter SUGGESTED_PRIORITY on port /processing_system7_0/IRQ_F2P
WARNING: [BD 41-1284] Cannot set parameter SUGGESTED_PRIORITY on port /processing_system7_0/IRQ_F2P
WARNING: [BD 41-1284] Cannot set parameter SUGGESTED_PRIORITY on port /processing_system7_0/IRQ_F2P
WARNING: [BD 41-1284] Cannot set parameter SUGGESTED_PRIORITY on port /processing_system7_0/IRQ_F2P
WARNING: [BD 41-1284] Cannot set parameter SUGGESTED_PRIORITY on port /processing_system7_0/IRQ_F2P
WARNING: [BD 41-1284] Cannot set parameter SUGGESTED_PRIORITY on port /processing_system7_0/IRQ_F2P
WARNING: [BD 41-1284] Cannot set parameter SUGGESTED_PRIORITY on port /processing_system7_0/IRQ_F2P
CRITICAL WARNING: [BD 41-1356] Address block </edge_detector_0/s_axi_AXILiteS/Reg> is not mapped into </processing_system7_0/Data>. Please use Address Editor to either map or exclude it.
INFO: [xilinx.com:ip:axi_vdma:6.3-16] /axi_vdma_0 
                    All clocks connected to AXI VDMA are not identical, therefore configuring AXI-VDMA in ASYNC mode.
INFO: [xilinx.com:ip:axi_vdma:6.3-17] /axi_vdma_1 
                    All clocks connected to AXI VDMA are not identical, therefore configuring AXI-VDMA in ASYNC mode.
ERROR: [BD 41-237] Bus Interface property FREQ_HZ does not match between /processing_system7_0_axi_periph/s00_mmu/S_AXI(142857132) and /processing_system7_0/M_AXI_GP0(100000000)
ERROR: [BD 41-237] Bus Interface property CLK_DOMAIN does not match between /processing_system7_0_axi_periph/s00_mmu/S_AXI(system_processing_system7_0_0_FCLK_CLK1) and /processing_system7_0/M_AXI_GP0(system_processing_system7_0_0_FCLK_CLK0)
ERROR: [BD 41-237] Bus Interface property FREQ_HZ does not match between /axi_vdma_1/S_AXI_LITE(100000000) and /processing_system7_0_axi_periph/m03_couplers/auto_cc/M_AXI(142857132)
ERROR: [BD 41-237] Bus Interface property CLK_DOMAIN does not match between /axi_vdma_1/S_AXI_LITE(system_processing_system7_0_0_FCLK_CLK0) and /processing_system7_0_axi_periph/m03_couplers/auto_cc/M_AXI(system_processing_system7_0_0_FCLK_CLK1)
WARNING: [BD 41-927] Following properties on pin /axi_dynclk_0/REF_CLK_I have been updated from connected ip. They may not be synchronized with cell properties. You can set property on pin directly to confirm the value and resolve the warning.
	CLK_DOMAIN=system_processing_system7_0_0_FCLK_CLK0 
WARNING: [BD 41-927] Following properties on pin /axi_dynclk_0/PXL_CLK_O have been updated from connected ip. They may not be synchronized with cell properties. You can set property on pin directly to confirm the value and resolve the warning.
	CLK_DOMAIN=system_axi_dynclk_0_0_PXL_CLK_O 
WARNING: [BD 41-927] Following properties on pin /axi_dynclk_0/s00_axi_aclk have been updated from connected ip. They may not be synchronized with cell properties. You can set property on pin directly to confirm the value and resolve the warning.
	CLK_DOMAIN=system_processing_system7_0_0_FCLK_CLK0 
WARNING: [BD 41-927] Following properties on pin /alinx_ov5640_0/m_axis_video_aclk have been updated from connected ip. They may not be synchronized with cell properties. You can set property on pin directly to confirm the value and resolve the warning.
	CLK_DOMAIN=system_processing_system7_0_0_FCLK_CLK1 
validate_bd_design: Time (s): cpu = 00:00:06 ; elapsed = 00:00:09 . Memory (MB): peak = 1426.852 ; gain = 0.000
ERROR: [Common 17-39] 'validate_bd_design' failed due to earlier errors.
delete_bd_objs [get_bd_nets processing_system7_0_FCLK_CLK1]
delete_bd_objs [get_bd_nets processing_system7_0_FCLK_CLK0]
startgroup
create_bd_cell -type ip -vlnv xilinx.com:ip:util_ds_buf:2.1 util_ds_buf_0
endgroup
startgroup
create_bd_cell -type ip -vlnv xilinx.com:ip:util_ds_buf:2.1 util_ds_buf_1
endgroup
set_property -dict [list CONFIG.C_BUF_TYPE {BUFG}] [get_bd_cells util_ds_buf_0]
set_property -dict [list CONFIG.C_BUF_TYPE {BUFG}] [get_bd_cells util_ds_buf_1]
set_property location {4 1095 1117} [get_bd_cells util_ds_buf_0]
set_property location {2 709 1119} [get_bd_cells util_ds_buf_1]
connect_bd_net [get_bd_pins util_ds_buf_0/BUFG_O] [get_bd_pins rst_processing_system7_0_100M/slowest_sync_clk]
connect_bd_net [get_bd_pins util_ds_buf_0/BUFG_I] [get_bd_pins processing_system7_0/FCLK_CLK0]
connect_bd_net [get_bd_pins rst_processing_system7_0_150M/slowest_sync_clk] [get_bd_pins util_ds_buf_1/BUFG_O]
connect_bd_net [get_bd_pins util_ds_buf_1/BUFG_I] [get_bd_pins processing_system7_0/FCLK_CLK1]
startgroup
apply_bd_automation -rule xilinx.com:bd_rule:clkrst -config {Clk "/processing_system7_0/FCLK_CLK0 (100 MHz)" }  [get_bd_pins axi_dynclk_0/REF_CLK_I]
apply_bd_automation -rule xilinx.com:bd_rule:clkrst -config {Clk "/processing_system7_0/FCLK_CLK0 (100 MHz)" }  [get_bd_pins axi_dynclk_0/s00_axi_aclk]
apply_bd_automation -rule xilinx.com:bd_rule:clkrst -config {Clk "/processing_system7_0/FCLK_CLK0 (100 MHz)" }  [get_bd_pins processing_system7_0/M_AXI_GP0_ACLK]
apply_bd_automation -rule xilinx.com:bd_rule:clkrst -config {Clk "/processing_system7_0/FCLK_CLK1 (142 MHz)" }  [get_bd_pins processing_system7_0/S_AXI_HP0_ACLK]
apply_bd_automation -rule xilinx.com:bd_rule:clkrst -config {Clk "/processing_system7_0/FCLK_CLK0 (100 MHz)" }  [get_bd_pins axi_mem_intercon/ACLK]
apply_bd_automation -rule xilinx.com:bd_rule:clkrst -config {Clk "/processing_system7_0/FCLK_CLK0 (100 MHz)" }  [get_bd_pins axi_mem_intercon/S00_ACLK]
apply_bd_automation -rule xilinx.com:bd_rule:clkrst -config {Clk "/processing_system7_0/FCLK_CLK0 (100 MHz)" }  [get_bd_pins axi_mem_intercon/S01_ACLK]
INFO: [BD 5-455] Automation on '/axi_mem_intercon/M00_ACLK' will not be run, since it is obsolete due to previously run automations
apply_bd_automation -rule xilinx.com:bd_rule:clkrst -config {Clk "/processing_system7_0/FCLK_CLK0 (100 MHz)" }  [get_bd_pins axi_vdma_0/s_axi_lite_aclk]
INFO: [BD 5-455] Automation on '/axi_vdma_0/m_axi_mm2s_aclk' will not be run, since it is obsolete due to previously run automations
apply_bd_automation -rule xilinx.com:bd_rule:clkrst -config {Clk "/processing_system7_0/FCLK_CLK1 (142 MHz)" }  [get_bd_pins axi_vdma_0/m_axis_mm2s_aclk]
apply_bd_automation -rule xilinx.com:bd_rule:clkrst -config {Clk "/processing_system7_0/FCLK_CLK0 (100 MHz)" }  [get_bd_pins axi_vdma_1/s_axi_lite_aclk]
INFO: [BD 5-455] Automation on '/axi_vdma_1/m_axi_s2mm_aclk' will not be run, since it is obsolete due to previously run automations
apply_bd_automation -rule xilinx.com:bd_rule:clkrst -config {Clk "/processing_system7_0/FCLK_CLK1 (142 MHz)" }  [get_bd_pins axi_vdma_1/s_axis_s2mm_aclk]
apply_bd_automation -rule xilinx.com:bd_rule:clkrst -config {Clk "/processing_system7_0/FCLK_CLK1 (142 MHz)" }  [get_bd_pins axis_subset_converter_0/aclk]
apply_bd_automation -rule xilinx.com:bd_rule:clkrst -config {Clk "/processing_system7_0/FCLK_CLK0 (100 MHz)" }  [get_bd_pins processing_system7_0_axi_periph/ACLK]
INFO: [BD 5-455] Automation on '/processing_system7_0_axi_periph/S00_ACLK' will not be run, since it is obsolete due to previously run automations
INFO: [BD 5-455] Automation on '/processing_system7_0_axi_periph/M00_ACLK' will not be run, since it is obsolete due to previously run automations
apply_bd_automation -rule xilinx.com:bd_rule:clkrst -config {Clk "/processing_system7_0/FCLK_CLK0 (100 MHz)" }  [get_bd_pins processing_system7_0_axi_periph/M01_ACLK]
INFO: [BD 5-455] Automation on '/processing_system7_0_axi_periph/M02_ACLK' will not be run, since it is obsolete due to previously run automations
INFO: [BD 5-455] Automation on '/processing_system7_0_axi_periph/M03_ACLK' will not be run, since it is obsolete due to previously run automations
apply_bd_automation -rule xilinx.com:bd_rule:clkrst -config {Clk "/processing_system7_0/FCLK_CLK0 (100 MHz)" }  [get_bd_pins processing_system7_0_axi_periph/M04_ACLK]
apply_bd_automation -rule xilinx.com:bd_rule:clkrst -config {Clk "/processing_system7_0/FCLK_CLK0 (100 MHz)" }  [get_bd_pins processing_system7_0_axi_periph/M05_ACLK]
apply_bd_automation -rule xilinx.com:bd_rule:clkrst -config {Clk "/processing_system7_0/FCLK_CLK0 (100 MHz)" }  [get_bd_pins processing_system7_0_axi_periph/M06_ACLK]
INFO: [BD 5-455] Automation on '/v_axi4s_vid_out_0/aclk' will not be run, since it is obsolete due to previously run automations
INFO: [BD 5-455] Automation on '/v_tc_0/s_axi_aclk' will not be run, since it is obsolete due to previously run automations
INFO: [BD 5-455] Automation on '/ax_pwm_0/s00_axi_aclk' will not be run, since it is obsolete due to previously run automations
INFO: [BD 5-455] Automation on '/alinx_ov5640_0/m_axis_video_aclk' will not be run, since it is obsolete due to previously run automations
INFO: [BD 5-455] Automation on '/cmos_rst/s_axi_aclk' will not be run, since it is obsolete due to previously run automations
INFO: [BD 5-455] Automation on '/edge_detector_0/ap_clk' will not be run, since it is obsolete due to previously run automations
endgroup
undo
INFO: [Common 17-17] undo 'endgroup'
INFO: [Common 17-17] undo 'apply_bd_automation -rule xilinx.com:bd_rule:clkrst -config {Clk "/processing_system7_0/FCLK_CLK0 (100 MHz)" }  [get_bd_pins processing_system7_0_axi_periph/M06_ACLK]'
INFO: [Common 17-17] undo 'apply_bd_automation -rule xilinx.com:bd_rule:clkrst -config {Clk "/processing_system7_0/FCLK_CLK0 (100 MHz)" }  [get_bd_pins processing_system7_0_axi_periph/M05_ACLK]'
INFO: [Common 17-17] undo 'apply_bd_automation -rule xilinx.com:bd_rule:clkrst -config {Clk "/processing_system7_0/FCLK_CLK0 (100 MHz)" }  [get_bd_pins processing_system7_0_axi_periph/M04_ACLK]'
INFO: [Common 17-17] undo 'apply_bd_automation -rule xilinx.com:bd_rule:clkrst -config {Clk "/processing_system7_0/FCLK_CLK0 (100 MHz)" }  [get_bd_pins processing_system7_0_axi_periph/M01_ACLK]'
INFO: [Common 17-17] undo 'apply_bd_automation -rule xilinx.com:bd_rule:clkrst -config {Clk "/processing_system7_0/FCLK_CLK0 (100 MHz)" }  [get_bd_pins processing_system7_0_axi_periph/ACLK]'
INFO: [Common 17-17] undo 'apply_bd_automation -rule xilinx.com:bd_rule:clkrst -config {Clk "/processing_system7_0/FCLK_CLK1 (142 MHz)" }  [get_bd_pins axis_subset_converter_0/aclk]'
INFO: [Common 17-17] undo 'apply_bd_automation -rule xilinx.com:bd_rule:clkrst -config {Clk "/processing_system7_0/FCLK_CLK1 (142 MHz)" }  [get_bd_pins axi_vdma_1/s_axis_s2mm_aclk]'
INFO: [Common 17-17] undo 'apply_bd_automation -rule xilinx.com:bd_rule:clkrst -config {Clk "/processing_system7_0/FCLK_CLK0 (100 MHz)" }  [get_bd_pins axi_vdma_1/s_axi_lite_aclk]'
INFO: [Common 17-17] undo 'apply_bd_automation -rule xilinx.com:bd_rule:clkrst -config {Clk "/processing_system7_0/FCLK_CLK1 (142 MHz)" }  [get_bd_pins axi_vdma_0/m_axis_mm2s_aclk]'
INFO: [Common 17-17] undo 'apply_bd_automation -rule xilinx.com:bd_rule:clkrst -config {Clk "/processing_system7_0/FCLK_CLK0 (100 MHz)" }  [get_bd_pins axi_vdma_0/s_axi_lite_aclk]'
INFO: [Common 17-17] undo 'apply_bd_automation -rule xilinx.com:bd_rule:clkrst -config {Clk "/processing_system7_0/FCLK_CLK0 (100 MHz)" }  [get_bd_pins axi_mem_intercon/S01_ACLK]'
INFO: [Common 17-17] undo 'apply_bd_automation -rule xilinx.com:bd_rule:clkrst -config {Clk "/processing_system7_0/FCLK_CLK0 (100 MHz)" }  [get_bd_pins axi_mem_intercon/S00_ACLK]'
INFO: [Common 17-17] undo 'apply_bd_automation -rule xilinx.com:bd_rule:clkrst -config {Clk "/processing_system7_0/FCLK_CLK0 (100 MHz)" }  [get_bd_pins axi_mem_intercon/ACLK]'
INFO: [Common 17-17] undo 'apply_bd_automation -rule xilinx.com:bd_rule:clkrst -config {Clk "/processing_system7_0/FCLK_CLK1 (142 MHz)" }  [get_bd_pins processing_system7_0/S_AXI_HP0_ACLK]'
INFO: [Common 17-17] undo 'apply_bd_automation -rule xilinx.com:bd_rule:clkrst -config {Clk "/processing_system7_0/FCLK_CLK0 (100 MHz)" }  [get_bd_pins processing_system7_0/M_AXI_GP0_ACLK]'
INFO: [Common 17-17] undo 'apply_bd_automation -rule xilinx.com:bd_rule:clkrst -config {Clk "/processing_system7_0/FCLK_CLK0 (100 MHz)" }  [get_bd_pins axi_dynclk_0/s00_axi_aclk]'
INFO: [Common 17-17] undo 'apply_bd_automation -rule xilinx.com:bd_rule:clkrst -config {Clk "/processing_system7_0/FCLK_CLK0 (100 MHz)" }  [get_bd_pins axi_dynclk_0/REF_CLK_I]'
INFO: [Common 17-17] undo 'startgroup'
connect_bd_net [get_bd_pins processing_system7_0_axi_periph/S00_ACLK] [get_bd_pins util_ds_buf_1/BUFG_O]
undo
INFO: [Common 17-17] undo 'connect_bd_net [get_bd_pins processing_system7_0_axi_periph/S00_ACLK] [get_bd_pins util_ds_buf_1/BUFG_O]'
connect_bd_net [get_bd_pins processing_system7_0_axi_periph/M00_ACLK] [get_bd_pins util_ds_buf_1/BUFG_O]
connect_bd_net [get_bd_pins processing_system7_0_axi_periph/M03_ACLK] [get_bd_pins util_ds_buf_1/BUFG_O]
connect_bd_net [get_bd_pins processing_system7_0_axi_periph/M06_ACLK] [get_bd_pins util_ds_buf_1/BUFG_O]
delete_bd_objs [get_bd_nets rst_processing_system7_0_140M_peripheral_aresetn]
delete_bd_objs [get_bd_nets rst_processing_system7_0_100M_peripheral_aresetn]
connect_bd_net [get_bd_pins processing_system7_0_axi_periph/S00_ACLK] [get_bd_pins util_ds_buf_0/BUFG_O]
connect_bd_net [get_bd_pins processing_system7_0_axi_periph/M00_ARESETN] [get_bd_pins rst_processing_system7_0_150M/peripheral_aresetn]
startgroup
apply_bd_automation -rule xilinx.com:bd_rule:clkrst -config {Clk "/processing_system7_0/FCLK_CLK0 (100 MHz)" }  [get_bd_pins axi_dynclk_0/REF_CLK_I]
apply_bd_automation -rule xilinx.com:bd_rule:clkrst -config {Clk "/processing_system7_0/FCLK_CLK0 (100 MHz)" }  [get_bd_pins axi_dynclk_0/s00_axi_aclk]
apply_bd_automation -rule xilinx.com:bd_rule:clkrst -config {Clk "/processing_system7_0/FCLK_CLK0 (100 MHz)" }  [get_bd_pins processing_system7_0/M_AXI_GP0_ACLK]
apply_bd_automation -rule xilinx.com:bd_rule:clkrst -config {Clk "/processing_system7_0/FCLK_CLK1 (142 MHz)" }  [get_bd_pins processing_system7_0/S_AXI_HP0_ACLK]
apply_bd_automation -rule xilinx.com:bd_rule:clkrst -config {Clk "/processing_system7_0/FCLK_CLK0 (100 MHz)" }  [get_bd_pins axi_mem_intercon/ACLK]
apply_bd_automation -rule xilinx.com:bd_rule:clkrst -config {Clk "/processing_system7_0/FCLK_CLK0 (100 MHz)" }  [get_bd_pins axi_mem_intercon/S00_ACLK]
apply_bd_automation -rule xilinx.com:bd_rule:clkrst -config {Clk "/processing_system7_0/FCLK_CLK0 (100 MHz)" }  [get_bd_pins axi_mem_intercon/S01_ACLK]
INFO: [BD 5-455] Automation on '/axi_mem_intercon/M00_ACLK' will not be run, since it is obsolete due to previously run automations
apply_bd_automation -rule xilinx.com:bd_rule:clkrst -config {Clk "/processing_system7_0/FCLK_CLK0 (100 MHz)" }  [get_bd_pins axi_vdma_0/s_axi_lite_aclk]
INFO: [BD 5-455] Automation on '/axi_vdma_0/m_axi_mm2s_aclk' will not be run, since it is obsolete due to previously run automations
apply_bd_automation -rule xilinx.com:bd_rule:clkrst -config {Clk "/processing_system7_0/FCLK_CLK1 (142 MHz)" }  [get_bd_pins axi_vdma_0/m_axis_mm2s_aclk]
apply_bd_automation -rule xilinx.com:bd_rule:clkrst -config {Clk "/processing_system7_0/FCLK_CLK0 (100 MHz)" }  [get_bd_pins axi_vdma_1/s_axi_lite_aclk]
INFO: [BD 5-455] Automation on '/axi_vdma_1/m_axi_s2mm_aclk' will not be run, since it is obsolete due to previously run automations
apply_bd_automation -rule xilinx.com:bd_rule:clkrst -config {Clk "/processing_system7_0/FCLK_CLK1 (142 MHz)" }  [get_bd_pins axi_vdma_1/s_axis_s2mm_aclk]
apply_bd_automation -rule xilinx.com:bd_rule:clkrst -config {Clk "/processing_system7_0/FCLK_CLK1 (142 MHz)" }  [get_bd_pins axis_subset_converter_0/aclk]
apply_bd_automation -rule xilinx.com:bd_rule:clkrst -config {Clk "/processing_system7_0/FCLK_CLK0 (100 MHz)" }  [get_bd_pins processing_system7_0_axi_periph/ACLK]
apply_bd_automation -rule xilinx.com:bd_rule:clkrst -config {Clk "/processing_system7_0/FCLK_CLK0 (100 MHz)" }  [get_bd_pins processing_system7_0_axi_periph/M01_ACLK]
INFO: [BD 5-455] Automation on '/processing_system7_0_axi_periph/M02_ACLK' will not be run, since it is obsolete due to previously run automations
apply_bd_automation -rule xilinx.com:bd_rule:clkrst -config {Clk "/processing_system7_0/FCLK_CLK0 (100 MHz)" }  [get_bd_pins processing_system7_0_axi_periph/M04_ACLK]
apply_bd_automation -rule xilinx.com:bd_rule:clkrst -config {Clk "/processing_system7_0/FCLK_CLK0 (100 MHz)" }  [get_bd_pins processing_system7_0_axi_periph/M05_ACLK]
INFO: [BD 5-455] Automation on '/v_axi4s_vid_out_0/aclk' will not be run, since it is obsolete due to previously run automations
INFO: [BD 5-455] Automation on '/v_tc_0/s_axi_aclk' will not be run, since it is obsolete due to previously run automations
INFO: [BD 5-455] Automation on '/ax_pwm_0/s00_axi_aclk' will not be run, since it is obsolete due to previously run automations
INFO: [BD 5-455] Automation on '/alinx_ov5640_0/m_axis_video_aclk' will not be run, since it is obsolete due to previously run automations
INFO: [BD 5-455] Automation on '/cmos_rst/s_axi_aclk' will not be run, since it is obsolete due to previously run automations
INFO: [BD 5-455] Automation on '/edge_detector_0/ap_clk' will not be run, since it is obsolete due to previously run automations
endgroup
connect_bd_net [get_bd_pins processing_system7_0_axi_periph/S00_ARESETN] [get_bd_pins rst_processing_system7_0_100M/peripheral_aresetn]
delete_bd_objs [get_bd_nets rst_ps7_0_100M_peripheral_aresetn]
connect_bd_net [get_bd_pins processing_system7_0_axi_periph/M01_ARESETN] [get_bd_pins rst_processing_system7_0_100M/peripheral_aresetn]
connect_bd_net [get_bd_pins processing_system7_0_axi_periph/M06_ARESETN] [get_bd_pins rst_processing_system7_0_150M/peripheral_aresetn]
connect_bd_net [get_bd_pins processing_system7_0_axi_periph/M03_ARESETN] [get_bd_pins rst_processing_system7_0_150M/peripheral_aresetn]
delete_bd_objs [get_bd_nets processing_system7_0_FCLK_CLK1]
delete_bd_objs [get_bd_nets processing_system7_0_FCLK_CLK0]
connect_bd_net [get_bd_pins util_ds_buf_1/BUFG_I] [get_bd_pins processing_system7_0/FCLK_CLK1]
connect_bd_net [get_bd_pins util_ds_buf_0/BUFG_I] [get_bd_pins processing_system7_0/FCLK_CLK0]
connect_bd_net [get_bd_pins axis_subset_converter_0/aclk] [get_bd_pins util_ds_buf_1/BUFG_O]
connect_bd_net [get_bd_pins edge_detector_0/ap_clk] [get_bd_pins util_ds_buf_1/BUFG_O]
delete_bd_objs [get_bd_nets rst_ps7_0_142M_peripheral_aresetn]
connect_bd_net [get_bd_pins edge_detector_0/ap_rst_n] [get_bd_pins rst_processing_system7_0_150M/peripheral_aresetn]
connect_bd_net [get_bd_pins processing_system7_0_axi_periph/ACLK] [get_bd_pins util_ds_buf_0/BUFG_O]
connect_bd_net [get_bd_pins processing_system7_0_axi_periph/M01_ACLK] [get_bd_pins util_ds_buf_0/BUFG_O]
connect_bd_net [get_bd_pins processing_system7_0_axi_periph/M02_ACLK] [get_bd_pins util_ds_buf_0/BUFG_O]
connect_bd_net [get_bd_pins processing_system7_0_axi_periph/M04_ACLK] [get_bd_pins util_ds_buf_0/BUFG_O]
connect_bd_net [get_bd_pins processing_system7_0_axi_periph/M05_ACLK] [get_bd_pins util_ds_buf_0/BUFG_O]
connect_bd_net [get_bd_pins processing_system7_0_axi_periph/M02_ARESETN] [get_bd_pins rst_processing_system7_0_100M/peripheral_aresetn]
connect_bd_net [get_bd_pins processing_system7_0_axi_periph/M04_ARESETN] [get_bd_pins rst_processing_system7_0_100M/peripheral_aresetn]
connect_bd_net [get_bd_pins processing_system7_0_axi_periph/M05_ARESETN] [get_bd_pins rst_processing_system7_0_100M/peripheral_aresetn]
startgroup
apply_bd_automation -rule xilinx.com:bd_rule:clkrst -config {Clk "/processing_system7_0/FCLK_CLK0 (100 MHz)" }  [get_bd_pins axi_dynclk_0/REF_CLK_I]
apply_bd_automation -rule xilinx.com:bd_rule:clkrst -config {Clk "/processing_system7_0/FCLK_CLK0 (100 MHz)" }  [get_bd_pins axi_dynclk_0/s00_axi_aclk]
apply_bd_automation -rule xilinx.com:bd_rule:clkrst -config {Clk "/processing_system7_0/FCLK_CLK0 (100 MHz)" }  [get_bd_pins ax_pwm_0/s00_axi_aclk]
apply_bd_automation -rule xilinx.com:bd_rule:clkrst -config {Clk "/processing_system7_0/FCLK_CLK0 (100 MHz)" }  [get_bd_pins cmos_rst/s_axi_aclk]
endgroup
connect_bd_net [get_bd_pins rst_ps7_0_142M/slowest_sync_clk] [get_bd_pins util_ds_buf_0/BUFG_O]
connect_bd_net [get_bd_pins v_axi4s_vid_out_0/aclk] [get_bd_pins util_ds_buf_1/BUFG_O]
connect_bd_net [get_bd_pins processing_system7_0/S_AXI_HP0_ACLK] [get_bd_pins util_ds_buf_1/BUFG_O]
connect_bd_net [get_bd_pins processing_system7_0/M_AXI_GP0_ACLK] [get_bd_pins util_ds_buf_0/BUFG_O]
startgroup
apply_bd_automation -rule xilinx.com:bd_rule:clkrst -config {Clk "/processing_system7_0/FCLK_CLK0 (100 MHz)" }  [get_bd_pins axi_vdma_0/s_axi_lite_aclk]
apply_bd_automation -rule xilinx.com:bd_rule:clkrst -config {Clk "/processing_system7_0/FCLK_CLK1 (142 MHz)" }  [get_bd_pins axi_vdma_0/m_axi_mm2s_aclk]
apply_bd_automation -rule xilinx.com:bd_rule:clkrst -config {Clk "/processing_system7_0/FCLK_CLK1 (142 MHz)" }  [get_bd_pins axi_vdma_0/m_axis_mm2s_aclk]
apply_bd_automation -rule xilinx.com:bd_rule:clkrst -config {Clk "/processing_system7_0/FCLK_CLK0 (100 MHz)" }  [get_bd_pins axi_vdma_1/s_axi_lite_aclk]
apply_bd_automation -rule xilinx.com:bd_rule:clkrst -config {Clk "/processing_system7_0/FCLK_CLK1 (142 MHz)" }  [get_bd_pins axi_vdma_1/m_axi_s2mm_aclk]
apply_bd_automation -rule xilinx.com:bd_rule:clkrst -config {Clk "/processing_system7_0/FCLK_CLK1 (142 MHz)" }  [get_bd_pins axi_vdma_1/s_axis_s2mm_aclk]
apply_bd_automation -rule xilinx.com:bd_rule:clkrst -config {Clk "/processing_system7_0/FCLK_CLK0 (100 MHz)" }  [get_bd_pins v_tc_0/s_axi_aclk]
endgroup
undo
INFO: [Common 17-17] undo 'endgroup'
INFO: [Common 17-17] undo 'apply_bd_automation -rule xilinx.com:bd_rule:clkrst -config {Clk "/processing_system7_0/FCLK_CLK0 (100 MHz)" }  [get_bd_pins v_tc_0/s_axi_aclk]'
INFO: [Common 17-17] undo 'apply_bd_automation -rule xilinx.com:bd_rule:clkrst -config {Clk "/processing_system7_0/FCLK_CLK1 (142 MHz)" }  [get_bd_pins axi_vdma_1/s_axis_s2mm_aclk]'
INFO: [Common 17-17] undo 'apply_bd_automation -rule xilinx.com:bd_rule:clkrst -config {Clk "/processing_system7_0/FCLK_CLK1 (142 MHz)" }  [get_bd_pins axi_vdma_1/m_axi_s2mm_aclk]'
INFO: [Common 17-17] undo 'apply_bd_automation -rule xilinx.com:bd_rule:clkrst -config {Clk "/processing_system7_0/FCLK_CLK0 (100 MHz)" }  [get_bd_pins axi_vdma_1/s_axi_lite_aclk]'
INFO: [Common 17-17] undo 'apply_bd_automation -rule xilinx.com:bd_rule:clkrst -config {Clk "/processing_system7_0/FCLK_CLK1 (142 MHz)" }  [get_bd_pins axi_vdma_0/m_axis_mm2s_aclk]'
INFO: [Common 17-17] undo 'apply_bd_automation -rule xilinx.com:bd_rule:clkrst -config {Clk "/processing_system7_0/FCLK_CLK1 (142 MHz)" }  [get_bd_pins axi_vdma_0/m_axi_mm2s_aclk]'
INFO: [Common 17-17] undo 'apply_bd_automation -rule xilinx.com:bd_rule:clkrst -config {Clk "/processing_system7_0/FCLK_CLK0 (100 MHz)" }  [get_bd_pins axi_vdma_0/s_axi_lite_aclk]'
INFO: [Common 17-17] undo 'startgroup'
delete_bd_objs [get_bd_nets processing_system7_0_FCLK_CLK0]
connect_bd_net [get_bd_pins processing_system7_0/FCLK_CLK0] [get_bd_pins util_ds_buf_0/BUFG_I]
connect_bd_net [get_bd_pins cmos_rst/s_axi_aclk] [get_bd_pins util_ds_buf_0/BUFG_O]
delete_bd_objs [get_bd_nets rst_ps7_0_100M_peripheral_aresetn]
connect_bd_net [get_bd_pins axi_dynclk_0/s00_axi_aclk] [get_bd_pins util_ds_buf_0/BUFG_O]
open_bd_design {E:/vivado/vivado_lab/ZYNQ/ov5640_lcd7_edge/ov5640_single.srcs/sources_1/bd/system/system.bd}
exit
INFO: [Common 17-206] Exiting Vivado at Mon Aug  5 15:55:47 2019...
