#-----------------------------------------------------------
# Vivado v2018.3 (64-bit)
# SW Build 2405991 on Thu Dec  6 23:38:27 MST 2018
# IP Build 2404404 on Fri Dec  7 01:43:56 MST 2018
# Start of session at: Tue Aug  6 08:58:53 2019
# Process ID: 49668
# Current directory: E:/vivado/vivado_lab/ZYNQ/ov5640_lcd7_edge
# Command line: vivado.exe -gui_launcher_event rodinguilauncherevent6852 E:\vivado\vivado_lab\ZYNQ\ov5640_lcd7_edge\ov5640_single.xpr
# Log file: E:/vivado/vivado_lab/ZYNQ/ov5640_lcd7_edge/vivado.log
# Journal file: E:/vivado/vivado_lab/ZYNQ/ov5640_lcd7_edge\vivado.jou
#-----------------------------------------------------------
start_gui
open_project E:/vivado/vivado_lab/ZYNQ/ov5640_lcd7_edge/ov5640_single.xpr
Scanning sources...
Finished scanning sources
INFO: [IP_Flow 19-234] Refreshing IP repositories
INFO: [IP_Flow 19-1700] Loaded user IP repository 'e:/vivado/vivado_lab/ZYNQ/ov5640_lcd7_edge/repo'.
INFO: [IP_Flow 19-1700] Loaded user IP repository 'e:/vivado/hls_lab/edge_detector'.
INFO: [IP_Flow 19-2313] Loaded Vivado IP repository 'E:/vivado/Vivado/2018.3/data/ip'.
open_project: Time (s): cpu = 00:00:27 ; elapsed = 00:01:14 . Memory (MB): peak = 895.574 ; gain = 312.902
update_compile_order -fileset sources_1
open_bd_design {E:/vivado/vivado_lab/ZYNQ/ov5640_lcd7_edge/ov5640_single.srcs/sources_1/bd/system/system.bd}
Adding cell -- digilentinc.com:ip:axi_dynclk:1.0 - axi_dynclk_0
Adding cell -- xilinx.com:ip:processing_system7:5.5 - processing_system7_0
Adding cell -- xilinx.com:ip:xlconcat:2.1 - xlconcat_0
Adding cell -- xilinx.com:ip:axi_interconnect:2.1 - axi_mem_intercon
Adding cell -- xilinx.com:ip:axi_crossbar:2.1 - xbar
Adding cell -- xilinx.com:ip:axi_protocol_converter:2.1 - auto_pc
Adding cell -- xilinx.com:ip:axi_vdma:6.3 - axi_vdma_0
Adding cell -- xilinx.com:ip:axi_vdma:6.3 - axi_vdma_1
Adding cell -- xilinx.com:ip:axis_subset_converter:1.1 - axis_subset_converter_0
Adding cell -- xilinx.com:ip:axi_interconnect:2.1 - processing_system7_0_axi_periph
Adding cell -- xilinx.com:ip:axi_crossbar:2.1 - xbar
Adding cell -- xilinx.com:ip:axi_protocol_converter:2.1 - auto_pc
Adding cell -- xilinx.com:ip:axi_clock_converter:2.1 - auto_cc
Adding cell -- xilinx.com:ip:proc_sys_reset:5.0 - rst_processing_system7_0_100M
Adding cell -- xilinx.com:ip:proc_sys_reset:5.0 - rst_processing_system7_0_150M
Adding cell -- xilinx.com:ip:v_axi4s_vid_out:4.0 - v_axi4s_vid_out_0
Adding cell -- xilinx.com:ip:v_tc:6.1 - v_tc_0
Adding cell -- xilinx.com:ip:xlconstant:1.1 - xlconstant_1
Adding cell -- xilinx.com:user:ax_pwm:1.0 - ax_pwm_0
Adding cell -- xilinx.com:ip:util_vector_logic:2.0 - util_vector_logic_0
Adding cell -- xilinx.com:ip:util_reduced_logic:2.0 - util_reduced_logic_0
Adding cell -- www.alinx.com.cn:user:alinx_ov5640:5.4 - alinx_ov5640_0
Adding cell -- xilinx.com:ip:axi_gpio:2.0 - cmos_rst
Adding cell -- xilinx.com:hls:edge_detector:1.0 - edge_detector_0
Adding cell -- xilinx.com:ip:util_ds_buf:2.1 - util_ds_buf_0
Adding cell -- xilinx.com:ip:util_ds_buf:2.1 - util_ds_buf_1
Successfully read diagram <system> from BD file <E:/vivado/vivado_lab/ZYNQ/ov5640_lcd7_edge/ov5640_single.srcs/sources_1/bd/system/system.bd>
launch_sdk -workspace E:/vivado/vivado_lab/ZYNQ/ov5640_lcd7_edge/ov5640_single.sdk -hwspec E:/vivado/vivado_lab/ZYNQ/ov5640_lcd7_edge/ov5640_single.sdk/system_wrapper.hdf
INFO: [Vivado 12-393] Launching SDK...
INFO: [Vivado 12-417] Running xsdk -workspace E:/vivado/vivado_lab/ZYNQ/ov5640_lcd7_edge/ov5640_single.sdk -hwspec E:/vivado/vivado_lab/ZYNQ/ov5640_lcd7_edge/ov5640_single.sdk/system_wrapper.hdf
INFO: [Vivado 12-3157] SDK launch initiated. Please check console for any further messages.
open_bd_design {E:/vivado/vivado_lab/ZYNQ/ov5640_lcd7_edge/ov5640_single.srcs/sources_1/bd/system/system.bd}
exit
INFO: [Common 17-206] Exiting Vivado at Tue Aug  6 16:06:10 2019...
