

================================================================
== Vivado HLS Report for 'Filter2D'
================================================================
* Date:           Fri Jul 12 17:42:47 2019

* Version:        2018.3 (Build 2405991 on Thu Dec 06 23:56:15 MST 2018)
* Project:        edge_detector
* Solution:       solution1
* Product family: zynq
* Target device:  xc7z015clg485-2


================================================================
== Performance Estimates
================================================================
+ Timing (ns): 
    * Summary: 
    +--------+-------+----------+------------+
    |  Clock | Target| Estimated| Uncertainty|
    +--------+-------+----------+------------+
    |ap_clk  |   6.67|     5.716|        0.83|
    +--------+-------+----------+------------+

+ Latency (clock cycles): 
    * Summary: 
    +---------+---------+---------+---------+---------+
    |      Latency      |      Interval     | Pipeline|
    |   min   |   max   |   min   |   max   |   Type  |
    +---------+---------+---------+---------+---------+
    |  2087179|  2087179|  2087179|  2087179|   none  |
    +---------+---------+---------+---------+---------+

    + Detail: 
        * Instance: 
        N/A

        * Loop: 
        +---------------+---------+---------+----------+-----------+-----------+------+----------+
        |               |      Latency      | Iteration|  Initiation Interval  | Trip |          |
        |   Loop Name   |   min   |   max   |  Latency |  achieved |   target  | Count| Pipelined|
        +---------------+---------+---------+----------+-----------+-----------+------+----------+
        |- loop_height  |  2087178|  2087178|      1929|          -|          -|  1082|    no    |
        | + loop_width  |     1926|     1926|         6|          1|          1|  1922|    yes   |
        +---------------+---------+---------+----------+-----------+-----------+------+----------+



================================================================
== Utilization Estimates
================================================================
* Summary: 
+-----------------+---------+-------+-------+-------+
|       Name      | BRAM_18K| DSP48E|   FF  |  LUT  |
+-----------------+---------+-------+-------+-------+
|DSP              |        -|      -|      -|      -|
|Expression       |        -|      -|      0|    346|
|FIFO             |        -|      -|      -|      -|
|Instance         |        -|      -|      0|     65|
|Memory           |        3|      -|      0|      0|
|Multiplexer      |        -|      -|      -|     31|
|Register         |        0|      -|    368|     64|
+-----------------+---------+-------+-------+-------+
|Total            |        3|      0|    368|    506|
+-----------------+---------+-------+-------+-------+
|Available        |      200|    160|  93600|  46800|
+-----------------+---------+-------+-------+-------+
|Utilization (%)  |        1|      0|   ~0  |      1|
+-----------------+---------+-------+-------+-------+

+ Detail: 
    * Instance: 
    +--------------------------+----------------------+---------+-------+---+----+
    |         Instance         |        Module        | BRAM_18K| DSP48E| FF| LUT|
    +--------------------------+----------------------+---------+-------+---+----+
    |edge_detector_muxhbi_U44  |edge_detector_muxhbi  |        0|      0|  0|  13|
    |edge_detector_muxhbi_U45  |edge_detector_muxhbi  |        0|      0|  0|  13|
    |edge_detector_muxhbi_U46  |edge_detector_muxhbi  |        0|      0|  0|  13|
    |edge_detector_muxhbi_U47  |edge_detector_muxhbi  |        0|      0|  0|  13|
    |edge_detector_muxhbi_U48  |edge_detector_muxhbi  |        0|      0|  0|  13|
    +--------------------------+----------------------+---------+-------+---+----+
    |Total                     |                      |        0|      0|  0|  65|
    +--------------------------+----------------------+---------+-------+---+----+

    * DSP48: 
    N/A

    * Memory: 
    +-----------------+----------------------+---------+---+----+------+-----+------+-------------+
    |      Memory     |        Module        | BRAM_18K| FF| LUT| Words| Bits| Banks| W*Bits*Banks|
    +-----------------+----------------------+---------+---+----+------+-----+------+-------------+
    |k_buf_0_val_3_U  |Filter2D102_k_bufeOg  |        1|  0|   0|  1920|    8|     1|        15360|
    |k_buf_0_val_4_U  |Filter2D102_k_bufeOg  |        1|  0|   0|  1920|    8|     1|        15360|
    |k_buf_0_val_5_U  |Filter2D102_k_bufeOg  |        1|  0|   0|  1920|    8|     1|        15360|
    +-----------------+----------------------+---------+---+----+------+-----+------+-------------+
    |Total            |                      |        3|  0|   0|  5760|   24|     3|        46080|
    +-----------------+----------------------+---------+---+----+------+-----+------+-------------+

    * FIFO: 
    N/A

    * Expression: 
    +-----------------------------------+----------+-------+---+----+------------+------------+
    |           Variable Name           | Operation| DSP48E| FF| LUT| Bitwidth P0| Bitwidth P1|
    +-----------------------------------+----------+-------+---+----+------------+------------+
    |ImagLoc_x_fu_372_p2                |     +    |      0|  0|  12|           2|          12|
    |i_V_fu_278_p2                      |     +    |      0|  0|  11|          11|           1|
    |j_V_fu_350_p2                      |     +    |      0|  0|  11|          11|           1|
    |p_Val2_4_fu_851_p2                 |     +    |      0|  0|   8|           8|           8|
    |p_Val2_s_fu_793_p2                 |     +    |      0|  0|   8|          11|          11|
    |sum_V_1_2_fu_700_p2                |     +    |      0|  0|  10|          10|          10|
    |tmp16_fu_684_p2                    |     +    |      0|  0|   9|           9|           9|
    |tmp18_fu_777_p2                    |     +    |      0|  0|   8|          11|          11|
    |tmp19_fu_783_p2                    |     +    |      0|  0|  10|          10|          10|
    |tmp20_fu_807_p2                    |     +    |      0|  0|   8|           8|           8|
    |tmp21_fu_847_p2                    |     +    |      0|  0|   8|           8|           8|
    |tmp_31_fu_679_p2                   |     +    |      0|  0|   8|           8|           8|
    |tmp_32_fu_728_p2                   |     +    |      0|  0|   8|           8|           8|
    |p_assign_1_fu_412_p2               |     -    |      0|  0|  12|           1|          12|
    |p_assign_2_fu_432_p2               |     -    |      0|  0|  12|          10|          12|
    |r_V_10_2_1_fu_746_p2               |     -    |      0|  0|  10|           1|          10|
    |r_V_10_2_2_fu_763_p2               |     -    |      0|  0|   9|           1|           9|
    |r_V_10_2_fu_714_p2                 |     -    |      0|  0|   9|           1|           9|
    |row_assign_8_2_t_fu_334_p2         |     -    |      0|  0|   4|           3|           2|
    |ap_block_pp0                       |    and   |      0|  0|   1|           1|           1|
    |ap_block_state8_pp0_stage0_iter5   |    and   |      0|  0|   1|           1|           1|
    |ap_condition_763                   |    and   |      0|  0|   1|           1|           1|
    |ap_enable_state4_pp0_iter1_stage0  |    and   |      0|  0|   1|           1|           1|
    |ap_enable_state5_pp0_iter2_stage0  |    and   |      0|  0|   1|           1|           1|
    |ap_predicate_op101_load_state5     |    and   |      0|  0|   1|           1|           1|
    |ap_predicate_op104_read_state5     |    and   |      0|  0|   1|           1|           1|
    |ap_predicate_op105_store_state5    |    and   |      0|  0|   1|           1|           1|
    |ap_predicate_op107_store_state5    |    and   |      0|  0|   1|           1|           1|
    |ap_predicate_op113_store_state5    |    and   |      0|  0|   1|           1|           1|
    |ap_predicate_op86_load_state4      |    and   |      0|  0|   1|           1|           1|
    |or_cond_i_fu_481_p2                |    and   |      0|  0|   1|           1|           1|
    |or_cond_i_i_fu_398_p2              |    and   |      0|  0|   1|           1|           1|
    |overflow_fu_866_p2                 |    and   |      0|  0|   1|           1|           1|
    |sel_tmp8_fu_458_p2                 |    and   |      0|  0|   1|           1|           1|
    |exitcond460_i_fu_344_p2            |   icmp   |      0|  0|   5|          11|           8|
    |exitcond461_i_fu_272_p2            |   icmp   |      0|  0|   5|          11|          11|
    |icmp2_fu_366_p2                    |   icmp   |      0|  0|   5|          10|           1|
    |icmp_fu_306_p2                     |   icmp   |      0|  0|   5|          10|           1|
    |not_i_i_fu_861_p2                  |   icmp   |      0|  0|   2|           3|           1|
    |tmp_142_1_fu_318_p2                |   icmp   |      0|  0|   5|          11|           1|
    |tmp_17_fu_312_p2                   |   icmp   |      0|  0|   5|          11|           1|
    |tmp_18_fu_324_p2                   |   icmp   |      0|  0|   5|          11|          11|
    |tmp_22_fu_392_p2                   |   icmp   |      0|  0|   5|          12|          11|
    |tmp_24_fu_426_p2                   |   icmp   |      0|  0|   5|          12|          11|
    |tmp_s_fu_284_p2                    |   icmp   |      0|  0|   5|          11|          11|
    |ap_block_pp0_stage0_01001          |    or    |      0|  0|   1|           1|           1|
    |ap_block_state1                    |    or    |      0|  0|   1|           1|           1|
    |ap_block_state5_pp0_stage0_iter2   |    or    |      0|  0|   1|           1|           1|
    |brmerge_fu_476_p2                  |    or    |      0|  0|   1|           1|           1|
    |sel_tmp7_fu_452_p2                 |    or    |      0|  0|   1|           1|           1|
    |tmp_8_i_i_fu_880_p2                |    or    |      0|  0|   1|           1|           1|
    |col_buf_0_val_0_0_fu_531_p3        |  select  |      0|  0|   8|           1|           8|
    |col_buf_0_val_1_0_fu_550_p3        |  select  |      0|  0|   8|           1|           8|
    |col_buf_0_val_2_0_fu_569_p3        |  select  |      0|  0|   8|           1|           8|
    |p_Val2_6_fu_885_p3                 |  select  |      0|  0|   8|           1|           8|
    |p_assign_5_fu_438_p3               |  select  |      0|  0|  12|           1|          12|
    |p_mux_i_i_cast_fu_872_p3           |  select  |      0|  0|   2|           1|           2|
    |p_p2_i_i_fu_418_p3                 |  select  |      0|  0|  12|           1|          12|
    |src_kernel_win_0_va_18_fu_623_p3   |  select  |      0|  0|   8|           1|           8|
    |src_kernel_win_0_va_19_fu_641_p3   |  select  |      0|  0|   8|           1|           8|
    |x_fu_464_p3                        |  select  |      0|  0|  12|           1|          12|
    |ap_enable_pp0                      |    xor   |      0|  0|   2|           1|           2|
    |col_assign_1_fu_514_p2             |    xor   |      0|  0|   2|           2|           2|
    |rev_fu_386_p2                      |    xor   |      0|  0|   2|           1|           2|
    |tmp_22_not_fu_446_p2               |    xor   |      0|  0|   2|           1|           2|
    |tmp_98_0_not_fu_290_p2             |    xor   |      0|  0|   2|           1|           2|
    |tmp_i_i_fu_856_p2                  |    xor   |      0|  0|   2|           1|           2|
    +-----------------------------------+----------+-------+---+----+------------+------------+
    |Total                              |          |      0|  0| 346|         283|         346|
    +-----------------------------------+----------+-------+---+----+------------+------------+

    * Multiplexer: 
    +---------------------------+----+-----------+-----+-----------+
    |            Name           | LUT| Input Size| Bits| Total Bits|
    +---------------------------+----+-----------+-----+-----------+
    |ap_NS_fsm                  |   4|          5|    1|          5|
    |ap_done                    |   3|          2|    1|          2|
    |ap_enable_reg_pp0_iter3    |   3|          2|    1|          2|
    |ap_enable_reg_pp0_iter5    |   3|          2|    1|          2|
    |k_buf_0_val_4_d1           |   3|          3|    8|         24|
    |k_buf_0_val_5_d1           |   3|          3|    8|         24|
    |p_dst_data_stream_V_blk_n  |   3|          2|    1|          2|
    |p_src_data_stream_V_blk_n  |   3|          2|    1|          2|
    |t_V_3_reg_261              |   3|          2|   11|         22|
    |t_V_reg_250                |   3|          2|   11|         22|
    +---------------------------+----+-----------+-----+-----------+
    |Total                      |  31|         25|   44|        107|
    +---------------------------+----+-----------+-----+-----------+

    * Register: 
    +------------------------------------+----+----+-----+-----------+
    |                Name                | FF | LUT| Bits| Const Bits|
    +------------------------------------+----+----+-----+-----------+
    |ap_CS_fsm                           |   4|   0|    4|          0|
    |ap_done_reg                         |   1|   0|    1|          0|
    |ap_enable_reg_pp0_iter0             |   1|   0|    1|          0|
    |ap_enable_reg_pp0_iter1             |   1|   0|    1|          0|
    |ap_enable_reg_pp0_iter2             |   1|   0|    1|          0|
    |ap_enable_reg_pp0_iter3             |   1|   0|    1|          0|
    |ap_enable_reg_pp0_iter4             |   1|   0|    1|          0|
    |ap_enable_reg_pp0_iter5             |   1|   0|    1|          0|
    |brmerge_reg_1027                    |   1|   0|    1|          0|
    |brmerge_reg_1027_pp0_iter1_reg      |   1|   0|    1|          0|
    |exitcond460_i_reg_1004              |   1|   0|    1|          0|
    |i_V_reg_961                         |  11|   0|   11|          0|
    |icmp_reg_975                        |   1|   0|    1|          0|
    |k_buf_0_val_3_addr_reg_1038         |  11|   0|   11|          0|
    |k_buf_0_val_4_addr_reg_1044         |  11|   0|   11|          0|
    |k_buf_0_val_5_addr_reg_1050         |  11|   0|   11|          0|
    |or_cond_i_i_reg_1013                |   1|   0|    1|          0|
    |or_cond_i_i_reg_1013_pp0_iter1_reg  |   1|   0|    1|          0|
    |or_cond_i_reg_1034                  |   1|   0|    1|          0|
    |p_Result_s_reg_1079                 |   1|   0|    1|          0|
    |p_Val2_6_reg_1095                   |   8|   0|    8|          0|
    |right_border_buf_0_14_fu_152        |   8|   0|    8|          0|
    |right_border_buf_0_15_fu_156        |   8|   0|    8|          0|
    |right_border_buf_0_16_fu_160        |   8|   0|    8|          0|
    |right_border_buf_0_17_fu_164        |   8|   0|    8|          0|
    |right_border_buf_0_18_fu_168        |   8|   0|    8|          0|
    |right_border_buf_0_s_fu_148         |   8|   0|    8|          0|
    |row_assign_8_2_t_reg_999            |   2|   0|    2|          0|
    |src_kernel_win_0_va_15_fu_136       |   8|   0|    8|          0|
    |src_kernel_win_0_va_16_fu_140       |   8|   0|    8|          0|
    |src_kernel_win_0_va_17_fu_144       |   8|   0|    8|          0|
    |src_kernel_win_0_va_18_reg_1056     |   8|   0|    8|          0|
    |src_kernel_win_0_va_19_reg_1062     |   8|   0|    8|          0|
    |src_kernel_win_0_va_fu_132          |   8|   0|    8|          0|
    |t_V_3_reg_261                       |  11|   0|   11|          0|
    |t_V_reg_250                         |  11|   0|   11|          0|
    |tmp20_reg_1085                      |   8|   0|    8|          0|
    |tmp_142_1_reg_984                   |   1|   0|    1|          0|
    |tmp_17_reg_980                      |   1|   0|    1|          0|
    |tmp_18_reg_988                      |   1|   0|    1|          0|
    |tmp_34_reg_994                      |   2|   0|    2|          0|
    |tmp_36_reg_1090                     |   3|   0|    3|          0|
    |tmp_40_reg_1022                     |   2|   0|    2|          0|
    |tmp_40_reg_1022_pp0_iter1_reg       |   2|   0|    2|          0|
    |tmp_45_reg_1069                     |   7|   0|    8|          1|
    |tmp_46_reg_1074                     |   8|   0|    8|          0|
    |tmp_98_0_not_reg_970                |   1|   0|    1|          0|
    |tmp_s_reg_966                       |   1|   0|    1|          0|
    |x_reg_1017                          |  12|   0|   12|          0|
    |exitcond460_i_reg_1004              |  64|  32|    1|          0|
    |or_cond_i_reg_1034                  |  64|  32|    1|          0|
    +------------------------------------+----+----+-----+-----------+
    |Total                               | 368|  64|  243|          1|
    +------------------------------------+----+----+-----+-----------+



================================================================
== Interface
================================================================
* Summary: 
+-----------------------------+-----+-----+------------+---------------------+--------------+
|          RTL Ports          | Dir | Bits|  Protocol  |    Source Object    |    C Type    |
+-----------------------------+-----+-----+------------+---------------------+--------------+
|ap_clk                       |  in |    1| ap_ctrl_hs |       Filter2D      | return value |
|ap_rst                       |  in |    1| ap_ctrl_hs |       Filter2D      | return value |
|ap_start                     |  in |    1| ap_ctrl_hs |       Filter2D      | return value |
|ap_done                      | out |    1| ap_ctrl_hs |       Filter2D      | return value |
|ap_continue                  |  in |    1| ap_ctrl_hs |       Filter2D      | return value |
|ap_idle                      | out |    1| ap_ctrl_hs |       Filter2D      | return value |
|ap_ready                     | out |    1| ap_ctrl_hs |       Filter2D      | return value |
|p_src_data_stream_V_dout     |  in |    8|   ap_fifo  | p_src_data_stream_V |    pointer   |
|p_src_data_stream_V_empty_n  |  in |    1|   ap_fifo  | p_src_data_stream_V |    pointer   |
|p_src_data_stream_V_read     | out |    1|   ap_fifo  | p_src_data_stream_V |    pointer   |
|p_dst_data_stream_V_din      | out |    8|   ap_fifo  | p_dst_data_stream_V |    pointer   |
|p_dst_data_stream_V_full_n   |  in |    1|   ap_fifo  | p_dst_data_stream_V |    pointer   |
|p_dst_data_stream_V_write    | out |    1|   ap_fifo  | p_dst_data_stream_V |    pointer   |
+-----------------------------+-----+-----+------------+---------------------+--------------+

