#-----------------------------------------------------------
# Webtalk v2018.3 (64-bit)
# SW Build 2405991 on Thu Dec  6 23:38:27 MST 2018
# 
# Start of session at: Sat Jul 13 14:34:50 2019
# Process ID: 11168
# Current directory: E:/vivado/vivado_lab/ZYNQ/course2/ov5640_and_lcd7_display/ov5640_single.sdk/webtalk
# Command line: wbtcv.exe -mode batch -source sdk_webtalk.tcl
# Log file: E:/vivado/vivado_lab/ZYNQ/course2/ov5640_and_lcd7_display/ov5640_single.sdk/webtalk/webtalk.log
# Journal file: E:/vivado/vivado_lab/ZYNQ/course2/ov5640_and_lcd7_display/ov5640_single.sdk/webtalk\webtalk.jou
#-----------------------------------------------------------
source sdk_webtalk.tcl
# webtalk_init -webtalk_dir E:\\vivado\\vivado_lab\\ZYNQ\\course2\\ov5640_and_lcd7_display\\ov5640_single.sdk\\webtalk
# webtalk_register_client -client project
# webtalk_add_data -client project -key date_generated -value "2019-07-13 14:34:48" -context "software_version_and_target_device"
# webtalk_add_data -client project -key product_version -value "SDK v2018.3" -context "software_version_and_target_device"
# webtalk_add_data -client project -key build_version -value "2018.3" -context "software_version_and_target_device"
# webtalk_add_data -client project -key os_platform -value "amd64" -context "software_version_and_target_device"
# webtalk_add_data -client project -key registration_id -value "" -context "software_version_and_target_device"
# webtalk_add_data -client project -key tool_flow -value "SDK" -context "software_version_and_target_device"
# webtalk_add_data -client project -key beta -value "false" -context "software_version_and_target_device"
# webtalk_add_data -client project -key route_design -value "NA" -context "software_version_and_target_device"
# webtalk_add_data -client project -key target_family -value "NA" -context "software_version_and_target_device"
# webtalk_add_data -client project -key target_device -value "NA" -context "software_version_and_target_device"
# webtalk_add_data -client project -key target_package -value "NA" -context "software_version_and_target_device"
# webtalk_add_data -client project -key target_speed -value "NA" -context "software_version_and_target_device"
# webtalk_add_data -client project -key random_id -value "cjsbthjq4rip0qph66rdp6uems" -context "software_version_and_target_device"
# webtalk_add_data -client project -key project_id -value "2018.3_18" -context "software_version_and_target_device"
# webtalk_add_data -client project -key project_iteration -value "18" -context "software_version_and_target_device"
# webtalk_add_data -client project -key os_name -value "Microsoft Windows 8 or later , 64-bit" -context "user_environment"
# webtalk_add_data -client project -key os_release -value "major release  (build 9200)" -context "user_environment"
# webtalk_add_data -client project -key cpu_name -value "Intel(R) Core(TM) i7-7700HQ CPU @ 2.80GHz" -context "user_environment"
# webtalk_add_data -client project -key cpu_speed -value "2808 MHz" -context "user_environment"
# webtalk_add_data -client project -key total_processors -value "1" -context "user_environment"
# webtalk_add_data -client project -key system_ram -value "17.049 GB" -context "user_environment"
# webtalk_register_client -client sdk
# webtalk_add_data -client sdk -key uid -value "1562995222928" -context "sdk\\\\hardware/1562995222928"
# webtalk_add_data -client sdk -key isZynq -value "true" -context "sdk\\\\hardware/1562995222928"
# webtalk_add_data -client sdk -key isZynqMP -value "false" -context "sdk\\\\hardware/1562995222928"
# webtalk_add_data -client sdk -key Processors -value "2" -context "sdk\\\\hardware/1562995222928"
# webtalk_add_data -client sdk -key VivadoVersion -value "2018.3" -context "sdk\\\\hardware/1562995222928"
# webtalk_add_data -client sdk -key Arch -value "zynq" -context "sdk\\\\hardware/1562995222928"
# webtalk_add_data -client sdk -key Device -value "7z020" -context "sdk\\\\hardware/1562995222928"
# webtalk_add_data -client sdk -key IsHandoff -value "true" -context "sdk\\\\hardware/1562995222928"
# webtalk_add_data -client sdk -key os -value "NA" -context "sdk\\\\hardware/1562995222928"
# webtalk_add_data -client sdk -key apptemplate -value "NA" -context "sdk\\\\hardware/1562995222928"
# webtalk_add_data -client sdk -key RecordType -value "HWCreation" -context "sdk\\\\hardware/1562995222928"
# webtalk_add_data -client sdk -key uid -value "NA" -context "sdk\\\\bsp/1562999688599"
# webtalk_add_data -client sdk -key RecordType -value "ToolUsage" -context "sdk\\\\bsp/1562999688599"
# webtalk_add_data -client sdk -key BootgenCount -value "0" -context "sdk\\\\bsp/1562999688599"
# webtalk_add_data -client sdk -key DebugCount -value "1" -context "sdk\\\\bsp/1562999688599"
# webtalk_add_data -client sdk -key PerfCount -value "0" -context "sdk\\\\bsp/1562999688599"
# webtalk_add_data -client sdk -key FlashCount -value "0" -context "sdk\\\\bsp/1562999688599"
# webtalk_add_data -client sdk -key CrossTriggCount -value "0" -context "sdk\\\\bsp/1562999688599"
# webtalk_add_data -client sdk -key QemuDebugCount -value "0" -context "sdk\\\\bsp/1562999688599"
# webtalk_transmit -clientid 1818708173 -regid "" -xml E:\\vivado\\vivado_lab\\ZYNQ\\course2\\ov5640_and_lcd7_display\\ov5640_single.sdk\\webtalk\\usage_statistics_ext_sdk.xml -html E:\\vivado\\vivado_lab\\ZYNQ\\course2\\ov5640_and_lcd7_display\\ov5640_single.sdk\\webtalk\\usage_statistics_ext_sdk.html -wdm E:\\vivado\\vivado_lab\\ZYNQ\\course2\\ov5640_and_lcd7_display\\ov5640_single.sdk\\webtalk\\sdk_webtalk.wdm -intro "<H3>SDK Usage Report</H3><BR>"
INFO: [Common 17-186] 'E:\vivado\vivado_lab\ZYNQ\course2\ov5640_and_lcd7_display\ov5640_single.sdk\webtalk\usage_statistics_ext_sdk.xml' has been successfully sent to Xilinx on Sat Jul 13 14:34:57 2019. For additional details about this file, please refer to the WebTalk help file at E:/vivado/SDK/2018.3/doc/webtalk_introduction.html.
webtalk_transmit: Time (s): cpu = 00:00:00 ; elapsed = 00:00:07 . Memory (MB): peak = 83.980 ; gain = 0.000
# webtalk_terminate
INFO: [Common 17-206] Exiting Webtalk at Sat Jul 13 14:34:57 2019...
