

================================================================
== Vivado HLS Report for 'AXIvideo2Mat'
================================================================
* Date:           Fri Jul 12 17:42:32 2019

* Version:        2018.3 (Build 2405991 on Thu Dec 06 23:56:15 MST 2018)
* Project:        edge_detector
* Solution:       solution1
* Product family: zynq
* Target device:  xc7z015clg485-2


================================================================
== Performance Estimates
================================================================
+ Timing (ns): 
    * Summary: 
    +--------+-------+----------+------------+
    |  Clock | Target| Estimated| Uncertainty|
    +--------+-------+----------+------------+
    |ap_clk  |   6.67|     5.833|        0.83|
    +--------+-------+----------+------------+

+ Latency (clock cycles): 
    * Summary: 
    +-----+---------+-----+---------+---------+
    |    Latency    |    Interval   | Pipeline|
    | min |   max   | min |   max   |   Type  |
    +-----+---------+-----+---------+---------+
    |    3|  2079003|    3|  2079003|   none  |
    +-----+---------+-----+---------+---------+

    + Detail: 
        * Instance: 
        N/A

        * Loop: 
        +-----------------------+-----+---------+----------+-----------+-----------+----------+----------+
        |                       |    Latency    | Iteration|  Initiation Interval  |   Trip   |          |
        |       Loop Name       | min |   max   |  Latency |  achieved |   target  |   Count  | Pipelined|
        +-----------------------+-----+---------+----------+-----------+-----------+----------+----------+
        |- loop_wait_for_start  |    0|        0|         1|          1|          1|         0|    yes   |
        |- loop_height          |    0|  2079000| 5 ~ 1925 |          -|          -| 0 ~ 1080 |    no    |
        | + loop_width          |    0|     1920|         2|          1|          1| 0 ~ 1920 |    yes   |
        | + loop_wait_for_eol   |    0|        0|         1|          1|          1|         0|    yes   |
        +-----------------------+-----+---------+----------+-----------+-----------+----------+----------+

============================================================
+ Verbose Summary: Synthesis Manager
============================================================
InlineROM: 1
ExposeGlobal: 0
============================================================
+ Verbose Summary: CDFG Model
============================================================
IsTopModel: 0
ResetActiveHigh: 1
IsCombinational: 2
IsDatapathOnly: 0
HasWiredReturn: 1
HasMFsm: 0
HasVarLatency: 1
IsPipeline: 0
IsRtlPipelined: 0
IsInstanceOverlapped: 0
IsDontTouch: 0
HasImplIP: 0
IsGatedGlobalClock: 0

+ Individual pipeline summary: 
  * Pipeline-0: initiation interval (II) = 1, depth = 1
  * Pipeline-1: initiation interval (II) = 1, depth = 2
  * Pipeline-2: initiation interval (II) = 1, depth = 1


============================================================
+ Verbose Summary: Schedule
============================================================
* Number of FSM states : 9
* Pipeline : 3
  Pipeline-0 : II = 1, D = 1, States = { 2 }
  Pipeline-1 : II = 1, D = 2, States = { 5 6 }
  Pipeline-2 : II = 1, D = 1, States = { 8 }
* Dataflow Pipeline: 0

* FSM state transitions: 
1 --> 
	2  / true
2 --> 
	3  / (tmp_user_V)
	2  / (!tmp_user_V)
3 --> 
	4  / true
4 --> 
	5  / (!exitcond4_i)
5 --> 
	7  / (exitcond_i)
	6  / (!exitcond_i)
6 --> 
	5  / true
7 --> 
	8  / true
8 --> 
	9  / (eol_2_i)
	8  / (!eol_2_i)
9 --> 
	4  / true

* FSM state operations: 

State 1 <SV = 0> <Delay = 5.83>
ST_1 : Operation 10 [1/1] (0.00ns)   --->   "call void (...)* @_ssdm_op_SpecInterface(i8* %img_data_stream_2_V, [8 x i8]* @ap_fifo_str, i32 0, i32 0, [1 x i8]* @p_str156, i32 0, i32 0, [1 x i8]* @p_str157, [1 x i8]* @p_str158, [1 x i8]* @p_str159, i32 2, i32 2, i32 16, i32 16, [1 x i8]* @p_str160, [1 x i8]* @p_str161)"   --->   Operation 10 'specinterface' <Predicate = true> <Delay = 0.00>
ST_1 : Operation 11 [1/1] (0.00ns)   --->   "call void (...)* @_ssdm_op_SpecInterface(i8* %img_data_stream_1_V, [8 x i8]* @ap_fifo_str, i32 0, i32 0, [1 x i8]* @p_str149, i32 0, i32 0, [1 x i8]* @p_str150, [1 x i8]* @p_str151, [1 x i8]* @p_str152, i32 2, i32 2, i32 16, i32 16, [1 x i8]* @p_str153, [1 x i8]* @p_str154)"   --->   Operation 11 'specinterface' <Predicate = true> <Delay = 0.00>
ST_1 : Operation 12 [1/1] (0.00ns)   --->   "call void (...)* @_ssdm_op_SpecInterface(i8* %img_data_stream_0_V, [8 x i8]* @ap_fifo_str, i32 0, i32 0, [1 x i8]* @p_str142, i32 0, i32 0, [1 x i8]* @p_str143, [1 x i8]* @p_str144, [1 x i8]* @p_str145, i32 2, i32 2, i32 16, i32 16, [1 x i8]* @p_str146, [1 x i8]* @p_str147)"   --->   Operation 12 'specinterface' <Predicate = true> <Delay = 0.00>
ST_1 : Operation 13 [1/1] (0.00ns)   --->   "call void (...)* @_ssdm_op_SpecInterface(i24* %AXI_video_strm_V_data_V, i3* %AXI_video_strm_V_keep_V, i3* %AXI_video_strm_V_strb_V, i1* %AXI_video_strm_V_user_V, i1* %AXI_video_strm_V_last_V, i1* %AXI_video_strm_V_id_V, i1* %AXI_video_strm_V_dest_V, [5 x i8]* @p_str2, i32 1, i32 1, [5 x i8]* @p_str3, i32 0, i32 0, [1 x i8]* @p_str1, [1 x i8]* @p_str1, [1 x i8]* @p_str1, i32 0, i32 0, i32 0, i32 0, [1 x i8]* @p_str1, [1 x i8]* @p_str1) nounwind"   --->   Operation 13 'specinterface' <Predicate = true> <Delay = 0.00>
ST_1 : Operation 14 [1/1] (0.00ns)   --->   "call void (...)* @_ssdm_op_SpecInterface(i24* %AXI_video_strm_V_data_V, i3* %AXI_video_strm_V_keep_V, i3* %AXI_video_strm_V_strb_V, i1* %AXI_video_strm_V_user_V, i1* %AXI_video_strm_V_last_V, i1* %AXI_video_strm_V_id_V, i1* %AXI_video_strm_V_dest_V, [5 x i8]* @p_str2, i32 1, i32 1, [5 x i8]* @p_str3, i32 0, i32 0, [1 x i8]* @p_str1, [1 x i8]* @p_str1, [1 x i8]* @p_str1, i32 0, i32 0, i32 0, i32 0, [1 x i8]* @p_str1, [1 x i8]* @p_str1) nounwind"   --->   Operation 14 'specinterface' <Predicate = true> <Delay = 0.00>
ST_1 : Operation 15 [1/1] (0.00ns)   --->   "call void (...)* @_ssdm_op_SpecInterface(i24* %AXI_video_strm_V_data_V, i3* %AXI_video_strm_V_keep_V, i3* %AXI_video_strm_V_strb_V, i1* %AXI_video_strm_V_user_V, i1* %AXI_video_strm_V_last_V, i1* %AXI_video_strm_V_id_V, i1* %AXI_video_strm_V_dest_V, [5 x i8]* @p_str2, i32 1, i32 1, [5 x i8]* @p_str3, i32 0, i32 0, [1 x i8]* @p_str1, [1 x i8]* @p_str1, [1 x i8]* @p_str1, i32 0, i32 0, i32 0, i32 0, [1 x i8]* @p_str1, [1 x i8]* @p_str1) nounwind"   --->   Operation 15 'specinterface' <Predicate = true> <Delay = 0.00>
ST_1 : Operation 16 [1/1] (0.00ns)   --->   "call void (...)* @_ssdm_op_SpecInterface(i24* %AXI_video_strm_V_data_V, i3* %AXI_video_strm_V_keep_V, i3* %AXI_video_strm_V_strb_V, i1* %AXI_video_strm_V_user_V, i1* %AXI_video_strm_V_last_V, i1* %AXI_video_strm_V_id_V, i1* %AXI_video_strm_V_dest_V, [5 x i8]* @p_str2, i32 1, i32 1, [5 x i8]* @p_str3, i32 0, i32 0, [1 x i8]* @p_str1, [1 x i8]* @p_str1, [1 x i8]* @p_str1, i32 0, i32 0, i32 0, i32 0, [1 x i8]* @p_str1, [1 x i8]* @p_str1) nounwind"   --->   Operation 16 'specinterface' <Predicate = true> <Delay = 0.00>
ST_1 : Operation 17 [1/1] (0.00ns)   --->   "call void (...)* @_ssdm_op_SpecInterface(i24* %AXI_video_strm_V_data_V, i3* %AXI_video_strm_V_keep_V, i3* %AXI_video_strm_V_strb_V, i1* %AXI_video_strm_V_user_V, i1* %AXI_video_strm_V_last_V, i1* %AXI_video_strm_V_id_V, i1* %AXI_video_strm_V_dest_V, [5 x i8]* @p_str2, i32 1, i32 1, [5 x i8]* @p_str3, i32 0, i32 0, [1 x i8]* @p_str1, [1 x i8]* @p_str1, [1 x i8]* @p_str1, i32 0, i32 0, i32 0, i32 0, [1 x i8]* @p_str1, [1 x i8]* @p_str1) nounwind"   --->   Operation 17 'specinterface' <Predicate = true> <Delay = 0.00>
ST_1 : Operation 18 [1/1] (0.00ns)   --->   "call void (...)* @_ssdm_op_SpecInterface(i24* %AXI_video_strm_V_data_V, i3* %AXI_video_strm_V_keep_V, i3* %AXI_video_strm_V_strb_V, i1* %AXI_video_strm_V_user_V, i1* %AXI_video_strm_V_last_V, i1* %AXI_video_strm_V_id_V, i1* %AXI_video_strm_V_dest_V, [5 x i8]* @p_str2, i32 1, i32 1, [5 x i8]* @p_str3, i32 0, i32 0, [1 x i8]* @p_str1, [1 x i8]* @p_str1, [1 x i8]* @p_str1, i32 0, i32 0, i32 0, i32 0, [1 x i8]* @p_str1, [1 x i8]* @p_str1) nounwind"   --->   Operation 18 'specinterface' <Predicate = true> <Delay = 0.00>
ST_1 : Operation 19 [1/1] (0.00ns)   --->   "call void (...)* @_ssdm_op_SpecInterface(i24* %AXI_video_strm_V_data_V, i3* %AXI_video_strm_V_keep_V, i3* %AXI_video_strm_V_strb_V, i1* %AXI_video_strm_V_user_V, i1* %AXI_video_strm_V_last_V, i1* %AXI_video_strm_V_id_V, i1* %AXI_video_strm_V_dest_V, [5 x i8]* @p_str2, i32 1, i32 1, [5 x i8]* @p_str3, i32 0, i32 0, [1 x i8]* @p_str1, [1 x i8]* @p_str1, [1 x i8]* @p_str1, i32 0, i32 0, i32 0, i32 0, [1 x i8]* @p_str1, [1 x i8]* @p_str1) nounwind"   --->   Operation 19 'specinterface' <Predicate = true> <Delay = 0.00>
ST_1 : Operation 20 [1/1] (0.00ns)   --->   "call void (...)* @_ssdm_op_SpecInterface(i12* %img_cols_V, [8 x i8]* @ap_fifo_str, i32 0, i32 0, [1 x i8]* @p_str278, i32 0, i32 0, [1 x i8]* @p_str279, [1 x i8]* @p_str280, [1 x i8]* @p_str281, i32 2, i32 2, i32 16, i32 16, [1 x i8]* @p_str282, [11 x i8]* @ScalarProp_str)"   --->   Operation 20 'specinterface' <Predicate = true> <Delay = 0.00>
ST_1 : Operation 21 [1/1] (0.00ns)   --->   "call void (...)* @_ssdm_op_SpecInterface(i12* %img_rows_V, [8 x i8]* @ap_fifo_str, i32 0, i32 0, [1 x i8]* @p_str273, i32 0, i32 0, [1 x i8]* @p_str274, [1 x i8]* @p_str275, [1 x i8]* @p_str276, i32 2, i32 2, i32 16, i32 16, [1 x i8]* @p_str277, [11 x i8]* @ScalarProp_str)"   --->   Operation 21 'specinterface' <Predicate = true> <Delay = 0.00>
ST_1 : Operation 22 [1/1] (2.91ns)   --->   "%img_rows_V_read = call i12 @_ssdm_op_Read.ap_fifo.i12P(i12* %img_rows_V)"   --->   Operation 22 'read' 'img_rows_V_read' <Predicate = true> <Delay = 2.91> <Core = "FIFO">   --->   Core 32 'FIFO' <Latency = 0> <II = 1> <Delay = 3.40> <Storage> <Opcode : 'read' 'write' 'nbread' 'nbwrite'> <Ports = 0> <Width = 12> <Depth = 2> <FIFO>
ST_1 : Operation 23 [1/1] (2.91ns)   --->   "%img_cols_V_read = call i12 @_ssdm_op_Read.ap_fifo.i12P(i12* %img_cols_V)"   --->   Operation 23 'read' 'img_cols_V_read' <Predicate = true> <Delay = 2.91> <Core = "FIFO">   --->   Core 32 'FIFO' <Latency = 0> <II = 1> <Delay = 3.40> <Storage> <Opcode : 'read' 'write' 'nbread' 'nbwrite'> <Ports = 0> <Width = 12> <Depth = 2> <FIFO>
ST_1 : Operation 24 [1/1] (0.00ns)   --->   "call void (...)* @_ssdm_op_SpecInterface(i12* %img_rows_V_out, [8 x i8]* @ap_fifo_str, i32 0, i32 0, [1 x i8]* @p_str283, i32 0, i32 0, [1 x i8]* @p_str284, [1 x i8]* @p_str285, [1 x i8]* @p_str286, i32 2, i32 2, i32 16, i32 16, [1 x i8]* @p_str287, [11 x i8]* @ScalarProp_str)"   --->   Operation 24 'specinterface' <Predicate = true> <Delay = 0.00>
ST_1 : Operation 25 [1/1] (2.91ns)   --->   "call void @_ssdm_op_Write.ap_fifo.i12P(i12* %img_rows_V_out, i12 %img_rows_V_read)"   --->   Operation 25 'write' <Predicate = true> <Delay = 2.91> <Core = "FIFO">   --->   Core 32 'FIFO' <Latency = 0> <II = 1> <Delay = 3.40> <Storage> <Opcode : 'read' 'write' 'nbread' 'nbwrite'> <Ports = 0> <Width = 12> <Depth = 2> <FIFO>
ST_1 : Operation 26 [1/1] (0.00ns)   --->   "call void (...)* @_ssdm_op_SpecInterface(i12* %img_cols_V_out, [8 x i8]* @ap_fifo_str, i32 0, i32 0, [1 x i8]* @p_str288, i32 0, i32 0, [1 x i8]* @p_str289, [1 x i8]* @p_str290, [1 x i8]* @p_str291, i32 2, i32 2, i32 16, i32 16, [1 x i8]* @p_str292, [11 x i8]* @ScalarProp_str)"   --->   Operation 26 'specinterface' <Predicate = true> <Delay = 0.00>
ST_1 : Operation 27 [1/1] (2.91ns)   --->   "call void @_ssdm_op_Write.ap_fifo.i12P(i12* %img_cols_V_out, i12 %img_cols_V_read)"   --->   Operation 27 'write' <Predicate = true> <Delay = 2.91> <Core = "FIFO">   --->   Core 32 'FIFO' <Latency = 0> <II = 1> <Delay = 3.40> <Storage> <Opcode : 'read' 'write' 'nbread' 'nbwrite'> <Ports = 0> <Width = 12> <Depth = 2> <FIFO>
ST_1 : Operation 28 [1/1] (0.00ns)   --->   "call void (...)* @_ssdm_op_SpecInterface(i24* %AXI_video_strm_V_data_V, i3* %AXI_video_strm_V_keep_V, i3* %AXI_video_strm_V_strb_V, i1* %AXI_video_strm_V_user_V, i1* %AXI_video_strm_V_last_V, i1* %AXI_video_strm_V_id_V, i1* %AXI_video_strm_V_dest_V, [5 x i8]* @p_str2, i32 1, i32 1, [5 x i8]* @p_str3, i32 0, i32 0, [1 x i8]* @p_str1, [1 x i8]* @p_str1, [1 x i8]* @p_str1, i32 0, i32 0, i32 0, i32 0, [1 x i8]* @p_str1, [1 x i8]* @p_str1) nounwind"   --->   Operation 28 'specinterface' <Predicate = true> <Delay = 0.00>
ST_1 : Operation 29 [1/1] (0.00ns)   --->   "%rows_V = sext i12 %img_rows_V_read to i32"   --->   Operation 29 'sext' 'rows_V' <Predicate = true> <Delay = 0.00>
ST_1 : Operation 30 [1/1] (0.00ns)   --->   "%cols_V = sext i12 %img_cols_V_read to i32"   --->   Operation 30 'sext' 'cols_V' <Predicate = true> <Delay = 0.00>
ST_1 : Operation 31 [1/1] (0.00ns)   --->   "br label %._crit_edge1.i" [E:/vivado/Vivado/2018.3/common/technology/autopilot/hls/hls_video_io.h:63]   --->   Operation 31 'br' <Predicate = true> <Delay = 0.00>

State 2 <SV = 1> <Delay = 0.00>
ST_2 : Operation 32 [1/1] (0.00ns)   --->   "call void (...)* @_ssdm_op_SpecLoopName([20 x i8]* @p_str44) nounwind" [E:/vivado/Vivado/2018.3/common/technology/autopilot/hls/hls_video_io.h:65]   --->   Operation 32 'specloopname' <Predicate = true> <Delay = 0.00>
ST_2 : Operation 33 [1/1] (0.00ns)   --->   "%tmp_i = call i32 (...)* @_ssdm_op_SpecRegionBegin([20 x i8]* @p_str44)" [E:/vivado/Vivado/2018.3/common/technology/autopilot/hls/hls_video_io.h:65]   --->   Operation 33 'specregionbegin' 'tmp_i' <Predicate = true> <Delay = 0.00>
ST_2 : Operation 34 [1/1] (0.00ns)   --->   "call void (...)* @_ssdm_op_SpecPipeline(i32 1, i32 1, i32 1, i32 0, [1 x i8]* @p_str1) nounwind" [E:/vivado/Vivado/2018.3/common/technology/autopilot/hls/hls_video_io.h:66]   --->   Operation 34 'specpipeline' <Predicate = true> <Delay = 0.00>
ST_2 : Operation 35 [1/1] (0.00ns)   --->   "call void (...)* @_ssdm_op_SpecLoopTripCount(i32 0, i32 0, i32 0, [1 x i8]* @p_str1) nounwind" [E:/vivado/Vivado/2018.3/common/technology/autopilot/hls/hls_video_io.h:67]   --->   Operation 35 'speclooptripcount' <Predicate = true> <Delay = 0.00>
ST_2 : Operation 36 [1/1] (0.00ns)   --->   "%empty = call { i24, i3, i3, i1, i1, i1, i1 } @_ssdm_op_Read.axis.volatile.i24P.i3P.i3P.i1P.i1P.i1P.i1P(i24* %AXI_video_strm_V_data_V, i3* %AXI_video_strm_V_keep_V, i3* %AXI_video_strm_V_strb_V, i1* %AXI_video_strm_V_user_V, i1* %AXI_video_strm_V_last_V, i1* %AXI_video_strm_V_id_V, i1* %AXI_video_strm_V_dest_V)" [E:/vivado/Vivado/2018.3/common/technology/autopilot/hls/hls_video_io.h:68]   --->   Operation 36 'read' 'empty' <Predicate = true> <Delay = 0.00> <Core = "AXI4Stream">   --->   Core 5 'AXI4Stream' <Latency = 0> <II = 1> <Delay = 1.00> <Adapter> <Opcode : >
ST_2 : Operation 37 [1/1] (0.00ns)   --->   "%tmp_data_V = extractvalue { i24, i3, i3, i1, i1, i1, i1 } %empty, 0" [E:/vivado/Vivado/2018.3/common/technology/autopilot/hls/hls_video_io.h:68]   --->   Operation 37 'extractvalue' 'tmp_data_V' <Predicate = true> <Delay = 0.00>
ST_2 : Operation 38 [1/1] (0.00ns)   --->   "%tmp_user_V = extractvalue { i24, i3, i3, i1, i1, i1, i1 } %empty, 3" [E:/vivado/Vivado/2018.3/common/technology/autopilot/hls/hls_video_io.h:68]   --->   Operation 38 'extractvalue' 'tmp_user_V' <Predicate = true> <Delay = 0.00>
ST_2 : Operation 39 [1/1] (0.00ns)   --->   "%tmp_last_V = extractvalue { i24, i3, i3, i1, i1, i1, i1 } %empty, 4" [E:/vivado/Vivado/2018.3/common/technology/autopilot/hls/hls_video_io.h:68]   --->   Operation 39 'extractvalue' 'tmp_last_V' <Predicate = true> <Delay = 0.00>
ST_2 : Operation 40 [1/1] (0.00ns)   --->   "%empty_104 = call i32 (...)* @_ssdm_op_SpecRegionEnd([20 x i8]* @p_str44, i32 %tmp_i)" [E:/vivado/Vivado/2018.3/common/technology/autopilot/hls/hls_video_io.h:70]   --->   Operation 40 'specregionend' 'empty_104' <Predicate = true> <Delay = 0.00>
ST_2 : Operation 41 [1/1] (0.00ns)   --->   "br i1 %tmp_user_V, label %.preheader232.i.preheader, label %._crit_edge1.i" [E:/vivado/Vivado/2018.3/common/technology/autopilot/hls/hls_video_io.h:65]   --->   Operation 41 'br' <Predicate = true> <Delay = 0.00>

State 3 <SV = 2> <Delay = 0.46>
ST_3 : Operation 42 [1/1] (0.00ns)   --->   "%sof_1_i = alloca i1"   --->   Operation 42 'alloca' 'sof_1_i' <Predicate = true> <Delay = 0.00>
ST_3 : Operation 43 [1/1] (0.46ns)   --->   "store i1 true, i1* %sof_1_i"   --->   Operation 43 'store' <Predicate = true> <Delay = 0.46>
ST_3 : Operation 44 [1/1] (0.46ns)   --->   "br label %.preheader232.i" [E:/vivado/Vivado/2018.3/common/technology/autopilot/hls/hls_video_io.h:71]   --->   Operation 44 'br' <Predicate = true> <Delay = 0.46>

State 4 <SV = 3> <Delay = 2.76>
ST_4 : Operation 45 [1/1] (0.00ns)   --->   "%axi_last_V1_i = phi i1 [ %axi_last_V_3_i, %5 ], [ %tmp_last_V, %.preheader232.i.preheader ]"   --->   Operation 45 'phi' 'axi_last_V1_i' <Predicate = true> <Delay = 0.00>
ST_4 : Operation 46 [1/1] (0.00ns)   --->   "%axi_data_V1_i = phi i24 [ %axi_data_V_3_i, %5 ], [ %tmp_data_V, %.preheader232.i.preheader ]"   --->   Operation 46 'phi' 'axi_data_V1_i' <Predicate = true> <Delay = 0.00>
ST_4 : Operation 47 [1/1] (0.00ns)   --->   "%t_V = phi i32 [ %i_V, %5 ], [ 0, %.preheader232.i.preheader ]"   --->   Operation 47 'phi' 't_V' <Predicate = true> <Delay = 0.00>
ST_4 : Operation 48 [1/1] (1.96ns)   --->   "%exitcond4_i = icmp eq i32 %t_V, %rows_V" [E:/vivado/Vivado/2018.3/common/technology/autopilot/hls/hls_video_io.h:71]   --->   Operation 48 'icmp' 'exitcond4_i' <Predicate = true> <Delay = 1.96> <Core = "Cmp">   --->   Core 25 'Cmp' <Latency = 0> <II = 1> <Delay = 1.96> <FuncUnit> <Opcode : 'icmp'> <InPorts = 2> <OutPorts = 1>
ST_4 : Operation 49 [1/1] (0.00ns)   --->   "call void (...)* @_ssdm_op_SpecLoopTripCount(i64 0, i64 1080, i64 0)"   --->   Operation 49 'speclooptripcount' <Predicate = true> <Delay = 0.00>
ST_4 : Operation 50 [1/1] (1.89ns)   --->   "%i_V = add i32 %t_V, 1" [E:/vivado/Vivado/2018.3/common/technology/autopilot/hls/hls_video_io.h:71]   --->   Operation 50 'add' 'i_V' <Predicate = true> <Delay = 1.89> <Core = "AddSub">   --->   Core 14 'AddSub' <Latency = 0> <II = 1> <Delay = 1.89> <FuncUnit> <Opcode : 'add' 'sub'> <InPorts = 2> <OutPorts = 1>
ST_4 : Operation 51 [1/1] (0.00ns)   --->   "br i1 %exitcond4_i, label %.exit, label %0" [E:/vivado/Vivado/2018.3/common/technology/autopilot/hls/hls_video_io.h:71]   --->   Operation 51 'br' <Predicate = true> <Delay = 0.00>
ST_4 : Operation 52 [1/1] (0.00ns)   --->   "call void (...)* @_ssdm_op_SpecLoopName([12 x i8]* @p_str10) nounwind" [E:/vivado/Vivado/2018.3/common/technology/autopilot/hls/hls_video_io.h:71]   --->   Operation 52 'specloopname' <Predicate = (!exitcond4_i)> <Delay = 0.00>
ST_4 : Operation 53 [1/1] (0.00ns)   --->   "%tmp_82_i = call i32 (...)* @_ssdm_op_SpecRegionBegin([12 x i8]* @p_str10)" [E:/vivado/Vivado/2018.3/common/technology/autopilot/hls/hls_video_io.h:71]   --->   Operation 53 'specregionbegin' 'tmp_82_i' <Predicate = (!exitcond4_i)> <Delay = 0.00>
ST_4 : Operation 54 [1/1] (0.46ns)   --->   "br label %1" [E:/vivado/Vivado/2018.3/common/technology/autopilot/hls/hls_video_io.h:73]   --->   Operation 54 'br' <Predicate = (!exitcond4_i)> <Delay = 0.46>
ST_4 : Operation 55 [1/1] (0.00ns)   --->   "ret void"   --->   Operation 55 'ret' <Predicate = (exitcond4_i)> <Delay = 0.00>

State 5 <SV = 4> <Delay = 2.76>
ST_5 : Operation 56 [1/1] (0.00ns)   --->   "%eol = phi i1 [ %axi_last_V1_i, %0 ], [ %axi_last_V_2_i, %._crit_edge2.i ]" [E:/vivado/Vivado/2018.3/common/technology/autopilot/hls/hls_video_io.h:100]   --->   Operation 56 'phi' 'eol' <Predicate = true> <Delay = 0.00>
ST_5 : Operation 57 [1/1] (0.00ns)   --->   "%axi_data_V_1_i = phi i24 [ %axi_data_V1_i, %0 ], [ %p_Val2_s, %._crit_edge2.i ]"   --->   Operation 57 'phi' 'axi_data_V_1_i' <Predicate = true> <Delay = 0.00>
ST_5 : Operation 58 [1/1] (0.00ns)   --->   "%t_V_6 = phi i32 [ 0, %0 ], [ %j_V, %._crit_edge2.i ]"   --->   Operation 58 'phi' 't_V_6' <Predicate = true> <Delay = 0.00>
ST_5 : Operation 59 [1/1] (0.00ns)   --->   "%eol_i = phi i1 [ false, %0 ], [ %axi_last_V_2_i, %._crit_edge2.i ]" [E:/vivado/Vivado/2018.3/common/technology/autopilot/hls/hls_video_io.h:81]   --->   Operation 59 'phi' 'eol_i' <Predicate = true> <Delay = 0.00>
ST_5 : Operation 60 [1/1] (1.96ns)   --->   "%exitcond_i = icmp eq i32 %t_V_6, %cols_V" [E:/vivado/Vivado/2018.3/common/technology/autopilot/hls/hls_video_io.h:73]   --->   Operation 60 'icmp' 'exitcond_i' <Predicate = true> <Delay = 1.96> <Core = "Cmp">   --->   Core 25 'Cmp' <Latency = 0> <II = 1> <Delay = 1.96> <FuncUnit> <Opcode : 'icmp'> <InPorts = 2> <OutPorts = 1>
ST_5 : Operation 61 [1/1] (0.00ns)   --->   "call void (...)* @_ssdm_op_SpecLoopTripCount(i64 0, i64 1920, i64 0)"   --->   Operation 61 'speclooptripcount' <Predicate = true> <Delay = 0.00>
ST_5 : Operation 62 [1/1] (1.89ns)   --->   "%j_V = add i32 %t_V_6, 1" [E:/vivado/Vivado/2018.3/common/technology/autopilot/hls/hls_video_io.h:73]   --->   Operation 62 'add' 'j_V' <Predicate = true> <Delay = 1.89> <Core = "AddSub">   --->   Core 14 'AddSub' <Latency = 0> <II = 1> <Delay = 1.89> <FuncUnit> <Opcode : 'add' 'sub'> <InPorts = 2> <OutPorts = 1>
ST_5 : Operation 63 [1/1] (0.00ns)   --->   "br i1 %exitcond_i, label %.preheader.i.preheader, label %2" [E:/vivado/Vivado/2018.3/common/technology/autopilot/hls/hls_video_io.h:73]   --->   Operation 63 'br' <Predicate = true> <Delay = 0.00>
ST_5 : Operation 64 [1/1] (0.00ns)   --->   "%sof_1_i_load = load i1* %sof_1_i" [E:/vivado/Vivado/2018.3/common/technology/autopilot/hls/hls_video_io.h:76]   --->   Operation 64 'load' 'sof_1_i_load' <Predicate = (!exitcond_i)> <Delay = 0.00>
ST_5 : Operation 65 [1/1] (0.80ns)   --->   "%brmerge_i = or i1 %sof_1_i_load, %eol_i" [E:/vivado/Vivado/2018.3/common/technology/autopilot/hls/hls_video_io.h:76]   --->   Operation 65 'or' 'brmerge_i' <Predicate = (!exitcond_i)> <Delay = 0.80> <Core = "LogicGate">   --->   Core 27 'LogicGate' <Latency = 0> <II = 1> <Delay = 0.80> <FuncUnit> <Opcode : 'and' 'or' 'xor'> <InPorts = 2> <OutPorts = 1>
ST_5 : Operation 66 [1/1] (0.46ns)   --->   "br i1 %brmerge_i, label %._crit_edge2.i, label %3" [E:/vivado/Vivado/2018.3/common/technology/autopilot/hls/hls_video_io.h:76]   --->   Operation 66 'br' <Predicate = (!exitcond_i)> <Delay = 0.46>
ST_5 : Operation 67 [1/1] (0.00ns)   --->   "%empty_105 = call { i24, i3, i3, i1, i1, i1, i1 } @_ssdm_op_Read.axis.volatile.i24P.i3P.i3P.i1P.i1P.i1P.i1P(i24* %AXI_video_strm_V_data_V, i3* %AXI_video_strm_V_keep_V, i3* %AXI_video_strm_V_strb_V, i1* %AXI_video_strm_V_user_V, i1* %AXI_video_strm_V_last_V, i1* %AXI_video_strm_V_id_V, i1* %AXI_video_strm_V_dest_V)" [E:/vivado/Vivado/2018.3/common/technology/autopilot/hls/hls_video_io.h:81]   --->   Operation 67 'read' 'empty_105' <Predicate = (!exitcond_i & !brmerge_i)> <Delay = 0.00> <Core = "AXI4Stream">   --->   Core 5 'AXI4Stream' <Latency = 0> <II = 1> <Delay = 1.00> <Adapter> <Opcode : >
ST_5 : Operation 68 [1/1] (0.00ns)   --->   "%tmp_data_V_1 = extractvalue { i24, i3, i3, i1, i1, i1, i1 } %empty_105, 0" [E:/vivado/Vivado/2018.3/common/technology/autopilot/hls/hls_video_io.h:81]   --->   Operation 68 'extractvalue' 'tmp_data_V_1' <Predicate = (!exitcond_i & !brmerge_i)> <Delay = 0.00>
ST_5 : Operation 69 [1/1] (0.00ns)   --->   "%tmp_last_V_1 = extractvalue { i24, i3, i3, i1, i1, i1, i1 } %empty_105, 4" [E:/vivado/Vivado/2018.3/common/technology/autopilot/hls/hls_video_io.h:81]   --->   Operation 69 'extractvalue' 'tmp_last_V_1' <Predicate = (!exitcond_i & !brmerge_i)> <Delay = 0.00>
ST_5 : Operation 70 [1/1] (0.46ns)   --->   "br label %._crit_edge2.i"   --->   Operation 70 'br' <Predicate = (!exitcond_i & !brmerge_i)> <Delay = 0.46>
ST_5 : Operation 71 [1/1] (0.00ns)   --->   "%axi_last_V_2_i = phi i1 [ %tmp_last_V_1, %3 ], [ %eol, %2 ]"   --->   Operation 71 'phi' 'axi_last_V_2_i' <Predicate = (!exitcond_i)> <Delay = 0.00>
ST_5 : Operation 72 [1/1] (0.00ns)   --->   "%p_Val2_s = phi i24 [ %tmp_data_V_1, %3 ], [ %axi_data_V_1_i, %2 ]"   --->   Operation 72 'phi' 'p_Val2_s' <Predicate = (!exitcond_i)> <Delay = 0.00>
ST_5 : Operation 73 [1/1] (0.00ns)   --->   "%tmp = trunc i24 %p_Val2_s to i8" [E:/vivado/Vivado/2018.3/common/technology/autopilot/hls/hls_axi_io.h:49->E:/vivado/Vivado/2018.3/common/technology/autopilot/hls/hls_axi_io.h:71->E:/vivado/Vivado/2018.3/common/technology/autopilot/hls/hls_video_io.h:92]   --->   Operation 73 'trunc' 'tmp' <Predicate = (!exitcond_i)> <Delay = 0.00>
ST_5 : Operation 74 [1/1] (0.00ns)   --->   "%tmp_27 = call i8 @_ssdm_op_PartSelect.i8.i24.i32.i32(i24 %p_Val2_s, i32 8, i32 15)" [E:/vivado/Vivado/2018.3/common/technology/autopilot/hls/hls_axi_io.h:49->E:/vivado/Vivado/2018.3/common/technology/autopilot/hls/hls_axi_io.h:71->E:/vivado/Vivado/2018.3/common/technology/autopilot/hls/hls_video_io.h:92]   --->   Operation 74 'partselect' 'tmp_27' <Predicate = (!exitcond_i)> <Delay = 0.00>
ST_5 : Operation 75 [1/1] (0.00ns)   --->   "%tmp_28 = call i8 @_ssdm_op_PartSelect.i8.i24.i32.i32(i24 %p_Val2_s, i32 16, i32 23)" [E:/vivado/Vivado/2018.3/common/technology/autopilot/hls/hls_axi_io.h:49->E:/vivado/Vivado/2018.3/common/technology/autopilot/hls/hls_axi_io.h:71->E:/vivado/Vivado/2018.3/common/technology/autopilot/hls/hls_video_io.h:92]   --->   Operation 75 'partselect' 'tmp_28' <Predicate = (!exitcond_i)> <Delay = 0.00>
ST_5 : Operation 76 [1/1] (0.46ns)   --->   "store i1 false, i1* %sof_1_i"   --->   Operation 76 'store' <Predicate = (!exitcond_i)> <Delay = 0.46>

State 6 <SV = 5> <Delay = 2.91>
ST_6 : Operation 77 [1/1] (0.00ns)   --->   "call void (...)* @_ssdm_op_SpecLoopName([11 x i8]* @p_str11) nounwind" [E:/vivado/Vivado/2018.3/common/technology/autopilot/hls/hls_video_io.h:73]   --->   Operation 77 'specloopname' <Predicate = (!exitcond_i)> <Delay = 0.00>
ST_6 : Operation 78 [1/1] (0.00ns)   --->   "%tmp_83_i = call i32 (...)* @_ssdm_op_SpecRegionBegin([11 x i8]* @p_str11)" [E:/vivado/Vivado/2018.3/common/technology/autopilot/hls/hls_video_io.h:73]   --->   Operation 78 'specregionbegin' 'tmp_83_i' <Predicate = (!exitcond_i)> <Delay = 0.00>
ST_6 : Operation 79 [1/1] (0.00ns)   --->   "call void (...)* @_ssdm_op_SpecPipeline(i32 1, i32 1, i32 1, i32 0, [1 x i8]* @p_str1) nounwind" [E:/vivado/Vivado/2018.3/common/technology/autopilot/hls/hls_video_io.h:75]   --->   Operation 79 'specpipeline' <Predicate = (!exitcond_i)> <Delay = 0.00>
ST_6 : Operation 80 [1/1] (0.00ns)   --->   "%tmp_85_i = call i32 (...)* @_ssdm_op_SpecRegionBegin([12 x i8]* @p_str19)" [E:/vivado/Vivado/2018.3/common/technology/autopilot/hls/hls_video_core.h:696->E:/vivado/Vivado/2018.3/common/technology/autopilot/hls/hls_video_core.h:717->E:/vivado/Vivado/2018.3/common/technology/autopilot/hls/hls_video_io.h:94]   --->   Operation 80 'specregionbegin' 'tmp_85_i' <Predicate = (!exitcond_i)> <Delay = 0.00>
ST_6 : Operation 81 [1/1] (0.00ns)   --->   "call void (...)* @_ssdm_op_SpecProtocol(i32 0, [1 x i8]* @p_str1) nounwind" [E:/vivado/Vivado/2018.3/common/technology/autopilot/hls/hls_video_core.h:700->E:/vivado/Vivado/2018.3/common/technology/autopilot/hls/hls_video_core.h:717->E:/vivado/Vivado/2018.3/common/technology/autopilot/hls/hls_video_io.h:94]   --->   Operation 81 'specprotocol' <Predicate = (!exitcond_i)> <Delay = 0.00>
ST_6 : Operation 82 [1/1] (2.91ns)   --->   "call void @_ssdm_op_Write.ap_fifo.volatile.i8P(i8* %img_data_stream_0_V, i8 %tmp)" [E:/vivado/Vivado/2018.3/common/technology/autopilot/hls/hls_video_core.h:703->E:/vivado/Vivado/2018.3/common/technology/autopilot/hls/hls_video_core.h:717->E:/vivado/Vivado/2018.3/common/technology/autopilot/hls/hls_video_io.h:94]   --->   Operation 82 'write' <Predicate = (!exitcond_i)> <Delay = 2.91> <Core = "FIFO">   --->   Core 32 'FIFO' <Latency = 0> <II = 1> <Delay = 3.40> <Storage> <Opcode : 'read' 'write' 'nbread' 'nbwrite'> <Ports = 0> <Width = 12> <Depth = 2> <FIFO>
ST_6 : Operation 83 [1/1] (2.91ns)   --->   "call void @_ssdm_op_Write.ap_fifo.volatile.i8P(i8* %img_data_stream_1_V, i8 %tmp_27)" [E:/vivado/Vivado/2018.3/common/technology/autopilot/hls/hls_video_core.h:703->E:/vivado/Vivado/2018.3/common/technology/autopilot/hls/hls_video_core.h:717->E:/vivado/Vivado/2018.3/common/technology/autopilot/hls/hls_video_io.h:94]   --->   Operation 83 'write' <Predicate = (!exitcond_i)> <Delay = 2.91> <Core = "FIFO">   --->   Core 32 'FIFO' <Latency = 0> <II = 1> <Delay = 3.40> <Storage> <Opcode : 'read' 'write' 'nbread' 'nbwrite'> <Ports = 0> <Width = 12> <Depth = 2> <FIFO>
ST_6 : Operation 84 [1/1] (2.91ns)   --->   "call void @_ssdm_op_Write.ap_fifo.volatile.i8P(i8* %img_data_stream_2_V, i8 %tmp_28)" [E:/vivado/Vivado/2018.3/common/technology/autopilot/hls/hls_video_core.h:703->E:/vivado/Vivado/2018.3/common/technology/autopilot/hls/hls_video_core.h:717->E:/vivado/Vivado/2018.3/common/technology/autopilot/hls/hls_video_io.h:94]   --->   Operation 84 'write' <Predicate = (!exitcond_i)> <Delay = 2.91> <Core = "FIFO">   --->   Core 32 'FIFO' <Latency = 0> <II = 1> <Delay = 3.40> <Storage> <Opcode : 'read' 'write' 'nbread' 'nbwrite'> <Ports = 0> <Width = 12> <Depth = 2> <FIFO>
ST_6 : Operation 85 [1/1] (0.00ns)   --->   "%empty_106 = call i32 (...)* @_ssdm_op_SpecRegionEnd([12 x i8]* @p_str19, i32 %tmp_85_i)" [E:/vivado/Vivado/2018.3/common/technology/autopilot/hls/hls_video_core.h:705->E:/vivado/Vivado/2018.3/common/technology/autopilot/hls/hls_video_core.h:717->E:/vivado/Vivado/2018.3/common/technology/autopilot/hls/hls_video_io.h:94]   --->   Operation 85 'specregionend' 'empty_106' <Predicate = (!exitcond_i)> <Delay = 0.00>
ST_6 : Operation 86 [1/1] (0.00ns)   --->   "%empty_107 = call i32 (...)* @_ssdm_op_SpecRegionEnd([11 x i8]* @p_str11, i32 %tmp_83_i)" [E:/vivado/Vivado/2018.3/common/technology/autopilot/hls/hls_video_io.h:95]   --->   Operation 86 'specregionend' 'empty_107' <Predicate = (!exitcond_i)> <Delay = 0.00>
ST_6 : Operation 87 [1/1] (0.00ns)   --->   "br label %1" [E:/vivado/Vivado/2018.3/common/technology/autopilot/hls/hls_video_io.h:73]   --->   Operation 87 'br' <Predicate = (!exitcond_i)> <Delay = 0.00>

State 7 <SV = 5> <Delay = 0.46>
ST_7 : Operation 88 [1/1] (0.46ns)   --->   "br label %.preheader.i" [E:/vivado/Vivado/2018.3/common/technology/autopilot/hls/hls_video_io.h:96]   --->   Operation 88 'br' <Predicate = true> <Delay = 0.46>

State 8 <SV = 6> <Delay = 0.00>
ST_8 : Operation 89 [1/1] (0.00ns)   --->   "%axi_last_V_3_i = phi i1 [ %tmp_last_V_2, %4 ], [ %eol, %.preheader.i.preheader ]"   --->   Operation 89 'phi' 'axi_last_V_3_i' <Predicate = true> <Delay = 0.00>
ST_8 : Operation 90 [1/1] (0.00ns)   --->   "%axi_data_V_3_i = phi i24 [ %tmp_data_V_2, %4 ], [ %axi_data_V_1_i, %.preheader.i.preheader ]"   --->   Operation 90 'phi' 'axi_data_V_3_i' <Predicate = true> <Delay = 0.00>
ST_8 : Operation 91 [1/1] (0.00ns)   --->   "%eol_2_i = phi i1 [ %tmp_last_V_2, %4 ], [ %eol_i, %.preheader.i.preheader ]"   --->   Operation 91 'phi' 'eol_2_i' <Predicate = true> <Delay = 0.00>
ST_8 : Operation 92 [1/1] (0.00ns)   --->   "br i1 %eol_2_i, label %5, label %4" [E:/vivado/Vivado/2018.3/common/technology/autopilot/hls/hls_video_io.h:96]   --->   Operation 92 'br' <Predicate = true> <Delay = 0.00>
ST_8 : Operation 93 [1/1] (0.00ns)   --->   "call void (...)* @_ssdm_op_SpecLoopName([18 x i8]* @p_str45) nounwind" [E:/vivado/Vivado/2018.3/common/technology/autopilot/hls/hls_video_io.h:96]   --->   Operation 93 'specloopname' <Predicate = (!eol_2_i)> <Delay = 0.00>
ST_8 : Operation 94 [1/1] (0.00ns)   --->   "%tmp_84_i = call i32 (...)* @_ssdm_op_SpecRegionBegin([18 x i8]* @p_str45)" [E:/vivado/Vivado/2018.3/common/technology/autopilot/hls/hls_video_io.h:96]   --->   Operation 94 'specregionbegin' 'tmp_84_i' <Predicate = (!eol_2_i)> <Delay = 0.00>
ST_8 : Operation 95 [1/1] (0.00ns)   --->   "call void (...)* @_ssdm_op_SpecPipeline(i32 1, i32 1, i32 1, i32 0, [1 x i8]* @p_str1) nounwind" [E:/vivado/Vivado/2018.3/common/technology/autopilot/hls/hls_video_io.h:97]   --->   Operation 95 'specpipeline' <Predicate = (!eol_2_i)> <Delay = 0.00>
ST_8 : Operation 96 [1/1] (0.00ns)   --->   "call void (...)* @_ssdm_op_SpecLoopTripCount(i32 0, i32 0, i32 0, [1 x i8]* @p_str1) nounwind" [E:/vivado/Vivado/2018.3/common/technology/autopilot/hls/hls_video_io.h:98]   --->   Operation 96 'speclooptripcount' <Predicate = (!eol_2_i)> <Delay = 0.00>
ST_8 : Operation 97 [1/1] (0.00ns)   --->   "%empty_108 = call { i24, i3, i3, i1, i1, i1, i1 } @_ssdm_op_Read.axis.volatile.i24P.i3P.i3P.i1P.i1P.i1P.i1P(i24* %AXI_video_strm_V_data_V, i3* %AXI_video_strm_V_keep_V, i3* %AXI_video_strm_V_strb_V, i1* %AXI_video_strm_V_user_V, i1* %AXI_video_strm_V_last_V, i1* %AXI_video_strm_V_id_V, i1* %AXI_video_strm_V_dest_V)" [E:/vivado/Vivado/2018.3/common/technology/autopilot/hls/hls_video_io.h:100]   --->   Operation 97 'read' 'empty_108' <Predicate = (!eol_2_i)> <Delay = 0.00> <Core = "AXI4Stream">   --->   Core 5 'AXI4Stream' <Latency = 0> <II = 1> <Delay = 1.00> <Adapter> <Opcode : >
ST_8 : Operation 98 [1/1] (0.00ns)   --->   "%tmp_data_V_2 = extractvalue { i24, i3, i3, i1, i1, i1, i1 } %empty_108, 0" [E:/vivado/Vivado/2018.3/common/technology/autopilot/hls/hls_video_io.h:100]   --->   Operation 98 'extractvalue' 'tmp_data_V_2' <Predicate = (!eol_2_i)> <Delay = 0.00>
ST_8 : Operation 99 [1/1] (0.00ns)   --->   "%tmp_last_V_2 = extractvalue { i24, i3, i3, i1, i1, i1, i1 } %empty_108, 4" [E:/vivado/Vivado/2018.3/common/technology/autopilot/hls/hls_video_io.h:100]   --->   Operation 99 'extractvalue' 'tmp_last_V_2' <Predicate = (!eol_2_i)> <Delay = 0.00>
ST_8 : Operation 100 [1/1] (0.00ns)   --->   "%empty_109 = call i32 (...)* @_ssdm_op_SpecRegionEnd([18 x i8]* @p_str45, i32 %tmp_84_i)" [E:/vivado/Vivado/2018.3/common/technology/autopilot/hls/hls_video_io.h:103]   --->   Operation 100 'specregionend' 'empty_109' <Predicate = (!eol_2_i)> <Delay = 0.00>
ST_8 : Operation 101 [1/1] (0.00ns)   --->   "br label %.preheader.i" [E:/vivado/Vivado/2018.3/common/technology/autopilot/hls/hls_video_io.h:103]   --->   Operation 101 'br' <Predicate = (!eol_2_i)> <Delay = 0.00>

State 9 <SV = 7> <Delay = 0.00>
ST_9 : Operation 102 [1/1] (0.00ns)   --->   "%empty_110 = call i32 (...)* @_ssdm_op_SpecRegionEnd([12 x i8]* @p_str10, i32 %tmp_82_i)" [E:/vivado/Vivado/2018.3/common/technology/autopilot/hls/hls_video_io.h:104]   --->   Operation 102 'specregionend' 'empty_110' <Predicate = true> <Delay = 0.00>
ST_9 : Operation 103 [1/1] (0.00ns)   --->   "br label %.preheader232.i" [E:/vivado/Vivado/2018.3/common/technology/autopilot/hls/hls_video_io.h:71]   --->   Operation 103 'br' <Predicate = true> <Delay = 0.00>


============================================================
+ Verbose Summary: Timing violations
============================================================
Target clock period: 6.67ns, clock uncertainty: 0.833ns.

 <State 1>: 5.83ns
The critical path consists of the following:
	fifo read on port 'img_rows_V' [27]  (2.92 ns)
	fifo write on port 'img_rows_V_out' [30]  (2.92 ns)

 <State 2>: 0ns
The critical path consists of the following:

 <State 3>: 0.466ns
The critical path consists of the following:
	'alloca' operation ('sof_1_i') [49]  (0 ns)
	'store' operation of constant 1 on local variable 'sof_1_i' [50]  (0.466 ns)

 <State 4>: 2.77ns
The critical path consists of the following:
	'icmp' operation ('exitcond4_i', E:/vivado/Vivado/2018.3/common/technology/autopilot/hls/hls_video_io.h:71) [56]  (1.97 ns)
	blocking operation 0.8 ns on control path)

 <State 5>: 2.77ns
The critical path consists of the following:
	'icmp' operation ('exitcond_i', E:/vivado/Vivado/2018.3/common/technology/autopilot/hls/hls_video_io.h:73) [69]  (1.97 ns)
	blocking operation 0.8 ns on control path)

 <State 6>: 2.92ns
The critical path consists of the following:
	fifo write on port 'img_data_stream_0_V' (E:/vivado/Vivado/2018.3/common/technology/autopilot/hls/hls_video_core.h:703->E:/vivado/Vivado/2018.3/common/technology/autopilot/hls/hls_video_core.h:717->E:/vivado/Vivado/2018.3/common/technology/autopilot/hls/hls_video_io.h:94) [93]  (2.92 ns)

 <State 7>: 0.466ns
The critical path consists of the following:
	multiplexor before 'phi' operation ('axi.last.V') with incoming values : ('tmp.last.V', E:/vivado/Vivado/2018.3/common/technology/autopilot/hls/hls_video_io.h:68) ('tmp.last.V', E:/vivado/Vivado/2018.3/common/technology/autopilot/hls/hls_video_io.h:81) ('tmp.last.V', E:/vivado/Vivado/2018.3/common/technology/autopilot/hls/hls_video_io.h:100) [103]  (0.466 ns)

 <State 8>: 0ns
The critical path consists of the following:

 <State 9>: 0ns
The critical path consists of the following:


============================================================
+ Verbose Summary: Binding
============================================================
N/A
* FSMD analyzer results:
  - Output states:
 - Input state : 
  - Chain level:
	State 1
	State 2
	State 3
	State 4
	State 5
	State 6
	State 7
	State 8
	State 9


============================================================
+ Verbose Summary: Datapath Resource usage 
============================================================
N/A
