

================================================================
== Vivado HLS Report for 'Block_proc232'
================================================================
* Date:           Fri Jul 12 17:42:31 2019

* Version:        2018.3 (Build 2405991 on Thu Dec 06 23:56:15 MST 2018)
* Project:        edge_detector
* Solution:       solution1
* Product family: zynq
* Target device:  xc7z015clg485-2


================================================================
== Performance Estimates
================================================================
+ Timing (ns): 
    * Summary: 
    +--------+-------+----------+------------+
    |  Clock | Target| Estimated| Uncertainty|
    +--------+-------+----------+------------+
    |ap_clk  |   6.67|     2.916|        0.83|
    +--------+-------+----------+------------+

+ Latency (clock cycles): 
    * Summary: 
    +-----+-----+-----+-----+---------+
    |  Latency  |  Interval | Pipeline|
    | min | max | min | max |   Type  |
    +-----+-----+-----+-----+---------+
    |    0|    0|    0|    0|   none  |
    +-----+-----+-----+-----+---------+

    + Detail: 
        * Instance: 
        N/A

        * Loop: 
        N/A

============================================================
+ Verbose Summary: Synthesis Manager
============================================================
InlineROM: 1
ExposeGlobal: 0
============================================================
+ Verbose Summary: CDFG Model
============================================================
IsTopModel: 0
ResetActiveHigh: 1
IsCombinational: 2
IsDatapathOnly: 0
HasWiredReturn: 1
HasMFsm: 0
HasVarLatency: 0
IsPipeline: 0
IsRtlPipelined: 0
IsInstanceOverlapped: 0
IsDontTouch: 0
HasImplIP: 0
IsGatedGlobalClock: 0


============================================================
+ Verbose Summary: Schedule
============================================================
* Number of FSM states : 1
* Pipeline : 0
* Dataflow Pipeline: 0

* FSM state transitions: 
1 --> 

* FSM state operations: 

State 1 <SV = 0> <Delay = 2.91>
ST_1 : Operation 2 [1/1] (0.00ns)   --->   "call void (...)* @_ssdm_op_SpecInterface(i12* %srcImg_cols_V_out, [8 x i8]* @ap_fifo_str, i32 0, i32 0, [1 x i8]* @p_str240, i32 0, i32 0, [1 x i8]* @p_str241, [1 x i8]* @p_str242, [1 x i8]* @p_str243, i32 2, i32 2, i32 16, i32 16, [1 x i8]* @p_str244, [1 x i8]* @p_str245)"   --->   Operation 2 'specinterface' <Predicate = true> <Delay = 0.00>
ST_1 : Operation 3 [1/1] (0.00ns)   --->   "call void (...)* @_ssdm_op_SpecInterface(i12* %srcImg_rows_V_out, [8 x i8]* @ap_fifo_str, i32 0, i32 0, [1 x i8]* @p_str234, i32 0, i32 0, [1 x i8]* @p_str235, [1 x i8]* @p_str236, [1 x i8]* @p_str237, i32 2, i32 2, i32 16, i32 16, [1 x i8]* @p_str238, [1 x i8]* @p_str239)"   --->   Operation 3 'specinterface' <Predicate = true> <Delay = 0.00>
ST_1 : Operation 4 [1/1] (0.00ns)   --->   "call void (...)* @_ssdm_op_SpecInterface(i8* %threshold_out, [8 x i8]* @ap_fifo_str, i32 0, i32 0, [1 x i8]* @p_str246, i32 0, i32 0, [1 x i8]* @p_str247, [1 x i8]* @p_str248, [1 x i8]* @p_str249, i32 2, i32 2, i32 16, i32 16, [1 x i8]* @p_str250, [11 x i8]* @ScalarProp_str)"   --->   Operation 4 'specinterface' <Predicate = true> <Delay = 0.00>
ST_1 : Operation 5 [1/1] (0.00ns)   --->   "%threshold_read = call i8 @_ssdm_op_Read.ap_auto.i8(i8 %threshold)"   --->   Operation 5 'read' 'threshold_read' <Predicate = true> <Delay = 0.00>
ST_1 : Operation 6 [1/1] (2.91ns)   --->   "call void @_ssdm_op_Write.ap_fifo.i8P(i8* %threshold_out, i8 %threshold_read)"   --->   Operation 6 'write' <Predicate = true> <Delay = 2.91> <Core = "FIFO">   --->   Core 32 'FIFO' <Latency = 0> <II = 1> <Delay = 3.40> <Storage> <Opcode : 'read' 'write' 'nbread' 'nbwrite'> <Ports = 0> <Width = 12> <Depth = 2> <FIFO>
ST_1 : Operation 7 [1/1] (2.91ns)   --->   "call void @_ssdm_op_Write.ap_fifo.i12P(i12* %srcImg_rows_V_out, i12 1080)" [E:/vivado/Vivado/2018.3/common/technology/autopilot/hls/hls_video_core.h:656->E:/vivado/Vivado/2018.3/common/technology/autopilot/hls/hls_video_core.h:636->E:/vivado/Vivado/2018.3/common/technology/autopilot/hls/hls_video_core.h:637->edge_detector/edge_detector.cpp:63]   --->   Operation 7 'write' <Predicate = true> <Delay = 2.91> <Core = "FIFO">   --->   Core 32 'FIFO' <Latency = 0> <II = 1> <Delay = 3.40> <Storage> <Opcode : 'read' 'write' 'nbread' 'nbwrite'> <Ports = 0> <Width = 12> <Depth = 2> <FIFO>
ST_1 : Operation 8 [1/1] (2.91ns)   --->   "call void @_ssdm_op_Write.ap_fifo.i12P(i12* %srcImg_cols_V_out, i12 1920)" [E:/vivado/Vivado/2018.3/common/technology/autopilot/hls/hls_video_core.h:657->E:/vivado/Vivado/2018.3/common/technology/autopilot/hls/hls_video_core.h:636->E:/vivado/Vivado/2018.3/common/technology/autopilot/hls/hls_video_core.h:637->edge_detector/edge_detector.cpp:63]   --->   Operation 8 'write' <Predicate = true> <Delay = 2.91> <Core = "FIFO">   --->   Core 32 'FIFO' <Latency = 0> <II = 1> <Delay = 3.40> <Storage> <Opcode : 'read' 'write' 'nbread' 'nbwrite'> <Ports = 0> <Width = 12> <Depth = 2> <FIFO>
ST_1 : Operation 9 [1/1] (0.00ns)   --->   "ret void"   --->   Operation 9 'ret' <Predicate = true> <Delay = 0.00>


============================================================
+ Verbose Summary: Timing violations
============================================================
Target clock period: 6.67ns, clock uncertainty: 0.833ns.

 <State 1>: 2.92ns
The critical path consists of the following:
	wire read on port 'threshold' [8]  (0 ns)
	fifo write on port 'threshold_out' [9]  (2.92 ns)


============================================================
+ Verbose Summary: Binding
============================================================
N/A
* FSMD analyzer results:
  - Output states:
 - Input state : 
  - Chain level:
	State 1


============================================================
+ Verbose Summary: Datapath Resource usage 
============================================================
N/A
