

================================================================
== Vivado HLS Report for 'CvtColor'
================================================================
* Date:           Fri Jul 12 17:42:33 2019

* Version:        2018.3 (Build 2405991 on Thu Dec 06 23:56:15 MST 2018)
* Project:        edge_detector
* Solution:       solution1
* Product family: zynq
* Target device:  xc7z015clg485-2


================================================================
== Performance Estimates
================================================================
+ Timing (ns): 
    * Summary: 
    +--------+-------+----------+------------+
    |  Clock | Target| Estimated| Uncertainty|
    +--------+-------+----------+------------+
    |ap_clk  |   6.67|     7.656|        0.83|
    +--------+-------+----------+------------+

+ Latency (clock cycles): 
    * Summary: 
    +-----+---------+-----+---------+---------+
    |    Latency    |    Interval   | Pipeline|
    | min |   max   | min |   max   |   Type  |
    +-----+---------+-----+---------+---------+
    |    1|  2081161|    1|  2081161|   none  |
    +-----+---------+-----+---------+---------+

    + Detail: 
        * Instance: 
        N/A

        * Loop: 
        +---------------+-----+---------+----------+-----------+-----------+----------+----------+
        |               |    Latency    | Iteration|  Initiation Interval  |   Trip   |          |
        |   Loop Name   | min |   max   |  Latency |  achieved |   target  |   Count  | Pipelined|
        +---------------+-----+---------+----------+-----------+-----------+----------+----------+
        |- loop_height  |    0|  2081160| 3 ~ 1927 |          -|          -| 0 ~ 1080 |    no    |
        | + loop_width  |    0|     1924|         6|          1|          1| 0 ~ 1920 |    yes   |
        +---------------+-----+---------+----------+-----------+-----------+----------+----------+

============================================================
+ Verbose Summary: Synthesis Manager
============================================================
InlineROM: 1
ExposeGlobal: 0
============================================================
+ Verbose Summary: CDFG Model
============================================================
IsTopModel: 0
ResetActiveHigh: 1
IsCombinational: 2
IsDatapathOnly: 0
HasWiredReturn: 1
HasMFsm: 0
HasVarLatency: 1
IsPipeline: 0
IsRtlPipelined: 0
IsInstanceOverlapped: 0
IsDontTouch: 0
HasImplIP: 0
IsGatedGlobalClock: 0

+ Individual pipeline summary: 
  * Pipeline-0: initiation interval (II) = 1, depth = 6


============================================================
+ Verbose Summary: Schedule
============================================================
* Number of FSM states : 9
* Pipeline : 1
  Pipeline-0 : II = 1, D = 6, States = { 3 4 5 6 7 8 }
* Dataflow Pipeline: 0

* FSM state transitions: 
1 --> 
	2  / true
2 --> 
	3  / (tmp_i)
3 --> 
	9  / (!tmp_52_i)
	4  / (tmp_52_i)
4 --> 
	5  / true
5 --> 
	6  / true
6 --> 
	7  / true
7 --> 
	8  / true
8 --> 
	3  / true
9 --> 
	2  / true

* FSM state operations: 

State 1 <SV = 0> <Delay = 2.91>
ST_1 : Operation 10 [1/1] (0.00ns)   --->   "call void (...)* @_ssdm_op_SpecInterface(i8* %p_dst_data_stream_V, [8 x i8]* @ap_fifo_str, i32 0, i32 0, [1 x i8]* @p_str184, i32 0, i32 0, [1 x i8]* @p_str185, [1 x i8]* @p_str186, [1 x i8]* @p_str187, i32 2, i32 2, i32 16, i32 16, [1 x i8]* @p_str188, [1 x i8]* @p_str189)"   --->   Operation 10 'specinterface' <Predicate = true> <Delay = 0.00>
ST_1 : Operation 11 [1/1] (0.00ns)   --->   "call void (...)* @_ssdm_op_SpecInterface(i8* %p_src_data_stream_2_V, [8 x i8]* @ap_fifo_str, i32 0, i32 0, [1 x i8]* @p_str156, i32 0, i32 0, [1 x i8]* @p_str157, [1 x i8]* @p_str158, [1 x i8]* @p_str159, i32 2, i32 2, i32 16, i32 16, [1 x i8]* @p_str160, [1 x i8]* @p_str161)"   --->   Operation 11 'specinterface' <Predicate = true> <Delay = 0.00>
ST_1 : Operation 12 [1/1] (0.00ns)   --->   "call void (...)* @_ssdm_op_SpecInterface(i8* %p_src_data_stream_1_V, [8 x i8]* @ap_fifo_str, i32 0, i32 0, [1 x i8]* @p_str149, i32 0, i32 0, [1 x i8]* @p_str150, [1 x i8]* @p_str151, [1 x i8]* @p_str152, i32 2, i32 2, i32 16, i32 16, [1 x i8]* @p_str153, [1 x i8]* @p_str154)"   --->   Operation 12 'specinterface' <Predicate = true> <Delay = 0.00>
ST_1 : Operation 13 [1/1] (0.00ns)   --->   "call void (...)* @_ssdm_op_SpecInterface(i8* %p_src_data_stream_0_V, [8 x i8]* @ap_fifo_str, i32 0, i32 0, [1 x i8]* @p_str142, i32 0, i32 0, [1 x i8]* @p_str143, [1 x i8]* @p_str144, [1 x i8]* @p_str145, i32 2, i32 2, i32 16, i32 16, [1 x i8]* @p_str146, [1 x i8]* @p_str147)"   --->   Operation 13 'specinterface' <Predicate = true> <Delay = 0.00>
ST_1 : Operation 14 [1/1] (0.00ns)   --->   "call void (...)* @_ssdm_op_SpecInterface(i12* %p_src_rows_V, [8 x i8]* @ap_fifo_str, i32 0, i32 0, [1 x i8]* @p_str308, i32 0, i32 0, [1 x i8]* @p_str309, [1 x i8]* @p_str310, [1 x i8]* @p_str311, i32 2, i32 2, i32 16, i32 16, [1 x i8]* @p_str312, [11 x i8]* @ScalarProp_str)"   --->   Operation 14 'specinterface' <Predicate = true> <Delay = 0.00>
ST_1 : Operation 15 [1/1] (0.00ns)   --->   "call void (...)* @_ssdm_op_SpecInterface(i12* %p_src_cols_V, [8 x i8]* @ap_fifo_str, i32 0, i32 0, [1 x i8]* @p_str313, i32 0, i32 0, [1 x i8]* @p_str314, [1 x i8]* @p_str315, [1 x i8]* @p_str316, i32 2, i32 2, i32 16, i32 16, [1 x i8]* @p_str317, [11 x i8]* @ScalarProp_str)"   --->   Operation 15 'specinterface' <Predicate = true> <Delay = 0.00>
ST_1 : Operation 16 [1/1] (2.91ns)   --->   "%p_src_cols_V_read = call i12 @_ssdm_op_Read.ap_fifo.i12P(i12* %p_src_cols_V)"   --->   Operation 16 'read' 'p_src_cols_V_read' <Predicate = true> <Delay = 2.91> <Core = "FIFO">   --->   Core 32 'FIFO' <Latency = 0> <II = 1> <Delay = 3.40> <Storage> <Opcode : 'read' 'write' 'nbread' 'nbwrite'> <Ports = 0> <Width = 12> <Depth = 2> <FIFO>
ST_1 : Operation 17 [1/1] (2.91ns)   --->   "%p_src_rows_V_read = call i12 @_ssdm_op_Read.ap_fifo.i12P(i12* %p_src_rows_V)"   --->   Operation 17 'read' 'p_src_rows_V_read' <Predicate = true> <Delay = 2.91> <Core = "FIFO">   --->   Core 32 'FIFO' <Latency = 0> <II = 1> <Delay = 3.40> <Storage> <Opcode : 'read' 'write' 'nbread' 'nbwrite'> <Ports = 0> <Width = 12> <Depth = 2> <FIFO>
ST_1 : Operation 18 [1/1] (0.46ns)   --->   "br label %0" [E:/vivado/Vivado/2018.3/common/technology/autopilot/hls/hls_video_imgproc.h:1967]   --->   Operation 18 'br' <Predicate = true> <Delay = 0.46>

State 2 <SV = 1> <Delay = 2.62>
ST_2 : Operation 19 [1/1] (0.00ns)   --->   "%i_i = phi i11 [ 0, %entry ], [ %i, %3 ]"   --->   Operation 19 'phi' 'i_i' <Predicate = true> <Delay = 0.00>
ST_2 : Operation 20 [1/1] (0.00ns)   --->   "%i_cast_cast_i = zext i11 %i_i to i12" [E:/vivado/Vivado/2018.3/common/technology/autopilot/hls/hls_video_imgproc.h:1967]   --->   Operation 20 'zext' 'i_cast_cast_i' <Predicate = true> <Delay = 0.00>
ST_2 : Operation 21 [1/1] (1.82ns)   --->   "%tmp_i = icmp slt i12 %i_cast_cast_i, %p_src_rows_V_read" [E:/vivado/Vivado/2018.3/common/technology/autopilot/hls/hls_video_imgproc.h:1967]   --->   Operation 21 'icmp' 'tmp_i' <Predicate = true> <Delay = 1.82> <Core = "Cmp">   --->   Core 25 'Cmp' <Latency = 0> <II = 1> <Delay = 1.82> <FuncUnit> <Opcode : 'icmp'> <InPorts = 2> <OutPorts = 1>
ST_2 : Operation 22 [1/1] (0.00ns)   --->   "call void (...)* @_ssdm_op_SpecLoopTripCount(i64 0, i64 1080, i64 0)"   --->   Operation 22 'speclooptripcount' <Predicate = true> <Delay = 0.00>
ST_2 : Operation 23 [1/1] (1.48ns)   --->   "%i = add i11 %i_i, 1" [E:/vivado/Vivado/2018.3/common/technology/autopilot/hls/hls_video_imgproc.h:1967]   --->   Operation 23 'add' 'i' <Predicate = true> <Delay = 1.48> <Core = "AddSub">   --->   Core 14 'AddSub' <Latency = 0> <II = 1> <Delay = 1.30> <FuncUnit> <Opcode : 'add' 'sub'> <InPorts = 2> <OutPorts = 1>
ST_2 : Operation 24 [1/1] (0.00ns)   --->   "br i1 %tmp_i, label %1, label %.exit" [E:/vivado/Vivado/2018.3/common/technology/autopilot/hls/hls_video_imgproc.h:1967]   --->   Operation 24 'br' <Predicate = true> <Delay = 0.00>
ST_2 : Operation 25 [1/1] (0.00ns)   --->   "call void (...)* @_ssdm_op_SpecLoopName([12 x i8]* @p_str10) nounwind" [E:/vivado/Vivado/2018.3/common/technology/autopilot/hls/hls_video_imgproc.h:1967]   --->   Operation 25 'specloopname' <Predicate = (tmp_i)> <Delay = 0.00>
ST_2 : Operation 26 [1/1] (0.00ns)   --->   "%tmp_i_93 = call i32 (...)* @_ssdm_op_SpecRegionBegin([12 x i8]* @p_str10)" [E:/vivado/Vivado/2018.3/common/technology/autopilot/hls/hls_video_imgproc.h:1967]   --->   Operation 26 'specregionbegin' 'tmp_i_93' <Predicate = (tmp_i)> <Delay = 0.00>
ST_2 : Operation 27 [1/1] (0.46ns)   --->   "br label %2" [E:/vivado/Vivado/2018.3/common/technology/autopilot/hls/hls_video_imgproc.h:1968]   --->   Operation 27 'br' <Predicate = (tmp_i)> <Delay = 0.46>
ST_2 : Operation 28 [1/1] (0.00ns)   --->   "ret void"   --->   Operation 28 'ret' <Predicate = (!tmp_i)> <Delay = 0.00>

State 3 <SV = 2> <Delay = 1.82>
ST_3 : Operation 29 [1/1] (0.00ns)   --->   "%j_i = phi i11 [ 0, %1 ], [ %j, %"operator>>.exit.i" ]"   --->   Operation 29 'phi' 'j_i' <Predicate = true> <Delay = 0.00>
ST_3 : Operation 30 [1/1] (0.00ns)   --->   "%j_cast_cast_i = zext i11 %j_i to i12" [E:/vivado/Vivado/2018.3/common/technology/autopilot/hls/hls_video_imgproc.h:1968]   --->   Operation 30 'zext' 'j_cast_cast_i' <Predicate = true> <Delay = 0.00>
ST_3 : Operation 31 [1/1] (1.82ns)   --->   "%tmp_52_i = icmp slt i12 %j_cast_cast_i, %p_src_cols_V_read" [E:/vivado/Vivado/2018.3/common/technology/autopilot/hls/hls_video_imgproc.h:1968]   --->   Operation 31 'icmp' 'tmp_52_i' <Predicate = true> <Delay = 1.82> <Core = "Cmp">   --->   Core 25 'Cmp' <Latency = 0> <II = 1> <Delay = 1.82> <FuncUnit> <Opcode : 'icmp'> <InPorts = 2> <OutPorts = 1>
ST_3 : Operation 32 [1/1] (0.00ns)   --->   "call void (...)* @_ssdm_op_SpecLoopTripCount(i64 0, i64 1920, i64 0)"   --->   Operation 32 'speclooptripcount' <Predicate = true> <Delay = 0.00>
ST_3 : Operation 33 [1/1] (1.48ns)   --->   "%j = add i11 %j_i, 1" [E:/vivado/Vivado/2018.3/common/technology/autopilot/hls/hls_video_imgproc.h:1968]   --->   Operation 33 'add' 'j' <Predicate = true> <Delay = 1.48> <Core = "AddSub">   --->   Core 14 'AddSub' <Latency = 0> <II = 1> <Delay = 1.30> <FuncUnit> <Opcode : 'add' 'sub'> <InPorts = 2> <OutPorts = 1>
ST_3 : Operation 34 [1/1] (0.00ns)   --->   "br i1 %tmp_52_i, label %"operator>>.exit.i", label %3" [E:/vivado/Vivado/2018.3/common/technology/autopilot/hls/hls_video_imgproc.h:1968]   --->   Operation 34 'br' <Predicate = true> <Delay = 0.00>

State 4 <SV = 3> <Delay = 2.91>
ST_4 : Operation 35 [1/1] (0.00ns)   --->   "%tmp_75_i = call i32 (...)* @_ssdm_op_SpecRegionBegin([12 x i8]* @p_str15)" [E:/vivado/Vivado/2018.3/common/technology/autopilot/hls/hls_video_core.h:672->E:/vivado/Vivado/2018.3/common/technology/autopilot/hls/hls_video_core.h:711->E:/vivado/Vivado/2018.3/common/technology/autopilot/hls/hls_video_imgproc.h:1971]   --->   Operation 35 'specregionbegin' 'tmp_75_i' <Predicate = (tmp_52_i)> <Delay = 0.00>
ST_4 : Operation 36 [1/1] (0.00ns)   --->   "call void (...)* @_ssdm_op_SpecProtocol(i32 0, [1 x i8]* @p_str1) nounwind" [E:/vivado/Vivado/2018.3/common/technology/autopilot/hls/hls_video_core.h:676->E:/vivado/Vivado/2018.3/common/technology/autopilot/hls/hls_video_core.h:711->E:/vivado/Vivado/2018.3/common/technology/autopilot/hls/hls_video_imgproc.h:1971]   --->   Operation 36 'specprotocol' <Predicate = (tmp_52_i)> <Delay = 0.00>
ST_4 : Operation 37 [1/1] (2.91ns)   --->   "%tmp_56 = call i8 @_ssdm_op_Read.ap_fifo.volatile.i8P(i8* %p_src_data_stream_0_V)" [E:/vivado/Vivado/2018.3/common/technology/autopilot/hls/hls_video_core.h:679->E:/vivado/Vivado/2018.3/common/technology/autopilot/hls/hls_video_core.h:711->E:/vivado/Vivado/2018.3/common/technology/autopilot/hls/hls_video_imgproc.h:1971]   --->   Operation 37 'read' 'tmp_56' <Predicate = (tmp_52_i)> <Delay = 2.91> <Core = "FIFO">   --->   Core 32 'FIFO' <Latency = 0> <II = 1> <Delay = 3.40> <Storage> <Opcode : 'read' 'write' 'nbread' 'nbwrite'> <Ports = 0> <Width = 12> <Depth = 2> <FIFO>
ST_4 : Operation 38 [1/1] (2.91ns)   --->   "%tmp_57 = call i8 @_ssdm_op_Read.ap_fifo.volatile.i8P(i8* %p_src_data_stream_1_V)" [E:/vivado/Vivado/2018.3/common/technology/autopilot/hls/hls_video_core.h:679->E:/vivado/Vivado/2018.3/common/technology/autopilot/hls/hls_video_core.h:711->E:/vivado/Vivado/2018.3/common/technology/autopilot/hls/hls_video_imgproc.h:1971]   --->   Operation 38 'read' 'tmp_57' <Predicate = (tmp_52_i)> <Delay = 2.91> <Core = "FIFO">   --->   Core 32 'FIFO' <Latency = 0> <II = 1> <Delay = 3.40> <Storage> <Opcode : 'read' 'write' 'nbread' 'nbwrite'> <Ports = 0> <Width = 12> <Depth = 2> <FIFO>
ST_4 : Operation 39 [1/1] (2.91ns)   --->   "%tmp_58 = call i8 @_ssdm_op_Read.ap_fifo.volatile.i8P(i8* %p_src_data_stream_2_V)" [E:/vivado/Vivado/2018.3/common/technology/autopilot/hls/hls_video_core.h:679->E:/vivado/Vivado/2018.3/common/technology/autopilot/hls/hls_video_core.h:711->E:/vivado/Vivado/2018.3/common/technology/autopilot/hls/hls_video_imgproc.h:1971]   --->   Operation 39 'read' 'tmp_58' <Predicate = (tmp_52_i)> <Delay = 2.91> <Core = "FIFO">   --->   Core 32 'FIFO' <Latency = 0> <II = 1> <Delay = 3.40> <Storage> <Opcode : 'read' 'write' 'nbread' 'nbwrite'> <Ports = 0> <Width = 12> <Depth = 2> <FIFO>
ST_4 : Operation 40 [1/1] (0.00ns)   --->   "%empty = call i32 (...)* @_ssdm_op_SpecRegionEnd([12 x i8]* @p_str15, i32 %tmp_75_i)" [E:/vivado/Vivado/2018.3/common/technology/autopilot/hls/hls_video_core.h:681->E:/vivado/Vivado/2018.3/common/technology/autopilot/hls/hls_video_core.h:711->E:/vivado/Vivado/2018.3/common/technology/autopilot/hls/hls_video_imgproc.h:1971]   --->   Operation 40 'specregionend' 'empty' <Predicate = (tmp_52_i)> <Delay = 0.00>

State 5 <SV = 4> <Delay = 5.55>
ST_5 : Operation 41 [1/1] (0.00ns)   --->   "%tmp_i_cast_i = zext i8 %tmp_56 to i29" [E:/vivado/Vivado/2018.3/common/technology/autopilot/hls/hls_video_imgproc.h:1497->E:/vivado/Vivado/2018.3/common/technology/autopilot/hls/hls_video_imgproc.h:1545->E:/vivado/Vivado/2018.3/common/technology/autopilot/hls/hls_video_imgproc.h:1972]   --->   Operation 41 'zext' 'tmp_i_cast_i' <Predicate = (tmp_52_i)> <Delay = 0.00>
ST_5 : Operation 42 [1/1] (5.55ns) (root node of the DSP)   --->   "%r_V_i_i = mul i29 1254096, %tmp_i_cast_i" [E:/vivado/Vivado/2018.3/common/technology/autopilot/hls/hls_video_imgproc.h:1497->E:/vivado/Vivado/2018.3/common/technology/autopilot/hls/hls_video_imgproc.h:1545->E:/vivado/Vivado/2018.3/common/technology/autopilot/hls/hls_video_imgproc.h:1972]   --->   Operation 42 'mul' 'r_V_i_i' <Predicate = (tmp_52_i)> <Delay = 5.55> <Core = "DSP48">   --->   Core 65 'DSP48' <Latency = 0> <II = 1> <Delay = 5.55> <IPBlock> <Opcode : 'mul' 'add' 'sub' 'select'> <InPorts = 0> <OutPorts = 1> <Sync> <CReg>

State 6 <SV = 5> <Delay = 5.55>
ST_6 : Operation 43 [1/1] (0.00ns)   --->   "%tmp_35_i_cast_i = zext i8 %tmp_58 to i28" [E:/vivado/Vivado/2018.3/common/technology/autopilot/hls/hls_video_imgproc.h:1495->E:/vivado/Vivado/2018.3/common/technology/autopilot/hls/hls_video_imgproc.h:1545->E:/vivado/Vivado/2018.3/common/technology/autopilot/hls/hls_video_imgproc.h:1972]   --->   Operation 43 'zext' 'tmp_35_i_cast_i' <Predicate = (tmp_52_i)> <Delay = 0.00>
ST_6 : Operation 44 [1/1] (2.82ns) (grouped into DSP with root node ret_V)   --->   "%r_V = mul i28 478150, %tmp_35_i_cast_i" [E:/vivado/Vivado/2018.3/common/technology/autopilot/hls/hls_video_imgproc.h:1495->E:/vivado/Vivado/2018.3/common/technology/autopilot/hls/hls_video_imgproc.h:1545->E:/vivado/Vivado/2018.3/common/technology/autopilot/hls/hls_video_imgproc.h:1972]   --->   Operation 44 'mul' 'r_V' <Predicate = (tmp_52_i)> <Delay = 2.82> <Core = "DSP48">   --->   Core 65 'DSP48' <Latency = 0> <II = 1> <Delay = 5.55> <IPBlock> <Opcode : 'mul' 'add' 'sub' 'select'> <InPorts = 0> <OutPorts = 1> <Sync> <CReg>
ST_6 : Operation 45 [1/1] (0.00ns) (grouped into DSP with root node ret_V)   --->   "%rhs_V_i_cast_i = zext i28 %r_V to i29" [E:/vivado/Vivado/2018.3/common/technology/autopilot/hls/hls_video_imgproc.h:1497->E:/vivado/Vivado/2018.3/common/technology/autopilot/hls/hls_video_imgproc.h:1545->E:/vivado/Vivado/2018.3/common/technology/autopilot/hls/hls_video_imgproc.h:1972]   --->   Operation 45 'zext' 'rhs_V_i_cast_i' <Predicate = (tmp_52_i)> <Delay = 0.00>
ST_6 : Operation 46 [1/1] (2.73ns) (root node of the DSP)   --->   "%ret_V = add i29 %rhs_V_i_cast_i, %r_V_i_i" [E:/vivado/Vivado/2018.3/common/technology/autopilot/hls/hls_video_imgproc.h:1497->E:/vivado/Vivado/2018.3/common/technology/autopilot/hls/hls_video_imgproc.h:1545->E:/vivado/Vivado/2018.3/common/technology/autopilot/hls/hls_video_imgproc.h:1972]   --->   Operation 46 'add' 'ret_V' <Predicate = (tmp_52_i)> <Delay = 2.73> <Core = "DSP48">   --->   Core 65 'DSP48' <Latency = 0> <II = 1> <Delay = 5.55> <IPBlock> <Opcode : 'mul' 'add' 'sub' 'select'> <InPorts = 0> <OutPorts = 1> <Sync> <CReg>

State 7 <SV = 6> <Delay = 7.65>
ST_7 : Operation 47 [1/1] (0.00ns)   --->   "%tmp_i_cast_i_94 = zext i8 %tmp_57 to i30" [E:/vivado/Vivado/2018.3/common/technology/autopilot/hls/hls_video_imgproc.h:1497->E:/vivado/Vivado/2018.3/common/technology/autopilot/hls/hls_video_imgproc.h:1545->E:/vivado/Vivado/2018.3/common/technology/autopilot/hls/hls_video_imgproc.h:1972]   --->   Operation 47 'zext' 'tmp_i_cast_i_94' <Predicate = (tmp_52_i)> <Delay = 0.00>
ST_7 : Operation 48 [1/1] (2.82ns) (grouped into DSP with root node ret_V_1)   --->   "%r_V_3_i_i = mul i30 2462056, %tmp_i_cast_i_94" [E:/vivado/Vivado/2018.3/common/technology/autopilot/hls/hls_video_imgproc.h:1497->E:/vivado/Vivado/2018.3/common/technology/autopilot/hls/hls_video_imgproc.h:1545->E:/vivado/Vivado/2018.3/common/technology/autopilot/hls/hls_video_imgproc.h:1972]   --->   Operation 48 'mul' 'r_V_3_i_i' <Predicate = (tmp_52_i)> <Delay = 2.82> <Core = "DSP48">   --->   Core 65 'DSP48' <Latency = 0> <II = 1> <Delay = 5.55> <IPBlock> <Opcode : 'mul' 'add' 'sub' 'select'> <InPorts = 0> <OutPorts = 1> <Sync> <CReg>
ST_7 : Operation 49 [1/1] (0.00ns)   --->   "%lhs_V_1_i_cast_i = zext i29 %ret_V to i30" [E:/vivado/Vivado/2018.3/common/technology/autopilot/hls/hls_video_imgproc.h:1497->E:/vivado/Vivado/2018.3/common/technology/autopilot/hls/hls_video_imgproc.h:1545->E:/vivado/Vivado/2018.3/common/technology/autopilot/hls/hls_video_imgproc.h:1972]   --->   Operation 49 'zext' 'lhs_V_1_i_cast_i' <Predicate = (tmp_52_i)> <Delay = 0.00>
ST_7 : Operation 50 [1/1] (2.73ns) (root node of the DSP)   --->   "%ret_V_1 = add i30 %lhs_V_1_i_cast_i, %r_V_3_i_i" [E:/vivado/Vivado/2018.3/common/technology/autopilot/hls/hls_video_imgproc.h:1497->E:/vivado/Vivado/2018.3/common/technology/autopilot/hls/hls_video_imgproc.h:1545->E:/vivado/Vivado/2018.3/common/technology/autopilot/hls/hls_video_imgproc.h:1972]   --->   Operation 50 'add' 'ret_V_1' <Predicate = (tmp_52_i)> <Delay = 2.73> <Core = "DSP48">   --->   Core 65 'DSP48' <Latency = 0> <II = 1> <Delay = 5.55> <IPBlock> <Opcode : 'mul' 'add' 'sub' 'select'> <InPorts = 0> <OutPorts = 1> <Sync> <CReg>
ST_7 : Operation 51 [1/1] (0.00ns)   --->   "%p_Val2_9 = call i8 @_ssdm_op_PartSelect.i8.i30.i32.i32(i30 %ret_V_1, i32 22, i32 29)" [E:/vivado/Vivado/2018.3/common/technology/autopilot/hls/hls_video_types.h:409->E:/vivado/Vivado/2018.3/common/technology/autopilot/hls/hls_video_types.h:500->E:/vivado/Vivado/2018.3/common/technology/autopilot/hls/hls_video_imgproc.h:1498->E:/vivado/Vivado/2018.3/common/technology/autopilot/hls/hls_video_imgproc.h:1545->E:/vivado/Vivado/2018.3/common/technology/autopilot/hls/hls_video_imgproc.h:1972]   --->   Operation 51 'partselect' 'p_Val2_9' <Predicate = (tmp_52_i)> <Delay = 0.00>
ST_7 : Operation 52 [1/1] (0.00ns)   --->   "%tmp = call i1 @_ssdm_op_BitSelect.i1.i30.i32(i30 %ret_V_1, i32 21)" [E:/vivado/Vivado/2018.3/common/technology/autopilot/hls/hls_video_types.h:409->E:/vivado/Vivado/2018.3/common/technology/autopilot/hls/hls_video_types.h:500->E:/vivado/Vivado/2018.3/common/technology/autopilot/hls/hls_video_imgproc.h:1498->E:/vivado/Vivado/2018.3/common/technology/autopilot/hls/hls_video_imgproc.h:1545->E:/vivado/Vivado/2018.3/common/technology/autopilot/hls/hls_video_imgproc.h:1972]   --->   Operation 52 'bitselect' 'tmp' <Predicate = (tmp_52_i)> <Delay = 0.00>
ST_7 : Operation 53 [1/1] (0.00ns)   --->   "%tmp_1_i_i_i_cast_i = zext i1 %tmp to i8" [E:/vivado/Vivado/2018.3/common/technology/autopilot/hls/hls_video_types.h:409->E:/vivado/Vivado/2018.3/common/technology/autopilot/hls/hls_video_types.h:500->E:/vivado/Vivado/2018.3/common/technology/autopilot/hls/hls_video_imgproc.h:1498->E:/vivado/Vivado/2018.3/common/technology/autopilot/hls/hls_video_imgproc.h:1545->E:/vivado/Vivado/2018.3/common/technology/autopilot/hls/hls_video_imgproc.h:1972]   --->   Operation 53 'zext' 'tmp_1_i_i_i_cast_i' <Predicate = (tmp_52_i)> <Delay = 0.00>
ST_7 : Operation 54 [1/1] (1.30ns)   --->   "%p_Val2_10 = add i8 %tmp_1_i_i_i_cast_i, %p_Val2_9" [E:/vivado/Vivado/2018.3/common/technology/autopilot/hls/hls_video_types.h:409->E:/vivado/Vivado/2018.3/common/technology/autopilot/hls/hls_video_types.h:500->E:/vivado/Vivado/2018.3/common/technology/autopilot/hls/hls_video_imgproc.h:1498->E:/vivado/Vivado/2018.3/common/technology/autopilot/hls/hls_video_imgproc.h:1545->E:/vivado/Vivado/2018.3/common/technology/autopilot/hls/hls_video_imgproc.h:1972]   --->   Operation 54 'add' 'p_Val2_10' <Predicate = (tmp_52_i)> <Delay = 1.30> <Core = "AddSub">   --->   Core 14 'AddSub' <Latency = 0> <II = 1> <Delay = 1.30> <FuncUnit> <Opcode : 'add' 'sub'> <InPorts = 2> <OutPorts = 1>
ST_7 : Operation 55 [1/1] (0.00ns) (grouped into LUT with out node p_Val2_s)   --->   "%tmp_53 = call i1 @_ssdm_op_BitSelect.i1.i30.i32(i30 %ret_V_1, i32 29)" [E:/vivado/Vivado/2018.3/common/technology/autopilot/hls/hls_video_types.h:409->E:/vivado/Vivado/2018.3/common/technology/autopilot/hls/hls_video_types.h:500->E:/vivado/Vivado/2018.3/common/technology/autopilot/hls/hls_video_imgproc.h:1498->E:/vivado/Vivado/2018.3/common/technology/autopilot/hls/hls_video_imgproc.h:1545->E:/vivado/Vivado/2018.3/common/technology/autopilot/hls/hls_video_imgproc.h:1972]   --->   Operation 55 'bitselect' 'tmp_53' <Predicate = (tmp_52_i)> <Delay = 0.00>
ST_7 : Operation 56 [1/1] (0.00ns) (grouped into LUT with out node p_Val2_s)   --->   "%rev = xor i1 %tmp_53, true" [E:/vivado/Vivado/2018.3/common/technology/autopilot/hls/hls_video_types.h:409->E:/vivado/Vivado/2018.3/common/technology/autopilot/hls/hls_video_types.h:500->E:/vivado/Vivado/2018.3/common/technology/autopilot/hls/hls_video_imgproc.h:1498->E:/vivado/Vivado/2018.3/common/technology/autopilot/hls/hls_video_imgproc.h:1545->E:/vivado/Vivado/2018.3/common/technology/autopilot/hls/hls_video_imgproc.h:1972]   --->   Operation 56 'xor' 'rev' <Predicate = (tmp_52_i)> <Delay = 0.00> <Core = "LogicGate">   --->   Core 27 'LogicGate' <Latency = 0> <II = 1> <Delay = 0.80> <FuncUnit> <Opcode : 'and' 'or' 'xor'> <InPorts = 2> <OutPorts = 1>
ST_7 : Operation 57 [1/1] (0.00ns) (grouped into LUT with out node p_Val2_s)   --->   "%tmp_54 = call i1 @_ssdm_op_BitSelect.i1.i8.i32(i8 %p_Val2_10, i32 7)" [E:/vivado/Vivado/2018.3/common/technology/autopilot/hls/hls_video_types.h:409->E:/vivado/Vivado/2018.3/common/technology/autopilot/hls/hls_video_types.h:500->E:/vivado/Vivado/2018.3/common/technology/autopilot/hls/hls_video_imgproc.h:1498->E:/vivado/Vivado/2018.3/common/technology/autopilot/hls/hls_video_imgproc.h:1545->E:/vivado/Vivado/2018.3/common/technology/autopilot/hls/hls_video_imgproc.h:1972]   --->   Operation 57 'bitselect' 'tmp_54' <Predicate = (tmp_52_i)> <Delay = 0.00>
ST_7 : Operation 58 [1/1] (0.00ns) (grouped into LUT with out node p_Val2_s)   --->   "%deleted_zeros = or i1 %tmp_54, %rev" [E:/vivado/Vivado/2018.3/common/technology/autopilot/hls/hls_video_types.h:409->E:/vivado/Vivado/2018.3/common/technology/autopilot/hls/hls_video_types.h:500->E:/vivado/Vivado/2018.3/common/technology/autopilot/hls/hls_video_imgproc.h:1498->E:/vivado/Vivado/2018.3/common/technology/autopilot/hls/hls_video_imgproc.h:1545->E:/vivado/Vivado/2018.3/common/technology/autopilot/hls/hls_video_imgproc.h:1972]   --->   Operation 58 'or' 'deleted_zeros' <Predicate = (tmp_52_i)> <Delay = 0.00> <Core = "LogicGate">   --->   Core 27 'LogicGate' <Latency = 0> <II = 1> <Delay = 0.80> <FuncUnit> <Opcode : 'and' 'or' 'xor'> <InPorts = 2> <OutPorts = 1>
ST_7 : Operation 59 [1/1] (0.80ns) (out node of the LUT)   --->   "%p_Val2_s = select i1 %deleted_zeros, i8 %p_Val2_10, i8 -1" [E:/vivado/Vivado/2018.3/common/technology/autopilot/hls/hls_video_types.h:409->E:/vivado/Vivado/2018.3/common/technology/autopilot/hls/hls_video_types.h:500->E:/vivado/Vivado/2018.3/common/technology/autopilot/hls/hls_video_imgproc.h:1498->E:/vivado/Vivado/2018.3/common/technology/autopilot/hls/hls_video_imgproc.h:1545->E:/vivado/Vivado/2018.3/common/technology/autopilot/hls/hls_video_imgproc.h:1972]   --->   Operation 59 'select' 'p_Val2_s' <Predicate = (tmp_52_i)> <Delay = 0.80> <Core = "Sel">   --->   Core 26 'Sel' <Latency = 0> <II = 1> <Delay = 0.44> <FuncUnit> <Opcode : 'select'> <InPorts = 3> <OutPorts = 1>

State 8 <SV = 7> <Delay = 2.91>
ST_8 : Operation 60 [1/1] (0.00ns)   --->   "call void (...)* @_ssdm_op_SpecLoopName([11 x i8]* @p_str11) nounwind" [E:/vivado/Vivado/2018.3/common/technology/autopilot/hls/hls_video_imgproc.h:1968]   --->   Operation 60 'specloopname' <Predicate = (tmp_52_i)> <Delay = 0.00>
ST_8 : Operation 61 [1/1] (0.00ns)   --->   "%tmp_74_i = call i32 (...)* @_ssdm_op_SpecRegionBegin([11 x i8]* @p_str11)" [E:/vivado/Vivado/2018.3/common/technology/autopilot/hls/hls_video_imgproc.h:1968]   --->   Operation 61 'specregionbegin' 'tmp_74_i' <Predicate = (tmp_52_i)> <Delay = 0.00>
ST_8 : Operation 62 [1/1] (0.00ns)   --->   "call void (...)* @_ssdm_op_SpecPipeline(i32 -1, i32 1, i32 1, i32 0, [1 x i8]* @p_str1) nounwind" [E:/vivado/Vivado/2018.3/common/technology/autopilot/hls/hls_video_imgproc.h:1970]   --->   Operation 62 'specpipeline' <Predicate = (tmp_52_i)> <Delay = 0.00>
ST_8 : Operation 63 [1/1] (0.00ns)   --->   "%tmp_76_i = call i32 (...)* @_ssdm_op_SpecRegionBegin([12 x i8]* @p_str48)" [E:/vivado/Vivado/2018.3/common/technology/autopilot/hls/hls_video_core.h:696->E:/vivado/Vivado/2018.3/common/technology/autopilot/hls/hls_video_core.h:717->E:/vivado/Vivado/2018.3/common/technology/autopilot/hls/hls_video_imgproc.h:1973]   --->   Operation 63 'specregionbegin' 'tmp_76_i' <Predicate = (tmp_52_i)> <Delay = 0.00>
ST_8 : Operation 64 [1/1] (0.00ns)   --->   "call void (...)* @_ssdm_op_SpecProtocol(i32 0, [1 x i8]* @p_str1) nounwind" [E:/vivado/Vivado/2018.3/common/technology/autopilot/hls/hls_video_core.h:700->E:/vivado/Vivado/2018.3/common/technology/autopilot/hls/hls_video_core.h:717->E:/vivado/Vivado/2018.3/common/technology/autopilot/hls/hls_video_imgproc.h:1973]   --->   Operation 64 'specprotocol' <Predicate = (tmp_52_i)> <Delay = 0.00>
ST_8 : Operation 65 [1/1] (2.91ns)   --->   "call void @_ssdm_op_Write.ap_fifo.volatile.i8P(i8* %p_dst_data_stream_V, i8 %p_Val2_s)" [E:/vivado/Vivado/2018.3/common/technology/autopilot/hls/hls_video_core.h:703->E:/vivado/Vivado/2018.3/common/technology/autopilot/hls/hls_video_core.h:717->E:/vivado/Vivado/2018.3/common/technology/autopilot/hls/hls_video_imgproc.h:1973]   --->   Operation 65 'write' <Predicate = (tmp_52_i)> <Delay = 2.91> <Core = "FIFO">   --->   Core 32 'FIFO' <Latency = 0> <II = 1> <Delay = 3.40> <Storage> <Opcode : 'read' 'write' 'nbread' 'nbwrite'> <Ports = 0> <Width = 12> <Depth = 2> <FIFO>
ST_8 : Operation 66 [1/1] (0.00ns)   --->   "%empty_95 = call i32 (...)* @_ssdm_op_SpecRegionEnd([12 x i8]* @p_str48, i32 %tmp_76_i)" [E:/vivado/Vivado/2018.3/common/technology/autopilot/hls/hls_video_core.h:705->E:/vivado/Vivado/2018.3/common/technology/autopilot/hls/hls_video_core.h:717->E:/vivado/Vivado/2018.3/common/technology/autopilot/hls/hls_video_imgproc.h:1973]   --->   Operation 66 'specregionend' 'empty_95' <Predicate = (tmp_52_i)> <Delay = 0.00>
ST_8 : Operation 67 [1/1] (0.00ns)   --->   "%empty_96 = call i32 (...)* @_ssdm_op_SpecRegionEnd([11 x i8]* @p_str11, i32 %tmp_74_i)" [E:/vivado/Vivado/2018.3/common/technology/autopilot/hls/hls_video_imgproc.h:1974]   --->   Operation 67 'specregionend' 'empty_96' <Predicate = (tmp_52_i)> <Delay = 0.00>
ST_8 : Operation 68 [1/1] (0.00ns)   --->   "br label %2" [E:/vivado/Vivado/2018.3/common/technology/autopilot/hls/hls_video_imgproc.h:1968]   --->   Operation 68 'br' <Predicate = (tmp_52_i)> <Delay = 0.00>

State 9 <SV = 3> <Delay = 0.00>
ST_9 : Operation 69 [1/1] (0.00ns)   --->   "%empty_97 = call i32 (...)* @_ssdm_op_SpecRegionEnd([12 x i8]* @p_str10, i32 %tmp_i_93)" [E:/vivado/Vivado/2018.3/common/technology/autopilot/hls/hls_video_imgproc.h:1975]   --->   Operation 69 'specregionend' 'empty_97' <Predicate = true> <Delay = 0.00>
ST_9 : Operation 70 [1/1] (0.00ns)   --->   "br label %0" [E:/vivado/Vivado/2018.3/common/technology/autopilot/hls/hls_video_imgproc.h:1967]   --->   Operation 70 'br' <Predicate = true> <Delay = 0.00>


============================================================
+ Verbose Summary: Binding
============================================================
STG Binding: 
---------------- STG Properties BEGIN ----------------
- Is combinational: 0
- Is one-state seq: 0
- Is datapath-only: 0
- Is pipelined: 0
- Is top level: 0
Port [ Return ] is wired: 1; IO mode=ap_ctrl_hs:ce=0
Port [ p_src_rows_V]:  wired=1; compound=1; hidden=0; nouse=0; global=0; static=0; extern=0; dir=0; type=3; pingpong=0; private_global=0; IO mode=ap_fifo:ce=0
Port [ p_src_cols_V]:  wired=1; compound=1; hidden=0; nouse=0; global=0; static=0; extern=0; dir=0; type=3; pingpong=0; private_global=0; IO mode=ap_fifo:ce=0
Port [ p_src_data_stream_0_V]:  wired=1; compound=1; hidden=0; nouse=0; global=0; static=0; extern=0; dir=0; type=3; pingpong=0; private_global=0; IO mode=ap_fifo:ce=0
Port [ p_src_data_stream_1_V]:  wired=1; compound=1; hidden=0; nouse=0; global=0; static=0; extern=0; dir=0; type=3; pingpong=0; private_global=0; IO mode=ap_fifo:ce=0
Port [ p_src_data_stream_2_V]:  wired=1; compound=1; hidden=0; nouse=0; global=0; static=0; extern=0; dir=0; type=3; pingpong=0; private_global=0; IO mode=ap_fifo:ce=0
Port [ p_dst_data_stream_V]:  wired=1; compound=1; hidden=0; nouse=0; global=0; static=0; extern=0; dir=1; type=3; pingpong=0; private_global=0; IO mode=ap_fifo:ce=0
---------------- STG Properties END ------------------

---------------- Datapath Model BEGIN ----------------

<LifeTime>
<method=bitvector/>
StgValue_10        (specinterface    ) [ 0000000000]
StgValue_11        (specinterface    ) [ 0000000000]
StgValue_12        (specinterface    ) [ 0000000000]
StgValue_13        (specinterface    ) [ 0000000000]
StgValue_14        (specinterface    ) [ 0000000000]
StgValue_15        (specinterface    ) [ 0000000000]
p_src_cols_V_read  (read             ) [ 0011111111]
p_src_rows_V_read  (read             ) [ 0011111111]
StgValue_18        (br               ) [ 0111111111]
i_i                (phi              ) [ 0010000000]
i_cast_cast_i      (zext             ) [ 0000000000]
tmp_i              (icmp             ) [ 0011111111]
StgValue_22        (speclooptripcount) [ 0000000000]
i                  (add              ) [ 0111111111]
StgValue_24        (br               ) [ 0000000000]
StgValue_25        (specloopname     ) [ 0000000000]
tmp_i_93           (specregionbegin  ) [ 0001111111]
StgValue_27        (br               ) [ 0011111111]
StgValue_28        (ret              ) [ 0000000000]
j_i                (phi              ) [ 0001000000]
j_cast_cast_i      (zext             ) [ 0000000000]
tmp_52_i           (icmp             ) [ 0011111111]
StgValue_32        (speclooptripcount) [ 0000000000]
j                  (add              ) [ 0011111111]
StgValue_34        (br               ) [ 0000000000]
tmp_75_i           (specregionbegin  ) [ 0000000000]
StgValue_36        (specprotocol     ) [ 0000000000]
tmp_56             (read             ) [ 0001010000]
tmp_57             (read             ) [ 0001011100]
tmp_58             (read             ) [ 0001011000]
empty              (specregionend    ) [ 0000000000]
tmp_i_cast_i       (zext             ) [ 0000000000]
r_V_i_i            (mul              ) [ 0001001000]
tmp_35_i_cast_i    (zext             ) [ 0000000000]
r_V                (mul              ) [ 0000000000]
rhs_V_i_cast_i     (zext             ) [ 0000000000]
ret_V              (add              ) [ 0001000100]
tmp_i_cast_i_94    (zext             ) [ 0000000000]
r_V_3_i_i          (mul              ) [ 0000000000]
lhs_V_1_i_cast_i   (zext             ) [ 0000000000]
ret_V_1            (add              ) [ 0000000000]
p_Val2_9           (partselect       ) [ 0000000000]
tmp                (bitselect        ) [ 0000000000]
tmp_1_i_i_i_cast_i (zext             ) [ 0000000000]
p_Val2_10          (add              ) [ 0000000000]
tmp_53             (bitselect        ) [ 0000000000]
rev                (xor              ) [ 0000000000]
tmp_54             (bitselect        ) [ 0000000000]
deleted_zeros      (or               ) [ 0000000000]
p_Val2_s           (select           ) [ 0001000010]
StgValue_60        (specloopname     ) [ 0000000000]
tmp_74_i           (specregionbegin  ) [ 0000000000]
StgValue_62        (specpipeline     ) [ 0000000000]
tmp_76_i           (specregionbegin  ) [ 0000000000]
StgValue_64        (specprotocol     ) [ 0000000000]
StgValue_65        (write            ) [ 0000000000]
empty_95           (specregionend    ) [ 0000000000]
empty_96           (specregionend    ) [ 0000000000]
StgValue_68        (br               ) [ 0011111111]
empty_97           (specregionend    ) [ 0000000000]
StgValue_70        (br               ) [ 0111111111]
</LifeTime>

<model>

<comp_list>
<comp id="0" class="1000" name="p_src_rows_V">
<pin_list>
<pin id="1" dir="1" index="0" bw="1" slack="0"/>
</pin_list>
<bind>
<StgValue><ssdm name="p_src_rows_V"/></StgValue>
</bind>
</comp>

<comp id="2" class="1000" name="p_src_cols_V">
<pin_list>
<pin id="3" dir="1" index="0" bw="1" slack="0"/>
</pin_list>
<bind>
<StgValue><ssdm name="p_src_cols_V"/></StgValue>
</bind>
</comp>

<comp id="4" class="1000" name="p_src_data_stream_0_V">
<pin_list>
<pin id="5" dir="1" index="0" bw="1" slack="0"/>
</pin_list>
<bind>
<StgValue><ssdm name="p_src_data_stream_0_V"/></StgValue>
</bind>
</comp>

<comp id="6" class="1000" name="p_src_data_stream_1_V">
<pin_list>
<pin id="7" dir="1" index="0" bw="1" slack="0"/>
</pin_list>
<bind>
<StgValue><ssdm name="p_src_data_stream_1_V"/></StgValue>
</bind>
</comp>

<comp id="8" class="1000" name="p_src_data_stream_2_V">
<pin_list>
<pin id="9" dir="1" index="0" bw="1" slack="0"/>
</pin_list>
<bind>
<StgValue><ssdm name="p_src_data_stream_2_V"/></StgValue>
</bind>
</comp>

<comp id="10" class="1000" name="p_dst_data_stream_V">
<pin_list>
<pin id="11" dir="1" index="0" bw="1" slack="0"/>
</pin_list>
<bind>
<StgValue><ssdm name="p_dst_data_stream_V"/></StgValue>
</bind>
</comp>

<comp id="12" class="1001" name="const_12">
<pin_list>
<pin id="13" dir="1" index="0" bw="1" slack="2147483647"/>
</pin_list>
<bind>
<StgValue><ssdm name="_ssdm_op_SpecInterface"/></StgValue>
</bind>
</comp>

<comp id="14" class="1001" name="const_14">
<pin_list>
<pin id="15" dir="1" index="0" bw="1" slack="2147483647"/>
</pin_list>
<bind>
<StgValue><ssdm name="ap_fifo_str"/></StgValue>
</bind>
</comp>

<comp id="16" class="1001" name="const_16">
<pin_list>
<pin id="17" dir="1" index="0" bw="1" slack="2147483647"/>
</pin_list>
<bind>
<StgValue><ssdm name=""/></StgValue>
</bind>
</comp>

<comp id="18" class="1001" name="const_18">
<pin_list>
<pin id="19" dir="1" index="0" bw="1" slack="2147483647"/>
</pin_list>
<bind>
<StgValue><ssdm name="p_str184"/></StgValue>
</bind>
</comp>

<comp id="20" class="1001" name="const_20">
<pin_list>
<pin id="21" dir="1" index="0" bw="1" slack="2147483647"/>
</pin_list>
<bind>
<StgValue><ssdm name="p_str185"/></StgValue>
</bind>
</comp>

<comp id="22" class="1001" name="const_22">
<pin_list>
<pin id="23" dir="1" index="0" bw="1" slack="2147483647"/>
</pin_list>
<bind>
<StgValue><ssdm name="p_str186"/></StgValue>
</bind>
</comp>

<comp id="24" class="1001" name="const_24">
<pin_list>
<pin id="25" dir="1" index="0" bw="1" slack="2147483647"/>
</pin_list>
<bind>
<StgValue><ssdm name="p_str187"/></StgValue>
</bind>
</comp>

<comp id="26" class="1001" name="const_26">
<pin_list>
<pin id="27" dir="1" index="0" bw="1" slack="2147483647"/>
</pin_list>
<bind>
<StgValue><ssdm name=""/></StgValue>
</bind>
</comp>

<comp id="28" class="1001" name="const_28">
<pin_list>
<pin id="29" dir="1" index="0" bw="1" slack="2147483647"/>
</pin_list>
<bind>
<StgValue><ssdm name=""/></StgValue>
</bind>
</comp>

<comp id="30" class="1001" name="const_30">
<pin_list>
<pin id="31" dir="1" index="0" bw="1" slack="2147483647"/>
</pin_list>
<bind>
<StgValue><ssdm name="p_str188"/></StgValue>
</bind>
</comp>

<comp id="32" class="1001" name="const_32">
<pin_list>
<pin id="33" dir="1" index="0" bw="1" slack="2147483647"/>
</pin_list>
<bind>
<StgValue><ssdm name="p_str189"/></StgValue>
</bind>
</comp>

<comp id="34" class="1001" name="const_34">
<pin_list>
<pin id="35" dir="1" index="0" bw="1" slack="2147483647"/>
</pin_list>
<bind>
<StgValue><ssdm name="p_str156"/></StgValue>
</bind>
</comp>

<comp id="36" class="1001" name="const_36">
<pin_list>
<pin id="37" dir="1" index="0" bw="1" slack="2147483647"/>
</pin_list>
<bind>
<StgValue><ssdm name="p_str157"/></StgValue>
</bind>
</comp>

<comp id="38" class="1001" name="const_38">
<pin_list>
<pin id="39" dir="1" index="0" bw="1" slack="2147483647"/>
</pin_list>
<bind>
<StgValue><ssdm name="p_str158"/></StgValue>
</bind>
</comp>

<comp id="40" class="1001" name="const_40">
<pin_list>
<pin id="41" dir="1" index="0" bw="1" slack="2147483647"/>
</pin_list>
<bind>
<StgValue><ssdm name="p_str159"/></StgValue>
</bind>
</comp>

<comp id="42" class="1001" name="const_42">
<pin_list>
<pin id="43" dir="1" index="0" bw="1" slack="2147483647"/>
</pin_list>
<bind>
<StgValue><ssdm name="p_str160"/></StgValue>
</bind>
</comp>

<comp id="44" class="1001" name="const_44">
<pin_list>
<pin id="45" dir="1" index="0" bw="1" slack="2147483647"/>
</pin_list>
<bind>
<StgValue><ssdm name="p_str161"/></StgValue>
</bind>
</comp>

<comp id="46" class="1001" name="const_46">
<pin_list>
<pin id="47" dir="1" index="0" bw="1" slack="2147483647"/>
</pin_list>
<bind>
<StgValue><ssdm name="p_str149"/></StgValue>
</bind>
</comp>

<comp id="48" class="1001" name="const_48">
<pin_list>
<pin id="49" dir="1" index="0" bw="1" slack="2147483647"/>
</pin_list>
<bind>
<StgValue><ssdm name="p_str150"/></StgValue>
</bind>
</comp>

<comp id="50" class="1001" name="const_50">
<pin_list>
<pin id="51" dir="1" index="0" bw="1" slack="2147483647"/>
</pin_list>
<bind>
<StgValue><ssdm name="p_str151"/></StgValue>
</bind>
</comp>

<comp id="52" class="1001" name="const_52">
<pin_list>
<pin id="53" dir="1" index="0" bw="1" slack="2147483647"/>
</pin_list>
<bind>
<StgValue><ssdm name="p_str152"/></StgValue>
</bind>
</comp>

<comp id="54" class="1001" name="const_54">
<pin_list>
<pin id="55" dir="1" index="0" bw="1" slack="2147483647"/>
</pin_list>
<bind>
<StgValue><ssdm name="p_str153"/></StgValue>
</bind>
</comp>

<comp id="56" class="1001" name="const_56">
<pin_list>
<pin id="57" dir="1" index="0" bw="1" slack="2147483647"/>
</pin_list>
<bind>
<StgValue><ssdm name="p_str154"/></StgValue>
</bind>
</comp>

<comp id="58" class="1001" name="const_58">
<pin_list>
<pin id="59" dir="1" index="0" bw="1" slack="2147483647"/>
</pin_list>
<bind>
<StgValue><ssdm name="p_str142"/></StgValue>
</bind>
</comp>

<comp id="60" class="1001" name="const_60">
<pin_list>
<pin id="61" dir="1" index="0" bw="1" slack="2147483647"/>
</pin_list>
<bind>
<StgValue><ssdm name="p_str143"/></StgValue>
</bind>
</comp>

<comp id="62" class="1001" name="const_62">
<pin_list>
<pin id="63" dir="1" index="0" bw="1" slack="2147483647"/>
</pin_list>
<bind>
<StgValue><ssdm name="p_str144"/></StgValue>
</bind>
</comp>

<comp id="64" class="1001" name="const_64">
<pin_list>
<pin id="65" dir="1" index="0" bw="1" slack="2147483647"/>
</pin_list>
<bind>
<StgValue><ssdm name="p_str145"/></StgValue>
</bind>
</comp>

<comp id="66" class="1001" name="const_66">
<pin_list>
<pin id="67" dir="1" index="0" bw="1" slack="2147483647"/>
</pin_list>
<bind>
<StgValue><ssdm name="p_str146"/></StgValue>
</bind>
</comp>

<comp id="68" class="1001" name="const_68">
<pin_list>
<pin id="69" dir="1" index="0" bw="1" slack="2147483647"/>
</pin_list>
<bind>
<StgValue><ssdm name="p_str147"/></StgValue>
</bind>
</comp>

<comp id="70" class="1001" name="const_70">
<pin_list>
<pin id="71" dir="1" index="0" bw="1" slack="2147483647"/>
</pin_list>
<bind>
<StgValue><ssdm name="p_str308"/></StgValue>
</bind>
</comp>

<comp id="72" class="1001" name="const_72">
<pin_list>
<pin id="73" dir="1" index="0" bw="1" slack="2147483647"/>
</pin_list>
<bind>
<StgValue><ssdm name="p_str309"/></StgValue>
</bind>
</comp>

<comp id="74" class="1001" name="const_74">
<pin_list>
<pin id="75" dir="1" index="0" bw="1" slack="2147483647"/>
</pin_list>
<bind>
<StgValue><ssdm name="p_str310"/></StgValue>
</bind>
</comp>

<comp id="76" class="1001" name="const_76">
<pin_list>
<pin id="77" dir="1" index="0" bw="1" slack="2147483647"/>
</pin_list>
<bind>
<StgValue><ssdm name="p_str311"/></StgValue>
</bind>
</comp>

<comp id="78" class="1001" name="const_78">
<pin_list>
<pin id="79" dir="1" index="0" bw="1" slack="2147483647"/>
</pin_list>
<bind>
<StgValue><ssdm name="p_str312"/></StgValue>
</bind>
</comp>

<comp id="80" class="1001" name="const_80">
<pin_list>
<pin id="81" dir="1" index="0" bw="1" slack="2147483647"/>
</pin_list>
<bind>
<StgValue><ssdm name="ScalarProp_str"/></StgValue>
</bind>
</comp>

<comp id="82" class="1001" name="const_82">
<pin_list>
<pin id="83" dir="1" index="0" bw="1" slack="2147483647"/>
</pin_list>
<bind>
<StgValue><ssdm name="p_str313"/></StgValue>
</bind>
</comp>

<comp id="84" class="1001" name="const_84">
<pin_list>
<pin id="85" dir="1" index="0" bw="1" slack="2147483647"/>
</pin_list>
<bind>
<StgValue><ssdm name="p_str314"/></StgValue>
</bind>
</comp>

<comp id="86" class="1001" name="const_86">
<pin_list>
<pin id="87" dir="1" index="0" bw="1" slack="2147483647"/>
</pin_list>
<bind>
<StgValue><ssdm name="p_str315"/></StgValue>
</bind>
</comp>

<comp id="88" class="1001" name="const_88">
<pin_list>
<pin id="89" dir="1" index="0" bw="1" slack="2147483647"/>
</pin_list>
<bind>
<StgValue><ssdm name="p_str316"/></StgValue>
</bind>
</comp>

<comp id="90" class="1001" name="const_90">
<pin_list>
<pin id="91" dir="1" index="0" bw="1" slack="2147483647"/>
</pin_list>
<bind>
<StgValue><ssdm name="p_str317"/></StgValue>
</bind>
</comp>

<comp id="92" class="1001" name="const_92">
<pin_list>
<pin id="93" dir="1" index="0" bw="1" slack="0"/>
</pin_list>
<bind>
<StgValue><ssdm name="_ssdm_op_Read.ap_fifo.i12P"/></StgValue>
</bind>
</comp>

<comp id="94" class="1001" name="const_94">
<pin_list>
<pin id="95" dir="1" index="0" bw="1" slack="1"/>
</pin_list>
<bind>
<StgValue><ssdm name=""/></StgValue>
</bind>
</comp>

<comp id="96" class="1001" name="const_96">
<pin_list>
<pin id="97" dir="1" index="0" bw="1" slack="2147483647"/>
</pin_list>
<bind>
<StgValue><ssdm name="_ssdm_op_SpecLoopTripCount"/></StgValue>
</bind>
</comp>

<comp id="98" class="1001" name="const_98">
<pin_list>
<pin id="99" dir="1" index="0" bw="1" slack="2147483647"/>
</pin_list>
<bind>
<StgValue><ssdm name=""/></StgValue>
</bind>
</comp>

<comp id="100" class="1001" name="const_100">
<pin_list>
<pin id="101" dir="1" index="0" bw="1" slack="2147483647"/>
</pin_list>
<bind>
<StgValue><ssdm name=""/></StgValue>
</bind>
</comp>

<comp id="102" class="1001" name="const_102">
<pin_list>
<pin id="103" dir="1" index="0" bw="1" slack="0"/>
</pin_list>
<bind>
<StgValue><ssdm name=""/></StgValue>
</bind>
</comp>

<comp id="104" class="1001" name="const_104">
<pin_list>
<pin id="105" dir="1" index="0" bw="1" slack="2147483647"/>
</pin_list>
<bind>
<StgValue><ssdm name="_ssdm_op_SpecLoopName"/></StgValue>
</bind>
</comp>

<comp id="106" class="1001" name="const_106">
<pin_list>
<pin id="107" dir="1" index="0" bw="1" slack="2147483647"/>
</pin_list>
<bind>
<StgValue><ssdm name="p_str10"/></StgValue>
</bind>
</comp>

<comp id="108" class="1001" name="const_108">
<pin_list>
<pin id="109" dir="1" index="0" bw="1" slack="2147483647"/>
</pin_list>
<bind>
<StgValue><ssdm name="_ssdm_op_SpecRegionBegin"/></StgValue>
</bind>
</comp>

<comp id="110" class="1001" name="const_110">
<pin_list>
<pin id="111" dir="1" index="0" bw="1" slack="2147483647"/>
</pin_list>
<bind>
<StgValue><ssdm name=""/></StgValue>
</bind>
</comp>

<comp id="112" class="1001" name="const_112">
<pin_list>
<pin id="113" dir="1" index="0" bw="1" slack="2147483647"/>
</pin_list>
<bind>
<StgValue><ssdm name="p_str15"/></StgValue>
</bind>
</comp>

<comp id="114" class="1001" name="const_114">
<pin_list>
<pin id="115" dir="1" index="0" bw="1" slack="2147483647"/>
</pin_list>
<bind>
<StgValue><ssdm name="_ssdm_op_SpecProtocol"/></StgValue>
</bind>
</comp>

<comp id="116" class="1001" name="const_116">
<pin_list>
<pin id="117" dir="1" index="0" bw="1" slack="2147483647"/>
</pin_list>
<bind>
<StgValue><ssdm name="p_str1"/></StgValue>
</bind>
</comp>

<comp id="118" class="1001" name="const_118">
<pin_list>
<pin id="119" dir="1" index="0" bw="1" slack="0"/>
</pin_list>
<bind>
<StgValue><ssdm name="_ssdm_op_Read.ap_fifo.volatile.i8P"/></StgValue>
</bind>
</comp>

<comp id="120" class="1001" name="const_120">
<pin_list>
<pin id="121" dir="1" index="0" bw="1" slack="2147483647"/>
</pin_list>
<bind>
<StgValue><ssdm name="_ssdm_op_SpecRegionEnd"/></StgValue>
</bind>
</comp>

<comp id="122" class="1001" name="const_122">
<pin_list>
<pin id="123" dir="1" index="0" bw="1" slack="0"/>
</pin_list>
<bind>
<StgValue><ssdm name=""/></StgValue>
</bind>
</comp>

<comp id="124" class="1001" name="const_124">
<pin_list>
<pin id="125" dir="1" index="0" bw="1" slack="0"/>
</pin_list>
<bind>
<StgValue><ssdm name=""/></StgValue>
</bind>
</comp>

<comp id="126" class="1001" name="const_126">
<pin_list>
<pin id="127" dir="1" index="0" bw="1" slack="0"/>
</pin_list>
<bind>
<StgValue><ssdm name=""/></StgValue>
</bind>
</comp>

<comp id="128" class="1001" name="const_128">
<pin_list>
<pin id="129" dir="1" index="0" bw="1" slack="0"/>
</pin_list>
<bind>
<StgValue><ssdm name="_ssdm_op_PartSelect.i8.i30.i32.i32"/></StgValue>
</bind>
</comp>

<comp id="130" class="1001" name="const_130">
<pin_list>
<pin id="131" dir="1" index="0" bw="1" slack="0"/>
</pin_list>
<bind>
<StgValue><ssdm name=""/></StgValue>
</bind>
</comp>

<comp id="132" class="1001" name="const_132">
<pin_list>
<pin id="133" dir="1" index="0" bw="1" slack="0"/>
</pin_list>
<bind>
<StgValue><ssdm name=""/></StgValue>
</bind>
</comp>

<comp id="134" class="1001" name="const_134">
<pin_list>
<pin id="135" dir="1" index="0" bw="1" slack="0"/>
</pin_list>
<bind>
<StgValue><ssdm name="_ssdm_op_BitSelect.i1.i30.i32"/></StgValue>
</bind>
</comp>

<comp id="136" class="1001" name="const_136">
<pin_list>
<pin id="137" dir="1" index="0" bw="1" slack="0"/>
</pin_list>
<bind>
<StgValue><ssdm name=""/></StgValue>
</bind>
</comp>

<comp id="138" class="1001" name="const_138">
<pin_list>
<pin id="139" dir="1" index="0" bw="1" slack="0"/>
</pin_list>
<bind>
<StgValue><ssdm name=""/></StgValue>
</bind>
</comp>

<comp id="140" class="1001" name="const_140">
<pin_list>
<pin id="141" dir="1" index="0" bw="1" slack="0"/>
</pin_list>
<bind>
<StgValue><ssdm name="_ssdm_op_BitSelect.i1.i8.i32"/></StgValue>
</bind>
</comp>

<comp id="142" class="1001" name="const_142">
<pin_list>
<pin id="143" dir="1" index="0" bw="1" slack="0"/>
</pin_list>
<bind>
<StgValue><ssdm name=""/></StgValue>
</bind>
</comp>

<comp id="144" class="1001" name="const_144">
<pin_list>
<pin id="145" dir="1" index="0" bw="1" slack="0"/>
</pin_list>
<bind>
<StgValue><ssdm name=""/></StgValue>
</bind>
</comp>

<comp id="146" class="1001" name="const_146">
<pin_list>
<pin id="147" dir="1" index="0" bw="1" slack="2147483647"/>
</pin_list>
<bind>
<StgValue><ssdm name="p_str11"/></StgValue>
</bind>
</comp>

<comp id="148" class="1001" name="const_148">
<pin_list>
<pin id="149" dir="1" index="0" bw="1" slack="2147483647"/>
</pin_list>
<bind>
<StgValue><ssdm name="_ssdm_op_SpecPipeline"/></StgValue>
</bind>
</comp>

<comp id="150" class="1001" name="const_150">
<pin_list>
<pin id="151" dir="1" index="0" bw="1" slack="2147483647"/>
</pin_list>
<bind>
<StgValue><ssdm name=""/></StgValue>
</bind>
</comp>

<comp id="152" class="1001" name="const_152">
<pin_list>
<pin id="153" dir="1" index="0" bw="1" slack="2147483647"/>
</pin_list>
<bind>
<StgValue><ssdm name=""/></StgValue>
</bind>
</comp>

<comp id="154" class="1001" name="const_154">
<pin_list>
<pin id="155" dir="1" index="0" bw="1" slack="2147483647"/>
</pin_list>
<bind>
<StgValue><ssdm name="p_str48"/></StgValue>
</bind>
</comp>

<comp id="156" class="1001" name="const_156">
<pin_list>
<pin id="157" dir="1" index="0" bw="1" slack="0"/>
</pin_list>
<bind>
<StgValue><ssdm name="_ssdm_op_Write.ap_fifo.volatile.i8P"/></StgValue>
</bind>
</comp>

<comp id="158" class="1004" name="p_src_cols_V_read_read_fu_158">
<pin_list>
<pin id="159" dir="0" index="0" bw="12" slack="0"/>
<pin id="160" dir="0" index="1" bw="12" slack="0"/>
<pin id="161" dir="1" index="2" bw="12" slack="2"/>
</pin_list>
<bind>
<opcode="read(1150) " fcode="read"/>
<opset="p_src_cols_V_read/1 "/>
</bind>
</comp>

<comp id="164" class="1004" name="p_src_rows_V_read_read_fu_164">
<pin_list>
<pin id="165" dir="0" index="0" bw="12" slack="0"/>
<pin id="166" dir="0" index="1" bw="12" slack="0"/>
<pin id="167" dir="1" index="2" bw="12" slack="1"/>
</pin_list>
<bind>
<opcode="read(1150) " fcode="read"/>
<opset="p_src_rows_V_read/1 "/>
</bind>
</comp>

<comp id="170" class="1004" name="tmp_56_read_fu_170">
<pin_list>
<pin id="171" dir="0" index="0" bw="8" slack="0"/>
<pin id="172" dir="0" index="1" bw="8" slack="0"/>
<pin id="173" dir="1" index="2" bw="8" slack="1"/>
</pin_list>
<bind>
<opcode="read(1150) " fcode="read"/>
<opset="tmp_56/4 "/>
</bind>
</comp>

<comp id="176" class="1004" name="tmp_57_read_fu_176">
<pin_list>
<pin id="177" dir="0" index="0" bw="8" slack="0"/>
<pin id="178" dir="0" index="1" bw="8" slack="0"/>
<pin id="179" dir="1" index="2" bw="8" slack="3"/>
</pin_list>
<bind>
<opcode="read(1150) " fcode="read"/>
<opset="tmp_57/4 "/>
</bind>
</comp>

<comp id="182" class="1004" name="tmp_58_read_fu_182">
<pin_list>
<pin id="183" dir="0" index="0" bw="8" slack="0"/>
<pin id="184" dir="0" index="1" bw="8" slack="0"/>
<pin id="185" dir="1" index="2" bw="8" slack="2"/>
</pin_list>
<bind>
<opcode="read(1150) " fcode="read"/>
<opset="tmp_58/4 "/>
</bind>
</comp>

<comp id="188" class="1004" name="StgValue_65_write_fu_188">
<pin_list>
<pin id="189" dir="0" index="0" bw="0" slack="0"/>
<pin id="190" dir="0" index="1" bw="8" slack="0"/>
<pin id="191" dir="0" index="2" bw="8" slack="1"/>
<pin id="192" dir="1" index="3" bw="0" slack="2147483647"/>
</pin_list>
<bind>
<opcode="write(1151) " fcode="write"/>
<opset="StgValue_65/8 "/>
</bind>
</comp>

<comp id="195" class="1005" name="i_i_reg_195">
<pin_list>
<pin id="196" dir="0" index="0" bw="11" slack="1"/>
<pin id="197" dir="1" index="1" bw="11" slack="1"/>
</pin_list>
<bind>
<opset="i_i (phireg) "/>
</bind>
</comp>

<comp id="199" class="1004" name="i_i_phi_fu_199">
<pin_list>
<pin id="200" dir="0" index="0" bw="1" slack="1"/>
<pin id="201" dir="0" index="1" bw="0" slack="2147483647"/>
<pin id="202" dir="0" index="2" bw="11" slack="0"/>
<pin id="203" dir="0" index="3" bw="0" slack="2147483647"/>
<pin id="204" dir="1" index="4" bw="11" slack="0"/>
</pin_list>
<bind>
<opcode="phi(47) " fcode="phi"/>
<opset="i_i/2 "/>
</bind>
</comp>

<comp id="206" class="1005" name="j_i_reg_206">
<pin_list>
<pin id="207" dir="0" index="0" bw="11" slack="1"/>
<pin id="208" dir="1" index="1" bw="11" slack="1"/>
</pin_list>
<bind>
<opset="j_i (phireg) "/>
</bind>
</comp>

<comp id="210" class="1004" name="j_i_phi_fu_210">
<pin_list>
<pin id="211" dir="0" index="0" bw="1" slack="1"/>
<pin id="212" dir="0" index="1" bw="0" slack="2147483647"/>
<pin id="213" dir="0" index="2" bw="11" slack="0"/>
<pin id="214" dir="0" index="3" bw="0" slack="2147483647"/>
<pin id="215" dir="1" index="4" bw="11" slack="0"/>
</pin_list>
<bind>
<opcode="phi(47) " fcode="phi"/>
<opset="j_i/3 "/>
</bind>
</comp>

<comp id="217" class="1004" name="i_cast_cast_i_fu_217">
<pin_list>
<pin id="218" dir="0" index="0" bw="11" slack="0"/>
<pin id="219" dir="1" index="1" bw="12" slack="0"/>
</pin_list>
<bind>
<opcode="zext(34) " fcode="zext"/>
<opset="i_cast_cast_i/2 "/>
</bind>
</comp>

<comp id="221" class="1004" name="tmp_i_fu_221">
<pin_list>
<pin id="222" dir="0" index="0" bw="11" slack="0"/>
<pin id="223" dir="0" index="1" bw="12" slack="1"/>
<pin id="224" dir="1" index="2" bw="1" slack="1"/>
</pin_list>
<bind>
<opcode="icmp(45) " fcode="icmp"/>
<opset="tmp_i/2 "/>
</bind>
</comp>

<comp id="226" class="1004" name="i_fu_226">
<pin_list>
<pin id="227" dir="0" index="0" bw="11" slack="0"/>
<pin id="228" dir="0" index="1" bw="1" slack="0"/>
<pin id="229" dir="1" index="2" bw="11" slack="0"/>
</pin_list>
<bind>
<opcode="add(8) " fcode="add"/>
<opset="i/2 "/>
</bind>
</comp>

<comp id="232" class="1004" name="j_cast_cast_i_fu_232">
<pin_list>
<pin id="233" dir="0" index="0" bw="11" slack="0"/>
<pin id="234" dir="1" index="1" bw="12" slack="0"/>
</pin_list>
<bind>
<opcode="zext(34) " fcode="zext"/>
<opset="j_cast_cast_i/3 "/>
</bind>
</comp>

<comp id="236" class="1004" name="tmp_52_i_fu_236">
<pin_list>
<pin id="237" dir="0" index="0" bw="11" slack="0"/>
<pin id="238" dir="0" index="1" bw="12" slack="2"/>
<pin id="239" dir="1" index="2" bw="1" slack="1"/>
</pin_list>
<bind>
<opcode="icmp(45) " fcode="icmp"/>
<opset="tmp_52_i/3 "/>
</bind>
</comp>

<comp id="241" class="1004" name="j_fu_241">
<pin_list>
<pin id="242" dir="0" index="0" bw="11" slack="0"/>
<pin id="243" dir="0" index="1" bw="1" slack="0"/>
<pin id="244" dir="1" index="2" bw="11" slack="0"/>
</pin_list>
<bind>
<opcode="add(8) " fcode="add"/>
<opset="j/3 "/>
</bind>
</comp>

<comp id="247" class="1004" name="tmp_i_cast_i_fu_247">
<pin_list>
<pin id="248" dir="0" index="0" bw="8" slack="1"/>
<pin id="249" dir="1" index="1" bw="29" slack="0"/>
</pin_list>
<bind>
<opcode="zext(34) " fcode="zext"/>
<opset="tmp_i_cast_i/5 "/>
</bind>
</comp>

<comp id="250" class="1004" name="tmp_35_i_cast_i_fu_250">
<pin_list>
<pin id="251" dir="0" index="0" bw="8" slack="2"/>
<pin id="252" dir="1" index="1" bw="28" slack="0"/>
</pin_list>
<bind>
<opcode="zext(34) " fcode="zext"/>
<opset="tmp_35_i_cast_i/6 "/>
</bind>
</comp>

<comp id="253" class="1004" name="tmp_i_cast_i_94_fu_253">
<pin_list>
<pin id="254" dir="0" index="0" bw="8" slack="3"/>
<pin id="255" dir="1" index="1" bw="30" slack="0"/>
</pin_list>
<bind>
<opcode="zext(34) " fcode="zext"/>
<opset="tmp_i_cast_i_94/7 "/>
</bind>
</comp>

<comp id="256" class="1004" name="lhs_V_1_i_cast_i_fu_256">
<pin_list>
<pin id="257" dir="0" index="0" bw="29" slack="1"/>
<pin id="258" dir="1" index="1" bw="30" slack="0"/>
</pin_list>
<bind>
<opcode="zext(34) " fcode="zext"/>
<opset="lhs_V_1_i_cast_i/7 "/>
</bind>
</comp>

<comp id="259" class="1004" name="p_Val2_9_fu_259">
<pin_list>
<pin id="260" dir="0" index="0" bw="8" slack="0"/>
<pin id="261" dir="0" index="1" bw="30" slack="0"/>
<pin id="262" dir="0" index="2" bw="6" slack="0"/>
<pin id="263" dir="0" index="3" bw="6" slack="0"/>
<pin id="264" dir="1" index="4" bw="8" slack="0"/>
</pin_list>
<bind>
<opcode="partselect(1002) " fcode="partselect"/>
<opset="p_Val2_9/7 "/>
</bind>
</comp>

<comp id="268" class="1004" name="tmp_fu_268">
<pin_list>
<pin id="269" dir="0" index="0" bw="1" slack="0"/>
<pin id="270" dir="0" index="1" bw="30" slack="0"/>
<pin id="271" dir="0" index="2" bw="6" slack="0"/>
<pin id="272" dir="1" index="3" bw="1" slack="0"/>
</pin_list>
<bind>
<opcode="bitselect(1000) " fcode="bitselect"/>
<opset="tmp/7 "/>
</bind>
</comp>

<comp id="275" class="1004" name="tmp_1_i_i_i_cast_i_fu_275">
<pin_list>
<pin id="276" dir="0" index="0" bw="1" slack="0"/>
<pin id="277" dir="1" index="1" bw="8" slack="0"/>
</pin_list>
<bind>
<opcode="zext(34) " fcode="zext"/>
<opset="tmp_1_i_i_i_cast_i/7 "/>
</bind>
</comp>

<comp id="279" class="1004" name="p_Val2_10_fu_279">
<pin_list>
<pin id="280" dir="0" index="0" bw="1" slack="0"/>
<pin id="281" dir="0" index="1" bw="8" slack="0"/>
<pin id="282" dir="1" index="2" bw="8" slack="0"/>
</pin_list>
<bind>
<opcode="add(8) " fcode="add"/>
<opset="p_Val2_10/7 "/>
</bind>
</comp>

<comp id="285" class="1004" name="tmp_53_fu_285">
<pin_list>
<pin id="286" dir="0" index="0" bw="1" slack="0"/>
<pin id="287" dir="0" index="1" bw="30" slack="0"/>
<pin id="288" dir="0" index="2" bw="6" slack="0"/>
<pin id="289" dir="1" index="3" bw="1" slack="0"/>
</pin_list>
<bind>
<opcode="bitselect(1000) " fcode="bitselect"/>
<opset="tmp_53/7 "/>
</bind>
</comp>

<comp id="292" class="1004" name="rev_fu_292">
<pin_list>
<pin id="293" dir="0" index="0" bw="1" slack="0"/>
<pin id="294" dir="0" index="1" bw="1" slack="0"/>
<pin id="295" dir="1" index="2" bw="1" slack="0"/>
</pin_list>
<bind>
<opcode="xor(25) " fcode="xor"/>
<opset="rev/7 "/>
</bind>
</comp>

<comp id="298" class="1004" name="tmp_54_fu_298">
<pin_list>
<pin id="299" dir="0" index="0" bw="1" slack="0"/>
<pin id="300" dir="0" index="1" bw="8" slack="0"/>
<pin id="301" dir="0" index="2" bw="4" slack="0"/>
<pin id="302" dir="1" index="3" bw="1" slack="0"/>
</pin_list>
<bind>
<opcode="bitselect(1000) " fcode="bitselect"/>
<opset="tmp_54/7 "/>
</bind>
</comp>

<comp id="306" class="1004" name="deleted_zeros_fu_306">
<pin_list>
<pin id="307" dir="0" index="0" bw="1" slack="0"/>
<pin id="308" dir="0" index="1" bw="1" slack="0"/>
<pin id="309" dir="1" index="2" bw="1" slack="0"/>
</pin_list>
<bind>
<opcode="or(24) " fcode="or"/>
<opset="deleted_zeros/7 "/>
</bind>
</comp>

<comp id="312" class="1004" name="p_Val2_s_fu_312">
<pin_list>
<pin id="313" dir="0" index="0" bw="1" slack="0"/>
<pin id="314" dir="0" index="1" bw="8" slack="0"/>
<pin id="315" dir="0" index="2" bw="1" slack="0"/>
<pin id="316" dir="1" index="3" bw="8" slack="1"/>
</pin_list>
<bind>
<opcode="select(49) " fcode="select"/>
<opset="p_Val2_s/7 "/>
</bind>
</comp>

<comp id="320" class="1007" name="r_V_i_i_fu_320">
<pin_list>
<pin id="321" dir="0" index="0" bw="29" slack="0"/>
<pin id="322" dir="0" index="1" bw="8" slack="0"/>
<pin id="323" dir="1" index="2" bw="29" slack="1"/>
</pin_list>
<bind>
<opcode="mul(12) " fcode="mul"/>
<opset="r_V_i_i/5 "/>
</bind>
</comp>

<comp id="326" class="1007" name="grp_fu_326">
<pin_list>
<pin id="327" dir="0" index="0" bw="28" slack="0"/>
<pin id="328" dir="0" index="1" bw="8" slack="0"/>
<pin id="329" dir="0" index="2" bw="29" slack="2147483647"/>
<pin id="330" dir="1" index="3" bw="29" slack="1"/>
</pin_list>
<bind>
<opcode="muladd(1172) " fcode="muladd"/>
<opset="r_V/6 rhs_V_i_cast_i/6 ret_V/6 "/>
</bind>
</comp>

<comp id="333" class="1007" name="grp_fu_333">
<pin_list>
<pin id="334" dir="0" index="0" bw="30" slack="0"/>
<pin id="335" dir="0" index="1" bw="8" slack="0"/>
<pin id="336" dir="0" index="2" bw="29" slack="0"/>
<pin id="337" dir="1" index="3" bw="30" slack="0"/>
</pin_list>
<bind>
<opcode="muladd(1172) " fcode="muladd"/>
<opset="r_V_3_i_i/7 ret_V_1/7 "/>
</bind>
</comp>

<comp id="344" class="1005" name="p_src_cols_V_read_reg_344">
<pin_list>
<pin id="345" dir="0" index="0" bw="12" slack="2"/>
<pin id="346" dir="1" index="1" bw="12" slack="2"/>
</pin_list>
<bind>
<opset="p_src_cols_V_read "/>
</bind>
</comp>

<comp id="349" class="1005" name="p_src_rows_V_read_reg_349">
<pin_list>
<pin id="350" dir="0" index="0" bw="12" slack="1"/>
<pin id="351" dir="1" index="1" bw="12" slack="1"/>
</pin_list>
<bind>
<opset="p_src_rows_V_read "/>
</bind>
</comp>

<comp id="354" class="1005" name="tmp_i_reg_354">
<pin_list>
<pin id="355" dir="0" index="0" bw="1" slack="1"/>
<pin id="356" dir="1" index="1" bw="1" slack="2147483647"/>
</pin_list>
<bind>
<opset="tmp_i "/>
</bind>
</comp>

<comp id="358" class="1005" name="i_reg_358">
<pin_list>
<pin id="359" dir="0" index="0" bw="11" slack="0"/>
<pin id="360" dir="1" index="1" bw="11" slack="0"/>
</pin_list>
<bind>
<opset="i "/>
</bind>
</comp>

<comp id="363" class="1005" name="tmp_52_i_reg_363">
<pin_list>
<pin id="364" dir="0" index="0" bw="1" slack="1"/>
<pin id="365" dir="1" index="1" bw="1" slack="2147483647"/>
</pin_list>
<bind>
<opset="tmp_52_i "/>
</bind>
</comp>

<comp id="367" class="1005" name="j_reg_367">
<pin_list>
<pin id="368" dir="0" index="0" bw="11" slack="0"/>
<pin id="369" dir="1" index="1" bw="11" slack="0"/>
</pin_list>
<bind>
<opset="j "/>
</bind>
</comp>

<comp id="372" class="1005" name="tmp_56_reg_372">
<pin_list>
<pin id="373" dir="0" index="0" bw="8" slack="1"/>
<pin id="374" dir="1" index="1" bw="8" slack="1"/>
</pin_list>
<bind>
<opset="tmp_56 "/>
</bind>
</comp>

<comp id="377" class="1005" name="tmp_57_reg_377">
<pin_list>
<pin id="378" dir="0" index="0" bw="8" slack="3"/>
<pin id="379" dir="1" index="1" bw="8" slack="3"/>
</pin_list>
<bind>
<opset="tmp_57 "/>
</bind>
</comp>

<comp id="382" class="1005" name="tmp_58_reg_382">
<pin_list>
<pin id="383" dir="0" index="0" bw="8" slack="2"/>
<pin id="384" dir="1" index="1" bw="8" slack="2"/>
</pin_list>
<bind>
<opset="tmp_58 "/>
</bind>
</comp>

<comp id="387" class="1005" name="r_V_i_i_reg_387">
<pin_list>
<pin id="388" dir="0" index="0" bw="29" slack="1"/>
<pin id="389" dir="1" index="1" bw="29" slack="1"/>
</pin_list>
<bind>
<opset="r_V_i_i "/>
</bind>
</comp>

<comp id="392" class="1005" name="ret_V_reg_392">
<pin_list>
<pin id="393" dir="0" index="0" bw="29" slack="1"/>
<pin id="394" dir="1" index="1" bw="29" slack="1"/>
</pin_list>
<bind>
<opset="ret_V "/>
</bind>
</comp>

<comp id="397" class="1005" name="p_Val2_s_reg_397">
<pin_list>
<pin id="398" dir="0" index="0" bw="8" slack="1"/>
<pin id="399" dir="1" index="1" bw="8" slack="1"/>
</pin_list>
<bind>
<opset="p_Val2_s "/>
</bind>
</comp>

</comp_list>

<net_list>
<net id="162"><net_src comp="92" pin="0"/><net_sink comp="158" pin=0"/></net>

<net id="163"><net_src comp="2" pin="0"/><net_sink comp="158" pin=1"/></net>

<net id="168"><net_src comp="92" pin="0"/><net_sink comp="164" pin=0"/></net>

<net id="169"><net_src comp="0" pin="0"/><net_sink comp="164" pin=1"/></net>

<net id="174"><net_src comp="118" pin="0"/><net_sink comp="170" pin=0"/></net>

<net id="175"><net_src comp="4" pin="0"/><net_sink comp="170" pin=1"/></net>

<net id="180"><net_src comp="118" pin="0"/><net_sink comp="176" pin=0"/></net>

<net id="181"><net_src comp="6" pin="0"/><net_sink comp="176" pin=1"/></net>

<net id="186"><net_src comp="118" pin="0"/><net_sink comp="182" pin=0"/></net>

<net id="187"><net_src comp="8" pin="0"/><net_sink comp="182" pin=1"/></net>

<net id="193"><net_src comp="156" pin="0"/><net_sink comp="188" pin=0"/></net>

<net id="194"><net_src comp="10" pin="0"/><net_sink comp="188" pin=1"/></net>

<net id="198"><net_src comp="94" pin="0"/><net_sink comp="195" pin=0"/></net>

<net id="205"><net_src comp="195" pin="1"/><net_sink comp="199" pin=0"/></net>

<net id="209"><net_src comp="94" pin="0"/><net_sink comp="206" pin=0"/></net>

<net id="216"><net_src comp="206" pin="1"/><net_sink comp="210" pin=0"/></net>

<net id="220"><net_src comp="199" pin="4"/><net_sink comp="217" pin=0"/></net>

<net id="225"><net_src comp="217" pin="1"/><net_sink comp="221" pin=0"/></net>

<net id="230"><net_src comp="199" pin="4"/><net_sink comp="226" pin=0"/></net>

<net id="231"><net_src comp="102" pin="0"/><net_sink comp="226" pin=1"/></net>

<net id="235"><net_src comp="210" pin="4"/><net_sink comp="232" pin=0"/></net>

<net id="240"><net_src comp="232" pin="1"/><net_sink comp="236" pin=0"/></net>

<net id="245"><net_src comp="210" pin="4"/><net_sink comp="241" pin=0"/></net>

<net id="246"><net_src comp="102" pin="0"/><net_sink comp="241" pin=1"/></net>

<net id="265"><net_src comp="128" pin="0"/><net_sink comp="259" pin=0"/></net>

<net id="266"><net_src comp="130" pin="0"/><net_sink comp="259" pin=2"/></net>

<net id="267"><net_src comp="132" pin="0"/><net_sink comp="259" pin=3"/></net>

<net id="273"><net_src comp="134" pin="0"/><net_sink comp="268" pin=0"/></net>

<net id="274"><net_src comp="136" pin="0"/><net_sink comp="268" pin=2"/></net>

<net id="278"><net_src comp="268" pin="3"/><net_sink comp="275" pin=0"/></net>

<net id="283"><net_src comp="275" pin="1"/><net_sink comp="279" pin=0"/></net>

<net id="284"><net_src comp="259" pin="4"/><net_sink comp="279" pin=1"/></net>

<net id="290"><net_src comp="134" pin="0"/><net_sink comp="285" pin=0"/></net>

<net id="291"><net_src comp="132" pin="0"/><net_sink comp="285" pin=2"/></net>

<net id="296"><net_src comp="285" pin="3"/><net_sink comp="292" pin=0"/></net>

<net id="297"><net_src comp="138" pin="0"/><net_sink comp="292" pin=1"/></net>

<net id="303"><net_src comp="140" pin="0"/><net_sink comp="298" pin=0"/></net>

<net id="304"><net_src comp="279" pin="2"/><net_sink comp="298" pin=1"/></net>

<net id="305"><net_src comp="142" pin="0"/><net_sink comp="298" pin=2"/></net>

<net id="310"><net_src comp="298" pin="3"/><net_sink comp="306" pin=0"/></net>

<net id="311"><net_src comp="292" pin="2"/><net_sink comp="306" pin=1"/></net>

<net id="317"><net_src comp="306" pin="2"/><net_sink comp="312" pin=0"/></net>

<net id="318"><net_src comp="279" pin="2"/><net_sink comp="312" pin=1"/></net>

<net id="319"><net_src comp="144" pin="0"/><net_sink comp="312" pin=2"/></net>

<net id="324"><net_src comp="122" pin="0"/><net_sink comp="320" pin=0"/></net>

<net id="325"><net_src comp="247" pin="1"/><net_sink comp="320" pin=1"/></net>

<net id="331"><net_src comp="124" pin="0"/><net_sink comp="326" pin=0"/></net>

<net id="332"><net_src comp="250" pin="1"/><net_sink comp="326" pin=1"/></net>

<net id="338"><net_src comp="126" pin="0"/><net_sink comp="333" pin=0"/></net>

<net id="339"><net_src comp="253" pin="1"/><net_sink comp="333" pin=1"/></net>

<net id="340"><net_src comp="256" pin="1"/><net_sink comp="333" pin=2"/></net>

<net id="341"><net_src comp="333" pin="3"/><net_sink comp="259" pin=1"/></net>

<net id="342"><net_src comp="333" pin="3"/><net_sink comp="268" pin=1"/></net>

<net id="343"><net_src comp="333" pin="3"/><net_sink comp="285" pin=1"/></net>

<net id="347"><net_src comp="158" pin="2"/><net_sink comp="344" pin=0"/></net>

<net id="348"><net_src comp="344" pin="1"/><net_sink comp="236" pin=1"/></net>

<net id="352"><net_src comp="164" pin="2"/><net_sink comp="349" pin=0"/></net>

<net id="353"><net_src comp="349" pin="1"/><net_sink comp="221" pin=1"/></net>

<net id="357"><net_src comp="221" pin="2"/><net_sink comp="354" pin=0"/></net>

<net id="361"><net_src comp="226" pin="2"/><net_sink comp="358" pin=0"/></net>

<net id="362"><net_src comp="358" pin="1"/><net_sink comp="199" pin=2"/></net>

<net id="366"><net_src comp="236" pin="2"/><net_sink comp="363" pin=0"/></net>

<net id="370"><net_src comp="241" pin="2"/><net_sink comp="367" pin=0"/></net>

<net id="371"><net_src comp="367" pin="1"/><net_sink comp="210" pin=2"/></net>

<net id="375"><net_src comp="170" pin="2"/><net_sink comp="372" pin=0"/></net>

<net id="376"><net_src comp="372" pin="1"/><net_sink comp="247" pin=0"/></net>

<net id="380"><net_src comp="176" pin="2"/><net_sink comp="377" pin=0"/></net>

<net id="381"><net_src comp="377" pin="1"/><net_sink comp="253" pin=0"/></net>

<net id="385"><net_src comp="182" pin="2"/><net_sink comp="382" pin=0"/></net>

<net id="386"><net_src comp="382" pin="1"/><net_sink comp="250" pin=0"/></net>

<net id="390"><net_src comp="320" pin="2"/><net_sink comp="387" pin=0"/></net>

<net id="391"><net_src comp="387" pin="1"/><net_sink comp="326" pin=1"/></net>

<net id="395"><net_src comp="326" pin="3"/><net_sink comp="392" pin=0"/></net>

<net id="396"><net_src comp="392" pin="1"/><net_sink comp="256" pin=0"/></net>

<net id="400"><net_src comp="312" pin="3"/><net_sink comp="397" pin=0"/></net>

<net id="401"><net_src comp="397" pin="1"/><net_sink comp="188" pin=2"/></net>

</net_list>

</model> 
---------------- Datapath Model END ------------------

* FSMD analyzer results:
  - Output states:
	Port: p_dst_data_stream_V | {8 }
 - Input state : 
	Port: CvtColor : p_src_rows_V | {1 }
	Port: CvtColor : p_src_cols_V | {1 }
	Port: CvtColor : p_src_data_stream_0_V | {4 }
	Port: CvtColor : p_src_data_stream_1_V | {4 }
	Port: CvtColor : p_src_data_stream_2_V | {4 }
  - Chain level:
	State 1
	State 2
		i_cast_cast_i : 1
		tmp_i : 2
		i : 1
		StgValue_24 : 3
	State 3
		j_cast_cast_i : 1
		tmp_52_i : 2
		j : 1
		StgValue_34 : 3
	State 4
		empty : 1
	State 5
		r_V_i_i : 1
	State 6
		r_V : 1
		rhs_V_i_cast_i : 2
		ret_V : 3
	State 7
		r_V_3_i_i : 1
		ret_V_1 : 2
		p_Val2_9 : 3
		tmp : 3
		tmp_1_i_i_i_cast_i : 4
		p_Val2_10 : 5
		tmp_53 : 3
		rev : 4
		tmp_54 : 6
		deleted_zeros : 7
		p_Val2_s : 7
	State 8
		empty_95 : 1
		empty_96 : 1
	State 9


============================================================
+ Verbose Summary: Datapath Resource usage 
============================================================

* Functional unit list:
|----------|-------------------------------|---------|---------|---------|
| Operation|        Functional Unit        |  DSP48E |    FF   |   LUT   |
|----------|-------------------------------|---------|---------|---------|
|          |            i_fu_226           |    0    |    0    |    11   |
|    add   |            j_fu_241           |    0    |    0    |    11   |
|          |        p_Val2_10_fu_279       |    0    |    0    |    8    |
|----------|-------------------------------|---------|---------|---------|
|   icmp   |          tmp_i_fu_221         |    0    |    0    |    5    |
|          |        tmp_52_i_fu_236        |    0    |    0    |    5    |
|----------|-------------------------------|---------|---------|---------|
|  select  |        p_Val2_s_fu_312        |    0    |    0    |    8    |
|----------|-------------------------------|---------|---------|---------|
|  muladd  |           grp_fu_326          |    1    |    0    |    0    |
|          |           grp_fu_333          |    1    |    0    |    0    |
|----------|-------------------------------|---------|---------|---------|
|    xor   |           rev_fu_292          |    0    |    0    |    1    |
|----------|-------------------------------|---------|---------|---------|
|    or    |      deleted_zeros_fu_306     |    0    |    0    |    1    |
|----------|-------------------------------|---------|---------|---------|
|    mul   |         r_V_i_i_fu_320        |    1    |    0    |    0    |
|----------|-------------------------------|---------|---------|---------|
|          | p_src_cols_V_read_read_fu_158 |    0    |    0    |    0    |
|          | p_src_rows_V_read_read_fu_164 |    0    |    0    |    0    |
|   read   |       tmp_56_read_fu_170      |    0    |    0    |    0    |
|          |       tmp_57_read_fu_176      |    0    |    0    |    0    |
|          |       tmp_58_read_fu_182      |    0    |    0    |    0    |
|----------|-------------------------------|---------|---------|---------|
|   write  |    StgValue_65_write_fu_188   |    0    |    0    |    0    |
|----------|-------------------------------|---------|---------|---------|
|          |      i_cast_cast_i_fu_217     |    0    |    0    |    0    |
|          |      j_cast_cast_i_fu_232     |    0    |    0    |    0    |
|          |      tmp_i_cast_i_fu_247      |    0    |    0    |    0    |
|   zext   |     tmp_35_i_cast_i_fu_250    |    0    |    0    |    0    |
|          |     tmp_i_cast_i_94_fu_253    |    0    |    0    |    0    |
|          |    lhs_V_1_i_cast_i_fu_256    |    0    |    0    |    0    |
|          |   tmp_1_i_i_i_cast_i_fu_275   |    0    |    0    |    0    |
|----------|-------------------------------|---------|---------|---------|
|partselect|        p_Val2_9_fu_259        |    0    |    0    |    0    |
|----------|-------------------------------|---------|---------|---------|
|          |           tmp_fu_268          |    0    |    0    |    0    |
| bitselect|         tmp_53_fu_285         |    0    |    0    |    0    |
|          |         tmp_54_fu_298         |    0    |    0    |    0    |
|----------|-------------------------------|---------|---------|---------|
|   Total  |                               |    3    |    0    |    50   |
|----------|-------------------------------|---------|---------|---------|

Memories:
N/A

* Register list:
+-------------------------+--------+
|                         |   FF   |
+-------------------------+--------+
|       i_i_reg_195       |   11   |
|        i_reg_358        |   11   |
|       j_i_reg_206       |   11   |
|        j_reg_367        |   11   |
|     p_Val2_s_reg_397    |    8   |
|p_src_cols_V_read_reg_344|   12   |
|p_src_rows_V_read_reg_349|   12   |
|     r_V_i_i_reg_387     |   29   |
|      ret_V_reg_392      |   29   |
|     tmp_52_i_reg_363    |    1   |
|      tmp_56_reg_372     |    8   |
|      tmp_57_reg_377     |    8   |
|      tmp_58_reg_382     |    8   |
|      tmp_i_reg_354      |    1   |
+-------------------------+--------+
|          Total          |   160  |
+-------------------------+--------+

* Multiplexer (MUX) list: 
|------------|------|------|------|--------||---------||---------|
|    Comp    |  Pin | Size |  BW  | S x BW ||  Delay  ||   LUT   |
|------------|------|------|------|--------||---------||---------|
| grp_fu_326 |  p1  |   2  |   8  |   16   ||    3    |
|------------|------|------|------|--------||---------||---------|
|    Total   |      |      |      |   16   ||  0.466  ||    3    |
|------------|------|------|------|--------||---------||---------|



* Summary:
+-----------+--------+--------+--------+--------+
|           | DSP48E |  Delay |   FF   |   LUT  |
+-----------+--------+--------+--------+--------+
|  Function |    3   |    -   |    0   |   50   |
|   Memory  |    -   |    -   |    -   |    -   |
|Multiplexer|    -   |    0   |    -   |    3   |
|  Register |    -   |    -   |   160  |    -   |
+-----------+--------+--------+--------+--------+
|   Total   |    3   |    0   |   160  |   53   |
+-----------+--------+--------+--------+--------+
