

================================================================
== Vivado HLS Report for 'Filter2D102'
================================================================
* Date:           Fri Jul 12 17:42:34 2019

* Version:        2018.3 (Build 2405991 on Thu Dec 06 23:56:15 MST 2018)
* Project:        edge_detector
* Solution:       solution1
* Product family: zynq
* Target device:  xc7z015clg485-2


================================================================
== Performance Estimates
================================================================
+ Timing (ns): 
    * Summary: 
    +--------+-------+----------+------------+
    |  Clock | Target| Estimated| Uncertainty|
    +--------+-------+----------+------------+
    |ap_clk  |   6.67|     5.827|        0.83|
    +--------+-------+----------+------------+

+ Latency (clock cycles): 
    * Summary: 
    +---------+---------+---------+---------+---------+
    |      Latency      |      Interval     | Pipeline|
    |   min   |   max   |   min   |   max   |   Type  |
    +---------+---------+---------+---------+---------+
    |  2086097|  2086097|  2086097|  2086097|   none  |
    +---------+---------+---------+---------+---------+

    + Detail: 
        * Instance: 
        N/A

        * Loop: 
        +---------------+---------+---------+----------+-----------+-----------+------+----------+
        |               |      Latency      | Iteration|  Initiation Interval  | Trip |          |
        |   Loop Name   |   min   |   max   |  Latency |  achieved |   target  | Count| Pipelined|
        +---------------+---------+---------+----------+-----------+-----------+------+----------+
        |- loop_height  |  2086096|  2086096|      1928|          -|          -|  1082|    no    |
        | + loop_width  |     1925|     1925|         5|          1|          1|  1922|    yes   |
        +---------------+---------+---------+----------+-----------+-----------+------+----------+

============================================================
+ Verbose Summary: Synthesis Manager
============================================================
InlineROM: 1
ExposeGlobal: 0
============================================================
+ Verbose Summary: CDFG Model
============================================================
IsTopModel: 0
ResetActiveHigh: 1
IsCombinational: 2
IsDatapathOnly: 0
HasWiredReturn: 1
HasMFsm: 0
HasVarLatency: 1
IsPipeline: 0
IsRtlPipelined: 0
IsInstanceOverlapped: 0
IsDontTouch: 0
HasImplIP: 0
IsGatedGlobalClock: 0

+ Individual pipeline summary: 
  * Pipeline-0: initiation interval (II) = 1, depth = 5


============================================================
+ Verbose Summary: Schedule
============================================================
* Number of FSM states : 8
* Pipeline : 1
  Pipeline-0 : II = 1, D = 5, States = { 3 4 5 6 7 }
* Dataflow Pipeline: 0

* FSM state transitions: 
1 --> 
	2  / true
2 --> 
	3  / (!exitcond461_i)
3 --> 
	4  / true
4 --> 
	5  / true
5 --> 
	8  / (exitcond460_i)
	6  / (!exitcond460_i)
6 --> 
	7  / true
7 --> 
	3  / true
8 --> 
	2  / true

* FSM state operations: 

State 1 <SV = 0> <Delay = 0.46>
ST_1 : Operation 9 [1/1] (0.00ns)   --->   "%src_kernel_win_0_va = alloca i8"   --->   Operation 9 'alloca' 'src_kernel_win_0_va' <Predicate = true> <Delay = 0.00>
ST_1 : Operation 10 [1/1] (0.00ns)   --->   "%src_kernel_win_0_va_1 = alloca i8"   --->   Operation 10 'alloca' 'src_kernel_win_0_va_1' <Predicate = true> <Delay = 0.00>
ST_1 : Operation 11 [1/1] (0.00ns)   --->   "%src_kernel_win_0_va_2 = alloca i8"   --->   Operation 11 'alloca' 'src_kernel_win_0_va_2' <Predicate = true> <Delay = 0.00>
ST_1 : Operation 12 [1/1] (0.00ns)   --->   "%src_kernel_win_0_va_3 = alloca i8"   --->   Operation 12 'alloca' 'src_kernel_win_0_va_3' <Predicate = true> <Delay = 0.00>
ST_1 : Operation 13 [1/1] (0.00ns)   --->   "%src_kernel_win_0_va_4 = alloca i8"   --->   Operation 13 'alloca' 'src_kernel_win_0_va_4' <Predicate = true> <Delay = 0.00>
ST_1 : Operation 14 [1/1] (0.00ns)   --->   "%src_kernel_win_0_va_5 = alloca i8"   --->   Operation 14 'alloca' 'src_kernel_win_0_va_5' <Predicate = true> <Delay = 0.00>
ST_1 : Operation 15 [1/1] (0.00ns)   --->   "%right_border_buf_0_s = alloca i8"   --->   Operation 15 'alloca' 'right_border_buf_0_s' <Predicate = true> <Delay = 0.00>
ST_1 : Operation 16 [1/1] (0.00ns)   --->   "%right_border_buf_0_1 = alloca i8"   --->   Operation 16 'alloca' 'right_border_buf_0_1' <Predicate = true> <Delay = 0.00>
ST_1 : Operation 17 [1/1] (0.00ns)   --->   "%right_border_buf_0_2 = alloca i8"   --->   Operation 17 'alloca' 'right_border_buf_0_2' <Predicate = true> <Delay = 0.00>
ST_1 : Operation 18 [1/1] (0.00ns)   --->   "%right_border_buf_0_3 = alloca i8"   --->   Operation 18 'alloca' 'right_border_buf_0_3' <Predicate = true> <Delay = 0.00>
ST_1 : Operation 19 [1/1] (0.00ns)   --->   "%right_border_buf_0_4 = alloca i8"   --->   Operation 19 'alloca' 'right_border_buf_0_4' <Predicate = true> <Delay = 0.00>
ST_1 : Operation 20 [1/1] (0.00ns)   --->   "%right_border_buf_0_5 = alloca i8"   --->   Operation 20 'alloca' 'right_border_buf_0_5' <Predicate = true> <Delay = 0.00>
ST_1 : Operation 21 [1/1] (0.00ns)   --->   "call void (...)* @_ssdm_op_SpecInterface(i8* %p_src_data_stream_V, [8 x i8]* @ap_fifo_str, i32 0, i32 0, [1 x i8]* @p_str219, i32 0, i32 0, [1 x i8]* @p_str220, [1 x i8]* @p_str221, [1 x i8]* @p_str222, i32 2, i32 2, i32 16, i32 16, [1 x i8]* @p_str223, [1 x i8]* @p_str224)"   --->   Operation 21 'specinterface' <Predicate = true> <Delay = 0.00>
ST_1 : Operation 22 [1/1] (0.00ns)   --->   "call void (...)* @_ssdm_op_SpecInterface(i8* %p_dst_data_stream_V, [8 x i8]* @ap_fifo_str, i32 0, i32 0, [1 x i8]* @p_str191, i32 0, i32 0, [1 x i8]* @p_str192, [1 x i8]* @p_str193, [1 x i8]* @p_str194, i32 2, i32 2, i32 16, i32 16, [1 x i8]* @p_str195, [1 x i8]* @p_str196)"   --->   Operation 22 'specinterface' <Predicate = true> <Delay = 0.00>
ST_1 : Operation 23 [1/1] (0.00ns)   --->   "%k_buf_0_val_3 = alloca [1920 x i8], align 1" [E:/vivado/Vivado/2018.3/common/technology/autopilot/hls/hls_video_imgproc.h:400->E:/vivado/Vivado/2018.3/common/technology/autopilot/hls/hls_video_imgproc.h:1305]   --->   Operation 23 'alloca' 'k_buf_0_val_3' <Predicate = true> <Delay = 0.00> <Core = "RAM">   --->   Core 37 'RAM' <Latency = 1> <II = 1> <Delay = 2.77> <Storage> <Opcode : 'load' 'store'> <Ports = 2> <Width = 8> <Depth = 1920> <RAM>
ST_1 : Operation 24 [1/1] (0.00ns)   --->   "%k_buf_0_val_4 = alloca [1920 x i8], align 1" [E:/vivado/Vivado/2018.3/common/technology/autopilot/hls/hls_video_imgproc.h:400->E:/vivado/Vivado/2018.3/common/technology/autopilot/hls/hls_video_imgproc.h:1305]   --->   Operation 24 'alloca' 'k_buf_0_val_4' <Predicate = true> <Delay = 0.00> <Core = "RAM">   --->   Core 37 'RAM' <Latency = 1> <II = 1> <Delay = 2.77> <Storage> <Opcode : 'load' 'store'> <Ports = 2> <Width = 8> <Depth = 1920> <RAM>
ST_1 : Operation 25 [1/1] (0.00ns)   --->   "%k_buf_0_val_5 = alloca [1920 x i8], align 1" [E:/vivado/Vivado/2018.3/common/technology/autopilot/hls/hls_video_imgproc.h:400->E:/vivado/Vivado/2018.3/common/technology/autopilot/hls/hls_video_imgproc.h:1305]   --->   Operation 25 'alloca' 'k_buf_0_val_5' <Predicate = true> <Delay = 0.00> <Core = "RAM">   --->   Core 37 'RAM' <Latency = 1> <II = 1> <Delay = 2.77> <Storage> <Opcode : 'load' 'store'> <Ports = 2> <Width = 8> <Depth = 1920> <RAM>
ST_1 : Operation 26 [1/1] (0.00ns)   --->   "%rbegin_i_i = call i32 (...)* @_ssdm_op_SpecRegionBegin([64 x i8]* @hls_KD_KD_LineBuffe) nounwind" [E:/vivado/Vivado/2018.3/common/technology/autopilot/hls/hls_video_mem.h:627->E:/vivado/Vivado/2018.3/common/technology/autopilot/hls/hls_video_imgproc.h:400->E:/vivado/Vivado/2018.3/common/technology/autopilot/hls/hls_video_imgproc.h:1305]   --->   Operation 26 'specregionbegin' 'rbegin_i_i' <Predicate = true> <Delay = 0.00>
ST_1 : Operation 27 [1/1] (0.00ns)   --->   "%rend_i_i_0 = call i32 (...)* @_ssdm_op_SpecRegionEnd([64 x i8]* @hls_KD_KD_LineBuffe, i32 %rbegin_i_i) nounwind" [E:/vivado/Vivado/2018.3/common/technology/autopilot/hls/hls_video_mem.h:627->E:/vivado/Vivado/2018.3/common/technology/autopilot/hls/hls_video_imgproc.h:400->E:/vivado/Vivado/2018.3/common/technology/autopilot/hls/hls_video_imgproc.h:1305]   --->   Operation 27 'specregionend' 'rend_i_i_0' <Predicate = true> <Delay = 0.00>
ST_1 : Operation 28 [1/1] (0.46ns)   --->   "br label %0" [E:/vivado/Vivado/2018.3/common/technology/autopilot/hls/hls_video_imgproc.h:443->E:/vivado/Vivado/2018.3/common/technology/autopilot/hls/hls_video_imgproc.h:1305]   --->   Operation 28 'br' <Predicate = true> <Delay = 0.46>

State 2 <SV = 1> <Delay = 2.68>
ST_2 : Operation 29 [1/1] (0.00ns)   --->   "%t_V = phi i11 [ 0, %arrayctor.loop.i.0 ], [ %i_V, %5 ]"   --->   Operation 29 'phi' 't_V' <Predicate = true> <Delay = 0.00>
ST_2 : Operation 30 [1/1] (1.88ns)   --->   "%exitcond461_i = icmp eq i11 %t_V, -966" [E:/vivado/Vivado/2018.3/common/technology/autopilot/hls/hls_video_imgproc.h:443->E:/vivado/Vivado/2018.3/common/technology/autopilot/hls/hls_video_imgproc.h:1305]   --->   Operation 30 'icmp' 'exitcond461_i' <Predicate = true> <Delay = 1.88> <Core = "Cmp">   --->   Core 25 'Cmp' <Latency = 0> <II = 1> <Delay = 1.88> <FuncUnit> <Opcode : 'icmp'> <InPorts = 2> <OutPorts = 1>
ST_2 : Operation 31 [1/1] (0.00ns)   --->   "call void (...)* @_ssdm_op_SpecLoopTripCount(i64 1082, i64 1082, i64 1082)"   --->   Operation 31 'speclooptripcount' <Predicate = true> <Delay = 0.00>
ST_2 : Operation 32 [1/1] (1.48ns)   --->   "%i_V = add i11 %t_V, 1" [E:/vivado/Vivado/2018.3/common/technology/autopilot/hls/hls_video_imgproc.h:443->E:/vivado/Vivado/2018.3/common/technology/autopilot/hls/hls_video_imgproc.h:1305]   --->   Operation 32 'add' 'i_V' <Predicate = true> <Delay = 1.48> <Core = "AddSub">   --->   Core 14 'AddSub' <Latency = 0> <II = 1> <Delay = 0.63> <FuncUnit> <Opcode : 'add' 'sub'> <InPorts = 2> <OutPorts = 1>
ST_2 : Operation 33 [1/1] (0.00ns)   --->   "br i1 %exitcond461_i, label %"filter<0, 0, ap_int<8>, int, 1080, 1920, 3, 3>.exit", label %1" [E:/vivado/Vivado/2018.3/common/technology/autopilot/hls/hls_video_imgproc.h:443->E:/vivado/Vivado/2018.3/common/technology/autopilot/hls/hls_video_imgproc.h:1305]   --->   Operation 33 'br' <Predicate = true> <Delay = 0.00>
ST_2 : Operation 34 [1/1] (0.00ns)   --->   "call void (...)* @_ssdm_op_SpecLoopName([12 x i8]* @p_str10) nounwind" [E:/vivado/Vivado/2018.3/common/technology/autopilot/hls/hls_video_imgproc.h:443->E:/vivado/Vivado/2018.3/common/technology/autopilot/hls/hls_video_imgproc.h:1305]   --->   Operation 34 'specloopname' <Predicate = (!exitcond461_i)> <Delay = 0.00>
ST_2 : Operation 35 [1/1] (0.00ns)   --->   "%tmp = call i32 (...)* @_ssdm_op_SpecRegionBegin([12 x i8]* @p_str10)" [E:/vivado/Vivado/2018.3/common/technology/autopilot/hls/hls_video_imgproc.h:443->E:/vivado/Vivado/2018.3/common/technology/autopilot/hls/hls_video_imgproc.h:1305]   --->   Operation 35 'specregionbegin' 'tmp' <Predicate = (!exitcond461_i)> <Delay = 0.00>
ST_2 : Operation 36 [1/1] (1.88ns)   --->   "%tmp_s = icmp ult i11 %t_V, -968" [E:/vivado/Vivado/2018.3/common/technology/autopilot/hls/hls_video_imgproc.h:492->E:/vivado/Vivado/2018.3/common/technology/autopilot/hls/hls_video_imgproc.h:1305]   --->   Operation 36 'icmp' 'tmp_s' <Predicate = (!exitcond461_i)> <Delay = 1.88> <Core = "Cmp">   --->   Core 25 'Cmp' <Latency = 0> <II = 1> <Delay = 1.88> <FuncUnit> <Opcode : 'icmp'> <InPorts = 2> <OutPorts = 1>
ST_2 : Operation 37 [1/1] (0.80ns)   --->   "%tmp_98_0_not = xor i1 %tmp_s, true" [E:/vivado/Vivado/2018.3/common/technology/autopilot/hls/hls_video_imgproc.h:457->E:/vivado/Vivado/2018.3/common/technology/autopilot/hls/hls_video_imgproc.h:1305]   --->   Operation 37 'xor' 'tmp_98_0_not' <Predicate = (!exitcond461_i)> <Delay = 0.80> <Core = "LogicGate">   --->   Core 27 'LogicGate' <Latency = 0> <II = 1> <Delay = 0.80> <FuncUnit> <Opcode : 'and' 'or' 'xor'> <InPorts = 2> <OutPorts = 1>
ST_2 : Operation 38 [1/1] (0.00ns)   --->   "%tmp_7 = call i10 @_ssdm_op_PartSelect.i10.i11.i32.i32(i11 %t_V, i32 1, i32 10)" [E:/vivado/Vivado/2018.3/common/technology/autopilot/hls/hls_video_imgproc.h:466->E:/vivado/Vivado/2018.3/common/technology/autopilot/hls/hls_video_imgproc.h:1305]   --->   Operation 38 'partselect' 'tmp_7' <Predicate = (!exitcond461_i)> <Delay = 0.00>
ST_2 : Operation 39 [1/1] (1.94ns)   --->   "%icmp = icmp ne i10 %tmp_7, 0" [E:/vivado/Vivado/2018.3/common/technology/autopilot/hls/hls_video_imgproc.h:466->E:/vivado/Vivado/2018.3/common/technology/autopilot/hls/hls_video_imgproc.h:1305]   --->   Operation 39 'icmp' 'icmp' <Predicate = (!exitcond461_i)> <Delay = 1.94> <Core = "Cmp">   --->   Core 25 'Cmp' <Latency = 0> <II = 1> <Delay = 1.88> <FuncUnit> <Opcode : 'icmp'> <InPorts = 2> <OutPorts = 1>
ST_2 : Operation 40 [1/1] (1.88ns)   --->   "%tmp_3 = icmp eq i11 %t_V, 1" [E:/vivado/Vivado/2018.3/common/technology/autopilot/hls/hls_video_imgproc.h:471->E:/vivado/Vivado/2018.3/common/technology/autopilot/hls/hls_video_imgproc.h:1305]   --->   Operation 40 'icmp' 'tmp_3' <Predicate = (!exitcond461_i)> <Delay = 1.88> <Core = "Cmp">   --->   Core 25 'Cmp' <Latency = 0> <II = 1> <Delay = 1.88> <FuncUnit> <Opcode : 'icmp'> <InPorts = 2> <OutPorts = 1>
ST_2 : Operation 41 [1/1] (1.88ns)   --->   "%tmp_142_1 = icmp eq i11 %t_V, 0" [E:/vivado/Vivado/2018.3/common/technology/autopilot/hls/hls_video_imgproc.h:471->E:/vivado/Vivado/2018.3/common/technology/autopilot/hls/hls_video_imgproc.h:1305]   --->   Operation 41 'icmp' 'tmp_142_1' <Predicate = (!exitcond461_i)> <Delay = 1.88> <Core = "Cmp">   --->   Core 25 'Cmp' <Latency = 0> <II = 1> <Delay = 1.88> <FuncUnit> <Opcode : 'icmp'> <InPorts = 2> <OutPorts = 1>
ST_2 : Operation 42 [1/1] (1.88ns)   --->   "%tmp_5 = icmp ugt i11 %t_V, -968" [E:/vivado/Vivado/2018.3/common/technology/autopilot/hls/hls_video_imgproc.h:502->E:/vivado/Vivado/2018.3/common/technology/autopilot/hls/hls_video_imgproc.h:1305]   --->   Operation 42 'icmp' 'tmp_5' <Predicate = (!exitcond461_i)> <Delay = 1.88> <Core = "Cmp">   --->   Core 25 'Cmp' <Latency = 0> <II = 1> <Delay = 1.88> <FuncUnit> <Opcode : 'icmp'> <InPorts = 2> <OutPorts = 1>
ST_2 : Operation 43 [1/1] (0.00ns)   --->   "%tmp_8 = trunc i11 %t_V to i2" [E:/vivado/Vivado/2018.3/common/technology/autopilot/hls/hls_video_imgbase.h:147->E:/vivado/Vivado/2018.3/common/technology/autopilot/hls/hls_video_imgproc.h:506->E:/vivado/Vivado/2018.3/common/technology/autopilot/hls/hls_video_imgproc.h:1305]   --->   Operation 43 'trunc' 'tmp_8' <Predicate = (!exitcond461_i)> <Delay = 0.00>
ST_2 : Operation 44 [1/1] (0.80ns)   --->   "%row_assign_8_1_t = xor i2 %tmp_8, 1" [E:/vivado/Vivado/2018.3/common/technology/autopilot/hls/hls_video_mem.h:493->E:/vivado/Vivado/2018.3/common/technology/autopilot/hls/hls_video_mem.h:501->E:/vivado/Vivado/2018.3/common/technology/autopilot/hls/hls_video_imgproc.h:507->E:/vivado/Vivado/2018.3/common/technology/autopilot/hls/hls_video_imgproc.h:1305]   --->   Operation 44 'xor' 'row_assign_8_1_t' <Predicate = (!exitcond461_i)> <Delay = 0.80> <Core = "LogicGate">   --->   Core 27 'LogicGate' <Latency = 0> <II = 1> <Delay = 0.80> <FuncUnit> <Opcode : 'and' 'or' 'xor'> <InPorts = 2> <OutPorts = 1>
ST_2 : Operation 45 [1/1] (0.63ns)   --->   "%row_assign_8_2_t = sub i2 -2, %tmp_8" [E:/vivado/Vivado/2018.3/common/technology/autopilot/hls/hls_video_mem.h:493->E:/vivado/Vivado/2018.3/common/technology/autopilot/hls/hls_video_mem.h:501->E:/vivado/Vivado/2018.3/common/technology/autopilot/hls/hls_video_imgproc.h:507->E:/vivado/Vivado/2018.3/common/technology/autopilot/hls/hls_video_imgproc.h:1305]   --->   Operation 45 'sub' 'row_assign_8_2_t' <Predicate = (!exitcond461_i)> <Delay = 0.63> <Core = "AddSub">   --->   Core 14 'AddSub' <Latency = 0> <II = 1> <Delay = 0.63> <FuncUnit> <Opcode : 'add' 'sub'> <InPorts = 2> <OutPorts = 1>
ST_2 : Operation 46 [1/1] (0.46ns)   --->   "br label %2" [E:/vivado/Vivado/2018.3/common/technology/autopilot/hls/hls_video_imgproc.h:444->E:/vivado/Vivado/2018.3/common/technology/autopilot/hls/hls_video_imgproc.h:1305]   --->   Operation 46 'br' <Predicate = (!exitcond461_i)> <Delay = 0.46>
ST_2 : Operation 47 [1/1] (0.00ns)   --->   "ret void" [E:/vivado/Vivado/2018.3/common/technology/autopilot/hls/hls_video_imgproc.h:1306]   --->   Operation 47 'ret' <Predicate = (exitcond461_i)> <Delay = 0.00>

State 3 <SV = 2> <Delay = 5.28>
ST_3 : Operation 48 [1/1] (0.00ns)   --->   "%t_V_2 = phi i11 [ 0, %1 ], [ %j_V, %._crit_edge485.i ]"   --->   Operation 48 'phi' 't_V_2' <Predicate = true> <Delay = 0.00>
ST_3 : Operation 49 [1/1] (0.00ns)   --->   "%t_V_3_cast = zext i11 %t_V_2 to i12" [E:/vivado/Vivado/2018.3/common/technology/autopilot/hls/hls_video_imgproc.h:444->E:/vivado/Vivado/2018.3/common/technology/autopilot/hls/hls_video_imgproc.h:1305]   --->   Operation 49 'zext' 't_V_3_cast' <Predicate = true> <Delay = 0.00>
ST_3 : Operation 50 [1/1] (1.88ns)   --->   "%exitcond460_i = icmp eq i11 %t_V_2, -126" [E:/vivado/Vivado/2018.3/common/technology/autopilot/hls/hls_video_imgproc.h:444->E:/vivado/Vivado/2018.3/common/technology/autopilot/hls/hls_video_imgproc.h:1305]   --->   Operation 50 'icmp' 'exitcond460_i' <Predicate = true> <Delay = 1.88> <Core = "Cmp">   --->   Core 25 'Cmp' <Latency = 0> <II = 1> <Delay = 1.88> <FuncUnit> <Opcode : 'icmp'> <InPorts = 2> <OutPorts = 1>
ST_3 : Operation 51 [1/1] (1.48ns)   --->   "%j_V = add i11 %t_V_2, 1" [E:/vivado/Vivado/2018.3/common/technology/autopilot/hls/hls_video_imgproc.h:444->E:/vivado/Vivado/2018.3/common/technology/autopilot/hls/hls_video_imgproc.h:1305]   --->   Operation 51 'add' 'j_V' <Predicate = true> <Delay = 1.48> <Core = "AddSub">   --->   Core 14 'AddSub' <Latency = 0> <II = 1> <Delay = 0.63> <FuncUnit> <Opcode : 'add' 'sub'> <InPorts = 2> <OutPorts = 1>
ST_3 : Operation 52 [1/1] (0.00ns)   --->   "%tmp_9 = call i10 @_ssdm_op_PartSelect.i10.i11.i32.i32(i11 %t_V_2, i32 1, i32 10)" [E:/vivado/Vivado/2018.3/common/technology/autopilot/hls/hls_video_imgproc.h:512->E:/vivado/Vivado/2018.3/common/technology/autopilot/hls/hls_video_imgproc.h:1305]   --->   Operation 52 'partselect' 'tmp_9' <Predicate = (!exitcond460_i)> <Delay = 0.00>
ST_3 : Operation 53 [1/1] (1.94ns)   --->   "%icmp1 = icmp ne i10 %tmp_9, 0" [E:/vivado/Vivado/2018.3/common/technology/autopilot/hls/hls_video_imgproc.h:512->E:/vivado/Vivado/2018.3/common/technology/autopilot/hls/hls_video_imgproc.h:1305]   --->   Operation 53 'icmp' 'icmp1' <Predicate = (!exitcond460_i)> <Delay = 1.94> <Core = "Cmp">   --->   Core 25 'Cmp' <Latency = 0> <II = 1> <Delay = 1.88> <FuncUnit> <Opcode : 'icmp'> <InPorts = 2> <OutPorts = 1>
ST_3 : Operation 54 [1/1] (1.48ns)   --->   "%ImagLoc_x = add i12 -1, %t_V_3_cast" [E:/vivado/Vivado/2018.3/common/technology/autopilot/hls/hls_video_imgproc.h:451->E:/vivado/Vivado/2018.3/common/technology/autopilot/hls/hls_video_imgproc.h:1305]   --->   Operation 54 'add' 'ImagLoc_x' <Predicate = (!exitcond460_i)> <Delay = 1.48> <Core = "AddSub">   --->   Core 14 'AddSub' <Latency = 0> <II = 1> <Delay = 0.63> <FuncUnit> <Opcode : 'add' 'sub'> <InPorts = 2> <OutPorts = 1>
ST_3 : Operation 55 [1/1] (0.00ns)   --->   "%tmp_10 = call i1 @_ssdm_op_BitSelect.i1.i12.i32(i12 %ImagLoc_x, i32 11)" [E:/vivado/Vivado/2018.3/common/technology/autopilot/hls/hls_video_imgbase.h:118->E:/vivado/Vivado/2018.3/common/technology/autopilot/hls/hls_video_imgproc.h:452->E:/vivado/Vivado/2018.3/common/technology/autopilot/hls/hls_video_imgproc.h:1305]   --->   Operation 55 'bitselect' 'tmp_10' <Predicate = (!exitcond460_i)> <Delay = 0.00>
ST_3 : Operation 56 [1/1] (0.00ns) (grouped into LUT with out node or_cond_i_i)   --->   "%rev = xor i1 %tmp_10, true" [E:/vivado/Vivado/2018.3/common/technology/autopilot/hls/hls_video_imgbase.h:118->E:/vivado/Vivado/2018.3/common/technology/autopilot/hls/hls_video_imgproc.h:452->E:/vivado/Vivado/2018.3/common/technology/autopilot/hls/hls_video_imgproc.h:1305]   --->   Operation 56 'xor' 'rev' <Predicate = (!exitcond460_i)> <Delay = 0.00> <Core = "LogicGate">   --->   Core 27 'LogicGate' <Latency = 0> <II = 1> <Delay = 0.80> <FuncUnit> <Opcode : 'and' 'or' 'xor'> <InPorts = 2> <OutPorts = 1>
ST_3 : Operation 57 [1/1] (1.82ns)   --->   "%tmp_1 = icmp slt i12 %ImagLoc_x, 1920" [E:/vivado/Vivado/2018.3/common/technology/autopilot/hls/hls_video_imgbase.h:118->E:/vivado/Vivado/2018.3/common/technology/autopilot/hls/hls_video_imgproc.h:452->E:/vivado/Vivado/2018.3/common/technology/autopilot/hls/hls_video_imgproc.h:1305]   --->   Operation 57 'icmp' 'tmp_1' <Predicate = (!exitcond460_i)> <Delay = 1.82> <Core = "Cmp">   --->   Core 25 'Cmp' <Latency = 0> <II = 1> <Delay = 1.88> <FuncUnit> <Opcode : 'icmp'> <InPorts = 2> <OutPorts = 1>
ST_3 : Operation 58 [1/1] (0.80ns) (out node of the LUT)   --->   "%or_cond_i_i = and i1 %tmp_1, %rev" [E:/vivado/Vivado/2018.3/common/technology/autopilot/hls/hls_video_imgbase.h:118->E:/vivado/Vivado/2018.3/common/technology/autopilot/hls/hls_video_imgproc.h:452->E:/vivado/Vivado/2018.3/common/technology/autopilot/hls/hls_video_imgproc.h:1305]   --->   Operation 58 'and' 'or_cond_i_i' <Predicate = (!exitcond460_i)> <Delay = 0.80> <Core = "LogicGate">   --->   Core 27 'LogicGate' <Latency = 0> <II = 1> <Delay = 0.80> <FuncUnit> <Opcode : 'and' 'or' 'xor'> <InPorts = 2> <OutPorts = 1>
ST_3 : Operation 59 [1/1] (0.00ns)   --->   "%tmp_11 = call i1 @_ssdm_op_BitSelect.i1.i12.i32(i12 %ImagLoc_x, i32 11)" [E:/vivado/Vivado/2018.3/common/technology/autopilot/hls/hls_video_imgbase.h:139->E:/vivado/Vivado/2018.3/common/technology/autopilot/hls/hls_video_imgproc.h:452->E:/vivado/Vivado/2018.3/common/technology/autopilot/hls/hls_video_imgproc.h:1305]   --->   Operation 59 'bitselect' 'tmp_11' <Predicate = (!exitcond460_i)> <Delay = 0.00>
ST_3 : Operation 60 [1/1] (1.48ns)   --->   "%p_assign_1 = sub i12 1, %t_V_3_cast" [E:/vivado/Vivado/2018.3/common/technology/autopilot/hls/hls_video_imgbase.h:142->E:/vivado/Vivado/2018.3/common/technology/autopilot/hls/hls_video_imgproc.h:452->E:/vivado/Vivado/2018.3/common/technology/autopilot/hls/hls_video_imgproc.h:1305]   --->   Operation 60 'sub' 'p_assign_1' <Predicate = (!exitcond460_i)> <Delay = 1.48> <Core = "AddSub">   --->   Core 14 'AddSub' <Latency = 0> <II = 1> <Delay = 0.63> <FuncUnit> <Opcode : 'add' 'sub'> <InPorts = 2> <OutPorts = 1>
ST_3 : Operation 61 [1/1] (0.59ns)   --->   "%p_p2_i_i = select i1 %tmp_11, i12 %p_assign_1, i12 %ImagLoc_x" [E:/vivado/Vivado/2018.3/common/technology/autopilot/hls/hls_video_imgbase.h:139->E:/vivado/Vivado/2018.3/common/technology/autopilot/hls/hls_video_imgproc.h:452->E:/vivado/Vivado/2018.3/common/technology/autopilot/hls/hls_video_imgproc.h:1305]   --->   Operation 61 'select' 'p_p2_i_i' <Predicate = (!exitcond460_i)> <Delay = 0.59> <Core = "Sel">   --->   Core 26 'Sel' <Latency = 0> <II = 1> <Delay = 0.44> <FuncUnit> <Opcode : 'select'> <InPorts = 3> <OutPorts = 1>
ST_3 : Operation 62 [1/1] (1.82ns)   --->   "%tmp_2 = icmp slt i12 %p_p2_i_i, 1920" [E:/vivado/Vivado/2018.3/common/technology/autopilot/hls/hls_video_imgbase.h:144->E:/vivado/Vivado/2018.3/common/technology/autopilot/hls/hls_video_imgproc.h:452->E:/vivado/Vivado/2018.3/common/technology/autopilot/hls/hls_video_imgproc.h:1305]   --->   Operation 62 'icmp' 'tmp_2' <Predicate = (!exitcond460_i)> <Delay = 1.82> <Core = "Cmp">   --->   Core 25 'Cmp' <Latency = 0> <II = 1> <Delay = 1.88> <FuncUnit> <Opcode : 'icmp'> <InPorts = 2> <OutPorts = 1>
ST_3 : Operation 63 [1/1] (1.54ns)   --->   "%p_assign_2 = sub i12 -258, %p_p2_i_i" [E:/vivado/Vivado/2018.3/common/technology/autopilot/hls/hls_video_imgbase.h:147->E:/vivado/Vivado/2018.3/common/technology/autopilot/hls/hls_video_imgproc.h:452->E:/vivado/Vivado/2018.3/common/technology/autopilot/hls/hls_video_imgproc.h:1305]   --->   Operation 63 'sub' 'p_assign_2' <Predicate = (!exitcond460_i)> <Delay = 1.54> <Core = "AddSub">   --->   Core 14 'AddSub' <Latency = 0> <II = 1> <Delay = 0.63> <FuncUnit> <Opcode : 'add' 'sub'> <InPorts = 2> <OutPorts = 1>
ST_3 : Operation 64 [1/1] (0.00ns) (grouped into LUT with out node x)   --->   "%p_assign_3 = select i1 %or_cond_i_i, i12 %ImagLoc_x, i12 %p_assign_2" [E:/vivado/Vivado/2018.3/common/technology/autopilot/hls/hls_video_imgbase.h:147->E:/vivado/Vivado/2018.3/common/technology/autopilot/hls/hls_video_imgproc.h:452->E:/vivado/Vivado/2018.3/common/technology/autopilot/hls/hls_video_imgproc.h:1305]   --->   Operation 64 'select' 'p_assign_3' <Predicate = (!exitcond460_i)> <Delay = 0.00> <Core = "Sel">   --->   Core 26 'Sel' <Latency = 0> <II = 1> <Delay = 0.44> <FuncUnit> <Opcode : 'select'> <InPorts = 3> <OutPorts = 1>
ST_3 : Operation 65 [1/1] (0.00ns) (grouped into LUT with out node sel_tmp8)   --->   "%tmp_11_not = xor i1 %tmp_1, true" [E:/vivado/Vivado/2018.3/common/technology/autopilot/hls/hls_video_imgbase.h:118->E:/vivado/Vivado/2018.3/common/technology/autopilot/hls/hls_video_imgproc.h:452->E:/vivado/Vivado/2018.3/common/technology/autopilot/hls/hls_video_imgproc.h:1305]   --->   Operation 65 'xor' 'tmp_11_not' <Predicate = (!exitcond460_i)> <Delay = 0.00> <Core = "LogicGate">   --->   Core 27 'LogicGate' <Latency = 0> <II = 1> <Delay = 0.80> <FuncUnit> <Opcode : 'and' 'or' 'xor'> <InPorts = 2> <OutPorts = 1>
ST_3 : Operation 66 [1/1] (0.00ns) (grouped into LUT with out node sel_tmp8)   --->   "%sel_tmp7 = or i1 %tmp_10, %tmp_11_not" [E:/vivado/Vivado/2018.3/common/technology/autopilot/hls/hls_video_imgbase.h:118->E:/vivado/Vivado/2018.3/common/technology/autopilot/hls/hls_video_imgproc.h:452->E:/vivado/Vivado/2018.3/common/technology/autopilot/hls/hls_video_imgproc.h:1305]   --->   Operation 66 'or' 'sel_tmp7' <Predicate = (!exitcond460_i)> <Delay = 0.00> <Core = "LogicGate">   --->   Core 27 'LogicGate' <Latency = 0> <II = 1> <Delay = 0.80> <FuncUnit> <Opcode : 'and' 'or' 'xor'> <InPorts = 2> <OutPorts = 1>
ST_3 : Operation 67 [1/1] (0.80ns) (out node of the LUT)   --->   "%sel_tmp8 = and i1 %tmp_2, %sel_tmp7" [E:/vivado/Vivado/2018.3/common/technology/autopilot/hls/hls_video_imgbase.h:144->E:/vivado/Vivado/2018.3/common/technology/autopilot/hls/hls_video_imgproc.h:452->E:/vivado/Vivado/2018.3/common/technology/autopilot/hls/hls_video_imgproc.h:1305]   --->   Operation 67 'and' 'sel_tmp8' <Predicate = (!exitcond460_i)> <Delay = 0.80> <Core = "LogicGate">   --->   Core 27 'LogicGate' <Latency = 0> <II = 1> <Delay = 0.80> <FuncUnit> <Opcode : 'and' 'or' 'xor'> <InPorts = 2> <OutPorts = 1>
ST_3 : Operation 68 [1/1] (0.59ns) (out node of the LUT)   --->   "%x = select i1 %sel_tmp8, i12 %p_p2_i_i, i12 %p_assign_3" [E:/vivado/Vivado/2018.3/common/technology/autopilot/hls/hls_video_imgbase.h:147->E:/vivado/Vivado/2018.3/common/technology/autopilot/hls/hls_video_imgproc.h:452->E:/vivado/Vivado/2018.3/common/technology/autopilot/hls/hls_video_imgproc.h:1305]   --->   Operation 68 'select' 'x' <Predicate = (!exitcond460_i)> <Delay = 0.59> <Core = "Sel">   --->   Core 26 'Sel' <Latency = 0> <II = 1> <Delay = 0.44> <FuncUnit> <Opcode : 'select'> <InPorts = 3> <OutPorts = 1>
ST_3 : Operation 69 [1/1] (0.00ns)   --->   "%tmp_12 = trunc i12 %x to i2" [E:/vivado/Vivado/2018.3/common/technology/autopilot/hls/hls_video_mem.h:493->E:/vivado/Vivado/2018.3/common/technology/autopilot/hls/hls_video_mem.h:501->E:/vivado/Vivado/2018.3/common/technology/autopilot/hls/hls_video_imgproc.h:458->E:/vivado/Vivado/2018.3/common/technology/autopilot/hls/hls_video_imgproc.h:1305]   --->   Operation 69 'trunc' 'tmp_12' <Predicate = (!exitcond460_i)> <Delay = 0.00>
ST_3 : Operation 70 [1/1] (0.80ns)   --->   "%brmerge = or i1 %tmp_1, %tmp_98_0_not" [E:/vivado/Vivado/2018.3/common/technology/autopilot/hls/hls_video_imgproc.h:457->E:/vivado/Vivado/2018.3/common/technology/autopilot/hls/hls_video_imgproc.h:1305]   --->   Operation 70 'or' 'brmerge' <Predicate = (!exitcond460_i)> <Delay = 0.80> <Core = "LogicGate">   --->   Core 27 'LogicGate' <Latency = 0> <II = 1> <Delay = 0.80> <FuncUnit> <Opcode : 'and' 'or' 'xor'> <InPorts = 2> <OutPorts = 1>
ST_3 : Operation 71 [1/1] (0.00ns)   --->   "br i1 %or_cond_i_i, label %3, label %._crit_edge478.i_ifconv" [E:/vivado/Vivado/2018.3/common/technology/autopilot/hls/hls_video_imgproc.h:465->E:/vivado/Vivado/2018.3/common/technology/autopilot/hls/hls_video_imgproc.h:1305]   --->   Operation 71 'br' <Predicate = (!exitcond460_i)> <Delay = 0.00>
ST_3 : Operation 72 [1/1] (0.00ns)   --->   "br i1 %icmp, label %4, label %borderInterpolate.exit495.i.0" [E:/vivado/Vivado/2018.3/common/technology/autopilot/hls/hls_video_imgproc.h:466->E:/vivado/Vivado/2018.3/common/technology/autopilot/hls/hls_video_imgproc.h:1305]   --->   Operation 72 'br' <Predicate = (!exitcond460_i & or_cond_i_i)> <Delay = 0.00>
ST_3 : Operation 73 [1/1] (0.00ns)   --->   "br i1 %tmp_3, label %"operator().exit538.i.0", label %._crit_edge480.i.0" [E:/vivado/Vivado/2018.3/common/technology/autopilot/hls/hls_video_imgproc.h:471->E:/vivado/Vivado/2018.3/common/technology/autopilot/hls/hls_video_imgproc.h:1305]   --->   Operation 73 'br' <Predicate = (!exitcond460_i & or_cond_i_i & !icmp)> <Delay = 0.00>
ST_3 : Operation 74 [1/1] (0.00ns)   --->   "br i1 %tmp_142_1, label %"operator().exit538.i.1", label %._crit_edge480.i.1" [E:/vivado/Vivado/2018.3/common/technology/autopilot/hls/hls_video_imgproc.h:471->E:/vivado/Vivado/2018.3/common/technology/autopilot/hls/hls_video_imgproc.h:1305]   --->   Operation 74 'br' <Predicate = (!exitcond460_i & or_cond_i_i & !icmp)> <Delay = 0.00>
ST_3 : Operation 75 [1/1] (0.00ns)   --->   "br i1 %tmp_3, label %"operator().exit538.i.2", label %._crit_edge480.i.2" [E:/vivado/Vivado/2018.3/common/technology/autopilot/hls/hls_video_imgproc.h:471->E:/vivado/Vivado/2018.3/common/technology/autopilot/hls/hls_video_imgproc.h:1305]   --->   Operation 75 'br' <Predicate = (!exitcond460_i & or_cond_i_i & !icmp)> <Delay = 0.00>
ST_3 : Operation 76 [1/1] (0.00ns)   --->   "br label %._crit_edge478.i_ifconv"   --->   Operation 76 'br' <Predicate = (!exitcond460_i & or_cond_i_i & !icmp)> <Delay = 0.00>
ST_3 : Operation 77 [1/1] (0.00ns)   --->   "br i1 %tmp_s, label %.preheader462.i.preheader.0, label %._crit_edge478.i_ifconv" [E:/vivado/Vivado/2018.3/common/technology/autopilot/hls/hls_video_imgproc.h:475->E:/vivado/Vivado/2018.3/common/technology/autopilot/hls/hls_video_imgproc.h:1305]   --->   Operation 77 'br' <Predicate = (!exitcond460_i & or_cond_i_i & icmp)> <Delay = 0.00>
ST_3 : Operation 78 [1/1] (0.80ns)   --->   "%or_cond_i = and i1 %icmp, %icmp1" [E:/vivado/Vivado/2018.3/common/technology/autopilot/hls/hls_video_imgproc.h:512->E:/vivado/Vivado/2018.3/common/technology/autopilot/hls/hls_video_imgproc.h:1305]   --->   Operation 78 'and' 'or_cond_i' <Predicate = (!exitcond460_i)> <Delay = 0.80> <Core = "LogicGate">   --->   Core 27 'LogicGate' <Latency = 0> <II = 1> <Delay = 0.80> <FuncUnit> <Opcode : 'and' 'or' 'xor'> <InPorts = 2> <OutPorts = 1>
ST_3 : Operation 79 [1/1] (0.00ns)   --->   "br i1 %or_cond_i, label %.preheader.0, label %._crit_edge485.i" [E:/vivado/Vivado/2018.3/common/technology/autopilot/hls/hls_video_imgproc.h:512->E:/vivado/Vivado/2018.3/common/technology/autopilot/hls/hls_video_imgproc.h:1305]   --->   Operation 79 'br' <Predicate = (!exitcond460_i)> <Delay = 0.00>

State 4 <SV = 3> <Delay = 2.77>
ST_4 : Operation 80 [1/1] (0.00ns)   --->   "br i1 %exitcond460_i, label %5, label %.critedge.i_ifconv" [E:/vivado/Vivado/2018.3/common/technology/autopilot/hls/hls_video_imgproc.h:444->E:/vivado/Vivado/2018.3/common/technology/autopilot/hls/hls_video_imgproc.h:1305]   --->   Operation 80 'br' <Predicate = true> <Delay = 0.00>
ST_4 : Operation 81 [1/1] (0.00ns)   --->   "%col_assign_cast8 = sext i12 %x to i32" [E:/vivado/Vivado/2018.3/common/technology/autopilot/hls/hls_video_mem.h:634->E:/vivado/Vivado/2018.3/common/technology/autopilot/hls/hls_video_mem.h:843->E:/vivado/Vivado/2018.3/common/technology/autopilot/hls/hls_video_imgproc.h:472->E:/vivado/Vivado/2018.3/common/technology/autopilot/hls/hls_video_imgproc.h:1305]   --->   Operation 81 'sext' 'col_assign_cast8' <Predicate = (!exitcond460_i)> <Delay = 0.00>
ST_4 : Operation 82 [1/1] (0.00ns)   --->   "%tmp_4 = zext i32 %col_assign_cast8 to i64" [E:/vivado/Vivado/2018.3/common/technology/autopilot/hls/hls_video_mem.h:835->E:/vivado/Vivado/2018.3/common/technology/autopilot/hls/hls_video_mem.h:843->E:/vivado/Vivado/2018.3/common/technology/autopilot/hls/hls_video_imgproc.h:460->E:/vivado/Vivado/2018.3/common/technology/autopilot/hls/hls_video_imgproc.h:1305]   --->   Operation 82 'zext' 'tmp_4' <Predicate = (!exitcond460_i)> <Delay = 0.00>
ST_4 : Operation 83 [1/1] (0.00ns)   --->   "%k_buf_0_val_3_addr = getelementptr [1920 x i8]* %k_buf_0_val_3, i64 0, i64 %tmp_4" [E:/vivado/Vivado/2018.3/common/technology/autopilot/hls/hls_video_mem.h:835->E:/vivado/Vivado/2018.3/common/technology/autopilot/hls/hls_video_mem.h:843->E:/vivado/Vivado/2018.3/common/technology/autopilot/hls/hls_video_imgproc.h:460->E:/vivado/Vivado/2018.3/common/technology/autopilot/hls/hls_video_imgproc.h:1305]   --->   Operation 83 'getelementptr' 'k_buf_0_val_3_addr' <Predicate = (!exitcond460_i)> <Delay = 0.00>
ST_4 : Operation 84 [2/2] (2.77ns)   --->   "%k_buf_0_val_3_load = load i8* %k_buf_0_val_3_addr, align 1" [E:/vivado/Vivado/2018.3/common/technology/autopilot/hls/hls_video_imgproc.h:460->E:/vivado/Vivado/2018.3/common/technology/autopilot/hls/hls_video_imgproc.h:1305]   --->   Operation 84 'load' 'k_buf_0_val_3_load' <Predicate = (!exitcond460_i)> <Delay = 2.77> <Core = "RAM">   --->   Core 37 'RAM' <Latency = 1> <II = 1> <Delay = 2.77> <Storage> <Opcode : 'load' 'store'> <Ports = 2> <Width = 8> <Depth = 1920> <RAM>
ST_4 : Operation 85 [1/1] (0.00ns)   --->   "%k_buf_0_val_4_addr = getelementptr [1920 x i8]* %k_buf_0_val_4, i64 0, i64 %tmp_4" [E:/vivado/Vivado/2018.3/common/technology/autopilot/hls/hls_video_mem.h:835->E:/vivado/Vivado/2018.3/common/technology/autopilot/hls/hls_video_mem.h:843->E:/vivado/Vivado/2018.3/common/technology/autopilot/hls/hls_video_imgproc.h:460->E:/vivado/Vivado/2018.3/common/technology/autopilot/hls/hls_video_imgproc.h:1305]   --->   Operation 85 'getelementptr' 'k_buf_0_val_4_addr' <Predicate = (!exitcond460_i)> <Delay = 0.00>
ST_4 : Operation 86 [2/2] (2.77ns)   --->   "%k_buf_0_val_4_load = load i8* %k_buf_0_val_4_addr, align 1" [E:/vivado/Vivado/2018.3/common/technology/autopilot/hls/hls_video_imgproc.h:460->E:/vivado/Vivado/2018.3/common/technology/autopilot/hls/hls_video_imgproc.h:1305]   --->   Operation 86 'load' 'k_buf_0_val_4_load' <Predicate = (!exitcond460_i)> <Delay = 2.77> <Core = "RAM">   --->   Core 37 'RAM' <Latency = 1> <II = 1> <Delay = 2.77> <Storage> <Opcode : 'load' 'store'> <Ports = 2> <Width = 8> <Depth = 1920> <RAM>
ST_4 : Operation 87 [1/1] (0.00ns)   --->   "%k_buf_0_val_5_addr = getelementptr [1920 x i8]* %k_buf_0_val_5, i64 0, i64 %tmp_4" [E:/vivado/Vivado/2018.3/common/technology/autopilot/hls/hls_video_mem.h:835->E:/vivado/Vivado/2018.3/common/technology/autopilot/hls/hls_video_mem.h:843->E:/vivado/Vivado/2018.3/common/technology/autopilot/hls/hls_video_imgproc.h:460->E:/vivado/Vivado/2018.3/common/technology/autopilot/hls/hls_video_imgproc.h:1305]   --->   Operation 87 'getelementptr' 'k_buf_0_val_5_addr' <Predicate = (!exitcond460_i)> <Delay = 0.00>
ST_4 : Operation 88 [2/2] (2.77ns)   --->   "%k_buf_0_val_5_load = load i8* %k_buf_0_val_5_addr, align 1" [E:/vivado/Vivado/2018.3/common/technology/autopilot/hls/hls_video_imgproc.h:460->E:/vivado/Vivado/2018.3/common/technology/autopilot/hls/hls_video_imgproc.h:1305]   --->   Operation 88 'load' 'k_buf_0_val_5_load' <Predicate = (!exitcond460_i & brmerge)> <Delay = 2.77> <Core = "RAM">   --->   Core 37 'RAM' <Latency = 1> <II = 1> <Delay = 2.77> <Storage> <Opcode : 'load' 'store'> <Ports = 2> <Width = 8> <Depth = 1920> <RAM>

State 5 <SV = 4> <Delay = 5.68>
ST_5 : Operation 89 [1/1] (0.00ns)   --->   "%right_border_buf_0_6 = load i8* %right_border_buf_0_5"   --->   Operation 89 'load' 'right_border_buf_0_6' <Predicate = true> <Delay = 0.00>
ST_5 : Operation 90 [1/1] (0.00ns)   --->   "call void (...)* @_ssdm_op_SpecLoopTripCount(i64 1922, i64 1922, i64 1922)"   --->   Operation 90 'speclooptripcount' <Predicate = true> <Delay = 0.00>
ST_5 : Operation 91 [1/1] (0.00ns)   --->   "%right_border_buf_0_7 = load i8* %right_border_buf_0_s" [E:/vivado/Vivado/2018.3/common/technology/autopilot/hls/hls_video_imgproc.h:458->E:/vivado/Vivado/2018.3/common/technology/autopilot/hls/hls_video_imgproc.h:1305]   --->   Operation 91 'load' 'right_border_buf_0_7' <Predicate = (!exitcond460_i & !brmerge)> <Delay = 0.00>
ST_5 : Operation 92 [1/1] (0.00ns)   --->   "%right_border_buf_0_8 = load i8* %right_border_buf_0_1" [E:/vivado/Vivado/2018.3/common/technology/autopilot/hls/hls_video_imgproc.h:458->E:/vivado/Vivado/2018.3/common/technology/autopilot/hls/hls_video_imgproc.h:1305]   --->   Operation 92 'load' 'right_border_buf_0_8' <Predicate = (!exitcond460_i & !brmerge)> <Delay = 0.00>
ST_5 : Operation 93 [1/1] (0.00ns)   --->   "%right_border_buf_0_9 = load i8* %right_border_buf_0_2" [E:/vivado/Vivado/2018.3/common/technology/autopilot/hls/hls_video_imgproc.h:458->E:/vivado/Vivado/2018.3/common/technology/autopilot/hls/hls_video_imgproc.h:1305]   --->   Operation 93 'load' 'right_border_buf_0_9' <Predicate = (!exitcond460_i & !brmerge)> <Delay = 0.00>
ST_5 : Operation 94 [1/1] (0.00ns)   --->   "%right_border_buf_0_10 = load i8* %right_border_buf_0_3" [E:/vivado/Vivado/2018.3/common/technology/autopilot/hls/hls_video_imgproc.h:458->E:/vivado/Vivado/2018.3/common/technology/autopilot/hls/hls_video_imgproc.h:1305]   --->   Operation 94 'load' 'right_border_buf_0_10' <Predicate = (!exitcond460_i & !brmerge)> <Delay = 0.00>
ST_5 : Operation 95 [1/1] (0.00ns)   --->   "%right_border_buf_0_11 = load i8* %right_border_buf_0_4" [E:/vivado/Vivado/2018.3/common/technology/autopilot/hls/hls_video_imgproc.h:458->E:/vivado/Vivado/2018.3/common/technology/autopilot/hls/hls_video_imgproc.h:1305]   --->   Operation 95 'load' 'right_border_buf_0_11' <Predicate = (!exitcond460_i & !brmerge)> <Delay = 0.00>
ST_5 : Operation 96 [1/1] (0.80ns)   --->   "%col_assign_1 = xor i2 %tmp_12, -1" [E:/vivado/Vivado/2018.3/common/technology/autopilot/hls/hls_video_mem.h:493->E:/vivado/Vivado/2018.3/common/technology/autopilot/hls/hls_video_mem.h:501->E:/vivado/Vivado/2018.3/common/technology/autopilot/hls/hls_video_imgproc.h:458->E:/vivado/Vivado/2018.3/common/technology/autopilot/hls/hls_video_imgproc.h:1305]   --->   Operation 96 'xor' 'col_assign_1' <Predicate = (!exitcond460_i)> <Delay = 0.80> <Core = "LogicGate">   --->   Core 27 'LogicGate' <Latency = 0> <II = 1> <Delay = 0.80> <FuncUnit> <Opcode : 'and' 'or' 'xor'> <InPorts = 2> <OutPorts = 1>
ST_5 : Operation 97 [1/2] (2.77ns)   --->   "%k_buf_0_val_3_load = load i8* %k_buf_0_val_3_addr, align 1" [E:/vivado/Vivado/2018.3/common/technology/autopilot/hls/hls_video_imgproc.h:460->E:/vivado/Vivado/2018.3/common/technology/autopilot/hls/hls_video_imgproc.h:1305]   --->   Operation 97 'load' 'k_buf_0_val_3_load' <Predicate = (!exitcond460_i)> <Delay = 2.77> <Core = "RAM">   --->   Core 37 'RAM' <Latency = 1> <II = 1> <Delay = 2.77> <Storage> <Opcode : 'load' 'store'> <Ports = 2> <Width = 8> <Depth = 1920> <RAM>
ST_5 : Operation 98 [1/1] (1.35ns)   --->   "%tmp_13 = call i8 @_ssdm_op_Mux.ap_auto.3i8.i2(i8 %right_border_buf_0_7, i8 %right_border_buf_0_8, i8 undef, i2 %col_assign_1)" [E:/vivado/Vivado/2018.3/common/technology/autopilot/hls/hls_video_imgproc.h:458->E:/vivado/Vivado/2018.3/common/technology/autopilot/hls/hls_video_imgproc.h:1305]   --->   Operation 98 'mux' 'tmp_13' <Predicate = (!exitcond460_i & !brmerge)> <Delay = 1.35> <Core = "MuxnS">   --->   Core 31 'MuxnS' <Latency = 0> <II = 1> <Delay = 1.35> <FuncUnit> <Opcode : 'mux'> <InPorts = 2> <OutPorts = 1>
ST_5 : Operation 99 [1/1] (0.44ns)   --->   "%col_buf_0_val_0_0 = select i1 %brmerge, i8 %k_buf_0_val_3_load, i8 %tmp_13" [E:/vivado/Vivado/2018.3/common/technology/autopilot/hls/hls_video_imgproc.h:458->E:/vivado/Vivado/2018.3/common/technology/autopilot/hls/hls_video_imgproc.h:1305]   --->   Operation 99 'select' 'col_buf_0_val_0_0' <Predicate = (!exitcond460_i)> <Delay = 0.44> <Core = "Sel">   --->   Core 26 'Sel' <Latency = 0> <II = 1> <Delay = 0.44> <FuncUnit> <Opcode : 'select'> <InPorts = 3> <OutPorts = 1>
ST_5 : Operation 100 [1/2] (2.77ns)   --->   "%k_buf_0_val_4_load = load i8* %k_buf_0_val_4_addr, align 1" [E:/vivado/Vivado/2018.3/common/technology/autopilot/hls/hls_video_imgproc.h:460->E:/vivado/Vivado/2018.3/common/technology/autopilot/hls/hls_video_imgproc.h:1305]   --->   Operation 100 'load' 'k_buf_0_val_4_load' <Predicate = (!exitcond460_i)> <Delay = 2.77> <Core = "RAM">   --->   Core 37 'RAM' <Latency = 1> <II = 1> <Delay = 2.77> <Storage> <Opcode : 'load' 'store'> <Ports = 2> <Width = 8> <Depth = 1920> <RAM>
ST_5 : Operation 101 [1/1] (1.35ns)   --->   "%tmp_14 = call i8 @_ssdm_op_Mux.ap_auto.3i8.i2(i8 %right_border_buf_0_10, i8 %right_border_buf_0_11, i8 undef, i2 %col_assign_1)" [E:/vivado/Vivado/2018.3/common/technology/autopilot/hls/hls_video_imgproc.h:458->E:/vivado/Vivado/2018.3/common/technology/autopilot/hls/hls_video_imgproc.h:1305]   --->   Operation 101 'mux' 'tmp_14' <Predicate = (!exitcond460_i & !brmerge)> <Delay = 1.35> <Core = "MuxnS">   --->   Core 31 'MuxnS' <Latency = 0> <II = 1> <Delay = 1.35> <FuncUnit> <Opcode : 'mux'> <InPorts = 2> <OutPorts = 1>
ST_5 : Operation 102 [1/1] (0.44ns)   --->   "%col_buf_0_val_1_0 = select i1 %brmerge, i8 %k_buf_0_val_4_load, i8 %tmp_14" [E:/vivado/Vivado/2018.3/common/technology/autopilot/hls/hls_video_imgproc.h:458->E:/vivado/Vivado/2018.3/common/technology/autopilot/hls/hls_video_imgproc.h:1305]   --->   Operation 102 'select' 'col_buf_0_val_1_0' <Predicate = (!exitcond460_i)> <Delay = 0.44> <Core = "Sel">   --->   Core 26 'Sel' <Latency = 0> <II = 1> <Delay = 0.44> <FuncUnit> <Opcode : 'select'> <InPorts = 3> <OutPorts = 1>
ST_5 : Operation 103 [1/2] (2.77ns)   --->   "%k_buf_0_val_5_load = load i8* %k_buf_0_val_5_addr, align 1" [E:/vivado/Vivado/2018.3/common/technology/autopilot/hls/hls_video_imgproc.h:460->E:/vivado/Vivado/2018.3/common/technology/autopilot/hls/hls_video_imgproc.h:1305]   --->   Operation 103 'load' 'k_buf_0_val_5_load' <Predicate = (!exitcond460_i & brmerge)> <Delay = 2.77> <Core = "RAM">   --->   Core 37 'RAM' <Latency = 1> <II = 1> <Delay = 2.77> <Storage> <Opcode : 'load' 'store'> <Ports = 2> <Width = 8> <Depth = 1920> <RAM>
ST_5 : Operation 104 [1/1] (1.35ns)   --->   "%tmp_15 = call i8 @_ssdm_op_Mux.ap_auto.3i8.i2(i8 %right_border_buf_0_6, i8 %right_border_buf_0_9, i8 undef, i2 %col_assign_1)" [E:/vivado/Vivado/2018.3/common/technology/autopilot/hls/hls_video_imgproc.h:458->E:/vivado/Vivado/2018.3/common/technology/autopilot/hls/hls_video_imgproc.h:1305]   --->   Operation 104 'mux' 'tmp_15' <Predicate = (!exitcond460_i & !brmerge)> <Delay = 1.35> <Core = "MuxnS">   --->   Core 31 'MuxnS' <Latency = 0> <II = 1> <Delay = 1.35> <FuncUnit> <Opcode : 'mux'> <InPorts = 2> <OutPorts = 1>
ST_5 : Operation 105 [1/1] (0.44ns)   --->   "%col_buf_0_val_2_0 = select i1 %brmerge, i8 %k_buf_0_val_5_load, i8 %tmp_15" [E:/vivado/Vivado/2018.3/common/technology/autopilot/hls/hls_video_imgproc.h:458->E:/vivado/Vivado/2018.3/common/technology/autopilot/hls/hls_video_imgproc.h:1305]   --->   Operation 105 'select' 'col_buf_0_val_2_0' <Predicate = (!exitcond460_i)> <Delay = 0.44> <Core = "Sel">   --->   Core 26 'Sel' <Latency = 0> <II = 1> <Delay = 0.44> <FuncUnit> <Opcode : 'select'> <InPorts = 3> <OutPorts = 1>
ST_5 : Operation 106 [1/1] (2.91ns)   --->   "%tmp_26 = call i8 @_ssdm_op_Read.ap_fifo.volatile.i8P(i8* %p_src_data_stream_V)" [E:/vivado/Vivado/2018.3/common/technology/autopilot/hls/hls_video_imgproc.h:468->E:/vivado/Vivado/2018.3/common/technology/autopilot/hls/hls_video_imgproc.h:1305]   --->   Operation 106 'read' 'tmp_26' <Predicate = (!exitcond460_i & or_cond_i_i & !icmp)> <Delay = 2.91> <Core = "FIFO">   --->   Core 32 'FIFO' <Latency = 0> <II = 1> <Delay = 3.40> <Storage> <Opcode : 'read' 'write' 'nbread' 'nbwrite'> <Ports = 0> <Width = 8> <Depth = 2> <FIFO>
ST_5 : Operation 107 [1/1] (2.77ns)   --->   "store i8 %tmp_26, i8* %k_buf_0_val_5_addr, align 1" [E:/vivado/Vivado/2018.3/common/technology/autopilot/hls/hls_video_imgproc.h:472->E:/vivado/Vivado/2018.3/common/technology/autopilot/hls/hls_video_imgproc.h:1305]   --->   Operation 107 'store' <Predicate = (!exitcond460_i & or_cond_i_i & !icmp & tmp_3)> <Delay = 2.77> <Core = "RAM">   --->   Core 37 'RAM' <Latency = 1> <II = 1> <Delay = 2.77> <Storage> <Opcode : 'load' 'store'> <Ports = 2> <Width = 8> <Depth = 1920> <RAM>
ST_5 : Operation 108 [1/1] (0.00ns)   --->   "br label %._crit_edge480.i.0" [E:/vivado/Vivado/2018.3/common/technology/autopilot/hls/hls_video_imgproc.h:473->E:/vivado/Vivado/2018.3/common/technology/autopilot/hls/hls_video_imgproc.h:1305]   --->   Operation 108 'br' <Predicate = (!exitcond460_i & or_cond_i_i & !icmp & tmp_3)> <Delay = 0.00>
ST_5 : Operation 109 [1/1] (2.77ns)   --->   "store i8 %tmp_26, i8* %k_buf_0_val_4_addr, align 1" [E:/vivado/Vivado/2018.3/common/technology/autopilot/hls/hls_video_imgproc.h:472->E:/vivado/Vivado/2018.3/common/technology/autopilot/hls/hls_video_imgproc.h:1305]   --->   Operation 109 'store' <Predicate = (!exitcond460_i & or_cond_i_i & !icmp & tmp_142_1)> <Delay = 2.77> <Core = "RAM">   --->   Core 37 'RAM' <Latency = 1> <II = 1> <Delay = 2.77> <Storage> <Opcode : 'load' 'store'> <Ports = 2> <Width = 8> <Depth = 1920> <RAM>
ST_5 : Operation 110 [1/1] (0.00ns)   --->   "br label %._crit_edge480.i.1" [E:/vivado/Vivado/2018.3/common/technology/autopilot/hls/hls_video_imgproc.h:473->E:/vivado/Vivado/2018.3/common/technology/autopilot/hls/hls_video_imgproc.h:1305]   --->   Operation 110 'br' <Predicate = (!exitcond460_i & or_cond_i_i & !icmp & tmp_142_1)> <Delay = 0.00>
ST_5 : Operation 111 [1/1] (2.77ns)   --->   "store i8 %tmp_26, i8* %k_buf_0_val_3_addr, align 1" [E:/vivado/Vivado/2018.3/common/technology/autopilot/hls/hls_video_imgproc.h:472->E:/vivado/Vivado/2018.3/common/technology/autopilot/hls/hls_video_imgproc.h:1305]   --->   Operation 111 'store' <Predicate = (!exitcond460_i & or_cond_i_i & !icmp & tmp_3)> <Delay = 2.77> <Core = "RAM">   --->   Core 37 'RAM' <Latency = 1> <II = 1> <Delay = 2.77> <Storage> <Opcode : 'load' 'store'> <Ports = 2> <Width = 8> <Depth = 1920> <RAM>
ST_5 : Operation 112 [1/1] (0.00ns)   --->   "br label %._crit_edge480.i.2" [E:/vivado/Vivado/2018.3/common/technology/autopilot/hls/hls_video_imgproc.h:473->E:/vivado/Vivado/2018.3/common/technology/autopilot/hls/hls_video_imgproc.h:1305]   --->   Operation 112 'br' <Predicate = (!exitcond460_i & or_cond_i_i & !icmp & tmp_3)> <Delay = 0.00>
ST_5 : Operation 113 [1/1] (0.00ns)   --->   "%right_border_buf_0_12 = load i8* %right_border_buf_0_s" [E:/vivado/Vivado/2018.3/common/technology/autopilot/hls/hls_video_imgproc.h:481->E:/vivado/Vivado/2018.3/common/technology/autopilot/hls/hls_video_imgproc.h:1305]   --->   Operation 113 'load' 'right_border_buf_0_12' <Predicate = (!exitcond460_i & or_cond_i_i & icmp & tmp_s)> <Delay = 0.00>
ST_5 : Operation 114 [1/1] (0.00ns)   --->   "%right_border_buf_0_13 = load i8* %right_border_buf_0_3" [E:/vivado/Vivado/2018.3/common/technology/autopilot/hls/hls_video_imgproc.h:481->E:/vivado/Vivado/2018.3/common/technology/autopilot/hls/hls_video_imgproc.h:1305]   --->   Operation 114 'load' 'right_border_buf_0_13' <Predicate = (!exitcond460_i & or_cond_i_i & icmp & tmp_s)> <Delay = 0.00>
ST_5 : Operation 115 [1/1] (2.77ns)   --->   "store i8 %k_buf_0_val_4_load, i8* %k_buf_0_val_5_addr, align 1" [E:/vivado/Vivado/2018.3/common/technology/autopilot/hls/hls_video_imgproc.h:489->E:/vivado/Vivado/2018.3/common/technology/autopilot/hls/hls_video_imgproc.h:1305]   --->   Operation 115 'store' <Predicate = (!exitcond460_i & or_cond_i_i & icmp & tmp_s)> <Delay = 2.77> <Core = "RAM">   --->   Core 37 'RAM' <Latency = 1> <II = 1> <Delay = 2.77> <Storage> <Opcode : 'load' 'store'> <Ports = 2> <Width = 8> <Depth = 1920> <RAM>
ST_5 : Operation 116 [1/1] (2.77ns)   --->   "store i8 %k_buf_0_val_3_load, i8* %k_buf_0_val_4_addr, align 1" [E:/vivado/Vivado/2018.3/common/technology/autopilot/hls/hls_video_imgproc.h:489->E:/vivado/Vivado/2018.3/common/technology/autopilot/hls/hls_video_imgproc.h:1305]   --->   Operation 116 'store' <Predicate = (!exitcond460_i & or_cond_i_i & icmp & tmp_s)> <Delay = 2.77> <Core = "RAM">   --->   Core 37 'RAM' <Latency = 1> <II = 1> <Delay = 2.77> <Storage> <Opcode : 'load' 'store'> <Ports = 2> <Width = 8> <Depth = 1920> <RAM>
ST_5 : Operation 117 [1/1] (2.91ns)   --->   "%tmp_17 = call i8 @_ssdm_op_Read.ap_fifo.volatile.i8P(i8* %p_src_data_stream_V)" [E:/vivado/Vivado/2018.3/common/technology/autopilot/hls/hls_video_imgproc.h:493->E:/vivado/Vivado/2018.3/common/technology/autopilot/hls/hls_video_imgproc.h:1305]   --->   Operation 117 'read' 'tmp_17' <Predicate = (!exitcond460_i & or_cond_i_i & icmp & tmp_s)> <Delay = 2.91> <Core = "FIFO">   --->   Core 32 'FIFO' <Latency = 0> <II = 1> <Delay = 3.40> <Storage> <Opcode : 'read' 'write' 'nbread' 'nbwrite'> <Ports = 0> <Width = 8> <Depth = 2> <FIFO>
ST_5 : Operation 118 [1/1] (2.77ns)   --->   "store i8 %tmp_17, i8* %k_buf_0_val_3_addr, align 1" [E:/vivado/Vivado/2018.3/common/technology/autopilot/hls/hls_video_imgproc.h:493->E:/vivado/Vivado/2018.3/common/technology/autopilot/hls/hls_video_imgproc.h:1305]   --->   Operation 118 'store' <Predicate = (!exitcond460_i & or_cond_i_i & icmp & tmp_s)> <Delay = 2.77> <Core = "RAM">   --->   Core 37 'RAM' <Latency = 1> <II = 1> <Delay = 2.77> <Storage> <Opcode : 'load' 'store'> <Ports = 2> <Width = 8> <Depth = 1920> <RAM>
ST_5 : Operation 119 [1/1] (0.00ns)   --->   "store i8 %col_buf_0_val_2_0, i8* %right_border_buf_0_5" [E:/vivado/Vivado/2018.3/common/technology/autopilot/hls/hls_video_imgproc.h:484->E:/vivado/Vivado/2018.3/common/technology/autopilot/hls/hls_video_imgproc.h:1305]   --->   Operation 119 'store' <Predicate = (!exitcond460_i & or_cond_i_i & icmp & tmp_s)> <Delay = 0.00>
ST_5 : Operation 120 [1/1] (0.00ns)   --->   "store i8 %right_border_buf_0_13, i8* %right_border_buf_0_4" [E:/vivado/Vivado/2018.3/common/technology/autopilot/hls/hls_video_imgproc.h:481->E:/vivado/Vivado/2018.3/common/technology/autopilot/hls/hls_video_imgproc.h:1305]   --->   Operation 120 'store' <Predicate = (!exitcond460_i & or_cond_i_i & icmp & tmp_s)> <Delay = 0.00>
ST_5 : Operation 121 [1/1] (0.00ns)   --->   "store i8 %col_buf_0_val_1_0, i8* %right_border_buf_0_3" [E:/vivado/Vivado/2018.3/common/technology/autopilot/hls/hls_video_imgproc.h:484->E:/vivado/Vivado/2018.3/common/technology/autopilot/hls/hls_video_imgproc.h:1305]   --->   Operation 121 'store' <Predicate = (!exitcond460_i & or_cond_i_i & icmp & tmp_s)> <Delay = 0.00>
ST_5 : Operation 122 [1/1] (0.00ns)   --->   "store i8 %right_border_buf_0_6, i8* %right_border_buf_0_2" [E:/vivado/Vivado/2018.3/common/technology/autopilot/hls/hls_video_imgproc.h:481->E:/vivado/Vivado/2018.3/common/technology/autopilot/hls/hls_video_imgproc.h:1305]   --->   Operation 122 'store' <Predicate = (!exitcond460_i & or_cond_i_i & icmp & tmp_s)> <Delay = 0.00>
ST_5 : Operation 123 [1/1] (0.00ns)   --->   "store i8 %right_border_buf_0_12, i8* %right_border_buf_0_1" [E:/vivado/Vivado/2018.3/common/technology/autopilot/hls/hls_video_imgproc.h:481->E:/vivado/Vivado/2018.3/common/technology/autopilot/hls/hls_video_imgproc.h:1305]   --->   Operation 123 'store' <Predicate = (!exitcond460_i & or_cond_i_i & icmp & tmp_s)> <Delay = 0.00>
ST_5 : Operation 124 [1/1] (0.00ns)   --->   "store i8 %col_buf_0_val_0_0, i8* %right_border_buf_0_s" [E:/vivado/Vivado/2018.3/common/technology/autopilot/hls/hls_video_imgproc.h:484->E:/vivado/Vivado/2018.3/common/technology/autopilot/hls/hls_video_imgproc.h:1305]   --->   Operation 124 'store' <Predicate = (!exitcond460_i & or_cond_i_i & icmp & tmp_s)> <Delay = 0.00>
ST_5 : Operation 125 [1/1] (0.00ns)   --->   "br label %._crit_edge478.i_ifconv" [E:/vivado/Vivado/2018.3/common/technology/autopilot/hls/hls_video_imgproc.h:495->E:/vivado/Vivado/2018.3/common/technology/autopilot/hls/hls_video_imgproc.h:1305]   --->   Operation 125 'br' <Predicate = (!exitcond460_i & or_cond_i_i & icmp & tmp_s)> <Delay = 0.00>
ST_5 : Operation 126 [1/1] (1.35ns)   --->   "%tmp_16 = call i8 @_ssdm_op_Mux.ap_auto.3i8.i2(i8 %col_buf_0_val_0_0, i8 %col_buf_0_val_1_0, i8 %col_buf_0_val_2_0, i2 %tmp_8)" [E:/vivado/Vivado/2018.3/common/technology/autopilot/hls/hls_video_imgproc.h:507->E:/vivado/Vivado/2018.3/common/technology/autopilot/hls/hls_video_imgproc.h:1305]   --->   Operation 126 'mux' 'tmp_16' <Predicate = (!exitcond460_i & tmp_5)> <Delay = 1.35> <Core = "MuxnS">   --->   Core 31 'MuxnS' <Latency = 0> <II = 1> <Delay = 1.35> <FuncUnit> <Opcode : 'mux'> <InPorts = 2> <OutPorts = 1>
ST_5 : Operation 127 [1/1] (0.44ns)   --->   "%src_kernel_win_0_va_6 = select i1 %tmp_5, i8 %tmp_16, i8 %col_buf_0_val_0_0" [E:/vivado/Vivado/2018.3/common/technology/autopilot/hls/hls_video_imgproc.h:458->E:/vivado/Vivado/2018.3/common/technology/autopilot/hls/hls_video_imgproc.h:1305]   --->   Operation 127 'select' 'src_kernel_win_0_va_6' <Predicate = (!exitcond460_i)> <Delay = 0.44> <Core = "Sel">   --->   Core 26 'Sel' <Latency = 0> <II = 1> <Delay = 0.44> <FuncUnit> <Opcode : 'select'> <InPorts = 3> <OutPorts = 1>
ST_5 : Operation 128 [1/1] (1.35ns)   --->   "%tmp_18 = call i8 @_ssdm_op_Mux.ap_auto.3i8.i2(i8 %col_buf_0_val_0_0, i8 %col_buf_0_val_1_0, i8 %col_buf_0_val_2_0, i2 %row_assign_8_1_t)" [E:/vivado/Vivado/2018.3/common/technology/autopilot/hls/hls_video_imgproc.h:507->E:/vivado/Vivado/2018.3/common/technology/autopilot/hls/hls_video_imgproc.h:1305]   --->   Operation 128 'mux' 'tmp_18' <Predicate = (!exitcond460_i & tmp_5)> <Delay = 1.35> <Core = "MuxnS">   --->   Core 31 'MuxnS' <Latency = 0> <II = 1> <Delay = 1.35> <FuncUnit> <Opcode : 'mux'> <InPorts = 2> <OutPorts = 1>
ST_5 : Operation 129 [1/1] (0.44ns)   --->   "%src_kernel_win_0_va_7 = select i1 %tmp_5, i8 %tmp_18, i8 %col_buf_0_val_1_0" [E:/vivado/Vivado/2018.3/common/technology/autopilot/hls/hls_video_imgproc.h:458->E:/vivado/Vivado/2018.3/common/technology/autopilot/hls/hls_video_imgproc.h:1305]   --->   Operation 129 'select' 'src_kernel_win_0_va_7' <Predicate = (!exitcond460_i)> <Delay = 0.44> <Core = "Sel">   --->   Core 26 'Sel' <Latency = 0> <II = 1> <Delay = 0.44> <FuncUnit> <Opcode : 'select'> <InPorts = 3> <OutPorts = 1>
ST_5 : Operation 130 [1/1] (1.35ns)   --->   "%tmp_19 = call i8 @_ssdm_op_Mux.ap_auto.3i8.i2(i8 %col_buf_0_val_0_0, i8 %col_buf_0_val_1_0, i8 %col_buf_0_val_2_0, i2 %row_assign_8_2_t)" [E:/vivado/Vivado/2018.3/common/technology/autopilot/hls/hls_video_imgproc.h:507->E:/vivado/Vivado/2018.3/common/technology/autopilot/hls/hls_video_imgproc.h:1305]   --->   Operation 130 'mux' 'tmp_19' <Predicate = (!exitcond460_i & tmp_5)> <Delay = 1.35> <Core = "MuxnS">   --->   Core 31 'MuxnS' <Latency = 0> <II = 1> <Delay = 1.35> <FuncUnit> <Opcode : 'mux'> <InPorts = 2> <OutPorts = 1>
ST_5 : Operation 131 [1/1] (0.44ns)   --->   "%src_kernel_win_0_va_8 = select i1 %tmp_5, i8 %tmp_19, i8 %col_buf_0_val_2_0" [E:/vivado/Vivado/2018.3/common/technology/autopilot/hls/hls_video_imgproc.h:458->E:/vivado/Vivado/2018.3/common/technology/autopilot/hls/hls_video_imgproc.h:1305]   --->   Operation 131 'select' 'src_kernel_win_0_va_8' <Predicate = (!exitcond460_i)> <Delay = 0.44> <Core = "Sel">   --->   Core 26 'Sel' <Latency = 0> <II = 1> <Delay = 0.44> <FuncUnit> <Opcode : 'select'> <InPorts = 3> <OutPorts = 1>

State 6 <SV = 5> <Delay = 5.82>
ST_6 : Operation 132 [1/1] (0.00ns)   --->   "call void (...)* @_ssdm_op_SpecLoopName([11 x i8]* @p_str11) nounwind" [E:/vivado/Vivado/2018.3/common/technology/autopilot/hls/hls_video_imgproc.h:444->E:/vivado/Vivado/2018.3/common/technology/autopilot/hls/hls_video_imgproc.h:1305]   --->   Operation 132 'specloopname' <Predicate = true> <Delay = 0.00>
ST_6 : Operation 133 [1/1] (0.00ns)   --->   "%tmp_6 = call i32 (...)* @_ssdm_op_SpecRegionBegin([11 x i8]* @p_str11)" [E:/vivado/Vivado/2018.3/common/technology/autopilot/hls/hls_video_imgproc.h:444->E:/vivado/Vivado/2018.3/common/technology/autopilot/hls/hls_video_imgproc.h:1305]   --->   Operation 133 'specregionbegin' 'tmp_6' <Predicate = true> <Delay = 0.00>
ST_6 : Operation 134 [1/1] (0.00ns)   --->   "call void (...)* @_ssdm_op_SpecPipeline(i32 -1, i32 1, i32 1, i32 0, [1 x i8]* @p_str1) nounwind" [E:/vivado/Vivado/2018.3/common/technology/autopilot/hls/hls_video_imgproc.h:448->E:/vivado/Vivado/2018.3/common/technology/autopilot/hls/hls_video_imgproc.h:1305]   --->   Operation 134 'specpipeline' <Predicate = true> <Delay = 0.00>
ST_6 : Operation 135 [1/1] (0.00ns)   --->   "call void (...)* @_ssdm_op_SpecLoopName([12 x i8]* @p_str32) nounwind" [E:/vivado/Vivado/2018.3/common/technology/autopilot/hls/hls_video_imgproc.h:450->E:/vivado/Vivado/2018.3/common/technology/autopilot/hls/hls_video_imgproc.h:1305]   --->   Operation 135 'specloopname' <Predicate = true> <Delay = 0.00>
ST_6 : Operation 136 [1/1] (0.00ns)   --->   "%src_kernel_win_0_va_9 = load i8* %src_kernel_win_0_va_1" [E:/vivado/Vivado/2018.3/common/technology/autopilot/hls/hls_video_types.h:409->E:/vivado/Vivado/2018.3/common/technology/autopilot/hls/hls_video_types.h:500->E:/vivado/Vivado/2018.3/common/technology/autopilot/hls/hls_video_imgproc.h:304->E:/vivado/Vivado/2018.3/common/technology/autopilot/hls/hls_video_imgproc.h:514->E:/vivado/Vivado/2018.3/common/technology/autopilot/hls/hls_video_imgproc.h:1305]   --->   Operation 136 'load' 'src_kernel_win_0_va_9' <Predicate = (or_cond_i)> <Delay = 0.00>
ST_6 : Operation 137 [1/1] (0.00ns)   --->   "%src_kernel_win_0_va_10 = load i8* %src_kernel_win_0_va_3"   --->   Operation 137 'load' 'src_kernel_win_0_va_10' <Predicate = (or_cond_i)> <Delay = 0.00>
ST_6 : Operation 138 [1/1] (0.00ns)   --->   "%src_kernel_win_0_va_11 = load i8* %src_kernel_win_0_va_5" [E:/vivado/Vivado/2018.3/common/technology/autopilot/hls/hls_video_imgproc.h:289->E:/vivado/Vivado/2018.3/common/technology/autopilot/hls/hls_video_imgproc.h:303->E:/vivado/Vivado/2018.3/common/technology/autopilot/hls/hls_video_imgproc.h:514->E:/vivado/Vivado/2018.3/common/technology/autopilot/hls/hls_video_imgproc.h:1305]   --->   Operation 138 'load' 'src_kernel_win_0_va_11' <Predicate = (or_cond_i)> <Delay = 0.00>
ST_6 : Operation 139 [1/1] (0.00ns)   --->   "%tmp_184_0_cast = zext i8 %src_kernel_win_0_va_11 to i9" [E:/vivado/Vivado/2018.3/common/technology/autopilot/hls/hls_video_imgproc.h:289->E:/vivado/Vivado/2018.3/common/technology/autopilot/hls/hls_video_imgproc.h:303->E:/vivado/Vivado/2018.3/common/technology/autopilot/hls/hls_video_imgproc.h:514->E:/vivado/Vivado/2018.3/common/technology/autopilot/hls/hls_video_imgproc.h:1305]   --->   Operation 139 'zext' 'tmp_184_0_cast' <Predicate = (or_cond_i)> <Delay = 0.00>
ST_6 : Operation 140 [1/1] (0.00ns)   --->   "%r_V_0_2_cast = zext i8 %src_kernel_win_0_va_8 to i9" [E:/vivado/Vivado/2018.3/common/technology/autopilot/hls/hls_video_imgproc.h:289->E:/vivado/Vivado/2018.3/common/technology/autopilot/hls/hls_video_imgproc.h:303->E:/vivado/Vivado/2018.3/common/technology/autopilot/hls/hls_video_imgproc.h:514->E:/vivado/Vivado/2018.3/common/technology/autopilot/hls/hls_video_imgproc.h:1305]   --->   Operation 140 'zext' 'r_V_0_2_cast' <Predicate = (or_cond_i)> <Delay = 0.00>
ST_6 : Operation 141 [1/1] (1.30ns)   --->   "%sum_V_0_2 = sub i9 %tmp_184_0_cast, %r_V_0_2_cast" [E:/vivado/Vivado/2018.3/common/technology/autopilot/hls/hls_video_imgproc.h:290->E:/vivado/Vivado/2018.3/common/technology/autopilot/hls/hls_video_imgproc.h:303->E:/vivado/Vivado/2018.3/common/technology/autopilot/hls/hls_video_imgproc.h:514->E:/vivado/Vivado/2018.3/common/technology/autopilot/hls/hls_video_imgproc.h:1305]   --->   Operation 141 'sub' 'sum_V_0_2' <Predicate = (or_cond_i)> <Delay = 1.30> <Core = "AddSub">   --->   Core 14 'AddSub' <Latency = 0> <II = 1> <Delay = 0.63> <FuncUnit> <Opcode : 'add' 'sub'> <InPorts = 2> <OutPorts = 1>
ST_6 : Operation 142 [1/1] (0.00ns)   --->   "%sum_V_0_2_cast = sext i9 %sum_V_0_2 to i11" [E:/vivado/Vivado/2018.3/common/technology/autopilot/hls/hls_video_imgproc.h:290->E:/vivado/Vivado/2018.3/common/technology/autopilot/hls/hls_video_imgproc.h:303->E:/vivado/Vivado/2018.3/common/technology/autopilot/hls/hls_video_imgproc.h:514->E:/vivado/Vivado/2018.3/common/technology/autopilot/hls/hls_video_imgproc.h:1305]   --->   Operation 142 'sext' 'sum_V_0_2_cast' <Predicate = (or_cond_i)> <Delay = 0.00>
ST_6 : Operation 143 [1/1] (0.00ns)   --->   "%r_V_10_1 = call i9 @_ssdm_op_BitConcatenate.i9.i8.i1(i8 %src_kernel_win_0_va_10, i1 false)" [E:/vivado/Vivado/2018.3/common/technology/autopilot/hls/hls_video_imgproc.h:289->E:/vivado/Vivado/2018.3/common/technology/autopilot/hls/hls_video_imgproc.h:303->E:/vivado/Vivado/2018.3/common/technology/autopilot/hls/hls_video_imgproc.h:514->E:/vivado/Vivado/2018.3/common/technology/autopilot/hls/hls_video_imgproc.h:1305]   --->   Operation 143 'bitconcatenate' 'r_V_10_1' <Predicate = (or_cond_i)> <Delay = 0.00>
ST_6 : Operation 144 [1/1] (0.00ns)   --->   "%tmp_184_1_cast_cast = zext i9 %r_V_10_1 to i10" [E:/vivado/Vivado/2018.3/common/technology/autopilot/hls/hls_video_imgproc.h:289->E:/vivado/Vivado/2018.3/common/technology/autopilot/hls/hls_video_imgproc.h:303->E:/vivado/Vivado/2018.3/common/technology/autopilot/hls/hls_video_imgproc.h:514->E:/vivado/Vivado/2018.3/common/technology/autopilot/hls/hls_video_imgproc.h:1305]   --->   Operation 144 'zext' 'tmp_184_1_cast_cast' <Predicate = (or_cond_i)> <Delay = 0.00>
ST_6 : Operation 145 [1/1] (0.00ns) (grouped into LUT with out node tmp22)   --->   "%tmp_20 = trunc i9 %sum_V_0_2 to i8" [E:/vivado/Vivado/2018.3/common/technology/autopilot/hls/hls_video_imgproc.h:290->E:/vivado/Vivado/2018.3/common/technology/autopilot/hls/hls_video_imgproc.h:303->E:/vivado/Vivado/2018.3/common/technology/autopilot/hls/hls_video_imgproc.h:514->E:/vivado/Vivado/2018.3/common/technology/autopilot/hls/hls_video_imgproc.h:1305]   --->   Operation 145 'trunc' 'tmp_20' <Predicate = (or_cond_i)> <Delay = 0.00>
ST_6 : Operation 146 [1/1] (0.00ns) (grouped into LUT with out node tmp22)   --->   "%tmp_21 = shl i8 %src_kernel_win_0_va_10, 1"   --->   Operation 146 'shl' 'tmp_21' <Predicate = (or_cond_i)> <Delay = 0.00>
ST_6 : Operation 147 [1/1] (0.00ns)   --->   "%p_shl = call i9 @_ssdm_op_BitConcatenate.i9.i8.i1(i8 %src_kernel_win_0_va_7, i1 false)" [E:/vivado/Vivado/2018.3/common/technology/autopilot/hls/hls_video_imgproc.h:289->E:/vivado/Vivado/2018.3/common/technology/autopilot/hls/hls_video_imgproc.h:303->E:/vivado/Vivado/2018.3/common/technology/autopilot/hls/hls_video_imgproc.h:514->E:/vivado/Vivado/2018.3/common/technology/autopilot/hls/hls_video_imgproc.h:1305]   --->   Operation 147 'bitconcatenate' 'p_shl' <Predicate = (or_cond_i)> <Delay = 0.00>
ST_6 : Operation 148 [1/1] (0.00ns)   --->   "%p_shl_cast = zext i9 %p_shl to i10" [E:/vivado/Vivado/2018.3/common/technology/autopilot/hls/hls_video_imgproc.h:289->E:/vivado/Vivado/2018.3/common/technology/autopilot/hls/hls_video_imgproc.h:303->E:/vivado/Vivado/2018.3/common/technology/autopilot/hls/hls_video_imgproc.h:514->E:/vivado/Vivado/2018.3/common/technology/autopilot/hls/hls_video_imgproc.h:1305]   --->   Operation 148 'zext' 'p_shl_cast' <Predicate = (or_cond_i)> <Delay = 0.00>
ST_6 : Operation 149 [1/1] (1.36ns)   --->   "%r_V_10_1_2 = sub i10 0, %p_shl_cast" [E:/vivado/Vivado/2018.3/common/technology/autopilot/hls/hls_video_imgproc.h:289->E:/vivado/Vivado/2018.3/common/technology/autopilot/hls/hls_video_imgproc.h:303->E:/vivado/Vivado/2018.3/common/technology/autopilot/hls/hls_video_imgproc.h:514->E:/vivado/Vivado/2018.3/common/technology/autopilot/hls/hls_video_imgproc.h:1305]   --->   Operation 149 'sub' 'r_V_10_1_2' <Predicate = (or_cond_i)> <Delay = 1.36> <Core = "AddSub">   --->   Core 14 'AddSub' <Latency = 0> <II = 1> <Delay = 0.63> <FuncUnit> <Opcode : 'add' 'sub'> <InPorts = 2> <OutPorts = 1>
ST_6 : Operation 150 [1/1] (0.00ns)   --->   "%tmp_184_1_2_cast = sext i10 %r_V_10_1_2 to i11" [E:/vivado/Vivado/2018.3/common/technology/autopilot/hls/hls_video_imgproc.h:290->E:/vivado/Vivado/2018.3/common/technology/autopilot/hls/hls_video_imgproc.h:303->E:/vivado/Vivado/2018.3/common/technology/autopilot/hls/hls_video_imgproc.h:514->E:/vivado/Vivado/2018.3/common/technology/autopilot/hls/hls_video_imgproc.h:1305]   --->   Operation 150 'sext' 'tmp_184_1_2_cast' <Predicate = (or_cond_i)> <Delay = 0.00>
ST_6 : Operation 151 [1/1] (0.00ns)   --->   "%tmp_22 = trunc i10 %r_V_10_1_2 to i8" [E:/vivado/Vivado/2018.3/common/technology/autopilot/hls/hls_video_imgproc.h:289->E:/vivado/Vivado/2018.3/common/technology/autopilot/hls/hls_video_imgproc.h:303->E:/vivado/Vivado/2018.3/common/technology/autopilot/hls/hls_video_imgproc.h:514->E:/vivado/Vivado/2018.3/common/technology/autopilot/hls/hls_video_imgproc.h:1305]   --->   Operation 151 'trunc' 'tmp_22' <Predicate = (or_cond_i)> <Delay = 0.00>
ST_6 : Operation 152 [1/1] (0.00ns)   --->   "%tmp_184_2_cast_cast = zext i8 %src_kernel_win_0_va_9 to i10" [E:/vivado/Vivado/2018.3/common/technology/autopilot/hls/hls_video_imgproc.h:289->E:/vivado/Vivado/2018.3/common/technology/autopilot/hls/hls_video_imgproc.h:303->E:/vivado/Vivado/2018.3/common/technology/autopilot/hls/hls_video_imgproc.h:514->E:/vivado/Vivado/2018.3/common/technology/autopilot/hls/hls_video_imgproc.h:1305]   --->   Operation 152 'zext' 'tmp_184_2_cast_cast' <Predicate = (or_cond_i)> <Delay = 0.00>
ST_6 : Operation 153 [1/1] (0.00ns)   --->   "%r_V_2_2_cast = zext i8 %src_kernel_win_0_va_6 to i9" [E:/vivado/Vivado/2018.3/common/technology/autopilot/hls/hls_video_imgproc.h:289->E:/vivado/Vivado/2018.3/common/technology/autopilot/hls/hls_video_imgproc.h:303->E:/vivado/Vivado/2018.3/common/technology/autopilot/hls/hls_video_imgproc.h:514->E:/vivado/Vivado/2018.3/common/technology/autopilot/hls/hls_video_imgproc.h:1305]   --->   Operation 153 'zext' 'r_V_2_2_cast' <Predicate = (or_cond_i)> <Delay = 0.00>
ST_6 : Operation 154 [1/1] (1.30ns)   --->   "%r_V_10_2_2 = sub i9 0, %r_V_2_2_cast" [E:/vivado/Vivado/2018.3/common/technology/autopilot/hls/hls_video_imgproc.h:289->E:/vivado/Vivado/2018.3/common/technology/autopilot/hls/hls_video_imgproc.h:303->E:/vivado/Vivado/2018.3/common/technology/autopilot/hls/hls_video_imgproc.h:514->E:/vivado/Vivado/2018.3/common/technology/autopilot/hls/hls_video_imgproc.h:1305]   --->   Operation 154 'sub' 'r_V_10_2_2' <Predicate = (or_cond_i)> <Delay = 1.30> <Core = "AddSub">   --->   Core 14 'AddSub' <Latency = 0> <II = 1> <Delay = 0.63> <FuncUnit> <Opcode : 'add' 'sub'> <InPorts = 2> <OutPorts = 1>
ST_6 : Operation 155 [1/1] (0.00ns)   --->   "%tmp_184_2_2_cast = sext i9 %r_V_10_2_2 to i11" [E:/vivado/Vivado/2018.3/common/technology/autopilot/hls/hls_video_imgproc.h:290->E:/vivado/Vivado/2018.3/common/technology/autopilot/hls/hls_video_imgproc.h:303->E:/vivado/Vivado/2018.3/common/technology/autopilot/hls/hls_video_imgproc.h:514->E:/vivado/Vivado/2018.3/common/technology/autopilot/hls/hls_video_imgproc.h:1305]   --->   Operation 155 'sext' 'tmp_184_2_2_cast' <Predicate = (or_cond_i)> <Delay = 0.00>
ST_6 : Operation 156 [1/1] (0.00ns)   --->   "%tmp_23 = trunc i9 %r_V_10_2_2 to i8" [E:/vivado/Vivado/2018.3/common/technology/autopilot/hls/hls_video_imgproc.h:289->E:/vivado/Vivado/2018.3/common/technology/autopilot/hls/hls_video_imgproc.h:303->E:/vivado/Vivado/2018.3/common/technology/autopilot/hls/hls_video_imgproc.h:514->E:/vivado/Vivado/2018.3/common/technology/autopilot/hls/hls_video_imgproc.h:1305]   --->   Operation 156 'trunc' 'tmp_23' <Predicate = (or_cond_i)> <Delay = 0.00>
ST_6 : Operation 157 [1/1] (1.41ns)   --->   "%tmp19 = add i11 %sum_V_0_2_cast, %tmp_184_1_2_cast" [E:/vivado/Vivado/2018.3/common/technology/autopilot/hls/hls_video_imgproc.h:290->E:/vivado/Vivado/2018.3/common/technology/autopilot/hls/hls_video_imgproc.h:303->E:/vivado/Vivado/2018.3/common/technology/autopilot/hls/hls_video_imgproc.h:514->E:/vivado/Vivado/2018.3/common/technology/autopilot/hls/hls_video_imgproc.h:1305]   --->   Operation 157 'add' 'tmp19' <Predicate = (or_cond_i)> <Delay = 1.41> <Core = "AddSub">   --->   Core 14 'AddSub' <Latency = 0> <II = 1> <Delay = 0.63> <FuncUnit> <Opcode : 'add' 'sub'> <InPorts = 2> <OutPorts = 1>
ST_6 : Operation 158 [1/1] (1.36ns)   --->   "%tmp21 = add i10 %tmp_184_2_cast_cast, %tmp_184_1_cast_cast" [E:/vivado/Vivado/2018.3/common/technology/autopilot/hls/hls_video_imgproc.h:290->E:/vivado/Vivado/2018.3/common/technology/autopilot/hls/hls_video_imgproc.h:303->E:/vivado/Vivado/2018.3/common/technology/autopilot/hls/hls_video_imgproc.h:514->E:/vivado/Vivado/2018.3/common/technology/autopilot/hls/hls_video_imgproc.h:1305]   --->   Operation 158 'add' 'tmp21' <Predicate = (or_cond_i)> <Delay = 1.36> <Core = "AddSub">   --->   Core 14 'AddSub' <Latency = 0> <II = 1> <Delay = 0.63> <FuncUnit> <Opcode : 'add' 'sub'> <InPorts = 2> <OutPorts = 1>
ST_6 : Operation 159 [1/1] (0.00ns)   --->   "%tmp21_cast = zext i10 %tmp21 to i11" [E:/vivado/Vivado/2018.3/common/technology/autopilot/hls/hls_video_imgproc.h:290->E:/vivado/Vivado/2018.3/common/technology/autopilot/hls/hls_video_imgproc.h:303->E:/vivado/Vivado/2018.3/common/technology/autopilot/hls/hls_video_imgproc.h:514->E:/vivado/Vivado/2018.3/common/technology/autopilot/hls/hls_video_imgproc.h:1305]   --->   Operation 159 'zext' 'tmp21_cast' <Predicate = (or_cond_i)> <Delay = 0.00>
ST_6 : Operation 160 [1/1] (0.00ns) (grouped into TernaryAdder)   --->   "%tmp20 = add i11 %tmp_184_2_2_cast, %tmp21_cast" [E:/vivado/Vivado/2018.3/common/technology/autopilot/hls/hls_video_imgproc.h:290->E:/vivado/Vivado/2018.3/common/technology/autopilot/hls/hls_video_imgproc.h:303->E:/vivado/Vivado/2018.3/common/technology/autopilot/hls/hls_video_imgproc.h:514->E:/vivado/Vivado/2018.3/common/technology/autopilot/hls/hls_video_imgproc.h:1305]   --->   Operation 160 'add' 'tmp20' <Predicate = (or_cond_i)> <Delay = 0.00> <Core = "TAddSub">   --->   Core 84 'TAddSub' <Latency = 0> <II = 1> <Delay = 1.48> <IPBlock> <Opcode : 'add' 'sub'> <InPorts = 3> <OutPorts = 1> <Sync> <CReg>
ST_6 : Operation 161 [1/1] (3.04ns) (root node of TernaryAdder)   --->   "%p_Val2_s = add i11 %tmp19, %tmp20" [E:/vivado/Vivado/2018.3/common/technology/autopilot/hls/hls_video_imgproc.h:290->E:/vivado/Vivado/2018.3/common/technology/autopilot/hls/hls_video_imgproc.h:303->E:/vivado/Vivado/2018.3/common/technology/autopilot/hls/hls_video_imgproc.h:514->E:/vivado/Vivado/2018.3/common/technology/autopilot/hls/hls_video_imgproc.h:1305]   --->   Operation 161 'add' 'p_Val2_s' <Predicate = (or_cond_i)> <Delay = 3.04> <Core = "TAddSub">   --->   Core 84 'TAddSub' <Latency = 0> <II = 1> <Delay = 1.48> <IPBlock> <Opcode : 'add' 'sub'> <InPorts = 3> <OutPorts = 1> <Sync> <CReg>
ST_6 : Operation 162 [1/1] (0.00ns)   --->   "%p_Result_s = call i1 @_ssdm_op_BitSelect.i1.i11.i32(i11 %p_Val2_s, i32 10)" [E:/vivado/Vivado/2018.3/common/technology/autopilot/hls/hls_video_types.h:409->E:/vivado/Vivado/2018.3/common/technology/autopilot/hls/hls_video_types.h:500->E:/vivado/Vivado/2018.3/common/technology/autopilot/hls/hls_video_imgproc.h:304->E:/vivado/Vivado/2018.3/common/technology/autopilot/hls/hls_video_imgproc.h:514->E:/vivado/Vivado/2018.3/common/technology/autopilot/hls/hls_video_imgproc.h:1305]   --->   Operation 162 'bitselect' 'p_Result_s' <Predicate = (or_cond_i)> <Delay = 0.00>
ST_6 : Operation 163 [1/1] (1.30ns) (out node of the LUT)   --->   "%tmp22 = add i8 %tmp_21, %tmp_20" [E:/vivado/Vivado/2018.3/common/technology/autopilot/hls/hls_video_types.h:409->E:/vivado/Vivado/2018.3/common/technology/autopilot/hls/hls_video_types.h:500->E:/vivado/Vivado/2018.3/common/technology/autopilot/hls/hls_video_imgproc.h:304->E:/vivado/Vivado/2018.3/common/technology/autopilot/hls/hls_video_imgproc.h:514->E:/vivado/Vivado/2018.3/common/technology/autopilot/hls/hls_video_imgproc.h:1305]   --->   Operation 163 'add' 'tmp22' <Predicate = (or_cond_i)> <Delay = 1.30> <Core = "AddSub">   --->   Core 14 'AddSub' <Latency = 0> <II = 1> <Delay = 0.63> <FuncUnit> <Opcode : 'add' 'sub'> <InPorts = 2> <OutPorts = 1>
ST_6 : Operation 164 [1/1] (1.30ns)   --->   "%tmp24 = add i8 %tmp_23, %src_kernel_win_0_va_9" [E:/vivado/Vivado/2018.3/common/technology/autopilot/hls/hls_video_types.h:409->E:/vivado/Vivado/2018.3/common/technology/autopilot/hls/hls_video_types.h:500->E:/vivado/Vivado/2018.3/common/technology/autopilot/hls/hls_video_imgproc.h:304->E:/vivado/Vivado/2018.3/common/technology/autopilot/hls/hls_video_imgproc.h:514->E:/vivado/Vivado/2018.3/common/technology/autopilot/hls/hls_video_imgproc.h:1305]   --->   Operation 164 'add' 'tmp24' <Predicate = (or_cond_i)> <Delay = 1.30> <Core = "AddSub">   --->   Core 14 'AddSub' <Latency = 0> <II = 1> <Delay = 0.63> <FuncUnit> <Opcode : 'add' 'sub'> <InPorts = 2> <OutPorts = 1>
ST_6 : Operation 165 [1/1] (0.00ns) (grouped into TernaryAdder)   --->   "%tmp23 = add i8 %tmp_22, %tmp24" [E:/vivado/Vivado/2018.3/common/technology/autopilot/hls/hls_video_types.h:409->E:/vivado/Vivado/2018.3/common/technology/autopilot/hls/hls_video_types.h:500->E:/vivado/Vivado/2018.3/common/technology/autopilot/hls/hls_video_imgproc.h:304->E:/vivado/Vivado/2018.3/common/technology/autopilot/hls/hls_video_imgproc.h:514->E:/vivado/Vivado/2018.3/common/technology/autopilot/hls/hls_video_imgproc.h:1305]   --->   Operation 165 'add' 'tmp23' <Predicate = (or_cond_i)> <Delay = 0.00> <Core = "TAddSub">   --->   Core 84 'TAddSub' <Latency = 0> <II = 1> <Delay = 1.48> <IPBlock> <Opcode : 'add' 'sub'> <InPorts = 3> <OutPorts = 1> <Sync> <CReg>
ST_6 : Operation 166 [1/1] (2.96ns) (root node of TernaryAdder)   --->   "%p_Val2_1 = add i8 %tmp22, %tmp23" [E:/vivado/Vivado/2018.3/common/technology/autopilot/hls/hls_video_types.h:409->E:/vivado/Vivado/2018.3/common/technology/autopilot/hls/hls_video_types.h:500->E:/vivado/Vivado/2018.3/common/technology/autopilot/hls/hls_video_imgproc.h:304->E:/vivado/Vivado/2018.3/common/technology/autopilot/hls/hls_video_imgproc.h:514->E:/vivado/Vivado/2018.3/common/technology/autopilot/hls/hls_video_imgproc.h:1305]   --->   Operation 166 'add' 'p_Val2_1' <Predicate = (or_cond_i)> <Delay = 2.96> <Core = "TAddSub">   --->   Core 84 'TAddSub' <Latency = 0> <II = 1> <Delay = 1.48> <IPBlock> <Opcode : 'add' 'sub'> <InPorts = 3> <OutPorts = 1> <Sync> <CReg>
ST_6 : Operation 167 [1/1] (0.00ns)   --->   "%tmp_24 = call i3 @_ssdm_op_PartSelect.i3.i11.i32.i32(i11 %p_Val2_s, i32 8, i32 10)" [E:/vivado/Vivado/2018.3/common/technology/autopilot/hls/hls_video_types.h:409->E:/vivado/Vivado/2018.3/common/technology/autopilot/hls/hls_video_types.h:500->E:/vivado/Vivado/2018.3/common/technology/autopilot/hls/hls_video_imgproc.h:304->E:/vivado/Vivado/2018.3/common/technology/autopilot/hls/hls_video_imgproc.h:514->E:/vivado/Vivado/2018.3/common/technology/autopilot/hls/hls_video_imgproc.h:1305]   --->   Operation 167 'partselect' 'tmp_24' <Predicate = (or_cond_i)> <Delay = 0.00>
ST_6 : Operation 168 [1/1] (0.00ns)   --->   "%src_kernel_win_0_va_12 = load i8* %src_kernel_win_0_va" [E:/vivado/Vivado/2018.3/common/technology/autopilot/hls/hls_video_mem.h:165->E:/vivado/Vivado/2018.3/common/technology/autopilot/hls/hls_video_mem.h:543->E:/vivado/Vivado/2018.3/common/technology/autopilot/hls/hls_video_imgproc.h:499->E:/vivado/Vivado/2018.3/common/technology/autopilot/hls/hls_video_imgproc.h:1305]   --->   Operation 168 'load' 'src_kernel_win_0_va_12' <Predicate = (!exitcond460_i)> <Delay = 0.00>
ST_6 : Operation 169 [1/1] (0.00ns)   --->   "%src_kernel_win_0_va_13 = load i8* %src_kernel_win_0_va_2" [E:/vivado/Vivado/2018.3/common/technology/autopilot/hls/hls_video_mem.h:165->E:/vivado/Vivado/2018.3/common/technology/autopilot/hls/hls_video_mem.h:543->E:/vivado/Vivado/2018.3/common/technology/autopilot/hls/hls_video_imgproc.h:499->E:/vivado/Vivado/2018.3/common/technology/autopilot/hls/hls_video_imgproc.h:1305]   --->   Operation 169 'load' 'src_kernel_win_0_va_13' <Predicate = (!exitcond460_i)> <Delay = 0.00>
ST_6 : Operation 170 [1/1] (0.00ns)   --->   "%src_kernel_win_0_va_14 = load i8* %src_kernel_win_0_va_4" [E:/vivado/Vivado/2018.3/common/technology/autopilot/hls/hls_video_mem.h:165->E:/vivado/Vivado/2018.3/common/technology/autopilot/hls/hls_video_mem.h:543->E:/vivado/Vivado/2018.3/common/technology/autopilot/hls/hls_video_imgproc.h:499->E:/vivado/Vivado/2018.3/common/technology/autopilot/hls/hls_video_imgproc.h:1305]   --->   Operation 170 'load' 'src_kernel_win_0_va_14' <Predicate = (!exitcond460_i)> <Delay = 0.00>
ST_6 : Operation 171 [1/1] (0.00ns)   --->   "%empty = call i32 (...)* @_ssdm_op_SpecRegionEnd([11 x i8]* @p_str11, i32 %tmp_6)" [E:/vivado/Vivado/2018.3/common/technology/autopilot/hls/hls_video_imgproc.h:518->E:/vivado/Vivado/2018.3/common/technology/autopilot/hls/hls_video_imgproc.h:1305]   --->   Operation 171 'specregionend' 'empty' <Predicate = (!exitcond460_i)> <Delay = 0.00>
ST_6 : Operation 172 [1/1] (0.00ns)   --->   "store i8 %src_kernel_win_0_va_14, i8* %src_kernel_win_0_va_5" [E:/vivado/Vivado/2018.3/common/technology/autopilot/hls/hls_video_mem.h:165->E:/vivado/Vivado/2018.3/common/technology/autopilot/hls/hls_video_mem.h:543->E:/vivado/Vivado/2018.3/common/technology/autopilot/hls/hls_video_imgproc.h:499->E:/vivado/Vivado/2018.3/common/technology/autopilot/hls/hls_video_imgproc.h:1305]   --->   Operation 172 'store' <Predicate = (!exitcond460_i)> <Delay = 0.00>
ST_6 : Operation 173 [1/1] (0.00ns)   --->   "store i8 %src_kernel_win_0_va_8, i8* %src_kernel_win_0_va_4" [E:/vivado/Vivado/2018.3/common/technology/autopilot/hls/hls_video_imgproc.h:507->E:/vivado/Vivado/2018.3/common/technology/autopilot/hls/hls_video_imgproc.h:1305]   --->   Operation 173 'store' <Predicate = (!exitcond460_i)> <Delay = 0.00>
ST_6 : Operation 174 [1/1] (0.00ns)   --->   "store i8 %src_kernel_win_0_va_13, i8* %src_kernel_win_0_va_3" [E:/vivado/Vivado/2018.3/common/technology/autopilot/hls/hls_video_mem.h:165->E:/vivado/Vivado/2018.3/common/technology/autopilot/hls/hls_video_mem.h:543->E:/vivado/Vivado/2018.3/common/technology/autopilot/hls/hls_video_imgproc.h:499->E:/vivado/Vivado/2018.3/common/technology/autopilot/hls/hls_video_imgproc.h:1305]   --->   Operation 174 'store' <Predicate = (!exitcond460_i)> <Delay = 0.00>
ST_6 : Operation 175 [1/1] (0.00ns)   --->   "store i8 %src_kernel_win_0_va_7, i8* %src_kernel_win_0_va_2" [E:/vivado/Vivado/2018.3/common/technology/autopilot/hls/hls_video_imgproc.h:507->E:/vivado/Vivado/2018.3/common/technology/autopilot/hls/hls_video_imgproc.h:1305]   --->   Operation 175 'store' <Predicate = (!exitcond460_i)> <Delay = 0.00>
ST_6 : Operation 176 [1/1] (0.00ns)   --->   "store i8 %src_kernel_win_0_va_12, i8* %src_kernel_win_0_va_1" [E:/vivado/Vivado/2018.3/common/technology/autopilot/hls/hls_video_mem.h:165->E:/vivado/Vivado/2018.3/common/technology/autopilot/hls/hls_video_mem.h:543->E:/vivado/Vivado/2018.3/common/technology/autopilot/hls/hls_video_imgproc.h:499->E:/vivado/Vivado/2018.3/common/technology/autopilot/hls/hls_video_imgproc.h:1305]   --->   Operation 176 'store' <Predicate = (!exitcond460_i)> <Delay = 0.00>
ST_6 : Operation 177 [1/1] (0.00ns)   --->   "store i8 %src_kernel_win_0_va_6, i8* %src_kernel_win_0_va" [E:/vivado/Vivado/2018.3/common/technology/autopilot/hls/hls_video_imgproc.h:507->E:/vivado/Vivado/2018.3/common/technology/autopilot/hls/hls_video_imgproc.h:1305]   --->   Operation 177 'store' <Predicate = (!exitcond460_i)> <Delay = 0.00>
ST_6 : Operation 178 [1/1] (0.00ns)   --->   "br label %2" [E:/vivado/Vivado/2018.3/common/technology/autopilot/hls/hls_video_imgproc.h:444->E:/vivado/Vivado/2018.3/common/technology/autopilot/hls/hls_video_imgproc.h:1305]   --->   Operation 178 'br' <Predicate = (!exitcond460_i)> <Delay = 0.00>

State 7 <SV = 6> <Delay = 4.70>
ST_7 : Operation 179 [1/1] (0.80ns)   --->   "%tmp_i_i = xor i1 %p_Result_s, true" [E:/vivado/Vivado/2018.3/common/technology/autopilot/hls/hls_video_types.h:409->E:/vivado/Vivado/2018.3/common/technology/autopilot/hls/hls_video_types.h:500->E:/vivado/Vivado/2018.3/common/technology/autopilot/hls/hls_video_imgproc.h:304->E:/vivado/Vivado/2018.3/common/technology/autopilot/hls/hls_video_imgproc.h:514->E:/vivado/Vivado/2018.3/common/technology/autopilot/hls/hls_video_imgproc.h:1305]   --->   Operation 179 'xor' 'tmp_i_i' <Predicate = (or_cond_i)> <Delay = 0.80> <Core = "LogicGate">   --->   Core 27 'LogicGate' <Latency = 0> <II = 1> <Delay = 0.80> <FuncUnit> <Opcode : 'and' 'or' 'xor'> <InPorts = 2> <OutPorts = 1>
ST_7 : Operation 180 [1/1] (0.98ns)   --->   "%not_i_i = icmp ne i3 %tmp_24, 0" [E:/vivado/Vivado/2018.3/common/technology/autopilot/hls/hls_video_types.h:409->E:/vivado/Vivado/2018.3/common/technology/autopilot/hls/hls_video_types.h:500->E:/vivado/Vivado/2018.3/common/technology/autopilot/hls/hls_video_imgproc.h:304->E:/vivado/Vivado/2018.3/common/technology/autopilot/hls/hls_video_imgproc.h:514->E:/vivado/Vivado/2018.3/common/technology/autopilot/hls/hls_video_imgproc.h:1305]   --->   Operation 180 'icmp' 'not_i_i' <Predicate = (or_cond_i)> <Delay = 0.98> <Core = "Cmp">   --->   Core 25 'Cmp' <Latency = 0> <II = 1> <Delay = 1.88> <FuncUnit> <Opcode : 'icmp'> <InPorts = 2> <OutPorts = 1>
ST_7 : Operation 181 [1/1] (0.00ns) (grouped into LUT with out node p_Val2_3)   --->   "%overflow = and i1 %not_i_i, %tmp_i_i" [E:/vivado/Vivado/2018.3/common/technology/autopilot/hls/hls_video_types.h:409->E:/vivado/Vivado/2018.3/common/technology/autopilot/hls/hls_video_types.h:500->E:/vivado/Vivado/2018.3/common/technology/autopilot/hls/hls_video_imgproc.h:304->E:/vivado/Vivado/2018.3/common/technology/autopilot/hls/hls_video_imgproc.h:514->E:/vivado/Vivado/2018.3/common/technology/autopilot/hls/hls_video_imgproc.h:1305]   --->   Operation 181 'and' 'overflow' <Predicate = (or_cond_i)> <Delay = 0.00> <Core = "LogicGate">   --->   Core 27 'LogicGate' <Latency = 0> <II = 1> <Delay = 0.80> <FuncUnit> <Opcode : 'and' 'or' 'xor'> <InPorts = 2> <OutPorts = 1>
ST_7 : Operation 182 [1/1] (0.00ns) (grouped into LUT with out node p_Val2_3)   --->   "%p_mux_i_i_cast = select i1 %tmp_i_i, i8 -1, i8 0" [E:/vivado/Vivado/2018.3/common/technology/autopilot/hls/hls_video_types.h:409->E:/vivado/Vivado/2018.3/common/technology/autopilot/hls/hls_video_types.h:500->E:/vivado/Vivado/2018.3/common/technology/autopilot/hls/hls_video_imgproc.h:304->E:/vivado/Vivado/2018.3/common/technology/autopilot/hls/hls_video_imgproc.h:514->E:/vivado/Vivado/2018.3/common/technology/autopilot/hls/hls_video_imgproc.h:1305]   --->   Operation 182 'select' 'p_mux_i_i_cast' <Predicate = (or_cond_i)> <Delay = 0.00> <Core = "Sel">   --->   Core 26 'Sel' <Latency = 0> <II = 1> <Delay = 0.44> <FuncUnit> <Opcode : 'select'> <InPorts = 3> <OutPorts = 1>
ST_7 : Operation 183 [1/1] (0.00ns) (grouped into LUT with out node p_Val2_3)   --->   "%tmp_8_i_i = or i1 %p_Result_s, %overflow" [E:/vivado/Vivado/2018.3/common/technology/autopilot/hls/hls_video_types.h:409->E:/vivado/Vivado/2018.3/common/technology/autopilot/hls/hls_video_types.h:500->E:/vivado/Vivado/2018.3/common/technology/autopilot/hls/hls_video_imgproc.h:304->E:/vivado/Vivado/2018.3/common/technology/autopilot/hls/hls_video_imgproc.h:514->E:/vivado/Vivado/2018.3/common/technology/autopilot/hls/hls_video_imgproc.h:1305]   --->   Operation 183 'or' 'tmp_8_i_i' <Predicate = (or_cond_i)> <Delay = 0.00> <Core = "LogicGate">   --->   Core 27 'LogicGate' <Latency = 0> <II = 1> <Delay = 0.80> <FuncUnit> <Opcode : 'and' 'or' 'xor'> <InPorts = 2> <OutPorts = 1>
ST_7 : Operation 184 [1/1] (0.81ns) (out node of the LUT)   --->   "%p_Val2_3 = select i1 %tmp_8_i_i, i8 %p_mux_i_i_cast, i8 %p_Val2_1" [E:/vivado/Vivado/2018.3/common/technology/autopilot/hls/hls_video_types.h:409->E:/vivado/Vivado/2018.3/common/technology/autopilot/hls/hls_video_types.h:500->E:/vivado/Vivado/2018.3/common/technology/autopilot/hls/hls_video_imgproc.h:304->E:/vivado/Vivado/2018.3/common/technology/autopilot/hls/hls_video_imgproc.h:514->E:/vivado/Vivado/2018.3/common/technology/autopilot/hls/hls_video_imgproc.h:1305]   --->   Operation 184 'select' 'p_Val2_3' <Predicate = (or_cond_i)> <Delay = 0.81> <Core = "Sel">   --->   Core 26 'Sel' <Latency = 0> <II = 1> <Delay = 0.44> <FuncUnit> <Opcode : 'select'> <InPorts = 3> <OutPorts = 1>
ST_7 : Operation 185 [1/1] (2.91ns)   --->   "call void @_ssdm_op_Write.ap_fifo.volatile.i8P(i8* %p_dst_data_stream_V, i8 %p_Val2_3)" [E:/vivado/Vivado/2018.3/common/technology/autopilot/hls/hls_video_imgproc.h:515->E:/vivado/Vivado/2018.3/common/technology/autopilot/hls/hls_video_imgproc.h:1305]   --->   Operation 185 'write' <Predicate = (or_cond_i)> <Delay = 2.91> <Core = "FIFO">   --->   Core 32 'FIFO' <Latency = 0> <II = 1> <Delay = 3.40> <Storage> <Opcode : 'read' 'write' 'nbread' 'nbwrite'> <Ports = 0> <Width = 8> <Depth = 2> <FIFO>
ST_7 : Operation 186 [1/1] (0.00ns)   --->   "br label %._crit_edge485.i" [E:/vivado/Vivado/2018.3/common/technology/autopilot/hls/hls_video_imgproc.h:516->E:/vivado/Vivado/2018.3/common/technology/autopilot/hls/hls_video_imgproc.h:1305]   --->   Operation 186 'br' <Predicate = (or_cond_i)> <Delay = 0.00>

State 8 <SV = 5> <Delay = 0.00>
ST_8 : Operation 187 [1/1] (0.00ns)   --->   "%empty_84 = call i32 (...)* @_ssdm_op_SpecRegionEnd([12 x i8]* @p_str10, i32 %tmp)" [E:/vivado/Vivado/2018.3/common/technology/autopilot/hls/hls_video_imgproc.h:519->E:/vivado/Vivado/2018.3/common/technology/autopilot/hls/hls_video_imgproc.h:1305]   --->   Operation 187 'specregionend' 'empty_84' <Predicate = true> <Delay = 0.00>
ST_8 : Operation 188 [1/1] (0.00ns)   --->   "br label %0" [E:/vivado/Vivado/2018.3/common/technology/autopilot/hls/hls_video_imgproc.h:443->E:/vivado/Vivado/2018.3/common/technology/autopilot/hls/hls_video_imgproc.h:1305]   --->   Operation 188 'br' <Predicate = true> <Delay = 0.00>


============================================================
+ Verbose Summary: Timing violations
============================================================
Target clock period: 6.67ns, clock uncertainty: 0.833ns.

 <State 1>: 0.466ns
The critical path consists of the following:
	multiplexor before 'phi' operation ('i.V') with incoming values : ('i.V', E:/vivado/Vivado/2018.3/common/technology/autopilot/hls/hls_video_imgproc.h:443->E:/vivado/Vivado/2018.3/common/technology/autopilot/hls/hls_video_imgproc.h:1305) [24]  (0.466 ns)

 <State 2>: 2.68ns
The critical path consists of the following:
	'phi' operation ('i.V') with incoming values : ('i.V', E:/vivado/Vivado/2018.3/common/technology/autopilot/hls/hls_video_imgproc.h:443->E:/vivado/Vivado/2018.3/common/technology/autopilot/hls/hls_video_imgproc.h:1305) [24]  (0 ns)
	'icmp' operation ('tmp_s', E:/vivado/Vivado/2018.3/common/technology/autopilot/hls/hls_video_imgproc.h:492->E:/vivado/Vivado/2018.3/common/technology/autopilot/hls/hls_video_imgproc.h:1305) [32]  (1.88 ns)
	'xor' operation ('tmp_98_0_not', E:/vivado/Vivado/2018.3/common/technology/autopilot/hls/hls_video_imgproc.h:457->E:/vivado/Vivado/2018.3/common/technology/autopilot/hls/hls_video_imgproc.h:1305) [33]  (0.8 ns)

 <State 3>: 5.28ns
The critical path consists of the following:
	'phi' operation ('j.V') with incoming values : ('j.V', E:/vivado/Vivado/2018.3/common/technology/autopilot/hls/hls_video_imgproc.h:444->E:/vivado/Vivado/2018.3/common/technology/autopilot/hls/hls_video_imgproc.h:1305) [44]  (0 ns)
	'add' operation ('ImagLoc.x', E:/vivado/Vivado/2018.3/common/technology/autopilot/hls/hls_video_imgproc.h:451->E:/vivado/Vivado/2018.3/common/technology/autopilot/hls/hls_video_imgproc.h:1305) [63]  (1.48 ns)
	'select' operation ('p_p2_i_i', E:/vivado/Vivado/2018.3/common/technology/autopilot/hls/hls_video_imgbase.h:139->E:/vivado/Vivado/2018.3/common/technology/autopilot/hls/hls_video_imgproc.h:452->E:/vivado/Vivado/2018.3/common/technology/autopilot/hls/hls_video_imgproc.h:1305) [70]  (0.59 ns)
	'icmp' operation ('tmp_2', E:/vivado/Vivado/2018.3/common/technology/autopilot/hls/hls_video_imgbase.h:144->E:/vivado/Vivado/2018.3/common/technology/autopilot/hls/hls_video_imgproc.h:452->E:/vivado/Vivado/2018.3/common/technology/autopilot/hls/hls_video_imgproc.h:1305) [71]  (1.82 ns)
	'and' operation ('sel_tmp8', E:/vivado/Vivado/2018.3/common/technology/autopilot/hls/hls_video_imgbase.h:144->E:/vivado/Vivado/2018.3/common/technology/autopilot/hls/hls_video_imgproc.h:452->E:/vivado/Vivado/2018.3/common/technology/autopilot/hls/hls_video_imgproc.h:1305) [76]  (0.8 ns)
	'select' operation ('col', E:/vivado/Vivado/2018.3/common/technology/autopilot/hls/hls_video_imgbase.h:147->E:/vivado/Vivado/2018.3/common/technology/autopilot/hls/hls_video_imgproc.h:452->E:/vivado/Vivado/2018.3/common/technology/autopilot/hls/hls_video_imgproc.h:1305) [77]  (0.59 ns)

 <State 4>: 2.77ns
The critical path consists of the following:
	'getelementptr' operation ('k_buf_0_val_3_addr', E:/vivado/Vivado/2018.3/common/technology/autopilot/hls/hls_video_mem.h:835->E:/vivado/Vivado/2018.3/common/technology/autopilot/hls/hls_video_mem.h:843->E:/vivado/Vivado/2018.3/common/technology/autopilot/hls/hls_video_imgproc.h:460->E:/vivado/Vivado/2018.3/common/technology/autopilot/hls/hls_video_imgproc.h:1305) [83]  (0 ns)
	'load' operation ('k_buf_0_val_3_load', E:/vivado/Vivado/2018.3/common/technology/autopilot/hls/hls_video_imgproc.h:460->E:/vivado/Vivado/2018.3/common/technology/autopilot/hls/hls_video_imgproc.h:1305) on array 'k_buf[0].val[3]', E:/vivado/Vivado/2018.3/common/technology/autopilot/hls/hls_video_imgproc.h:400->E:/vivado/Vivado/2018.3/common/technology/autopilot/hls/hls_video_imgproc.h:1305 [84]  (2.77 ns)

 <State 5>: 5.69ns
The critical path consists of the following:
	fifo read on port 'p_src_data_stream_V' (E:/vivado/Vivado/2018.3/common/technology/autopilot/hls/hls_video_imgproc.h:468->E:/vivado/Vivado/2018.3/common/technology/autopilot/hls/hls_video_imgproc.h:1305) [99]  (2.92 ns)
	'store' operation (E:/vivado/Vivado/2018.3/common/technology/autopilot/hls/hls_video_imgproc.h:472->E:/vivado/Vivado/2018.3/common/technology/autopilot/hls/hls_video_imgproc.h:1305) of variable 'tmp', E:/vivado/Vivado/2018.3/common/technology/autopilot/hls/hls_video_imgproc.h:468->E:/vivado/Vivado/2018.3/common/technology/autopilot/hls/hls_video_imgproc.h:1305 on array 'k_buf[0].val[4]', E:/vivado/Vivado/2018.3/common/technology/autopilot/hls/hls_video_imgproc.h:400->E:/vivado/Vivado/2018.3/common/technology/autopilot/hls/hls_video_imgproc.h:1305 [107]  (2.77 ns)

 <State 6>: 5.83ns
The critical path consists of the following:
	'sub' operation ('r_V_10_1_2', E:/vivado/Vivado/2018.3/common/technology/autopilot/hls/hls_video_imgproc.h:289->E:/vivado/Vivado/2018.3/common/technology/autopilot/hls/hls_video_imgproc.h:303->E:/vivado/Vivado/2018.3/common/technology/autopilot/hls/hls_video_imgproc.h:514->E:/vivado/Vivado/2018.3/common/technology/autopilot/hls/hls_video_imgproc.h:1305) [155]  (1.36 ns)
	'add' operation ('tmp19', E:/vivado/Vivado/2018.3/common/technology/autopilot/hls/hls_video_imgproc.h:290->E:/vivado/Vivado/2018.3/common/technology/autopilot/hls/hls_video_imgproc.h:303->E:/vivado/Vivado/2018.3/common/technology/autopilot/hls/hls_video_imgproc.h:514->E:/vivado/Vivado/2018.3/common/technology/autopilot/hls/hls_video_imgproc.h:1305) [163]  (1.42 ns)
	'add' operation ('__Val2__', E:/vivado/Vivado/2018.3/common/technology/autopilot/hls/hls_video_imgproc.h:290->E:/vivado/Vivado/2018.3/common/technology/autopilot/hls/hls_video_imgproc.h:303->E:/vivado/Vivado/2018.3/common/technology/autopilot/hls/hls_video_imgproc.h:514->E:/vivado/Vivado/2018.3/common/technology/autopilot/hls/hls_video_imgproc.h:1305) [167]  (3.05 ns)

 <State 7>: 4.71ns
The critical path consists of the following:
	'icmp' operation ('not_i_i', E:/vivado/Vivado/2018.3/common/technology/autopilot/hls/hls_video_types.h:409->E:/vivado/Vivado/2018.3/common/technology/autopilot/hls/hls_video_types.h:500->E:/vivado/Vivado/2018.3/common/technology/autopilot/hls/hls_video_imgproc.h:304->E:/vivado/Vivado/2018.3/common/technology/autopilot/hls/hls_video_imgproc.h:514->E:/vivado/Vivado/2018.3/common/technology/autopilot/hls/hls_video_imgproc.h:1305) [175]  (0.98 ns)
	'and' operation ('overflow', E:/vivado/Vivado/2018.3/common/technology/autopilot/hls/hls_video_types.h:409->E:/vivado/Vivado/2018.3/common/technology/autopilot/hls/hls_video_types.h:500->E:/vivado/Vivado/2018.3/common/technology/autopilot/hls/hls_video_imgproc.h:304->E:/vivado/Vivado/2018.3/common/technology/autopilot/hls/hls_video_imgproc.h:514->E:/vivado/Vivado/2018.3/common/technology/autopilot/hls/hls_video_imgproc.h:1305) [176]  (0 ns)
	'or' operation ('tmp_8_i_i', E:/vivado/Vivado/2018.3/common/technology/autopilot/hls/hls_video_types.h:409->E:/vivado/Vivado/2018.3/common/technology/autopilot/hls/hls_video_types.h:500->E:/vivado/Vivado/2018.3/common/technology/autopilot/hls/hls_video_imgproc.h:304->E:/vivado/Vivado/2018.3/common/technology/autopilot/hls/hls_video_imgproc.h:514->E:/vivado/Vivado/2018.3/common/technology/autopilot/hls/hls_video_imgproc.h:1305) [178]  (0 ns)
	'select' operation ('__Val2__', E:/vivado/Vivado/2018.3/common/technology/autopilot/hls/hls_video_types.h:409->E:/vivado/Vivado/2018.3/common/technology/autopilot/hls/hls_video_types.h:500->E:/vivado/Vivado/2018.3/common/technology/autopilot/hls/hls_video_imgproc.h:304->E:/vivado/Vivado/2018.3/common/technology/autopilot/hls/hls_video_imgproc.h:514->E:/vivado/Vivado/2018.3/common/technology/autopilot/hls/hls_video_imgproc.h:1305) [179]  (0.813 ns)
	fifo write on port 'p_dst_data_stream_V' (E:/vivado/Vivado/2018.3/common/technology/autopilot/hls/hls_video_imgproc.h:515->E:/vivado/Vivado/2018.3/common/technology/autopilot/hls/hls_video_imgproc.h:1305) [180]  (2.92 ns)

 <State 8>: 0ns
The critical path consists of the following:


============================================================
+ Verbose Summary: Binding
============================================================
N/A
* FSMD analyzer results:
  - Output states:
 - Input state : 
  - Chain level:
	State 1
	State 2
	State 3
	State 4
	State 5
	State 6
	State 7
	State 8


============================================================
+ Verbose Summary: Datapath Resource usage 
============================================================
N/A
