10:59:39 INFO  : Registering command handlers for SDK TCF services
10:59:40 INFO  : Launching XSCT server: xsct.bat -interactive E:\vivado\vivado_lab\ZYNQ\ov5640_and_lcd7_display\ov5640_single.sdk\temp_xsdb_launch_script.tcl
10:59:44 INFO  : XSCT server has started successfully.
10:59:48 INFO  : Successfully done setting XSCT server connection channel  
10:59:48 INFO  : Successfully done setting SDK workspace  
10:59:48 INFO  : Processing command line option -hwspec E:/vivado/vivado_lab/ZYNQ/ov5640_and_lcd7_display/ov5640_single.sdk/system_wrapper.hdf.
11:08:14 INFO  : Connected to target on host '127.0.0.1' and port '3121'.
11:08:15 INFO  : Jtag cable 'Digilent JTAG-HS1 210512180081' is selected.
11:08:15 INFO  : 'jtag frequency' command is executed.
11:08:15 INFO  : Sourcing of 'E:/vivado/vivado_lab/ZYNQ/ov5640_and_lcd7_display/ov5640_single.sdk/system_wrapper_hw_platform_0/ps7_init.tcl' is done.
11:08:15 INFO  : Context for 'APU' is selected.
11:08:15 INFO  : System reset is completed.
11:08:18 INFO  : 'after 3000' command is executed.
11:08:19 INFO  : 'targets -set -filter {jtag_cable_name =~ "Digilent JTAG-HS1 210512180081" && level==0} -index 1' command is executed.
11:08:20 INFO  : FPGA configured successfully with bitstream "E:/vivado/vivado_lab/ZYNQ/ov5640_and_lcd7_display/ov5640_single.sdk/system_wrapper_hw_platform_0/system_wrapper.bit"
11:08:20 INFO  : Context for 'APU' is selected.
11:08:20 INFO  : Hardware design information is loaded from 'E:/vivado/vivado_lab/ZYNQ/ov5640_and_lcd7_display/ov5640_single.sdk/system_wrapper_hw_platform_0/system.hdf'.
11:08:20 INFO  : 'configparams force-mem-access 1' command is executed.
11:08:20 INFO  : Context for 'APU' is selected.
11:08:21 INFO  : 'ps7_init' command is executed.
11:08:21 INFO  : 'ps7_post_config' command is executed.
11:08:21 INFO  : Context for processor 'ps7_cortexa9_0' is selected.
11:08:21 INFO  : The application 'E:/vivado/vivado_lab/ZYNQ/ov5640_and_lcd7_display/ov5640_single.sdk/ov5640_lcd/Debug/ov5640_lcd.elf' is downloaded to processor 'ps7_cortexa9_0'.
11:08:21 INFO  : 'configparams force-mem-access 0' command is executed.
11:08:21 INFO  : ----------------XSDB Script----------------
connect -url tcp:127.0.0.1:3121
source E:/vivado/vivado_lab/ZYNQ/ov5640_and_lcd7_display/ov5640_single.sdk/system_wrapper_hw_platform_0/ps7_init.tcl
targets -set -nocase -filter {name =~"APU*" && jtag_cable_name =~ "Digilent JTAG-HS1 210512180081"} -index 0
rst -system
after 3000
targets -set -filter {jtag_cable_name =~ "Digilent JTAG-HS1 210512180081" && level==0} -index 1
fpga -file E:/vivado/vivado_lab/ZYNQ/ov5640_and_lcd7_display/ov5640_single.sdk/system_wrapper_hw_platform_0/system_wrapper.bit
targets -set -nocase -filter {name =~"APU*" && jtag_cable_name =~ "Digilent JTAG-HS1 210512180081"} -index 0
loadhw -hw E:/vivado/vivado_lab/ZYNQ/ov5640_and_lcd7_display/ov5640_single.sdk/system_wrapper_hw_platform_0/system.hdf -mem-ranges [list {0x40000000 0xbfffffff}]
configparams force-mem-access 1
targets -set -nocase -filter {name =~"APU*" && jtag_cable_name =~ "Digilent JTAG-HS1 210512180081"} -index 0
ps7_init
ps7_post_config
targets -set -nocase -filter {name =~ "ARM*#0" && jtag_cable_name =~ "Digilent JTAG-HS1 210512180081"} -index 0
dow E:/vivado/vivado_lab/ZYNQ/ov5640_and_lcd7_display/ov5640_single.sdk/ov5640_lcd/Debug/ov5640_lcd.elf
configparams force-mem-access 0
----------------End of Script----------------

11:08:21 INFO  : Memory regions updated for context APU
11:08:22 INFO  : Context for processor 'ps7_cortexa9_0' is selected.
11:08:22 INFO  : 'con' command is executed.
11:08:22 INFO  : ----------------XSDB Script (After Launch)----------------
targets -set -nocase -filter {name =~ "ARM*#0" && jtag_cable_name =~ "Digilent JTAG-HS1 210512180081"} -index 0
con
----------------End of Script----------------

11:08:22 INFO  : Launch script is exported to file 'E:\vivado\vivado_lab\ZYNQ\ov5640_and_lcd7_display\ov5640_single.sdk\.sdk\launch_scripts\xilinx_c-c++_application_(system_debugger)\system_debugger_using_debug_ov5640_lcd.elf_on_local.tcl'
11:21:02 INFO  : Disconnected from the channel tcfchan#1.
11:21:03 INFO  : Connected to target on host '127.0.0.1' and port '3121'.
11:21:04 INFO  : Jtag cable 'Digilent JTAG-HS1 210512180081' is selected.
11:21:04 INFO  : 'jtag frequency' command is executed.
11:21:04 INFO  : Sourcing of 'E:/vivado/vivado_lab/ZYNQ/ov5640_and_lcd7_display/ov5640_single.sdk/system_wrapper_hw_platform_0/ps7_init.tcl' is done.
11:21:04 INFO  : Context for 'APU' is selected.
11:21:04 INFO  : System reset is completed.
11:21:07 INFO  : 'after 3000' command is executed.
11:21:07 INFO  : 'targets -set -filter {jtag_cable_name =~ "Digilent JTAG-HS1 210512180081" && level==0} -index 1' command is executed.
11:21:09 INFO  : FPGA configured successfully with bitstream "E:/vivado/vivado_lab/ZYNQ/ov5640_and_lcd7_display/ov5640_single.sdk/system_wrapper_hw_platform_0/system_wrapper.bit"
11:21:09 INFO  : Context for 'APU' is selected.
11:21:12 INFO  : Hardware design information is loaded from 'E:/vivado/vivado_lab/ZYNQ/ov5640_and_lcd7_display/ov5640_single.sdk/system_wrapper_hw_platform_0/system.hdf'.
11:21:12 INFO  : 'configparams force-mem-access 1' command is executed.
11:21:12 INFO  : Context for 'APU' is selected.
11:21:12 INFO  : 'ps7_init' command is executed.
11:21:12 INFO  : 'ps7_post_config' command is executed.
11:21:12 INFO  : Context for processor 'ps7_cortexa9_0' is selected.
11:21:13 INFO  : The application 'E:/vivado/vivado_lab/ZYNQ/ov5640_and_lcd7_display/ov5640_single.sdk/ov5640_lcd/Debug/ov5640_lcd.elf' is downloaded to processor 'ps7_cortexa9_0'.
11:21:13 INFO  : 'configparams force-mem-access 0' command is executed.
11:21:13 INFO  : ----------------XSDB Script----------------
connect -url tcp:127.0.0.1:3121
source E:/vivado/vivado_lab/ZYNQ/ov5640_and_lcd7_display/ov5640_single.sdk/system_wrapper_hw_platform_0/ps7_init.tcl
targets -set -nocase -filter {name =~"APU*" && jtag_cable_name =~ "Digilent JTAG-HS1 210512180081"} -index 0
rst -system
after 3000
targets -set -filter {jtag_cable_name =~ "Digilent JTAG-HS1 210512180081" && level==0} -index 1
fpga -file E:/vivado/vivado_lab/ZYNQ/ov5640_and_lcd7_display/ov5640_single.sdk/system_wrapper_hw_platform_0/system_wrapper.bit
targets -set -nocase -filter {name =~"APU*" && jtag_cable_name =~ "Digilent JTAG-HS1 210512180081"} -index 0
loadhw -hw E:/vivado/vivado_lab/ZYNQ/ov5640_and_lcd7_display/ov5640_single.sdk/system_wrapper_hw_platform_0/system.hdf -mem-ranges [list {0x40000000 0xbfffffff}]
configparams force-mem-access 1
targets -set -nocase -filter {name =~"APU*" && jtag_cable_name =~ "Digilent JTAG-HS1 210512180081"} -index 0
ps7_init
ps7_post_config
targets -set -nocase -filter {name =~ "ARM*#0" && jtag_cable_name =~ "Digilent JTAG-HS1 210512180081"} -index 0
dow E:/vivado/vivado_lab/ZYNQ/ov5640_and_lcd7_display/ov5640_single.sdk/ov5640_lcd/Debug/ov5640_lcd.elf
configparams force-mem-access 0
----------------End of Script----------------

11:21:13 INFO  : Memory regions updated for context APU
11:21:13 INFO  : Context for processor 'ps7_cortexa9_0' is selected.
11:21:13 INFO  : 'con' command is executed.
11:21:13 INFO  : ----------------XSDB Script (After Launch)----------------
targets -set -nocase -filter {name =~ "ARM*#0" && jtag_cable_name =~ "Digilent JTAG-HS1 210512180081"} -index 0
con
----------------End of Script----------------

11:21:13 INFO  : Launch script is exported to file 'E:\vivado\vivado_lab\ZYNQ\ov5640_and_lcd7_display\ov5640_single.sdk\.sdk\launch_scripts\xilinx_c-c++_application_(system_debugger)\system_debugger_using_debug_ov5640_lcd.elf_on_local.tcl'
13:35:10 INFO  : Disconnected from the channel tcfchan#2.
13:35:11 INFO  : Connected to target on host '127.0.0.1' and port '3121'.
13:35:11 INFO  : Jtag cable 'Digilent JTAG-HS1 210512180081' is selected.
13:35:11 INFO  : 'jtag frequency' command is executed.
13:35:11 INFO  : Sourcing of 'E:/vivado/vivado_lab/ZYNQ/ov5640_and_lcd7_display/ov5640_single.sdk/system_wrapper_hw_platform_0/ps7_init.tcl' is done.
13:35:11 INFO  : Context for 'APU' is selected.
13:35:11 INFO  : System reset is completed.
13:35:14 INFO  : 'after 3000' command is executed.
13:35:15 INFO  : 'targets -set -filter {jtag_cable_name =~ "Digilent JTAG-HS1 210512180081" && level==0} -index 1' command is executed.
13:35:16 INFO  : FPGA configured successfully with bitstream "E:/vivado/vivado_lab/ZYNQ/ov5640_and_lcd7_display/ov5640_single.sdk/system_wrapper_hw_platform_0/system_wrapper.bit"
13:35:16 INFO  : Context for 'APU' is selected.
13:35:18 INFO  : Hardware design information is loaded from 'E:/vivado/vivado_lab/ZYNQ/ov5640_and_lcd7_display/ov5640_single.sdk/system_wrapper_hw_platform_0/system.hdf'.
13:35:18 INFO  : 'configparams force-mem-access 1' command is executed.
13:35:18 INFO  : Context for 'APU' is selected.
13:35:19 INFO  : 'ps7_init' command is executed.
13:35:19 INFO  : 'ps7_post_config' command is executed.
13:35:19 INFO  : Context for processor 'ps7_cortexa9_0' is selected.
13:35:19 INFO  : The application 'E:/vivado/vivado_lab/ZYNQ/ov5640_and_lcd7_display/ov5640_single.sdk/ov5640_lcd/Debug/ov5640_lcd.elf' is downloaded to processor 'ps7_cortexa9_0'.
13:35:19 INFO  : 'configparams force-mem-access 0' command is executed.
13:35:19 INFO  : ----------------XSDB Script----------------
connect -url tcp:127.0.0.1:3121
source E:/vivado/vivado_lab/ZYNQ/ov5640_and_lcd7_display/ov5640_single.sdk/system_wrapper_hw_platform_0/ps7_init.tcl
targets -set -nocase -filter {name =~"APU*" && jtag_cable_name =~ "Digilent JTAG-HS1 210512180081"} -index 0
rst -system
after 3000
targets -set -filter {jtag_cable_name =~ "Digilent JTAG-HS1 210512180081" && level==0} -index 1
fpga -file E:/vivado/vivado_lab/ZYNQ/ov5640_and_lcd7_display/ov5640_single.sdk/system_wrapper_hw_platform_0/system_wrapper.bit
targets -set -nocase -filter {name =~"APU*" && jtag_cable_name =~ "Digilent JTAG-HS1 210512180081"} -index 0
loadhw -hw E:/vivado/vivado_lab/ZYNQ/ov5640_and_lcd7_display/ov5640_single.sdk/system_wrapper_hw_platform_0/system.hdf -mem-ranges [list {0x40000000 0xbfffffff}]
configparams force-mem-access 1
targets -set -nocase -filter {name =~"APU*" && jtag_cable_name =~ "Digilent JTAG-HS1 210512180081"} -index 0
ps7_init
ps7_post_config
targets -set -nocase -filter {name =~ "ARM*#0" && jtag_cable_name =~ "Digilent JTAG-HS1 210512180081"} -index 0
dow E:/vivado/vivado_lab/ZYNQ/ov5640_and_lcd7_display/ov5640_single.sdk/ov5640_lcd/Debug/ov5640_lcd.elf
configparams force-mem-access 0
----------------End of Script----------------

13:35:19 INFO  : Memory regions updated for context APU
13:35:19 INFO  : Context for processor 'ps7_cortexa9_0' is selected.
13:35:19 INFO  : 'con' command is executed.
13:35:19 INFO  : ----------------XSDB Script (After Launch)----------------
targets -set -nocase -filter {name =~ "ARM*#0" && jtag_cable_name =~ "Digilent JTAG-HS1 210512180081"} -index 0
con
----------------End of Script----------------

13:35:19 INFO  : Launch script is exported to file 'E:\vivado\vivado_lab\ZYNQ\ov5640_and_lcd7_display\ov5640_single.sdk\.sdk\launch_scripts\xilinx_c-c++_application_(system_debugger)\system_debugger_using_debug_ov5640_lcd.elf_on_local.tcl'
13:38:34 INFO  : Disconnected from the channel tcfchan#3.
13:38:35 INFO  : Connected to target on host '127.0.0.1' and port '3121'.
13:38:36 INFO  : Jtag cable 'Digilent JTAG-HS1 210512180081' is selected.
13:38:36 INFO  : 'jtag frequency' command is executed.
13:38:36 INFO  : Sourcing of 'E:/vivado/vivado_lab/ZYNQ/ov5640_and_lcd7_display/ov5640_single.sdk/system_wrapper_hw_platform_0/ps7_init.tcl' is done.
13:38:36 INFO  : Context for 'APU' is selected.
13:38:36 INFO  : System reset is completed.
13:38:39 INFO  : 'after 3000' command is executed.
13:38:39 INFO  : 'targets -set -filter {jtag_cable_name =~ "Digilent JTAG-HS1 210512180081" && level==0} -index 1' command is executed.
13:38:40 INFO  : FPGA configured successfully with bitstream "E:/vivado/vivado_lab/ZYNQ/ov5640_and_lcd7_display/ov5640_single.sdk/system_wrapper_hw_platform_0/system_wrapper.bit"
13:38:41 INFO  : Context for 'APU' is selected.
13:38:43 INFO  : Hardware design information is loaded from 'E:/vivado/vivado_lab/ZYNQ/ov5640_and_lcd7_display/ov5640_single.sdk/system_wrapper_hw_platform_0/system.hdf'.
13:38:43 INFO  : 'configparams force-mem-access 1' command is executed.
13:38:43 INFO  : Context for 'APU' is selected.
13:38:43 INFO  : 'ps7_init' command is executed.
13:38:43 INFO  : 'ps7_post_config' command is executed.
13:38:43 INFO  : Context for processor 'ps7_cortexa9_0' is selected.
13:38:44 INFO  : The application 'E:/vivado/vivado_lab/ZYNQ/ov5640_and_lcd7_display/ov5640_single.sdk/ov5640_lcd/Debug/ov5640_lcd.elf' is downloaded to processor 'ps7_cortexa9_0'.
13:38:44 INFO  : 'configparams force-mem-access 0' command is executed.
13:38:44 INFO  : ----------------XSDB Script----------------
connect -url tcp:127.0.0.1:3121
source E:/vivado/vivado_lab/ZYNQ/ov5640_and_lcd7_display/ov5640_single.sdk/system_wrapper_hw_platform_0/ps7_init.tcl
targets -set -nocase -filter {name =~"APU*" && jtag_cable_name =~ "Digilent JTAG-HS1 210512180081"} -index 0
rst -system
after 3000
targets -set -filter {jtag_cable_name =~ "Digilent JTAG-HS1 210512180081" && level==0} -index 1
fpga -file E:/vivado/vivado_lab/ZYNQ/ov5640_and_lcd7_display/ov5640_single.sdk/system_wrapper_hw_platform_0/system_wrapper.bit
targets -set -nocase -filter {name =~"APU*" && jtag_cable_name =~ "Digilent JTAG-HS1 210512180081"} -index 0
loadhw -hw E:/vivado/vivado_lab/ZYNQ/ov5640_and_lcd7_display/ov5640_single.sdk/system_wrapper_hw_platform_0/system.hdf -mem-ranges [list {0x40000000 0xbfffffff}]
configparams force-mem-access 1
targets -set -nocase -filter {name =~"APU*" && jtag_cable_name =~ "Digilent JTAG-HS1 210512180081"} -index 0
ps7_init
ps7_post_config
targets -set -nocase -filter {name =~ "ARM*#0" && jtag_cable_name =~ "Digilent JTAG-HS1 210512180081"} -index 0
dow E:/vivado/vivado_lab/ZYNQ/ov5640_and_lcd7_display/ov5640_single.sdk/ov5640_lcd/Debug/ov5640_lcd.elf
configparams force-mem-access 0
----------------End of Script----------------

13:38:44 INFO  : Memory regions updated for context APU
13:38:44 INFO  : Context for processor 'ps7_cortexa9_0' is selected.
13:38:44 INFO  : 'con' command is executed.
13:38:44 INFO  : ----------------XSDB Script (After Launch)----------------
targets -set -nocase -filter {name =~ "ARM*#0" && jtag_cable_name =~ "Digilent JTAG-HS1 210512180081"} -index 0
con
----------------End of Script----------------

13:38:44 INFO  : Launch script is exported to file 'E:\vivado\vivado_lab\ZYNQ\ov5640_and_lcd7_display\ov5640_single.sdk\.sdk\launch_scripts\xilinx_c-c++_application_(system_debugger)\system_debugger_using_debug_ov5640_lcd.elf_on_local.tcl'
13:40:55 INFO  : Disconnected from the channel tcfchan#4.
13:40:56 INFO  : Connected to target on host '127.0.0.1' and port '3121'.
13:40:56 INFO  : Jtag cable 'Digilent JTAG-HS1 210512180081' is selected.
13:40:56 INFO  : 'jtag frequency' command is executed.
13:40:56 INFO  : Sourcing of 'E:/vivado/vivado_lab/ZYNQ/ov5640_and_lcd7_display/ov5640_single.sdk/system_wrapper_hw_platform_0/ps7_init.tcl' is done.
13:40:56 INFO  : Context for 'APU' is selected.
13:40:56 INFO  : System reset is completed.
13:40:59 INFO  : 'after 3000' command is executed.
13:40:59 INFO  : 'targets -set -filter {jtag_cable_name =~ "Digilent JTAG-HS1 210512180081" && level==0} -index 1' command is executed.
13:41:01 INFO  : FPGA configured successfully with bitstream "E:/vivado/vivado_lab/ZYNQ/ov5640_and_lcd7_display/ov5640_single.sdk/system_wrapper_hw_platform_0/system_wrapper.bit"
13:41:01 INFO  : Context for 'APU' is selected.
13:41:03 INFO  : Hardware design information is loaded from 'E:/vivado/vivado_lab/ZYNQ/ov5640_and_lcd7_display/ov5640_single.sdk/system_wrapper_hw_platform_0/system.hdf'.
13:41:03 INFO  : 'configparams force-mem-access 1' command is executed.
13:41:03 INFO  : Context for 'APU' is selected.
13:41:04 INFO  : 'ps7_init' command is executed.
13:41:04 INFO  : 'ps7_post_config' command is executed.
13:41:04 INFO  : Context for processor 'ps7_cortexa9_0' is selected.
13:41:04 INFO  : The application 'E:/vivado/vivado_lab/ZYNQ/ov5640_and_lcd7_display/ov5640_single.sdk/ov5640_lcd/Debug/ov5640_lcd.elf' is downloaded to processor 'ps7_cortexa9_0'.
13:41:04 INFO  : 'configparams force-mem-access 0' command is executed.
13:41:04 INFO  : ----------------XSDB Script----------------
connect -url tcp:127.0.0.1:3121
source E:/vivado/vivado_lab/ZYNQ/ov5640_and_lcd7_display/ov5640_single.sdk/system_wrapper_hw_platform_0/ps7_init.tcl
targets -set -nocase -filter {name =~"APU*" && jtag_cable_name =~ "Digilent JTAG-HS1 210512180081"} -index 0
rst -system
after 3000
targets -set -filter {jtag_cable_name =~ "Digilent JTAG-HS1 210512180081" && level==0} -index 1
fpga -file E:/vivado/vivado_lab/ZYNQ/ov5640_and_lcd7_display/ov5640_single.sdk/system_wrapper_hw_platform_0/system_wrapper.bit
targets -set -nocase -filter {name =~"APU*" && jtag_cable_name =~ "Digilent JTAG-HS1 210512180081"} -index 0
loadhw -hw E:/vivado/vivado_lab/ZYNQ/ov5640_and_lcd7_display/ov5640_single.sdk/system_wrapper_hw_platform_0/system.hdf -mem-ranges [list {0x40000000 0xbfffffff}]
configparams force-mem-access 1
targets -set -nocase -filter {name =~"APU*" && jtag_cable_name =~ "Digilent JTAG-HS1 210512180081"} -index 0
ps7_init
ps7_post_config
targets -set -nocase -filter {name =~ "ARM*#0" && jtag_cable_name =~ "Digilent JTAG-HS1 210512180081"} -index 0
dow E:/vivado/vivado_lab/ZYNQ/ov5640_and_lcd7_display/ov5640_single.sdk/ov5640_lcd/Debug/ov5640_lcd.elf
configparams force-mem-access 0
----------------End of Script----------------

13:41:04 INFO  : Memory regions updated for context APU
13:41:04 INFO  : Context for processor 'ps7_cortexa9_0' is selected.
13:41:04 INFO  : 'con' command is executed.
13:41:04 INFO  : ----------------XSDB Script (After Launch)----------------
targets -set -nocase -filter {name =~ "ARM*#0" && jtag_cable_name =~ "Digilent JTAG-HS1 210512180081"} -index 0
con
----------------End of Script----------------

13:41:04 INFO  : Launch script is exported to file 'E:\vivado\vivado_lab\ZYNQ\ov5640_and_lcd7_display\ov5640_single.sdk\.sdk\launch_scripts\xilinx_c-c++_application_(system_debugger)\system_debugger_using_debug_ov5640_lcd.elf_on_local.tcl'
14:03:39 INFO  : Disconnected from the channel tcfchan#5.
13:20:14 INFO  : Registering command handlers for SDK TCF services
13:20:15 INFO  : Launching XSCT server: xsct.bat -interactive E:\vivado\vivado_lab\ZYNQ\course2\ov5640_and_lcd7_display\ov5640_single.sdk\temp_xsdb_launch_script.tcl
13:20:17 INFO  : XSCT server has started successfully.
13:20:17 INFO  : Processing command line option -hwspec E:/vivado/vivado_lab/ZYNQ/course2/ov5640_and_lcd7_display/ov5640_single.sdk/system_wrapper.hdf.
13:20:17 INFO  : Successfully done setting XSCT server connection channel  
13:20:17 INFO  : Successfully done setting SDK workspace  
13:53:14 INFO  : Connected to target on host '127.0.0.1' and port '3121'.
13:53:14 INFO  : Jtag cable 'Digilent JTAG-HS1 210512180081' is selected.
13:53:14 INFO  : 'jtag frequency' command is executed.
13:53:14 INFO  : Sourcing of 'E:/vivado/vivado_lab/ZYNQ/course2/ov5640_and_lcd7_display/ov5640_single.sdk/system_wrapper_hw_platform_0/ps7_init.tcl' is done.
13:53:14 INFO  : Context for 'APU' is selected.
13:53:14 INFO  : System reset is completed.
13:53:17 INFO  : 'after 3000' command is executed.
13:53:18 INFO  : 'targets -set -filter {jtag_cable_name =~ "Digilent JTAG-HS1 210512180081" && level==0} -index 1' command is executed.
13:53:19 INFO  : FPGA configured successfully with bitstream "E:/vivado/vivado_lab/ZYNQ/course2/ov5640_and_lcd7_display/ov5640_single.sdk/system_wrapper_hw_platform_0/system_wrapper.bit"
13:53:19 INFO  : Context for 'APU' is selected.
13:53:20 INFO  : Hardware design information is loaded from 'E:/vivado/vivado_lab/ZYNQ/course2/ov5640_and_lcd7_display/ov5640_single.sdk/system_wrapper_hw_platform_0/system.hdf'.
13:53:20 INFO  : 'configparams force-mem-access 1' command is executed.
13:53:20 INFO  : Context for 'APU' is selected.
13:53:20 INFO  : 'ps7_init' command is executed.
13:53:20 INFO  : 'ps7_post_config' command is executed.
13:53:20 INFO  : Context for processor 'ps7_cortexa9_0' is selected.
13:53:20 INFO  : The application 'E:/vivado/vivado_lab/ZYNQ/course2/ov5640_and_lcd7_display/ov5640_single.sdk/ov5640_lcd/Debug/ov5640_lcd.elf' is downloaded to processor 'ps7_cortexa9_0'.
13:53:20 INFO  : 'configparams force-mem-access 0' command is executed.
13:53:20 INFO  : ----------------XSDB Script----------------
connect -url tcp:127.0.0.1:3121
source E:/vivado/vivado_lab/ZYNQ/course2/ov5640_and_lcd7_display/ov5640_single.sdk/system_wrapper_hw_platform_0/ps7_init.tcl
targets -set -nocase -filter {name =~"APU*" && jtag_cable_name =~ "Digilent JTAG-HS1 210512180081"} -index 0
rst -system
after 3000
targets -set -filter {jtag_cable_name =~ "Digilent JTAG-HS1 210512180081" && level==0} -index 1
fpga -file E:/vivado/vivado_lab/ZYNQ/course2/ov5640_and_lcd7_display/ov5640_single.sdk/system_wrapper_hw_platform_0/system_wrapper.bit
targets -set -nocase -filter {name =~"APU*" && jtag_cable_name =~ "Digilent JTAG-HS1 210512180081"} -index 0
loadhw -hw E:/vivado/vivado_lab/ZYNQ/course2/ov5640_and_lcd7_display/ov5640_single.sdk/system_wrapper_hw_platform_0/system.hdf -mem-ranges [list {0x40000000 0xbfffffff}]
configparams force-mem-access 1
targets -set -nocase -filter {name =~"APU*" && jtag_cable_name =~ "Digilent JTAG-HS1 210512180081"} -index 0
ps7_init
ps7_post_config
targets -set -nocase -filter {name =~ "ARM*#0" && jtag_cable_name =~ "Digilent JTAG-HS1 210512180081"} -index 0
dow E:/vivado/vivado_lab/ZYNQ/course2/ov5640_and_lcd7_display/ov5640_single.sdk/ov5640_lcd/Debug/ov5640_lcd.elf
configparams force-mem-access 0
----------------End of Script----------------

13:53:20 INFO  : Memory regions updated for context APU
13:53:21 INFO  : Context for processor 'ps7_cortexa9_0' is selected.
13:53:21 INFO  : 'con' command is executed.
13:53:21 INFO  : ----------------XSDB Script (After Launch)----------------
targets -set -nocase -filter {name =~ "ARM*#0" && jtag_cable_name =~ "Digilent JTAG-HS1 210512180081"} -index 0
con
----------------End of Script----------------

13:53:21 INFO  : Launch script is exported to file 'E:\vivado\vivado_lab\ZYNQ\course2\ov5640_and_lcd7_display\ov5640_single.sdk\.sdk\launch_scripts\xilinx_c-c++_application_(system_debugger)\system_debugger_using_debug_ov5640_lcd.elf_on_local.tcl'
14:34:48 INFO  : Disconnected from the channel tcfchan#1.
17:20:51 INFO  : Registering command handlers for SDK TCF services
17:20:52 INFO  : Launching XSCT server: xsct.bat -interactive E:\vivado\vivado_lab\ZYNQ\ov5640_lcd7_edge\ov5640_single.sdk\temp_xsdb_launch_script.tcl
17:20:55 INFO  : XSCT server has started successfully.
17:20:55 INFO  : Successfully done setting XSCT server connection channel  
17:20:57 INFO  : Processing command line option -hwspec E:/vivado/vivado_lab/ZYNQ/ov5640_lcd7_edge/ov5640_single.sdk/system_wrapper.hdf.
17:20:57 INFO  : Successfully done setting SDK workspace  
17:25:44 INFO  : Registering command handlers for SDK TCF services
17:25:44 INFO  : Launching XSCT server: xsct.bat -interactive E:\vivado\vivado_lab\ZYNQ\ov5640_lcd7_edge\ov5640_single.sdk\temp_xsdb_launch_script.tcl
17:25:46 INFO  : XSCT server has started successfully.
17:25:46 INFO  : Successfully done setting XSCT server connection channel  
17:25:47 INFO  : Successfully done setting SDK workspace  
17:25:47 INFO  : Processing command line option -hwspec E:/vivado/vivado_lab/ZYNQ/ov5640_lcd7_edge/ov5640_single.sdk/system_wrapper.hdf.
17:37:40 INFO  : Connected to target on host '127.0.0.1' and port '3121'.
17:37:40 INFO  : Jtag cable 'Digilent JTAG-HS1 210512180081' is selected.
17:37:40 INFO  : 'jtag frequency' command is executed.
17:37:40 INFO  : Sourcing of 'E:/vivado/vivado_lab/ZYNQ/ov5640_lcd7_edge/ov5640_single.sdk/system_wrapper_hw_platform_0/ps7_init.tcl' is done.
17:37:40 INFO  : Context for 'APU' is selected.
17:37:40 INFO  : System reset is completed.
17:37:43 INFO  : 'after 3000' command is executed.
17:37:43 INFO  : 'targets -set -filter {jtag_cable_name =~ "Digilent JTAG-HS1 210512180081" && level==0} -index 1' command is executed.
17:37:45 INFO  : FPGA configured successfully with bitstream "E:/vivado/vivado_lab/ZYNQ/ov5640_lcd7_edge/ov5640_single.sdk/system_wrapper_hw_platform_0/system_wrapper.bit"
17:37:45 INFO  : Context for 'APU' is selected.
17:37:45 INFO  : Hardware design information is loaded from 'E:/vivado/vivado_lab/ZYNQ/ov5640_lcd7_edge/ov5640_single.sdk/system_wrapper_hw_platform_0/system.hdf'.
17:37:45 INFO  : 'configparams force-mem-access 1' command is executed.
17:37:45 INFO  : Context for 'APU' is selected.
17:37:46 INFO  : 'ps7_init' command is executed.
17:37:46 INFO  : 'ps7_post_config' command is executed.
17:37:46 INFO  : Context for processor 'ps7_cortexa9_0' is selected.
17:37:46 INFO  : The application 'E:/vivado/vivado_lab/ZYNQ/ov5640_lcd7_edge/ov5640_single.sdk/ov5640_lcd/Debug/ov5640_lcd.elf' is downloaded to processor 'ps7_cortexa9_0'.
17:37:46 INFO  : 'configparams force-mem-access 0' command is executed.
17:37:46 INFO  : ----------------XSDB Script----------------
connect -url tcp:127.0.0.1:3121
source E:/vivado/vivado_lab/ZYNQ/ov5640_lcd7_edge/ov5640_single.sdk/system_wrapper_hw_platform_0/ps7_init.tcl
targets -set -nocase -filter {name =~"APU*" && jtag_cable_name =~ "Digilent JTAG-HS1 210512180081"} -index 0
rst -system
after 3000
targets -set -filter {jtag_cable_name =~ "Digilent JTAG-HS1 210512180081" && level==0} -index 1
fpga -file E:/vivado/vivado_lab/ZYNQ/ov5640_lcd7_edge/ov5640_single.sdk/system_wrapper_hw_platform_0/system_wrapper.bit
targets -set -nocase -filter {name =~"APU*" && jtag_cable_name =~ "Digilent JTAG-HS1 210512180081"} -index 0
loadhw -hw E:/vivado/vivado_lab/ZYNQ/ov5640_lcd7_edge/ov5640_single.sdk/system_wrapper_hw_platform_0/system.hdf -mem-ranges [list {0x40000000 0xbfffffff}]
configparams force-mem-access 1
targets -set -nocase -filter {name =~"APU*" && jtag_cable_name =~ "Digilent JTAG-HS1 210512180081"} -index 0
ps7_init
ps7_post_config
targets -set -nocase -filter {name =~ "ARM*#0" && jtag_cable_name =~ "Digilent JTAG-HS1 210512180081"} -index 0
dow E:/vivado/vivado_lab/ZYNQ/ov5640_lcd7_edge/ov5640_single.sdk/ov5640_lcd/Debug/ov5640_lcd.elf
configparams force-mem-access 0
----------------End of Script----------------

17:37:46 INFO  : Memory regions updated for context APU
17:37:46 INFO  : Context for processor 'ps7_cortexa9_0' is selected.
17:37:46 INFO  : 'con' command is executed.
17:37:46 INFO  : ----------------XSDB Script (After Launch)----------------
targets -set -nocase -filter {name =~ "ARM*#0" && jtag_cable_name =~ "Digilent JTAG-HS1 210512180081"} -index 0
con
----------------End of Script----------------

17:37:46 INFO  : Launch script is exported to file 'E:\vivado\vivado_lab\ZYNQ\ov5640_lcd7_edge\ov5640_single.sdk\.sdk\launch_scripts\xilinx_c-c++_application_(system_debugger)\system_debugger_using_debug_ov5640_lcd.elf_on_local.tcl'
17:49:50 INFO  : Disconnected from the channel tcfchan#1.
17:49:51 INFO  : Connected to target on host '127.0.0.1' and port '3121'.
17:49:51 INFO  : Jtag cable 'Digilent JTAG-HS1 210512180081' is selected.
17:49:51 INFO  : 'jtag frequency' command is executed.
17:49:51 INFO  : Sourcing of 'E:/vivado/vivado_lab/ZYNQ/ov5640_lcd7_edge/ov5640_single.sdk/system_wrapper_hw_platform_0/ps7_init.tcl' is done.
17:49:51 INFO  : Context for 'APU' is selected.
17:49:51 INFO  : System reset is completed.
17:49:54 INFO  : 'after 3000' command is executed.
17:49:54 INFO  : 'targets -set -filter {jtag_cable_name =~ "Digilent JTAG-HS1 210512180081" && level==0} -index 1' command is executed.
17:49:56 INFO  : FPGA configured successfully with bitstream "E:/vivado/vivado_lab/ZYNQ/ov5640_lcd7_edge/ov5640_single.sdk/system_wrapper_hw_platform_0/system_wrapper.bit"
17:49:56 INFO  : Context for 'APU' is selected.
17:49:59 INFO  : Hardware design information is loaded from 'E:/vivado/vivado_lab/ZYNQ/ov5640_lcd7_edge/ov5640_single.sdk/system_wrapper_hw_platform_0/system.hdf'.
17:49:59 INFO  : 'configparams force-mem-access 1' command is executed.
17:49:59 INFO  : Context for 'APU' is selected.
17:49:59 INFO  : 'ps7_init' command is executed.
17:49:59 INFO  : 'ps7_post_config' command is executed.
17:49:59 INFO  : Context for processor 'ps7_cortexa9_0' is selected.
17:50:00 INFO  : The application 'E:/vivado/vivado_lab/ZYNQ/ov5640_lcd7_edge/ov5640_single.sdk/ov5640_lcd/Debug/ov5640_lcd.elf' is downloaded to processor 'ps7_cortexa9_0'.
17:50:00 INFO  : 'configparams force-mem-access 0' command is executed.
17:50:00 INFO  : ----------------XSDB Script----------------
connect -url tcp:127.0.0.1:3121
source E:/vivado/vivado_lab/ZYNQ/ov5640_lcd7_edge/ov5640_single.sdk/system_wrapper_hw_platform_0/ps7_init.tcl
targets -set -nocase -filter {name =~"APU*" && jtag_cable_name =~ "Digilent JTAG-HS1 210512180081"} -index 0
rst -system
after 3000
targets -set -filter {jtag_cable_name =~ "Digilent JTAG-HS1 210512180081" && level==0} -index 1
fpga -file E:/vivado/vivado_lab/ZYNQ/ov5640_lcd7_edge/ov5640_single.sdk/system_wrapper_hw_platform_0/system_wrapper.bit
targets -set -nocase -filter {name =~"APU*" && jtag_cable_name =~ "Digilent JTAG-HS1 210512180081"} -index 0
loadhw -hw E:/vivado/vivado_lab/ZYNQ/ov5640_lcd7_edge/ov5640_single.sdk/system_wrapper_hw_platform_0/system.hdf -mem-ranges [list {0x40000000 0xbfffffff}]
configparams force-mem-access 1
targets -set -nocase -filter {name =~"APU*" && jtag_cable_name =~ "Digilent JTAG-HS1 210512180081"} -index 0
ps7_init
ps7_post_config
targets -set -nocase -filter {name =~ "ARM*#0" && jtag_cable_name =~ "Digilent JTAG-HS1 210512180081"} -index 0
dow E:/vivado/vivado_lab/ZYNQ/ov5640_lcd7_edge/ov5640_single.sdk/ov5640_lcd/Debug/ov5640_lcd.elf
configparams force-mem-access 0
----------------End of Script----------------

17:50:00 INFO  : Memory regions updated for context APU
17:50:00 INFO  : Context for processor 'ps7_cortexa9_0' is selected.
17:50:00 INFO  : 'con' command is executed.
17:50:00 INFO  : ----------------XSDB Script (After Launch)----------------
targets -set -nocase -filter {name =~ "ARM*#0" && jtag_cable_name =~ "Digilent JTAG-HS1 210512180081"} -index 0
con
----------------End of Script----------------

17:50:00 INFO  : Launch script is exported to file 'E:\vivado\vivado_lab\ZYNQ\ov5640_lcd7_edge\ov5640_single.sdk\.sdk\launch_scripts\xilinx_c-c++_application_(system_debugger)\system_debugger_using_debug_ov5640_lcd.elf_on_local.tcl'
17:51:17 INFO  : Disconnected from the channel tcfchan#2.
17:51:18 INFO  : Connected to target on host '127.0.0.1' and port '3121'.
17:51:19 INFO  : Jtag cable 'Digilent JTAG-HS1 210512180081' is selected.
17:51:19 INFO  : 'jtag frequency' command is executed.
17:51:19 INFO  : Sourcing of 'E:/vivado/vivado_lab/ZYNQ/ov5640_lcd7_edge/ov5640_single.sdk/system_wrapper_hw_platform_0/ps7_init.tcl' is done.
17:51:19 INFO  : Context for 'APU' is selected.
17:51:19 INFO  : System reset is completed.
17:51:22 INFO  : 'after 3000' command is executed.
17:51:22 INFO  : 'targets -set -filter {jtag_cable_name =~ "Digilent JTAG-HS1 210512180081" && level==0} -index 1' command is executed.
17:51:24 INFO  : FPGA configured successfully with bitstream "E:/vivado/vivado_lab/ZYNQ/ov5640_lcd7_edge/ov5640_single.sdk/system_wrapper_hw_platform_0/system_wrapper.bit"
17:51:24 INFO  : Context for 'APU' is selected.
17:51:26 INFO  : Hardware design information is loaded from 'E:/vivado/vivado_lab/ZYNQ/ov5640_lcd7_edge/ov5640_single.sdk/system_wrapper_hw_platform_0/system.hdf'.
17:51:26 INFO  : 'configparams force-mem-access 1' command is executed.
17:51:26 INFO  : Context for 'APU' is selected.
17:51:27 INFO  : 'ps7_init' command is executed.
17:51:27 INFO  : 'ps7_post_config' command is executed.
17:51:27 INFO  : Context for processor 'ps7_cortexa9_0' is selected.
17:51:27 INFO  : The application 'E:/vivado/vivado_lab/ZYNQ/ov5640_lcd7_edge/ov5640_single.sdk/ov5640_lcd/Debug/ov5640_lcd.elf' is downloaded to processor 'ps7_cortexa9_0'.
17:51:27 INFO  : 'configparams force-mem-access 0' command is executed.
17:51:27 INFO  : ----------------XSDB Script----------------
connect -url tcp:127.0.0.1:3121
source E:/vivado/vivado_lab/ZYNQ/ov5640_lcd7_edge/ov5640_single.sdk/system_wrapper_hw_platform_0/ps7_init.tcl
targets -set -nocase -filter {name =~"APU*" && jtag_cable_name =~ "Digilent JTAG-HS1 210512180081"} -index 0
rst -system
after 3000
targets -set -filter {jtag_cable_name =~ "Digilent JTAG-HS1 210512180081" && level==0} -index 1
fpga -file E:/vivado/vivado_lab/ZYNQ/ov5640_lcd7_edge/ov5640_single.sdk/system_wrapper_hw_platform_0/system_wrapper.bit
targets -set -nocase -filter {name =~"APU*" && jtag_cable_name =~ "Digilent JTAG-HS1 210512180081"} -index 0
loadhw -hw E:/vivado/vivado_lab/ZYNQ/ov5640_lcd7_edge/ov5640_single.sdk/system_wrapper_hw_platform_0/system.hdf -mem-ranges [list {0x40000000 0xbfffffff}]
configparams force-mem-access 1
targets -set -nocase -filter {name =~"APU*" && jtag_cable_name =~ "Digilent JTAG-HS1 210512180081"} -index 0
ps7_init
ps7_post_config
targets -set -nocase -filter {name =~ "ARM*#0" && jtag_cable_name =~ "Digilent JTAG-HS1 210512180081"} -index 0
dow E:/vivado/vivado_lab/ZYNQ/ov5640_lcd7_edge/ov5640_single.sdk/ov5640_lcd/Debug/ov5640_lcd.elf
configparams force-mem-access 0
----------------End of Script----------------

17:51:27 INFO  : Memory regions updated for context APU
17:51:27 INFO  : Context for processor 'ps7_cortexa9_0' is selected.
17:51:27 INFO  : 'con' command is executed.
17:51:27 INFO  : ----------------XSDB Script (After Launch)----------------
targets -set -nocase -filter {name =~ "ARM*#0" && jtag_cable_name =~ "Digilent JTAG-HS1 210512180081"} -index 0
con
----------------End of Script----------------

17:51:27 INFO  : Launch script is exported to file 'E:\vivado\vivado_lab\ZYNQ\ov5640_lcd7_edge\ov5640_single.sdk\.sdk\launch_scripts\xilinx_c-c++_application_(system_debugger)\system_debugger_using_debug_ov5640_lcd.elf_on_local.tcl'
17:52:13 INFO  : Disconnected from the channel tcfchan#3.
17:52:14 INFO  : Connected to target on host '127.0.0.1' and port '3121'.
17:52:15 INFO  : Jtag cable 'Digilent JTAG-HS1 210512180081' is selected.
17:52:15 INFO  : 'jtag frequency' command is executed.
17:52:15 INFO  : Sourcing of 'E:/vivado/vivado_lab/ZYNQ/ov5640_lcd7_edge/ov5640_single.sdk/system_wrapper_hw_platform_0/ps7_init.tcl' is done.
17:52:15 INFO  : Context for 'APU' is selected.
17:52:15 INFO  : System reset is completed.
17:52:18 INFO  : 'after 3000' command is executed.
17:52:18 INFO  : 'targets -set -filter {jtag_cable_name =~ "Digilent JTAG-HS1 210512180081" && level==0} -index 1' command is executed.
17:52:20 INFO  : FPGA configured successfully with bitstream "E:/vivado/vivado_lab/ZYNQ/ov5640_lcd7_edge/ov5640_single.sdk/system_wrapper_hw_platform_0/system_wrapper.bit"
17:52:20 INFO  : Context for 'APU' is selected.
17:52:22 INFO  : Hardware design information is loaded from 'E:/vivado/vivado_lab/ZYNQ/ov5640_lcd7_edge/ov5640_single.sdk/system_wrapper_hw_platform_0/system.hdf'.
17:52:22 INFO  : 'configparams force-mem-access 1' command is executed.
17:52:22 INFO  : Context for 'APU' is selected.
17:52:23 INFO  : 'ps7_init' command is executed.
17:52:23 INFO  : 'ps7_post_config' command is executed.
17:52:23 INFO  : Context for processor 'ps7_cortexa9_0' is selected.
17:52:23 INFO  : The application 'E:/vivado/vivado_lab/ZYNQ/ov5640_lcd7_edge/ov5640_single.sdk/ov5640_lcd/Debug/ov5640_lcd.elf' is downloaded to processor 'ps7_cortexa9_0'.
17:52:23 INFO  : 'configparams force-mem-access 0' command is executed.
17:52:23 INFO  : ----------------XSDB Script----------------
connect -url tcp:127.0.0.1:3121
source E:/vivado/vivado_lab/ZYNQ/ov5640_lcd7_edge/ov5640_single.sdk/system_wrapper_hw_platform_0/ps7_init.tcl
targets -set -nocase -filter {name =~"APU*" && jtag_cable_name =~ "Digilent JTAG-HS1 210512180081"} -index 0
rst -system
after 3000
targets -set -filter {jtag_cable_name =~ "Digilent JTAG-HS1 210512180081" && level==0} -index 1
fpga -file E:/vivado/vivado_lab/ZYNQ/ov5640_lcd7_edge/ov5640_single.sdk/system_wrapper_hw_platform_0/system_wrapper.bit
targets -set -nocase -filter {name =~"APU*" && jtag_cable_name =~ "Digilent JTAG-HS1 210512180081"} -index 0
loadhw -hw E:/vivado/vivado_lab/ZYNQ/ov5640_lcd7_edge/ov5640_single.sdk/system_wrapper_hw_platform_0/system.hdf -mem-ranges [list {0x40000000 0xbfffffff}]
configparams force-mem-access 1
targets -set -nocase -filter {name =~"APU*" && jtag_cable_name =~ "Digilent JTAG-HS1 210512180081"} -index 0
ps7_init
ps7_post_config
targets -set -nocase -filter {name =~ "ARM*#0" && jtag_cable_name =~ "Digilent JTAG-HS1 210512180081"} -index 0
dow E:/vivado/vivado_lab/ZYNQ/ov5640_lcd7_edge/ov5640_single.sdk/ov5640_lcd/Debug/ov5640_lcd.elf
configparams force-mem-access 0
----------------End of Script----------------

17:52:23 INFO  : Memory regions updated for context APU
17:52:23 INFO  : Context for processor 'ps7_cortexa9_0' is selected.
17:52:23 INFO  : 'con' command is executed.
17:52:23 INFO  : ----------------XSDB Script (After Launch)----------------
targets -set -nocase -filter {name =~ "ARM*#0" && jtag_cable_name =~ "Digilent JTAG-HS1 210512180081"} -index 0
con
----------------End of Script----------------

17:52:23 INFO  : Launch script is exported to file 'E:\vivado\vivado_lab\ZYNQ\ov5640_lcd7_edge\ov5640_single.sdk\.sdk\launch_scripts\xilinx_c-c++_application_(system_debugger)\system_debugger_using_debug_ov5640_lcd.elf_on_local.tcl'
17:53:07 INFO  : Disconnected from the channel tcfchan#4.
17:53:08 INFO  : Connected to target on host '127.0.0.1' and port '3121'.
17:53:08 INFO  : Jtag cable 'Digilent JTAG-HS1 210512180081' is selected.
17:53:08 INFO  : 'jtag frequency' command is executed.
17:53:08 INFO  : Sourcing of 'E:/vivado/vivado_lab/ZYNQ/ov5640_lcd7_edge/ov5640_single.sdk/system_wrapper_hw_platform_0/ps7_init.tcl' is done.
17:53:08 INFO  : Context for 'APU' is selected.
17:53:09 INFO  : System reset is completed.
17:53:12 INFO  : 'after 3000' command is executed.
17:53:12 INFO  : 'targets -set -filter {jtag_cable_name =~ "Digilent JTAG-HS1 210512180081" && level==0} -index 1' command is executed.
17:53:13 INFO  : FPGA configured successfully with bitstream "E:/vivado/vivado_lab/ZYNQ/ov5640_lcd7_edge/ov5640_single.sdk/system_wrapper_hw_platform_0/system_wrapper.bit"
17:53:14 INFO  : Context for 'APU' is selected.
17:53:16 INFO  : Hardware design information is loaded from 'E:/vivado/vivado_lab/ZYNQ/ov5640_lcd7_edge/ov5640_single.sdk/system_wrapper_hw_platform_0/system.hdf'.
17:53:16 INFO  : 'configparams force-mem-access 1' command is executed.
17:53:16 INFO  : Context for 'APU' is selected.
17:53:16 INFO  : 'ps7_init' command is executed.
17:53:16 INFO  : 'ps7_post_config' command is executed.
17:53:16 INFO  : Context for processor 'ps7_cortexa9_0' is selected.
17:53:16 INFO  : The application 'E:/vivado/vivado_lab/ZYNQ/ov5640_lcd7_edge/ov5640_single.sdk/ov5640_lcd/Debug/ov5640_lcd.elf' is downloaded to processor 'ps7_cortexa9_0'.
17:53:16 INFO  : 'configparams force-mem-access 0' command is executed.
17:53:16 INFO  : ----------------XSDB Script----------------
connect -url tcp:127.0.0.1:3121
source E:/vivado/vivado_lab/ZYNQ/ov5640_lcd7_edge/ov5640_single.sdk/system_wrapper_hw_platform_0/ps7_init.tcl
targets -set -nocase -filter {name =~"APU*" && jtag_cable_name =~ "Digilent JTAG-HS1 210512180081"} -index 0
rst -system
after 3000
targets -set -filter {jtag_cable_name =~ "Digilent JTAG-HS1 210512180081" && level==0} -index 1
fpga -file E:/vivado/vivado_lab/ZYNQ/ov5640_lcd7_edge/ov5640_single.sdk/system_wrapper_hw_platform_0/system_wrapper.bit
targets -set -nocase -filter {name =~"APU*" && jtag_cable_name =~ "Digilent JTAG-HS1 210512180081"} -index 0
loadhw -hw E:/vivado/vivado_lab/ZYNQ/ov5640_lcd7_edge/ov5640_single.sdk/system_wrapper_hw_platform_0/system.hdf -mem-ranges [list {0x40000000 0xbfffffff}]
configparams force-mem-access 1
targets -set -nocase -filter {name =~"APU*" && jtag_cable_name =~ "Digilent JTAG-HS1 210512180081"} -index 0
ps7_init
ps7_post_config
targets -set -nocase -filter {name =~ "ARM*#0" && jtag_cable_name =~ "Digilent JTAG-HS1 210512180081"} -index 0
dow E:/vivado/vivado_lab/ZYNQ/ov5640_lcd7_edge/ov5640_single.sdk/ov5640_lcd/Debug/ov5640_lcd.elf
configparams force-mem-access 0
----------------End of Script----------------

17:53:16 INFO  : Memory regions updated for context APU
17:53:17 INFO  : Context for processor 'ps7_cortexa9_0' is selected.
17:53:17 INFO  : 'con' command is executed.
17:53:17 INFO  : ----------------XSDB Script (After Launch)----------------
targets -set -nocase -filter {name =~ "ARM*#0" && jtag_cable_name =~ "Digilent JTAG-HS1 210512180081"} -index 0
con
----------------End of Script----------------

17:53:17 INFO  : Launch script is exported to file 'E:\vivado\vivado_lab\ZYNQ\ov5640_lcd7_edge\ov5640_single.sdk\.sdk\launch_scripts\xilinx_c-c++_application_(system_debugger)\system_debugger_using_debug_ov5640_lcd.elf_on_local.tcl'
17:59:31 INFO  : Disconnected from the channel tcfchan#5.
17:59:32 INFO  : Connected to target on host '127.0.0.1' and port '3121'.
17:59:33 INFO  : Jtag cable 'Digilent JTAG-HS1 210512180081' is selected.
17:59:33 INFO  : 'jtag frequency' command is executed.
17:59:33 INFO  : Sourcing of 'E:/vivado/vivado_lab/ZYNQ/ov5640_lcd7_edge/ov5640_single.sdk/system_wrapper_hw_platform_0/ps7_init.tcl' is done.
17:59:33 INFO  : Context for 'APU' is selected.
17:59:33 INFO  : System reset is completed.
17:59:36 INFO  : 'after 3000' command is executed.
17:59:36 INFO  : 'targets -set -filter {jtag_cable_name =~ "Digilent JTAG-HS1 210512180081" && level==0} -index 1' command is executed.
17:59:38 INFO  : FPGA configured successfully with bitstream "E:/vivado/vivado_lab/ZYNQ/ov5640_lcd7_edge/ov5640_single.sdk/system_wrapper_hw_platform_0/system_wrapper.bit"
17:59:38 INFO  : Context for 'APU' is selected.
17:59:40 INFO  : Hardware design information is loaded from 'E:/vivado/vivado_lab/ZYNQ/ov5640_lcd7_edge/ov5640_single.sdk/system_wrapper_hw_platform_0/system.hdf'.
17:59:40 INFO  : 'configparams force-mem-access 1' command is executed.
17:59:40 INFO  : Context for 'APU' is selected.
17:59:40 INFO  : 'ps7_init' command is executed.
17:59:40 INFO  : 'ps7_post_config' command is executed.
17:59:40 INFO  : Context for processor 'ps7_cortexa9_0' is selected.
17:59:41 INFO  : The application 'E:/vivado/vivado_lab/ZYNQ/ov5640_lcd7_edge/ov5640_single.sdk/ov5640_lcd/Debug/ov5640_lcd.elf' is downloaded to processor 'ps7_cortexa9_0'.
17:59:41 INFO  : 'configparams force-mem-access 0' command is executed.
17:59:41 INFO  : ----------------XSDB Script----------------
connect -url tcp:127.0.0.1:3121
source E:/vivado/vivado_lab/ZYNQ/ov5640_lcd7_edge/ov5640_single.sdk/system_wrapper_hw_platform_0/ps7_init.tcl
targets -set -nocase -filter {name =~"APU*" && jtag_cable_name =~ "Digilent JTAG-HS1 210512180081"} -index 0
rst -system
after 3000
targets -set -filter {jtag_cable_name =~ "Digilent JTAG-HS1 210512180081" && level==0} -index 1
fpga -file E:/vivado/vivado_lab/ZYNQ/ov5640_lcd7_edge/ov5640_single.sdk/system_wrapper_hw_platform_0/system_wrapper.bit
targets -set -nocase -filter {name =~"APU*" && jtag_cable_name =~ "Digilent JTAG-HS1 210512180081"} -index 0
loadhw -hw E:/vivado/vivado_lab/ZYNQ/ov5640_lcd7_edge/ov5640_single.sdk/system_wrapper_hw_platform_0/system.hdf -mem-ranges [list {0x40000000 0xbfffffff}]
configparams force-mem-access 1
targets -set -nocase -filter {name =~"APU*" && jtag_cable_name =~ "Digilent JTAG-HS1 210512180081"} -index 0
ps7_init
ps7_post_config
targets -set -nocase -filter {name =~ "ARM*#0" && jtag_cable_name =~ "Digilent JTAG-HS1 210512180081"} -index 0
dow E:/vivado/vivado_lab/ZYNQ/ov5640_lcd7_edge/ov5640_single.sdk/ov5640_lcd/Debug/ov5640_lcd.elf
configparams force-mem-access 0
----------------End of Script----------------

17:59:41 INFO  : Memory regions updated for context APU
17:59:41 INFO  : Context for processor 'ps7_cortexa9_0' is selected.
17:59:41 INFO  : 'con' command is executed.
17:59:41 INFO  : ----------------XSDB Script (After Launch)----------------
targets -set -nocase -filter {name =~ "ARM*#0" && jtag_cable_name =~ "Digilent JTAG-HS1 210512180081"} -index 0
con
----------------End of Script----------------

17:59:41 INFO  : Launch script is exported to file 'E:\vivado\vivado_lab\ZYNQ\ov5640_lcd7_edge\ov5640_single.sdk\.sdk\launch_scripts\xilinx_c-c++_application_(system_debugger)\system_debugger_using_debug_ov5640_lcd.elf_on_local.tcl'
18:00:20 INFO  : Disconnected from the channel tcfchan#6.
18:00:21 INFO  : Connected to target on host '127.0.0.1' and port '3121'.
18:00:22 INFO  : Jtag cable 'Digilent JTAG-HS1 210512180081' is selected.
18:00:22 INFO  : 'jtag frequency' command is executed.
18:00:22 INFO  : Sourcing of 'E:/vivado/vivado_lab/ZYNQ/ov5640_lcd7_edge/ov5640_single.sdk/system_wrapper_hw_platform_0/ps7_init.tcl' is done.
18:00:22 INFO  : Context for 'APU' is selected.
18:00:22 INFO  : System reset is completed.
18:00:25 INFO  : 'after 3000' command is executed.
18:00:25 INFO  : 'targets -set -filter {jtag_cable_name =~ "Digilent JTAG-HS1 210512180081" && level==0} -index 1' command is executed.
18:00:27 INFO  : FPGA configured successfully with bitstream "E:/vivado/vivado_lab/ZYNQ/ov5640_lcd7_edge/ov5640_single.sdk/system_wrapper_hw_platform_0/system_wrapper.bit"
18:00:27 INFO  : Context for 'APU' is selected.
18:00:29 INFO  : Hardware design information is loaded from 'E:/vivado/vivado_lab/ZYNQ/ov5640_lcd7_edge/ov5640_single.sdk/system_wrapper_hw_platform_0/system.hdf'.
18:00:29 INFO  : 'configparams force-mem-access 1' command is executed.
18:00:29 INFO  : Context for 'APU' is selected.
18:00:30 INFO  : 'ps7_init' command is executed.
18:00:30 INFO  : 'ps7_post_config' command is executed.
18:00:30 INFO  : Context for processor 'ps7_cortexa9_0' is selected.
18:00:30 INFO  : The application 'E:/vivado/vivado_lab/ZYNQ/ov5640_lcd7_edge/ov5640_single.sdk/ov5640_lcd/Debug/ov5640_lcd.elf' is downloaded to processor 'ps7_cortexa9_0'.
18:00:30 INFO  : 'configparams force-mem-access 0' command is executed.
18:00:30 INFO  : ----------------XSDB Script----------------
connect -url tcp:127.0.0.1:3121
source E:/vivado/vivado_lab/ZYNQ/ov5640_lcd7_edge/ov5640_single.sdk/system_wrapper_hw_platform_0/ps7_init.tcl
targets -set -nocase -filter {name =~"APU*" && jtag_cable_name =~ "Digilent JTAG-HS1 210512180081"} -index 0
rst -system
after 3000
targets -set -filter {jtag_cable_name =~ "Digilent JTAG-HS1 210512180081" && level==0} -index 1
fpga -file E:/vivado/vivado_lab/ZYNQ/ov5640_lcd7_edge/ov5640_single.sdk/system_wrapper_hw_platform_0/system_wrapper.bit
targets -set -nocase -filter {name =~"APU*" && jtag_cable_name =~ "Digilent JTAG-HS1 210512180081"} -index 0
loadhw -hw E:/vivado/vivado_lab/ZYNQ/ov5640_lcd7_edge/ov5640_single.sdk/system_wrapper_hw_platform_0/system.hdf -mem-ranges [list {0x40000000 0xbfffffff}]
configparams force-mem-access 1
targets -set -nocase -filter {name =~"APU*" && jtag_cable_name =~ "Digilent JTAG-HS1 210512180081"} -index 0
ps7_init
ps7_post_config
targets -set -nocase -filter {name =~ "ARM*#0" && jtag_cable_name =~ "Digilent JTAG-HS1 210512180081"} -index 0
dow E:/vivado/vivado_lab/ZYNQ/ov5640_lcd7_edge/ov5640_single.sdk/ov5640_lcd/Debug/ov5640_lcd.elf
configparams force-mem-access 0
----------------End of Script----------------

18:00:30 INFO  : Memory regions updated for context APU
18:00:30 INFO  : Context for processor 'ps7_cortexa9_0' is selected.
18:00:30 INFO  : 'con' command is executed.
18:00:30 INFO  : ----------------XSDB Script (After Launch)----------------
targets -set -nocase -filter {name =~ "ARM*#0" && jtag_cable_name =~ "Digilent JTAG-HS1 210512180081"} -index 0
con
----------------End of Script----------------

18:00:30 INFO  : Launch script is exported to file 'E:\vivado\vivado_lab\ZYNQ\ov5640_lcd7_edge\ov5640_single.sdk\.sdk\launch_scripts\xilinx_c-c++_application_(system_debugger)\system_debugger_using_debug_ov5640_lcd.elf_on_local.tcl'
18:01:16 INFO  : Disconnected from the channel tcfchan#7.
18:01:17 INFO  : Connected to target on host '127.0.0.1' and port '3121'.
18:01:18 INFO  : Jtag cable 'Digilent JTAG-HS1 210512180081' is selected.
18:01:18 INFO  : 'jtag frequency' command is executed.
18:01:18 INFO  : Sourcing of 'E:/vivado/vivado_lab/ZYNQ/ov5640_lcd7_edge/ov5640_single.sdk/system_wrapper_hw_platform_0/ps7_init.tcl' is done.
18:01:18 INFO  : Context for 'APU' is selected.
18:01:18 INFO  : System reset is completed.
18:01:21 INFO  : 'after 3000' command is executed.
18:01:21 INFO  : 'targets -set -filter {jtag_cable_name =~ "Digilent JTAG-HS1 210512180081" && level==0} -index 1' command is executed.
18:01:23 INFO  : FPGA configured successfully with bitstream "E:/vivado/vivado_lab/ZYNQ/ov5640_lcd7_edge/ov5640_single.sdk/system_wrapper_hw_platform_0/system_wrapper.bit"
18:01:23 INFO  : Context for 'APU' is selected.
18:01:25 INFO  : Hardware design information is loaded from 'E:/vivado/vivado_lab/ZYNQ/ov5640_lcd7_edge/ov5640_single.sdk/system_wrapper_hw_platform_0/system.hdf'.
18:01:25 INFO  : 'configparams force-mem-access 1' command is executed.
18:01:25 INFO  : Context for 'APU' is selected.
18:01:26 INFO  : 'ps7_init' command is executed.
18:01:26 INFO  : 'ps7_post_config' command is executed.
18:01:26 INFO  : Context for processor 'ps7_cortexa9_0' is selected.
18:01:26 INFO  : The application 'E:/vivado/vivado_lab/ZYNQ/ov5640_lcd7_edge/ov5640_single.sdk/ov5640_lcd/Debug/ov5640_lcd.elf' is downloaded to processor 'ps7_cortexa9_0'.
18:01:26 INFO  : 'configparams force-mem-access 0' command is executed.
18:01:26 INFO  : ----------------XSDB Script----------------
connect -url tcp:127.0.0.1:3121
source E:/vivado/vivado_lab/ZYNQ/ov5640_lcd7_edge/ov5640_single.sdk/system_wrapper_hw_platform_0/ps7_init.tcl
targets -set -nocase -filter {name =~"APU*" && jtag_cable_name =~ "Digilent JTAG-HS1 210512180081"} -index 0
rst -system
after 3000
targets -set -filter {jtag_cable_name =~ "Digilent JTAG-HS1 210512180081" && level==0} -index 1
fpga -file E:/vivado/vivado_lab/ZYNQ/ov5640_lcd7_edge/ov5640_single.sdk/system_wrapper_hw_platform_0/system_wrapper.bit
targets -set -nocase -filter {name =~"APU*" && jtag_cable_name =~ "Digilent JTAG-HS1 210512180081"} -index 0
loadhw -hw E:/vivado/vivado_lab/ZYNQ/ov5640_lcd7_edge/ov5640_single.sdk/system_wrapper_hw_platform_0/system.hdf -mem-ranges [list {0x40000000 0xbfffffff}]
configparams force-mem-access 1
targets -set -nocase -filter {name =~"APU*" && jtag_cable_name =~ "Digilent JTAG-HS1 210512180081"} -index 0
ps7_init
ps7_post_config
targets -set -nocase -filter {name =~ "ARM*#0" && jtag_cable_name =~ "Digilent JTAG-HS1 210512180081"} -index 0
dow E:/vivado/vivado_lab/ZYNQ/ov5640_lcd7_edge/ov5640_single.sdk/ov5640_lcd/Debug/ov5640_lcd.elf
configparams force-mem-access 0
----------------End of Script----------------

18:01:26 INFO  : Memory regions updated for context APU
18:01:26 INFO  : Context for processor 'ps7_cortexa9_0' is selected.
18:01:26 INFO  : 'con' command is executed.
18:01:26 INFO  : ----------------XSDB Script (After Launch)----------------
targets -set -nocase -filter {name =~ "ARM*#0" && jtag_cable_name =~ "Digilent JTAG-HS1 210512180081"} -index 0
con
----------------End of Script----------------

18:01:26 INFO  : Launch script is exported to file 'E:\vivado\vivado_lab\ZYNQ\ov5640_lcd7_edge\ov5640_single.sdk\.sdk\launch_scripts\xilinx_c-c++_application_(system_debugger)\system_debugger_using_debug_ov5640_lcd.elf_on_local.tcl'
18:02:36 INFO  : Disconnected from the channel tcfchan#8.
18:02:37 INFO  : Connected to target on host '127.0.0.1' and port '3121'.
18:02:37 INFO  : Jtag cable 'Digilent JTAG-HS1 210512180081' is selected.
18:02:37 INFO  : 'jtag frequency' command is executed.
18:02:37 INFO  : Sourcing of 'E:/vivado/vivado_lab/ZYNQ/ov5640_lcd7_edge/ov5640_single.sdk/system_wrapper_hw_platform_0/ps7_init.tcl' is done.
18:02:37 INFO  : Context for 'APU' is selected.
18:02:38 INFO  : System reset is completed.
18:02:41 INFO  : 'after 3000' command is executed.
18:02:41 INFO  : 'targets -set -filter {jtag_cable_name =~ "Digilent JTAG-HS1 210512180081" && level==0} -index 1' command is executed.
18:02:42 INFO  : FPGA configured successfully with bitstream "E:/vivado/vivado_lab/ZYNQ/ov5640_lcd7_edge/ov5640_single.sdk/system_wrapper_hw_platform_0/system_wrapper.bit"
18:02:43 INFO  : Context for 'APU' is selected.
18:02:45 INFO  : Hardware design information is loaded from 'E:/vivado/vivado_lab/ZYNQ/ov5640_lcd7_edge/ov5640_single.sdk/system_wrapper_hw_platform_0/system.hdf'.
18:02:45 INFO  : 'configparams force-mem-access 1' command is executed.
18:02:45 INFO  : Context for 'APU' is selected.
18:02:45 INFO  : 'ps7_init' command is executed.
18:02:45 INFO  : 'ps7_post_config' command is executed.
18:02:45 INFO  : Context for processor 'ps7_cortexa9_0' is selected.
18:02:46 INFO  : The application 'E:/vivado/vivado_lab/ZYNQ/ov5640_lcd7_edge/ov5640_single.sdk/ov5640_lcd/Debug/ov5640_lcd.elf' is downloaded to processor 'ps7_cortexa9_0'.
18:02:46 INFO  : 'configparams force-mem-access 0' command is executed.
18:02:46 INFO  : ----------------XSDB Script----------------
connect -url tcp:127.0.0.1:3121
source E:/vivado/vivado_lab/ZYNQ/ov5640_lcd7_edge/ov5640_single.sdk/system_wrapper_hw_platform_0/ps7_init.tcl
targets -set -nocase -filter {name =~"APU*" && jtag_cable_name =~ "Digilent JTAG-HS1 210512180081"} -index 0
rst -system
after 3000
targets -set -filter {jtag_cable_name =~ "Digilent JTAG-HS1 210512180081" && level==0} -index 1
fpga -file E:/vivado/vivado_lab/ZYNQ/ov5640_lcd7_edge/ov5640_single.sdk/system_wrapper_hw_platform_0/system_wrapper.bit
targets -set -nocase -filter {name =~"APU*" && jtag_cable_name =~ "Digilent JTAG-HS1 210512180081"} -index 0
loadhw -hw E:/vivado/vivado_lab/ZYNQ/ov5640_lcd7_edge/ov5640_single.sdk/system_wrapper_hw_platform_0/system.hdf -mem-ranges [list {0x40000000 0xbfffffff}]
configparams force-mem-access 1
targets -set -nocase -filter {name =~"APU*" && jtag_cable_name =~ "Digilent JTAG-HS1 210512180081"} -index 0
ps7_init
ps7_post_config
targets -set -nocase -filter {name =~ "ARM*#0" && jtag_cable_name =~ "Digilent JTAG-HS1 210512180081"} -index 0
dow E:/vivado/vivado_lab/ZYNQ/ov5640_lcd7_edge/ov5640_single.sdk/ov5640_lcd/Debug/ov5640_lcd.elf
configparams force-mem-access 0
----------------End of Script----------------

18:02:46 INFO  : Memory regions updated for context APU
18:02:46 INFO  : Context for processor 'ps7_cortexa9_0' is selected.
18:02:46 INFO  : 'con' command is executed.
18:02:46 INFO  : ----------------XSDB Script (After Launch)----------------
targets -set -nocase -filter {name =~ "ARM*#0" && jtag_cable_name =~ "Digilent JTAG-HS1 210512180081"} -index 0
con
----------------End of Script----------------

18:02:46 INFO  : Launch script is exported to file 'E:\vivado\vivado_lab\ZYNQ\ov5640_lcd7_edge\ov5640_single.sdk\.sdk\launch_scripts\xilinx_c-c++_application_(system_debugger)\system_debugger_using_debug_ov5640_lcd.elf_on_local.tcl'
18:04:53 INFO  : Disconnected from the channel tcfchan#9.
18:04:54 INFO  : Connected to target on host '127.0.0.1' and port '3121'.
18:04:55 INFO  : Jtag cable 'Digilent JTAG-HS1 210512180081' is selected.
18:04:55 INFO  : 'jtag frequency' command is executed.
18:04:55 INFO  : Sourcing of 'E:/vivado/vivado_lab/ZYNQ/ov5640_lcd7_edge/ov5640_single.sdk/system_wrapper_hw_platform_0/ps7_init.tcl' is done.
18:04:55 INFO  : Context for 'APU' is selected.
18:04:55 INFO  : System reset is completed.
18:04:58 INFO  : 'after 3000' command is executed.
18:04:58 INFO  : 'targets -set -filter {jtag_cable_name =~ "Digilent JTAG-HS1 210512180081" && level==0} -index 1' command is executed.
18:05:00 INFO  : FPGA configured successfully with bitstream "E:/vivado/vivado_lab/ZYNQ/ov5640_lcd7_edge/ov5640_single.sdk/system_wrapper_hw_platform_0/system_wrapper.bit"
18:05:00 INFO  : Context for 'APU' is selected.
18:05:02 INFO  : Hardware design information is loaded from 'E:/vivado/vivado_lab/ZYNQ/ov5640_lcd7_edge/ov5640_single.sdk/system_wrapper_hw_platform_0/system.hdf'.
18:05:02 INFO  : 'configparams force-mem-access 1' command is executed.
18:05:02 INFO  : Context for 'APU' is selected.
18:05:03 INFO  : 'ps7_init' command is executed.
18:05:03 INFO  : 'ps7_post_config' command is executed.
18:05:03 INFO  : Context for processor 'ps7_cortexa9_0' is selected.
18:05:03 INFO  : The application 'E:/vivado/vivado_lab/ZYNQ/ov5640_lcd7_edge/ov5640_single.sdk/ov5640_lcd/Debug/ov5640_lcd.elf' is downloaded to processor 'ps7_cortexa9_0'.
18:05:03 INFO  : 'configparams force-mem-access 0' command is executed.
18:05:03 INFO  : ----------------XSDB Script----------------
connect -url tcp:127.0.0.1:3121
source E:/vivado/vivado_lab/ZYNQ/ov5640_lcd7_edge/ov5640_single.sdk/system_wrapper_hw_platform_0/ps7_init.tcl
targets -set -nocase -filter {name =~"APU*" && jtag_cable_name =~ "Digilent JTAG-HS1 210512180081"} -index 0
rst -system
after 3000
targets -set -filter {jtag_cable_name =~ "Digilent JTAG-HS1 210512180081" && level==0} -index 1
fpga -file E:/vivado/vivado_lab/ZYNQ/ov5640_lcd7_edge/ov5640_single.sdk/system_wrapper_hw_platform_0/system_wrapper.bit
targets -set -nocase -filter {name =~"APU*" && jtag_cable_name =~ "Digilent JTAG-HS1 210512180081"} -index 0
loadhw -hw E:/vivado/vivado_lab/ZYNQ/ov5640_lcd7_edge/ov5640_single.sdk/system_wrapper_hw_platform_0/system.hdf -mem-ranges [list {0x40000000 0xbfffffff}]
configparams force-mem-access 1
targets -set -nocase -filter {name =~"APU*" && jtag_cable_name =~ "Digilent JTAG-HS1 210512180081"} -index 0
ps7_init
ps7_post_config
targets -set -nocase -filter {name =~ "ARM*#0" && jtag_cable_name =~ "Digilent JTAG-HS1 210512180081"} -index 0
dow E:/vivado/vivado_lab/ZYNQ/ov5640_lcd7_edge/ov5640_single.sdk/ov5640_lcd/Debug/ov5640_lcd.elf
configparams force-mem-access 0
----------------End of Script----------------

18:05:03 INFO  : Memory regions updated for context APU
18:05:03 INFO  : Context for processor 'ps7_cortexa9_0' is selected.
18:05:03 INFO  : 'con' command is executed.
18:05:03 INFO  : ----------------XSDB Script (After Launch)----------------
targets -set -nocase -filter {name =~ "ARM*#0" && jtag_cable_name =~ "Digilent JTAG-HS1 210512180081"} -index 0
con
----------------End of Script----------------

18:05:03 INFO  : Launch script is exported to file 'E:\vivado\vivado_lab\ZYNQ\ov5640_lcd7_edge\ov5640_single.sdk\.sdk\launch_scripts\xilinx_c-c++_application_(system_debugger)\system_debugger_using_debug_ov5640_lcd.elf_on_local.tcl'
18:11:21 INFO  : Disconnected from the channel tcfchan#10.
09:07:17 INFO  : Registering command handlers for SDK TCF services
09:07:20 INFO  : Launching XSCT server: xsct.bat -interactive E:\vivado\vivado_lab\ZYNQ\ov5640_lcd7_edge\ov5640_single.sdk\temp_xsdb_launch_script.tcl
09:07:26 INFO  : XSCT server has started successfully.
09:07:26 INFO  : Successfully done setting XSCT server connection channel  
09:07:32 INFO  : Successfully done setting SDK workspace  
09:07:32 INFO  : Processing command line option -hwspec E:/vivado/vivado_lab/ZYNQ/ov5640_lcd7_edge/ov5640_single.sdk/system_wrapper.hdf.
09:07:32 INFO  : Checking for hwspec changes in the project system_wrapper_hw_platform_0.
09:22:52 INFO  : Connected to target on host '127.0.0.1' and port '3121'.
09:22:52 INFO  : Jtag cable 'Digilent JTAG-HS1 210512180081' is selected.
09:22:52 INFO  : 'jtag frequency' command is executed.
09:22:52 INFO  : Sourcing of 'E:/vivado/vivado_lab/ZYNQ/ov5640_lcd7_edge/ov5640_single.sdk/system_wrapper_hw_platform_0/ps7_init.tcl' is done.
09:22:53 INFO  : Context for 'APU' is selected.
09:22:53 INFO  : System reset is completed.
09:22:56 INFO  : 'after 3000' command is executed.
09:22:56 INFO  : 'targets -set -filter {jtag_cable_name =~ "Digilent JTAG-HS1 210512180081" && level==0} -index 1' command is executed.
09:22:58 INFO  : FPGA configured successfully with bitstream "E:/vivado/vivado_lab/ZYNQ/ov5640_lcd7_edge/ov5640_single.sdk/system_wrapper_hw_platform_0/system_wrapper.bit"
09:22:58 INFO  : Context for 'APU' is selected.
09:22:58 INFO  : Hardware design information is loaded from 'E:/vivado/vivado_lab/ZYNQ/ov5640_lcd7_edge/ov5640_single.sdk/system_wrapper_hw_platform_0/system.hdf'.
09:22:58 INFO  : 'configparams force-mem-access 1' command is executed.
09:22:58 INFO  : Context for 'APU' is selected.
09:22:58 INFO  : 'ps7_init' command is executed.
09:22:58 INFO  : 'ps7_post_config' command is executed.
09:22:59 INFO  : Context for processor 'ps7_cortexa9_0' is selected.
09:22:59 INFO  : The application 'E:/vivado/vivado_lab/ZYNQ/ov5640_lcd7_edge/ov5640_single.sdk/ov5640_lcd/Debug/ov5640_lcd.elf' is downloaded to processor 'ps7_cortexa9_0'.
09:22:59 INFO  : 'configparams force-mem-access 0' command is executed.
09:22:59 INFO  : ----------------XSDB Script----------------
connect -url tcp:127.0.0.1:3121
source E:/vivado/vivado_lab/ZYNQ/ov5640_lcd7_edge/ov5640_single.sdk/system_wrapper_hw_platform_0/ps7_init.tcl
targets -set -nocase -filter {name =~"APU*" && jtag_cable_name =~ "Digilent JTAG-HS1 210512180081"} -index 0
rst -system
after 3000
targets -set -filter {jtag_cable_name =~ "Digilent JTAG-HS1 210512180081" && level==0} -index 1
fpga -file E:/vivado/vivado_lab/ZYNQ/ov5640_lcd7_edge/ov5640_single.sdk/system_wrapper_hw_platform_0/system_wrapper.bit
targets -set -nocase -filter {name =~"APU*" && jtag_cable_name =~ "Digilent JTAG-HS1 210512180081"} -index 0
loadhw -hw E:/vivado/vivado_lab/ZYNQ/ov5640_lcd7_edge/ov5640_single.sdk/system_wrapper_hw_platform_0/system.hdf -mem-ranges [list {0x40000000 0xbfffffff}]
configparams force-mem-access 1
targets -set -nocase -filter {name =~"APU*" && jtag_cable_name =~ "Digilent JTAG-HS1 210512180081"} -index 0
ps7_init
ps7_post_config
targets -set -nocase -filter {name =~ "ARM*#0" && jtag_cable_name =~ "Digilent JTAG-HS1 210512180081"} -index 0
dow E:/vivado/vivado_lab/ZYNQ/ov5640_lcd7_edge/ov5640_single.sdk/ov5640_lcd/Debug/ov5640_lcd.elf
configparams force-mem-access 0
----------------End of Script----------------

09:22:59 INFO  : Memory regions updated for context APU
09:22:59 INFO  : Context for processor 'ps7_cortexa9_0' is selected.
09:22:59 INFO  : 'con' command is executed.
09:22:59 INFO  : ----------------XSDB Script (After Launch)----------------
targets -set -nocase -filter {name =~ "ARM*#0" && jtag_cable_name =~ "Digilent JTAG-HS1 210512180081"} -index 0
con
----------------End of Script----------------

09:22:59 INFO  : Launch script is exported to file 'E:\vivado\vivado_lab\ZYNQ\ov5640_lcd7_edge\ov5640_single.sdk\.sdk\launch_scripts\xilinx_c-c++_application_(system_debugger)\system_debugger_using_debug_ov5640_lcd.elf_on_local.tcl'
09:25:21 INFO  : Disconnected from the channel tcfchan#1.
09:25:22 INFO  : Connected to target on host '127.0.0.1' and port '3121'.
09:25:22 INFO  : Jtag cable 'Digilent JTAG-HS1 210512180081' is selected.
09:25:22 INFO  : 'jtag frequency' command is executed.
09:25:22 INFO  : Sourcing of 'E:/vivado/vivado_lab/ZYNQ/ov5640_lcd7_edge/ov5640_single.sdk/system_wrapper_hw_platform_0/ps7_init.tcl' is done.
09:25:22 INFO  : Context for 'APU' is selected.
09:25:22 INFO  : System reset is completed.
09:25:25 INFO  : 'after 3000' command is executed.
09:25:26 INFO  : 'targets -set -filter {jtag_cable_name =~ "Digilent JTAG-HS1 210512180081" && level==0} -index 1' command is executed.
09:25:27 INFO  : FPGA configured successfully with bitstream "E:/vivado/vivado_lab/ZYNQ/ov5640_lcd7_edge/ov5640_single.sdk/system_wrapper_hw_platform_0/system_wrapper.bit"
09:25:27 INFO  : Context for 'APU' is selected.
09:25:30 INFO  : Hardware design information is loaded from 'E:/vivado/vivado_lab/ZYNQ/ov5640_lcd7_edge/ov5640_single.sdk/system_wrapper_hw_platform_0/system.hdf'.
09:25:30 INFO  : 'configparams force-mem-access 1' command is executed.
09:25:30 INFO  : Context for 'APU' is selected.
09:25:30 INFO  : 'ps7_init' command is executed.
09:25:30 INFO  : 'ps7_post_config' command is executed.
09:25:30 INFO  : Context for processor 'ps7_cortexa9_0' is selected.
09:25:31 INFO  : The application 'E:/vivado/vivado_lab/ZYNQ/ov5640_lcd7_edge/ov5640_single.sdk/ov5640_lcd/Debug/ov5640_lcd.elf' is downloaded to processor 'ps7_cortexa9_0'.
09:25:31 INFO  : 'configparams force-mem-access 0' command is executed.
09:25:31 INFO  : ----------------XSDB Script----------------
connect -url tcp:127.0.0.1:3121
source E:/vivado/vivado_lab/ZYNQ/ov5640_lcd7_edge/ov5640_single.sdk/system_wrapper_hw_platform_0/ps7_init.tcl
targets -set -nocase -filter {name =~"APU*" && jtag_cable_name =~ "Digilent JTAG-HS1 210512180081"} -index 0
rst -system
after 3000
targets -set -filter {jtag_cable_name =~ "Digilent JTAG-HS1 210512180081" && level==0} -index 1
fpga -file E:/vivado/vivado_lab/ZYNQ/ov5640_lcd7_edge/ov5640_single.sdk/system_wrapper_hw_platform_0/system_wrapper.bit
targets -set -nocase -filter {name =~"APU*" && jtag_cable_name =~ "Digilent JTAG-HS1 210512180081"} -index 0
loadhw -hw E:/vivado/vivado_lab/ZYNQ/ov5640_lcd7_edge/ov5640_single.sdk/system_wrapper_hw_platform_0/system.hdf -mem-ranges [list {0x40000000 0xbfffffff}]
configparams force-mem-access 1
targets -set -nocase -filter {name =~"APU*" && jtag_cable_name =~ "Digilent JTAG-HS1 210512180081"} -index 0
ps7_init
ps7_post_config
targets -set -nocase -filter {name =~ "ARM*#0" && jtag_cable_name =~ "Digilent JTAG-HS1 210512180081"} -index 0
dow E:/vivado/vivado_lab/ZYNQ/ov5640_lcd7_edge/ov5640_single.sdk/ov5640_lcd/Debug/ov5640_lcd.elf
configparams force-mem-access 0
----------------End of Script----------------

09:25:31 INFO  : Memory regions updated for context APU
09:25:31 INFO  : Context for processor 'ps7_cortexa9_0' is selected.
09:25:31 INFO  : 'con' command is executed.
09:25:31 INFO  : ----------------XSDB Script (After Launch)----------------
targets -set -nocase -filter {name =~ "ARM*#0" && jtag_cable_name =~ "Digilent JTAG-HS1 210512180081"} -index 0
con
----------------End of Script----------------

09:25:31 INFO  : Launch script is exported to file 'E:\vivado\vivado_lab\ZYNQ\ov5640_lcd7_edge\ov5640_single.sdk\.sdk\launch_scripts\xilinx_c-c++_application_(system_debugger)\system_debugger_using_debug_ov5640_lcd.elf_on_local.tcl'
09:31:17 INFO  : Disconnected from the channel tcfchan#2.
09:31:18 INFO  : Connected to target on host '127.0.0.1' and port '3121'.
09:31:18 INFO  : Jtag cable 'Digilent JTAG-HS1 210512180081' is selected.
09:31:18 INFO  : 'jtag frequency' command is executed.
09:31:18 INFO  : Sourcing of 'E:/vivado/vivado_lab/ZYNQ/ov5640_lcd7_edge/ov5640_single.sdk/system_wrapper_hw_platform_0/ps7_init.tcl' is done.
09:31:18 INFO  : Context for 'APU' is selected.
09:31:19 INFO  : System reset is completed.
09:31:22 INFO  : 'after 3000' command is executed.
09:31:22 INFO  : 'targets -set -filter {jtag_cable_name =~ "Digilent JTAG-HS1 210512180081" && level==0} -index 1' command is executed.
09:31:23 INFO  : FPGA configured successfully with bitstream "E:/vivado/vivado_lab/ZYNQ/ov5640_lcd7_edge/ov5640_single.sdk/system_wrapper_hw_platform_0/system_wrapper.bit"
09:31:24 INFO  : Context for 'APU' is selected.
09:31:26 INFO  : Hardware design information is loaded from 'E:/vivado/vivado_lab/ZYNQ/ov5640_lcd7_edge/ov5640_single.sdk/system_wrapper_hw_platform_0/system.hdf'.
09:31:26 INFO  : 'configparams force-mem-access 1' command is executed.
09:31:26 INFO  : Context for 'APU' is selected.
09:31:26 INFO  : 'ps7_init' command is executed.
09:31:26 INFO  : 'ps7_post_config' command is executed.
09:31:27 INFO  : Context for processor 'ps7_cortexa9_0' is selected.
09:31:27 INFO  : The application 'E:/vivado/vivado_lab/ZYNQ/ov5640_lcd7_edge/ov5640_single.sdk/ov5640_lcd/Debug/ov5640_lcd.elf' is downloaded to processor 'ps7_cortexa9_0'.
09:31:27 INFO  : 'configparams force-mem-access 0' command is executed.
09:31:27 INFO  : ----------------XSDB Script----------------
connect -url tcp:127.0.0.1:3121
source E:/vivado/vivado_lab/ZYNQ/ov5640_lcd7_edge/ov5640_single.sdk/system_wrapper_hw_platform_0/ps7_init.tcl
targets -set -nocase -filter {name =~"APU*" && jtag_cable_name =~ "Digilent JTAG-HS1 210512180081"} -index 0
rst -system
after 3000
targets -set -filter {jtag_cable_name =~ "Digilent JTAG-HS1 210512180081" && level==0} -index 1
fpga -file E:/vivado/vivado_lab/ZYNQ/ov5640_lcd7_edge/ov5640_single.sdk/system_wrapper_hw_platform_0/system_wrapper.bit
targets -set -nocase -filter {name =~"APU*" && jtag_cable_name =~ "Digilent JTAG-HS1 210512180081"} -index 0
loadhw -hw E:/vivado/vivado_lab/ZYNQ/ov5640_lcd7_edge/ov5640_single.sdk/system_wrapper_hw_platform_0/system.hdf -mem-ranges [list {0x40000000 0xbfffffff}]
configparams force-mem-access 1
targets -set -nocase -filter {name =~"APU*" && jtag_cable_name =~ "Digilent JTAG-HS1 210512180081"} -index 0
ps7_init
ps7_post_config
targets -set -nocase -filter {name =~ "ARM*#0" && jtag_cable_name =~ "Digilent JTAG-HS1 210512180081"} -index 0
dow E:/vivado/vivado_lab/ZYNQ/ov5640_lcd7_edge/ov5640_single.sdk/ov5640_lcd/Debug/ov5640_lcd.elf
configparams force-mem-access 0
----------------End of Script----------------

09:31:27 INFO  : Memory regions updated for context APU
09:31:27 INFO  : Context for processor 'ps7_cortexa9_0' is selected.
09:31:27 INFO  : 'con' command is executed.
09:31:27 INFO  : ----------------XSDB Script (After Launch)----------------
targets -set -nocase -filter {name =~ "ARM*#0" && jtag_cable_name =~ "Digilent JTAG-HS1 210512180081"} -index 0
con
----------------End of Script----------------

09:31:27 INFO  : Launch script is exported to file 'E:\vivado\vivado_lab\ZYNQ\ov5640_lcd7_edge\ov5640_single.sdk\.sdk\launch_scripts\xilinx_c-c++_application_(system_debugger)\system_debugger_using_debug_ov5640_lcd.elf_on_local.tcl'
09:32:49 INFO  : Disconnected from the channel tcfchan#3.
09:32:50 INFO  : Connected to target on host '127.0.0.1' and port '3121'.
09:32:50 INFO  : Jtag cable 'Digilent JTAG-HS1 210512180081' is selected.
09:32:50 INFO  : 'jtag frequency' command is executed.
09:32:50 INFO  : Sourcing of 'E:/vivado/vivado_lab/ZYNQ/ov5640_lcd7_edge/ov5640_single.sdk/system_wrapper_hw_platform_0/ps7_init.tcl' is done.
09:32:50 INFO  : Context for 'APU' is selected.
09:32:51 INFO  : System reset is completed.
09:32:54 INFO  : 'after 3000' command is executed.
09:32:54 INFO  : 'targets -set -filter {jtag_cable_name =~ "Digilent JTAG-HS1 210512180081" && level==0} -index 1' command is executed.
09:32:56 INFO  : FPGA configured successfully with bitstream "E:/vivado/vivado_lab/ZYNQ/ov5640_lcd7_edge/ov5640_single.sdk/system_wrapper_hw_platform_0/system_wrapper.bit"
09:32:56 INFO  : Context for 'APU' is selected.
09:32:58 INFO  : Hardware design information is loaded from 'E:/vivado/vivado_lab/ZYNQ/ov5640_lcd7_edge/ov5640_single.sdk/system_wrapper_hw_platform_0/system.hdf'.
09:32:58 INFO  : 'configparams force-mem-access 1' command is executed.
09:32:58 INFO  : Context for 'APU' is selected.
09:32:59 INFO  : 'ps7_init' command is executed.
09:32:59 INFO  : 'ps7_post_config' command is executed.
09:32:59 INFO  : Context for processor 'ps7_cortexa9_0' is selected.
09:32:59 INFO  : The application 'E:/vivado/vivado_lab/ZYNQ/ov5640_lcd7_edge/ov5640_single.sdk/ov5640_lcd/Debug/ov5640_lcd.elf' is downloaded to processor 'ps7_cortexa9_0'.
09:32:59 INFO  : 'configparams force-mem-access 0' command is executed.
09:32:59 INFO  : ----------------XSDB Script----------------
connect -url tcp:127.0.0.1:3121
source E:/vivado/vivado_lab/ZYNQ/ov5640_lcd7_edge/ov5640_single.sdk/system_wrapper_hw_platform_0/ps7_init.tcl
targets -set -nocase -filter {name =~"APU*" && jtag_cable_name =~ "Digilent JTAG-HS1 210512180081"} -index 0
rst -system
after 3000
targets -set -filter {jtag_cable_name =~ "Digilent JTAG-HS1 210512180081" && level==0} -index 1
fpga -file E:/vivado/vivado_lab/ZYNQ/ov5640_lcd7_edge/ov5640_single.sdk/system_wrapper_hw_platform_0/system_wrapper.bit
targets -set -nocase -filter {name =~"APU*" && jtag_cable_name =~ "Digilent JTAG-HS1 210512180081"} -index 0
loadhw -hw E:/vivado/vivado_lab/ZYNQ/ov5640_lcd7_edge/ov5640_single.sdk/system_wrapper_hw_platform_0/system.hdf -mem-ranges [list {0x40000000 0xbfffffff}]
configparams force-mem-access 1
targets -set -nocase -filter {name =~"APU*" && jtag_cable_name =~ "Digilent JTAG-HS1 210512180081"} -index 0
ps7_init
ps7_post_config
targets -set -nocase -filter {name =~ "ARM*#0" && jtag_cable_name =~ "Digilent JTAG-HS1 210512180081"} -index 0
dow E:/vivado/vivado_lab/ZYNQ/ov5640_lcd7_edge/ov5640_single.sdk/ov5640_lcd/Debug/ov5640_lcd.elf
configparams force-mem-access 0
----------------End of Script----------------

09:32:59 INFO  : Memory regions updated for context APU
09:32:59 INFO  : Context for processor 'ps7_cortexa9_0' is selected.
09:32:59 INFO  : 'con' command is executed.
09:32:59 INFO  : ----------------XSDB Script (After Launch)----------------
targets -set -nocase -filter {name =~ "ARM*#0" && jtag_cable_name =~ "Digilent JTAG-HS1 210512180081"} -index 0
con
----------------End of Script----------------

09:32:59 INFO  : Launch script is exported to file 'E:\vivado\vivado_lab\ZYNQ\ov5640_lcd7_edge\ov5640_single.sdk\.sdk\launch_scripts\xilinx_c-c++_application_(system_debugger)\system_debugger_using_debug_ov5640_lcd.elf_on_local.tcl'
09:33:21 INFO  : Disconnected from the channel tcfchan#4.
09:33:22 INFO  : Connected to target on host '127.0.0.1' and port '3121'.
09:33:22 INFO  : Jtag cable 'Digilent JTAG-HS1 210512180081' is selected.
09:33:22 INFO  : 'jtag frequency' command is executed.
09:33:22 INFO  : Sourcing of 'E:/vivado/vivado_lab/ZYNQ/ov5640_lcd7_edge/ov5640_single.sdk/system_wrapper_hw_platform_0/ps7_init.tcl' is done.
09:33:22 INFO  : Context for 'APU' is selected.
09:33:22 INFO  : System reset is completed.
09:33:25 INFO  : 'after 3000' command is executed.
09:33:25 INFO  : 'targets -set -filter {jtag_cable_name =~ "Digilent JTAG-HS1 210512180081" && level==0} -index 1' command is executed.
09:33:27 INFO  : FPGA configured successfully with bitstream "E:/vivado/vivado_lab/ZYNQ/ov5640_lcd7_edge/ov5640_single.sdk/system_wrapper_hw_platform_0/system_wrapper.bit"
09:33:27 INFO  : Context for 'APU' is selected.
09:33:30 INFO  : Hardware design information is loaded from 'E:/vivado/vivado_lab/ZYNQ/ov5640_lcd7_edge/ov5640_single.sdk/system_wrapper_hw_platform_0/system.hdf'.
09:33:30 INFO  : 'configparams force-mem-access 1' command is executed.
09:33:30 INFO  : Context for 'APU' is selected.
09:33:30 INFO  : 'ps7_init' command is executed.
09:33:30 INFO  : 'ps7_post_config' command is executed.
09:33:30 INFO  : Context for processor 'ps7_cortexa9_0' is selected.
09:33:31 INFO  : The application 'E:/vivado/vivado_lab/ZYNQ/ov5640_lcd7_edge/ov5640_single.sdk/ov5640_lcd/Debug/ov5640_lcd.elf' is downloaded to processor 'ps7_cortexa9_0'.
09:33:31 INFO  : 'configparams force-mem-access 0' command is executed.
09:33:31 INFO  : ----------------XSDB Script----------------
connect -url tcp:127.0.0.1:3121
source E:/vivado/vivado_lab/ZYNQ/ov5640_lcd7_edge/ov5640_single.sdk/system_wrapper_hw_platform_0/ps7_init.tcl
targets -set -nocase -filter {name =~"APU*" && jtag_cable_name =~ "Digilent JTAG-HS1 210512180081"} -index 0
rst -system
after 3000
targets -set -filter {jtag_cable_name =~ "Digilent JTAG-HS1 210512180081" && level==0} -index 1
fpga -file E:/vivado/vivado_lab/ZYNQ/ov5640_lcd7_edge/ov5640_single.sdk/system_wrapper_hw_platform_0/system_wrapper.bit
targets -set -nocase -filter {name =~"APU*" && jtag_cable_name =~ "Digilent JTAG-HS1 210512180081"} -index 0
loadhw -hw E:/vivado/vivado_lab/ZYNQ/ov5640_lcd7_edge/ov5640_single.sdk/system_wrapper_hw_platform_0/system.hdf -mem-ranges [list {0x40000000 0xbfffffff}]
configparams force-mem-access 1
targets -set -nocase -filter {name =~"APU*" && jtag_cable_name =~ "Digilent JTAG-HS1 210512180081"} -index 0
ps7_init
ps7_post_config
targets -set -nocase -filter {name =~ "ARM*#0" && jtag_cable_name =~ "Digilent JTAG-HS1 210512180081"} -index 0
dow E:/vivado/vivado_lab/ZYNQ/ov5640_lcd7_edge/ov5640_single.sdk/ov5640_lcd/Debug/ov5640_lcd.elf
configparams force-mem-access 0
----------------End of Script----------------

09:33:31 INFO  : Memory regions updated for context APU
09:33:31 INFO  : Context for processor 'ps7_cortexa9_0' is selected.
09:33:31 INFO  : 'con' command is executed.
09:33:31 INFO  : ----------------XSDB Script (After Launch)----------------
targets -set -nocase -filter {name =~ "ARM*#0" && jtag_cable_name =~ "Digilent JTAG-HS1 210512180081"} -index 0
con
----------------End of Script----------------

09:33:31 INFO  : Launch script is exported to file 'E:\vivado\vivado_lab\ZYNQ\ov5640_lcd7_edge\ov5640_single.sdk\.sdk\launch_scripts\xilinx_c-c++_application_(system_debugger)\system_debugger_using_debug_ov5640_lcd.elf_on_local.tcl'
09:34:35 INFO  : Disconnected from the channel tcfchan#5.
09:34:36 INFO  : Connected to target on host '127.0.0.1' and port '3121'.
09:34:37 INFO  : Jtag cable 'Digilent JTAG-HS1 210512180081' is selected.
09:34:37 INFO  : 'jtag frequency' command is executed.
09:34:37 INFO  : Sourcing of 'E:/vivado/vivado_lab/ZYNQ/ov5640_lcd7_edge/ov5640_single.sdk/system_wrapper_hw_platform_0/ps7_init.tcl' is done.
09:34:37 INFO  : Context for 'APU' is selected.
09:34:37 INFO  : System reset is completed.
09:34:40 INFO  : 'after 3000' command is executed.
09:34:40 INFO  : 'targets -set -filter {jtag_cable_name =~ "Digilent JTAG-HS1 210512180081" && level==0} -index 1' command is executed.
09:34:42 INFO  : FPGA configured successfully with bitstream "E:/vivado/vivado_lab/ZYNQ/ov5640_lcd7_edge/ov5640_single.sdk/system_wrapper_hw_platform_0/system_wrapper.bit"
09:34:42 INFO  : Context for 'APU' is selected.
09:34:44 INFO  : Hardware design information is loaded from 'E:/vivado/vivado_lab/ZYNQ/ov5640_lcd7_edge/ov5640_single.sdk/system_wrapper_hw_platform_0/system.hdf'.
09:34:44 INFO  : 'configparams force-mem-access 1' command is executed.
09:34:44 INFO  : Context for 'APU' is selected.
09:34:44 INFO  : 'ps7_init' command is executed.
09:34:44 INFO  : 'ps7_post_config' command is executed.
09:34:44 INFO  : Context for processor 'ps7_cortexa9_0' is selected.
09:34:45 INFO  : The application 'E:/vivado/vivado_lab/ZYNQ/ov5640_lcd7_edge/ov5640_single.sdk/ov5640_lcd/Debug/ov5640_lcd.elf' is downloaded to processor 'ps7_cortexa9_0'.
09:34:45 INFO  : 'configparams force-mem-access 0' command is executed.
09:34:45 INFO  : ----------------XSDB Script----------------
connect -url tcp:127.0.0.1:3121
source E:/vivado/vivado_lab/ZYNQ/ov5640_lcd7_edge/ov5640_single.sdk/system_wrapper_hw_platform_0/ps7_init.tcl
targets -set -nocase -filter {name =~"APU*" && jtag_cable_name =~ "Digilent JTAG-HS1 210512180081"} -index 0
rst -system
after 3000
targets -set -filter {jtag_cable_name =~ "Digilent JTAG-HS1 210512180081" && level==0} -index 1
fpga -file E:/vivado/vivado_lab/ZYNQ/ov5640_lcd7_edge/ov5640_single.sdk/system_wrapper_hw_platform_0/system_wrapper.bit
targets -set -nocase -filter {name =~"APU*" && jtag_cable_name =~ "Digilent JTAG-HS1 210512180081"} -index 0
loadhw -hw E:/vivado/vivado_lab/ZYNQ/ov5640_lcd7_edge/ov5640_single.sdk/system_wrapper_hw_platform_0/system.hdf -mem-ranges [list {0x40000000 0xbfffffff}]
configparams force-mem-access 1
targets -set -nocase -filter {name =~"APU*" && jtag_cable_name =~ "Digilent JTAG-HS1 210512180081"} -index 0
ps7_init
ps7_post_config
targets -set -nocase -filter {name =~ "ARM*#0" && jtag_cable_name =~ "Digilent JTAG-HS1 210512180081"} -index 0
dow E:/vivado/vivado_lab/ZYNQ/ov5640_lcd7_edge/ov5640_single.sdk/ov5640_lcd/Debug/ov5640_lcd.elf
configparams force-mem-access 0
----------------End of Script----------------

09:34:45 INFO  : Memory regions updated for context APU
09:34:45 INFO  : Context for processor 'ps7_cortexa9_0' is selected.
09:34:45 INFO  : 'con' command is executed.
09:34:45 INFO  : ----------------XSDB Script (After Launch)----------------
targets -set -nocase -filter {name =~ "ARM*#0" && jtag_cable_name =~ "Digilent JTAG-HS1 210512180081"} -index 0
con
----------------End of Script----------------

09:34:45 INFO  : Launch script is exported to file 'E:\vivado\vivado_lab\ZYNQ\ov5640_lcd7_edge\ov5640_single.sdk\.sdk\launch_scripts\xilinx_c-c++_application_(system_debugger)\system_debugger_using_debug_ov5640_lcd.elf_on_local.tcl'
09:42:46 INFO  : Disconnected from the channel tcfchan#6.
09:42:47 INFO  : Connected to target on host '127.0.0.1' and port '3121'.
09:42:47 INFO  : Jtag cable 'Digilent JTAG-HS1 210512180081' is selected.
09:42:47 INFO  : 'jtag frequency' command is executed.
09:42:47 INFO  : Sourcing of 'E:/vivado/vivado_lab/ZYNQ/ov5640_lcd7_edge/ov5640_single.sdk/system_wrapper_hw_platform_0/ps7_init.tcl' is done.
09:42:48 INFO  : Context for 'APU' is selected.
09:42:48 INFO  : System reset is completed.
09:42:51 INFO  : 'after 3000' command is executed.
09:42:51 INFO  : 'targets -set -filter {jtag_cable_name =~ "Digilent JTAG-HS1 210512180081" && level==0} -index 1' command is executed.
09:42:53 INFO  : FPGA configured successfully with bitstream "E:/vivado/vivado_lab/ZYNQ/ov5640_lcd7_edge/ov5640_single.sdk/system_wrapper_hw_platform_0/system_wrapper.bit"
09:42:53 INFO  : Context for 'APU' is selected.
09:42:55 INFO  : Hardware design information is loaded from 'E:/vivado/vivado_lab/ZYNQ/ov5640_lcd7_edge/ov5640_single.sdk/system_wrapper_hw_platform_0/system.hdf'.
09:42:55 INFO  : 'configparams force-mem-access 1' command is executed.
09:42:55 INFO  : Context for 'APU' is selected.
09:42:55 INFO  : 'ps7_init' command is executed.
09:42:55 INFO  : 'ps7_post_config' command is executed.
09:42:56 INFO  : Context for processor 'ps7_cortexa9_0' is selected.
09:42:56 INFO  : The application 'E:/vivado/vivado_lab/ZYNQ/ov5640_lcd7_edge/ov5640_single.sdk/ov5640_lcd/Debug/ov5640_lcd.elf' is downloaded to processor 'ps7_cortexa9_0'.
09:42:56 INFO  : 'configparams force-mem-access 0' command is executed.
09:42:56 INFO  : ----------------XSDB Script----------------
connect -url tcp:127.0.0.1:3121
source E:/vivado/vivado_lab/ZYNQ/ov5640_lcd7_edge/ov5640_single.sdk/system_wrapper_hw_platform_0/ps7_init.tcl
targets -set -nocase -filter {name =~"APU*" && jtag_cable_name =~ "Digilent JTAG-HS1 210512180081"} -index 0
rst -system
after 3000
targets -set -filter {jtag_cable_name =~ "Digilent JTAG-HS1 210512180081" && level==0} -index 1
fpga -file E:/vivado/vivado_lab/ZYNQ/ov5640_lcd7_edge/ov5640_single.sdk/system_wrapper_hw_platform_0/system_wrapper.bit
targets -set -nocase -filter {name =~"APU*" && jtag_cable_name =~ "Digilent JTAG-HS1 210512180081"} -index 0
loadhw -hw E:/vivado/vivado_lab/ZYNQ/ov5640_lcd7_edge/ov5640_single.sdk/system_wrapper_hw_platform_0/system.hdf -mem-ranges [list {0x40000000 0xbfffffff}]
configparams force-mem-access 1
targets -set -nocase -filter {name =~"APU*" && jtag_cable_name =~ "Digilent JTAG-HS1 210512180081"} -index 0
ps7_init
ps7_post_config
targets -set -nocase -filter {name =~ "ARM*#0" && jtag_cable_name =~ "Digilent JTAG-HS1 210512180081"} -index 0
dow E:/vivado/vivado_lab/ZYNQ/ov5640_lcd7_edge/ov5640_single.sdk/ov5640_lcd/Debug/ov5640_lcd.elf
configparams force-mem-access 0
----------------End of Script----------------

09:42:56 INFO  : Memory regions updated for context APU
09:42:56 INFO  : Context for processor 'ps7_cortexa9_0' is selected.
09:42:56 INFO  : 'con' command is executed.
09:42:56 INFO  : ----------------XSDB Script (After Launch)----------------
targets -set -nocase -filter {name =~ "ARM*#0" && jtag_cable_name =~ "Digilent JTAG-HS1 210512180081"} -index 0
con
----------------End of Script----------------

09:42:56 INFO  : Launch script is exported to file 'E:\vivado\vivado_lab\ZYNQ\ov5640_lcd7_edge\ov5640_single.sdk\.sdk\launch_scripts\xilinx_c-c++_application_(system_debugger)\system_debugger_using_debug_ov5640_lcd.elf_on_local.tcl'
16:06:11 INFO  : Disconnected from the channel tcfchan#7.
